

================================================================
== Synthesis Summary Report of 'clusterOp'
================================================================
+ General Information: 
    * Date:           Wed Mar 22 02:31:06 2023
    * Version:        2022.1 (Build 3526262 on Mon Apr 18 15:48:16 MDT 2022)
    * Project:        cluster
    * Solution:       solution1 (Vivado IP Flow Target)
    * Product family: zynq
    * Target device:  xc7z020-clg400-1
    

+ Performance & Resource Estimates: 
    
    PS: '+' for module; 'o' for loop; '*' for dataflow
    +----------------------------------------+------+------+---------+-----------+----------+---------+------+----------+----------+----------+-----------+-------------+-----+
    |                 Modules                | Issue|      | Latency |  Latency  | Iteration|         | Trip |          |          |          |           |             |     |
    |                 & Loops                | Type | Slack| (cycles)|    (ns)   |  Latency | Interval| Count| Pipelined|   BRAM   |    DSP   |     FF    |     LUT     | URAM|
    +----------------------------------------+------+------+---------+-----------+----------+---------+------+----------+----------+----------+-----------+-------------+-----+
    |+ clusterOp                             |     -|  0.00|        -|          -|         -|        -|     -|        no|  30 (10%)|  78 (35%)|  9975 (9%)|  21386 (40%)|    -|
    | + clusterOp_Pipeline_1                 |     -|  3.32|      362|  3.620e+03|         -|      362|     -|        no|         -|         -|   11 (~0%)|     52 (~0%)|    -|
    |  o Loop 1                              |     -|  7.30|      360|  3.600e+03|         1|        1|   360|       yes|         -|         -|          -|            -|    -|
    | + clusterOp_Pipeline_VITIS_LOOP_30_1   |     -|  2.38|      362|  3.620e+03|         -|      362|     -|        no|         -|         -|   11 (~0%)|     74 (~0%)|    -|
    |  o VITIS_LOOP_30_1                     |     -|  7.30|      360|  3.600e+03|         1|        1|   360|       yes|         -|         -|          -|            -|    -|
    | o VITIS_LOOP_38_2                      |     -|  7.30|        -|          -|     40982|        -|     -|        no|         -|         -|          -|            -|    -|
    |  + clusterOp_Pipeline_VITIS_LOOP_50_3  |     -|  0.00|    40794|  4.079e+05|         -|    40794|     -|        no|    8 (2%)|  77 (35%)|  9325 (8%)|  10481 (19%)|    -|
    |   o VITIS_LOOP_50_3                    |    II|  7.30|    40792|  4.079e+05|       115|      113|   360|       yes|         -|         -|          -|            -|    -|
    |    + sin_or_cos_double_s               |    II|  0.25|       32|    320.000|         -|        1|     -|       yes|    8 (2%)|  54 (24%)|  6925 (6%)|   6718 (12%)|    -|
    | o VITIS_LOOP_72_4                      |     -|  7.30|        -|          -|         -|        -|     -|        no|         -|         -|          -|            -|    -|
    |  + clusterOp_Pipeline_VITIS_LOOP_73_5  |     -|  2.37|        -|          -|         -|        -|     -|        no|         -|         -|   36 (~0%)|    140 (~0%)|    -|
    |   o VITIS_LOOP_73_5                    |     -|  7.30|        -|          -|         2|        1|     -|       yes|         -|         -|          -|            -|    -|
    +----------------------------------------+------+------+---------+-----------+----------+---------+------+----------+----------+----------+-----------+-------------+-----+


================================================================
== HW Interfaces
================================================================
* AXIS
+--------------+---------------+-------+-------+-----+-------+-------+--------+-------+-------+--------+
| Interface    | Register Mode | TDATA | TDEST | TID | TKEEP | TLAST | TREADY | TSTRB | TUSER | TVALID |
+--------------+---------------+-------+-------+-----+-------+-------+--------+-------+-------+--------+
| in_angle     | both          | 32    | 6     | 5   | 4     | 1     | 1      | 4     | 2     | 1      |
| in_distance  | both          | 32    | 6     | 5   | 4     | 1     | 1      | 4     | 2     | 1      |
| out_clusters | both          | 32    | 6     | 5   | 4     | 1     | 1      | 4     | 2     | 1      |
+--------------+---------------+-------+-------+-----+-------+-------+--------+-------+-------+--------+

* TOP LEVEL CONTROL
+-----------+------------+-----------------------------------+
| Interface | Type       | Ports                             |
+-----------+------------+-----------------------------------+
| ap_clk    | clock      | ap_clk                            |
| ap_rst_n  | reset      | ap_rst_n                          |
| ap_ctrl   | ap_ctrl_hs | ap_done ap_idle ap_ready ap_start |
+-----------+------------+-----------------------------------+


================================================================
== SW I/O Information
================================================================
* Top Function Arguments
+--------------+-----------+--------------------------------------------+
| Argument     | Direction | Datatype                                   |
+--------------+-----------+--------------------------------------------+
| in_angle     | in        | stream<hls::axis<ap_int<32>, 2, 5, 6>, 0>& |
| in_distance  | in        | stream<hls::axis<ap_int<32>, 2, 5, 6>, 0>& |
| out_clusters | out       | stream<hls::axis<ap_int<32>, 2, 5, 6>, 0>& |
+--------------+-----------+--------------------------------------------+

* SW-to-HW Mapping
+--------------+--------------+-----------+
| Argument     | HW Interface | HW Type   |
+--------------+--------------+-----------+
| in_angle     | in_angle     | interface |
| in_distance  | in_distance  | interface |
| out_clusters | out_clusters | interface |
+--------------+--------------+-----------+


================================================================
== M_AXI Burst Information
================================================================
 Note: All burst requests might be further partitioned into multiple requests during RTL generation based on max_read_burst_length or max_write_burst_length settings.

  No burst in design

================================================================
== Bind Op Report
================================================================
+---------------------------------------+-----+--------+----------------------+-------+---------+---------+
| Name                                  | DSP | Pragma | Variable             | Op    | Impl    | Latency |
+---------------------------------------+-----+--------+----------------------+-------+---------+---------+
| + clusterOp                           | 78  |        |                      |       |         |         |
|   num_clusters_4_fu_10400_p2          | -   |        | num_clusters_4       | add   | fabric  | 0       |
|   mul_mul_13s_9ns_13_4_1_U78          | 1   |        | mul_ln64             | mul   | dsp48   | 3       |
|   add_ln64_fu_6920_p2                 | -   |        | add_ln64             | add   | fabric  | 0       |
|   add_ln64_1_fu_6930_p2               | -   |        | add_ln64_1           | add   | fabric  | 0       |
|   add_ln64_2_fu_6940_p2               | -   |        | add_ln64_2           | add   | fabric  | 0       |
|   add_ln64_3_fu_6950_p2               | -   |        | add_ln64_3           | add   | fabric  | 0       |
|   add_ln64_4_fu_6960_p2               | -   |        | add_ln64_4           | add   | fabric  | 0       |
|   add_ln64_5_fu_6970_p2               | -   |        | add_ln64_5           | add   | fabric  | 0       |
|   add_ln64_6_fu_6980_p2               | -   |        | add_ln64_6           | add   | fabric  | 0       |
|   add_ln64_7_fu_6990_p2               | -   |        | add_ln64_7           | add   | fabric  | 0       |
|   add_ln64_8_fu_7000_p2               | -   |        | add_ln64_8           | add   | fabric  | 0       |
|   add_ln64_9_fu_7010_p2               | -   |        | add_ln64_9           | add   | fabric  | 0       |
|   add_ln64_10_fu_7020_p2              | -   |        | add_ln64_10          | add   | fabric  | 0       |
|   add_ln64_11_fu_7030_p2              | -   |        | add_ln64_11          | add   | fabric  | 0       |
|   add_ln64_12_fu_7040_p2              | -   |        | add_ln64_12          | add   | fabric  | 0       |
|   add_ln64_13_fu_7050_p2              | -   |        | add_ln64_13          | add   | fabric  | 0       |
|   add_ln64_14_fu_7060_p2              | -   |        | add_ln64_14          | add   | fabric  | 0       |
|   add_ln64_15_fu_7070_p2              | -   |        | add_ln64_15          | add   | fabric  | 0       |
|   add_ln64_16_fu_7080_p2              | -   |        | add_ln64_16          | add   | fabric  | 0       |
|   add_ln64_17_fu_7090_p2              | -   |        | add_ln64_17          | add   | fabric  | 0       |
|   add_ln64_18_fu_7100_p2              | -   |        | add_ln64_18          | add   | fabric  | 0       |
|   add_ln64_19_fu_7110_p2              | -   |        | add_ln64_19          | add   | fabric  | 0       |
|   add_ln64_20_fu_7120_p2              | -   |        | add_ln64_20          | add   | fabric  | 0       |
|   add_ln64_21_fu_7130_p2              | -   |        | add_ln64_21          | add   | fabric  | 0       |
|   add_ln64_22_fu_7140_p2              | -   |        | add_ln64_22          | add   | fabric  | 0       |
|   add_ln64_23_fu_7150_p2              | -   |        | add_ln64_23          | add   | fabric  | 0       |
|   add_ln64_24_fu_7160_p2              | -   |        | add_ln64_24          | add   | fabric  | 0       |
|   add_ln64_25_fu_7170_p2              | -   |        | add_ln64_25          | add   | fabric  | 0       |
|   add_ln64_26_fu_7180_p2              | -   |        | add_ln64_26          | add   | fabric  | 0       |
|   add_ln64_27_fu_7190_p2              | -   |        | add_ln64_27          | add   | fabric  | 0       |
|   add_ln64_28_fu_7200_p2              | -   |        | add_ln64_28          | add   | fabric  | 0       |
|   add_ln64_29_fu_7210_p2              | -   |        | add_ln64_29          | add   | fabric  | 0       |
|   add_ln64_30_fu_7220_p2              | -   |        | add_ln64_30          | add   | fabric  | 0       |
|   add_ln64_31_fu_7230_p2              | -   |        | add_ln64_31          | add   | fabric  | 0       |
|   add_ln64_32_fu_7240_p2              | -   |        | add_ln64_32          | add   | fabric  | 0       |
|   add_ln64_33_fu_7250_p2              | -   |        | add_ln64_33          | add   | fabric  | 0       |
|   add_ln64_34_fu_7260_p2              | -   |        | add_ln64_34          | add   | fabric  | 0       |
|   add_ln64_35_fu_7270_p2              | -   |        | add_ln64_35          | add   | fabric  | 0       |
|   add_ln64_36_fu_7280_p2              | -   |        | add_ln64_36          | add   | fabric  | 0       |
|   add_ln64_37_fu_7290_p2              | -   |        | add_ln64_37          | add   | fabric  | 0       |
|   add_ln64_38_fu_7300_p2              | -   |        | add_ln64_38          | add   | fabric  | 0       |
|   add_ln64_39_fu_7310_p2              | -   |        | add_ln64_39          | add   | fabric  | 0       |
|   add_ln64_40_fu_7320_p2              | -   |        | add_ln64_40          | add   | fabric  | 0       |
|   add_ln64_41_fu_7330_p2              | -   |        | add_ln64_41          | add   | fabric  | 0       |
|   add_ln64_42_fu_7340_p2              | -   |        | add_ln64_42          | add   | fabric  | 0       |
|   add_ln64_43_fu_7350_p2              | -   |        | add_ln64_43          | add   | fabric  | 0       |
|   add_ln64_44_fu_7360_p2              | -   |        | add_ln64_44          | add   | fabric  | 0       |
|   add_ln64_45_fu_7370_p2              | -   |        | add_ln64_45          | add   | fabric  | 0       |
|   add_ln64_46_fu_7380_p2              | -   |        | add_ln64_46          | add   | fabric  | 0       |
|   add_ln64_47_fu_7390_p2              | -   |        | add_ln64_47          | add   | fabric  | 0       |
|   add_ln64_48_fu_7400_p2              | -   |        | add_ln64_48          | add   | fabric  | 0       |
|   add_ln64_49_fu_7410_p2              | -   |        | add_ln64_49          | add   | fabric  | 0       |
|   add_ln64_50_fu_7420_p2              | -   |        | add_ln64_50          | add   | fabric  | 0       |
|   add_ln64_51_fu_7430_p2              | -   |        | add_ln64_51          | add   | fabric  | 0       |
|   add_ln64_52_fu_7440_p2              | -   |        | add_ln64_52          | add   | fabric  | 0       |
|   add_ln64_53_fu_7450_p2              | -   |        | add_ln64_53          | add   | fabric  | 0       |
|   add_ln64_54_fu_7460_p2              | -   |        | add_ln64_54          | add   | fabric  | 0       |
|   add_ln64_55_fu_7470_p2              | -   |        | add_ln64_55          | add   | fabric  | 0       |
|   add_ln64_56_fu_7480_p2              | -   |        | add_ln64_56          | add   | fabric  | 0       |
|   add_ln64_57_fu_7490_p2              | -   |        | add_ln64_57          | add   | fabric  | 0       |
|   add_ln64_58_fu_7500_p2              | -   |        | add_ln64_58          | add   | fabric  | 0       |
|   add_ln64_59_fu_7510_p2              | -   |        | add_ln64_59          | add   | fabric  | 0       |
|   add_ln64_60_fu_7520_p2              | -   |        | add_ln64_60          | add   | fabric  | 0       |
|   add_ln64_61_fu_7530_p2              | -   |        | add_ln64_61          | add   | fabric  | 0       |
|   add_ln64_62_fu_7540_p2              | -   |        | add_ln64_62          | add   | fabric  | 0       |
|   add_ln64_63_fu_7550_p2              | -   |        | add_ln64_63          | add   | fabric  | 0       |
|   add_ln64_64_fu_7560_p2              | -   |        | add_ln64_64          | add   | fabric  | 0       |
|   add_ln64_65_fu_7570_p2              | -   |        | add_ln64_65          | add   | fabric  | 0       |
|   add_ln64_66_fu_7580_p2              | -   |        | add_ln64_66          | add   | fabric  | 0       |
|   add_ln64_67_fu_7590_p2              | -   |        | add_ln64_67          | add   | fabric  | 0       |
|   add_ln64_68_fu_7600_p2              | -   |        | add_ln64_68          | add   | fabric  | 0       |
|   add_ln64_69_fu_7610_p2              | -   |        | add_ln64_69          | add   | fabric  | 0       |
|   add_ln64_70_fu_7620_p2              | -   |        | add_ln64_70          | add   | fabric  | 0       |
|   add_ln64_71_fu_7630_p2              | -   |        | add_ln64_71          | add   | fabric  | 0       |
|   add_ln64_72_fu_7640_p2              | -   |        | add_ln64_72          | add   | fabric  | 0       |
|   add_ln64_73_fu_7650_p2              | -   |        | add_ln64_73          | add   | fabric  | 0       |
|   add_ln64_74_fu_7660_p2              | -   |        | add_ln64_74          | add   | fabric  | 0       |
|   add_ln64_75_fu_7670_p2              | -   |        | add_ln64_75          | add   | fabric  | 0       |
|   add_ln64_76_fu_7680_p2              | -   |        | add_ln64_76          | add   | fabric  | 0       |
|   add_ln64_77_fu_7690_p2              | -   |        | add_ln64_77          | add   | fabric  | 0       |
|   add_ln64_78_fu_7700_p2              | -   |        | add_ln64_78          | add   | fabric  | 0       |
|   add_ln64_79_fu_7710_p2              | -   |        | add_ln64_79          | add   | fabric  | 0       |
|   add_ln64_80_fu_7720_p2              | -   |        | add_ln64_80          | add   | fabric  | 0       |
|   add_ln64_81_fu_7730_p2              | -   |        | add_ln64_81          | add   | fabric  | 0       |
|   add_ln64_82_fu_7740_p2              | -   |        | add_ln64_82          | add   | fabric  | 0       |
|   add_ln64_83_fu_7750_p2              | -   |        | add_ln64_83          | add   | fabric  | 0       |
|   add_ln64_84_fu_7760_p2              | -   |        | add_ln64_84          | add   | fabric  | 0       |
|   add_ln64_85_fu_7770_p2              | -   |        | add_ln64_85          | add   | fabric  | 0       |
|   add_ln64_86_fu_7780_p2              | -   |        | add_ln64_86          | add   | fabric  | 0       |
|   add_ln64_87_fu_7790_p2              | -   |        | add_ln64_87          | add   | fabric  | 0       |
|   add_ln64_88_fu_7800_p2              | -   |        | add_ln64_88          | add   | fabric  | 0       |
|   add_ln64_89_fu_7810_p2              | -   |        | add_ln64_89          | add   | fabric  | 0       |
|   add_ln64_90_fu_7820_p2              | -   |        | add_ln64_90          | add   | fabric  | 0       |
|   add_ln64_91_fu_7830_p2              | -   |        | add_ln64_91          | add   | fabric  | 0       |
|   add_ln64_92_fu_7840_p2              | -   |        | add_ln64_92          | add   | fabric  | 0       |
|   add_ln64_93_fu_7850_p2              | -   |        | add_ln64_93          | add   | fabric  | 0       |
|   add_ln64_94_fu_7860_p2              | -   |        | add_ln64_94          | add   | fabric  | 0       |
|   add_ln64_95_fu_7870_p2              | -   |        | add_ln64_95          | add   | fabric  | 0       |
|   add_ln64_96_fu_7880_p2              | -   |        | add_ln64_96          | add   | fabric  | 0       |
|   add_ln64_97_fu_7890_p2              | -   |        | add_ln64_97          | add   | fabric  | 0       |
|   add_ln64_98_fu_7900_p2              | -   |        | add_ln64_98          | add   | fabric  | 0       |
|   add_ln64_99_fu_7910_p2              | -   |        | add_ln64_99          | add   | fabric  | 0       |
|   add_ln64_100_fu_7920_p2             | -   |        | add_ln64_100         | add   | fabric  | 0       |
|   add_ln64_101_fu_7930_p2             | -   |        | add_ln64_101         | add   | fabric  | 0       |
|   add_ln64_102_fu_7940_p2             | -   |        | add_ln64_102         | add   | fabric  | 0       |
|   add_ln64_103_fu_7950_p2             | -   |        | add_ln64_103         | add   | fabric  | 0       |
|   add_ln64_104_fu_7960_p2             | -   |        | add_ln64_104         | add   | fabric  | 0       |
|   add_ln64_105_fu_7970_p2             | -   |        | add_ln64_105         | add   | fabric  | 0       |
|   add_ln64_106_fu_7980_p2             | -   |        | add_ln64_106         | add   | fabric  | 0       |
|   add_ln64_107_fu_7990_p2             | -   |        | add_ln64_107         | add   | fabric  | 0       |
|   add_ln64_108_fu_8000_p2             | -   |        | add_ln64_108         | add   | fabric  | 0       |
|   add_ln64_109_fu_8010_p2             | -   |        | add_ln64_109         | add   | fabric  | 0       |
|   add_ln64_110_fu_8020_p2             | -   |        | add_ln64_110         | add   | fabric  | 0       |
|   add_ln64_111_fu_8030_p2             | -   |        | add_ln64_111         | add   | fabric  | 0       |
|   add_ln64_112_fu_8040_p2             | -   |        | add_ln64_112         | add   | fabric  | 0       |
|   add_ln64_113_fu_8050_p2             | -   |        | add_ln64_113         | add   | fabric  | 0       |
|   add_ln64_114_fu_8060_p2             | -   |        | add_ln64_114         | add   | fabric  | 0       |
|   add_ln64_115_fu_8070_p2             | -   |        | add_ln64_115         | add   | fabric  | 0       |
|   add_ln64_116_fu_8080_p2             | -   |        | add_ln64_116         | add   | fabric  | 0       |
|   add_ln64_117_fu_8090_p2             | -   |        | add_ln64_117         | add   | fabric  | 0       |
|   add_ln64_118_fu_8100_p2             | -   |        | add_ln64_118         | add   | fabric  | 0       |
|   add_ln64_119_fu_8110_p2             | -   |        | add_ln64_119         | add   | fabric  | 0       |
|   add_ln64_120_fu_8120_p2             | -   |        | add_ln64_120         | add   | fabric  | 0       |
|   add_ln64_121_fu_8130_p2             | -   |        | add_ln64_121         | add   | fabric  | 0       |
|   add_ln64_122_fu_8140_p2             | -   |        | add_ln64_122         | add   | fabric  | 0       |
|   add_ln64_123_fu_8150_p2             | -   |        | add_ln64_123         | add   | fabric  | 0       |
|   add_ln64_124_fu_8160_p2             | -   |        | add_ln64_124         | add   | fabric  | 0       |
|   add_ln64_125_fu_8170_p2             | -   |        | add_ln64_125         | add   | fabric  | 0       |
|   add_ln64_126_fu_8180_p2             | -   |        | add_ln64_126         | add   | fabric  | 0       |
|   add_ln64_127_fu_8190_p2             | -   |        | add_ln64_127         | add   | fabric  | 0       |
|   add_ln64_128_fu_8200_p2             | -   |        | add_ln64_128         | add   | fabric  | 0       |
|   add_ln64_129_fu_8210_p2             | -   |        | add_ln64_129         | add   | fabric  | 0       |
|   add_ln64_130_fu_8220_p2             | -   |        | add_ln64_130         | add   | fabric  | 0       |
|   add_ln64_131_fu_8230_p2             | -   |        | add_ln64_131         | add   | fabric  | 0       |
|   add_ln64_132_fu_8240_p2             | -   |        | add_ln64_132         | add   | fabric  | 0       |
|   add_ln64_133_fu_8250_p2             | -   |        | add_ln64_133         | add   | fabric  | 0       |
|   add_ln64_134_fu_8260_p2             | -   |        | add_ln64_134         | add   | fabric  | 0       |
|   add_ln64_135_fu_8270_p2             | -   |        | add_ln64_135         | add   | fabric  | 0       |
|   add_ln64_136_fu_8280_p2             | -   |        | add_ln64_136         | add   | fabric  | 0       |
|   add_ln64_137_fu_8290_p2             | -   |        | add_ln64_137         | add   | fabric  | 0       |
|   add_ln64_138_fu_8300_p2             | -   |        | add_ln64_138         | add   | fabric  | 0       |
|   add_ln64_139_fu_8310_p2             | -   |        | add_ln64_139         | add   | fabric  | 0       |
|   add_ln64_140_fu_8320_p2             | -   |        | add_ln64_140         | add   | fabric  | 0       |
|   add_ln64_141_fu_8330_p2             | -   |        | add_ln64_141         | add   | fabric  | 0       |
|   add_ln64_142_fu_8340_p2             | -   |        | add_ln64_142         | add   | fabric  | 0       |
|   add_ln64_143_fu_8350_p2             | -   |        | add_ln64_143         | add   | fabric  | 0       |
|   add_ln64_144_fu_8360_p2             | -   |        | add_ln64_144         | add   | fabric  | 0       |
|   add_ln64_145_fu_8370_p2             | -   |        | add_ln64_145         | add   | fabric  | 0       |
|   add_ln64_146_fu_8380_p2             | -   |        | add_ln64_146         | add   | fabric  | 0       |
|   add_ln64_147_fu_8390_p2             | -   |        | add_ln64_147         | add   | fabric  | 0       |
|   add_ln64_148_fu_8400_p2             | -   |        | add_ln64_148         | add   | fabric  | 0       |
|   add_ln64_149_fu_8410_p2             | -   |        | add_ln64_149         | add   | fabric  | 0       |
|   add_ln64_150_fu_8420_p2             | -   |        | add_ln64_150         | add   | fabric  | 0       |
|   add_ln64_151_fu_8430_p2             | -   |        | add_ln64_151         | add   | fabric  | 0       |
|   add_ln64_152_fu_8440_p2             | -   |        | add_ln64_152         | add   | fabric  | 0       |
|   add_ln64_153_fu_8450_p2             | -   |        | add_ln64_153         | add   | fabric  | 0       |
|   add_ln64_154_fu_8460_p2             | -   |        | add_ln64_154         | add   | fabric  | 0       |
|   add_ln64_155_fu_8470_p2             | -   |        | add_ln64_155         | add   | fabric  | 0       |
|   add_ln64_156_fu_8480_p2             | -   |        | add_ln64_156         | add   | fabric  | 0       |
|   add_ln64_157_fu_8490_p2             | -   |        | add_ln64_157         | add   | fabric  | 0       |
|   add_ln64_158_fu_8500_p2             | -   |        | add_ln64_158         | add   | fabric  | 0       |
|   add_ln64_159_fu_8510_p2             | -   |        | add_ln64_159         | add   | fabric  | 0       |
|   add_ln64_160_fu_8520_p2             | -   |        | add_ln64_160         | add   | fabric  | 0       |
|   add_ln64_161_fu_8530_p2             | -   |        | add_ln64_161         | add   | fabric  | 0       |
|   add_ln64_162_fu_8540_p2             | -   |        | add_ln64_162         | add   | fabric  | 0       |
|   add_ln64_163_fu_8550_p2             | -   |        | add_ln64_163         | add   | fabric  | 0       |
|   add_ln64_164_fu_8560_p2             | -   |        | add_ln64_164         | add   | fabric  | 0       |
|   add_ln64_165_fu_8570_p2             | -   |        | add_ln64_165         | add   | fabric  | 0       |
|   add_ln64_166_fu_8580_p2             | -   |        | add_ln64_166         | add   | fabric  | 0       |
|   add_ln64_167_fu_8590_p2             | -   |        | add_ln64_167         | add   | fabric  | 0       |
|   add_ln64_168_fu_8600_p2             | -   |        | add_ln64_168         | add   | fabric  | 0       |
|   add_ln64_169_fu_8610_p2             | -   |        | add_ln64_169         | add   | fabric  | 0       |
|   add_ln64_170_fu_8620_p2             | -   |        | add_ln64_170         | add   | fabric  | 0       |
|   add_ln64_171_fu_8630_p2             | -   |        | add_ln64_171         | add   | fabric  | 0       |
|   add_ln64_172_fu_8640_p2             | -   |        | add_ln64_172         | add   | fabric  | 0       |
|   add_ln64_173_fu_8650_p2             | -   |        | add_ln64_173         | add   | fabric  | 0       |
|   add_ln64_174_fu_8660_p2             | -   |        | add_ln64_174         | add   | fabric  | 0       |
|   add_ln64_175_fu_8670_p2             | -   |        | add_ln64_175         | add   | fabric  | 0       |
|   add_ln64_176_fu_8680_p2             | -   |        | add_ln64_176         | add   | fabric  | 0       |
|   add_ln64_177_fu_8690_p2             | -   |        | add_ln64_177         | add   | fabric  | 0       |
|   add_ln64_178_fu_8700_p2             | -   |        | add_ln64_178         | add   | fabric  | 0       |
|   add_ln64_179_fu_8710_p2             | -   |        | add_ln64_179         | add   | fabric  | 0       |
|   add_ln64_180_fu_8720_p2             | -   |        | add_ln64_180         | add   | fabric  | 0       |
|   add_ln64_181_fu_8730_p2             | -   |        | add_ln64_181         | add   | fabric  | 0       |
|   add_ln64_182_fu_8740_p2             | -   |        | add_ln64_182         | add   | fabric  | 0       |
|   add_ln64_183_fu_8750_p2             | -   |        | add_ln64_183         | add   | fabric  | 0       |
|   add_ln64_184_fu_8760_p2             | -   |        | add_ln64_184         | add   | fabric  | 0       |
|   add_ln64_185_fu_8770_p2             | -   |        | add_ln64_185         | add   | fabric  | 0       |
|   add_ln64_186_fu_8780_p2             | -   |        | add_ln64_186         | add   | fabric  | 0       |
|   add_ln64_187_fu_8790_p2             | -   |        | add_ln64_187         | add   | fabric  | 0       |
|   add_ln64_188_fu_8800_p2             | -   |        | add_ln64_188         | add   | fabric  | 0       |
|   add_ln64_189_fu_8810_p2             | -   |        | add_ln64_189         | add   | fabric  | 0       |
|   add_ln64_190_fu_8820_p2             | -   |        | add_ln64_190         | add   | fabric  | 0       |
|   add_ln64_191_fu_8830_p2             | -   |        | add_ln64_191         | add   | fabric  | 0       |
|   add_ln64_192_fu_8840_p2             | -   |        | add_ln64_192         | add   | fabric  | 0       |
|   add_ln64_193_fu_8850_p2             | -   |        | add_ln64_193         | add   | fabric  | 0       |
|   add_ln64_194_fu_8860_p2             | -   |        | add_ln64_194         | add   | fabric  | 0       |
|   add_ln64_195_fu_8870_p2             | -   |        | add_ln64_195         | add   | fabric  | 0       |
|   add_ln64_196_fu_8880_p2             | -   |        | add_ln64_196         | add   | fabric  | 0       |
|   add_ln64_197_fu_8890_p2             | -   |        | add_ln64_197         | add   | fabric  | 0       |
|   add_ln64_198_fu_8900_p2             | -   |        | add_ln64_198         | add   | fabric  | 0       |
|   add_ln64_199_fu_8910_p2             | -   |        | add_ln64_199         | add   | fabric  | 0       |
|   add_ln64_200_fu_8920_p2             | -   |        | add_ln64_200         | add   | fabric  | 0       |
|   add_ln64_201_fu_8930_p2             | -   |        | add_ln64_201         | add   | fabric  | 0       |
|   add_ln64_202_fu_8940_p2             | -   |        | add_ln64_202         | add   | fabric  | 0       |
|   add_ln64_203_fu_8950_p2             | -   |        | add_ln64_203         | add   | fabric  | 0       |
|   add_ln64_204_fu_8960_p2             | -   |        | add_ln64_204         | add   | fabric  | 0       |
|   add_ln64_205_fu_8970_p2             | -   |        | add_ln64_205         | add   | fabric  | 0       |
|   add_ln64_206_fu_8980_p2             | -   |        | add_ln64_206         | add   | fabric  | 0       |
|   add_ln64_207_fu_8990_p2             | -   |        | add_ln64_207         | add   | fabric  | 0       |
|   add_ln64_208_fu_9000_p2             | -   |        | add_ln64_208         | add   | fabric  | 0       |
|   add_ln64_209_fu_9010_p2             | -   |        | add_ln64_209         | add   | fabric  | 0       |
|   add_ln64_210_fu_9020_p2             | -   |        | add_ln64_210         | add   | fabric  | 0       |
|   add_ln64_211_fu_9030_p2             | -   |        | add_ln64_211         | add   | fabric  | 0       |
|   add_ln64_212_fu_9040_p2             | -   |        | add_ln64_212         | add   | fabric  | 0       |
|   add_ln64_213_fu_9050_p2             | -   |        | add_ln64_213         | add   | fabric  | 0       |
|   add_ln64_214_fu_9060_p2             | -   |        | add_ln64_214         | add   | fabric  | 0       |
|   add_ln64_215_fu_9070_p2             | -   |        | add_ln64_215         | add   | fabric  | 0       |
|   add_ln64_216_fu_9080_p2             | -   |        | add_ln64_216         | add   | fabric  | 0       |
|   add_ln64_217_fu_9090_p2             | -   |        | add_ln64_217         | add   | fabric  | 0       |
|   add_ln64_218_fu_9100_p2             | -   |        | add_ln64_218         | add   | fabric  | 0       |
|   add_ln64_219_fu_9110_p2             | -   |        | add_ln64_219         | add   | fabric  | 0       |
|   add_ln64_220_fu_9120_p2             | -   |        | add_ln64_220         | add   | fabric  | 0       |
|   add_ln64_221_fu_9130_p2             | -   |        | add_ln64_221         | add   | fabric  | 0       |
|   add_ln64_222_fu_9140_p2             | -   |        | add_ln64_222         | add   | fabric  | 0       |
|   add_ln64_223_fu_9150_p2             | -   |        | add_ln64_223         | add   | fabric  | 0       |
|   add_ln64_224_fu_9160_p2             | -   |        | add_ln64_224         | add   | fabric  | 0       |
|   add_ln64_225_fu_9170_p2             | -   |        | add_ln64_225         | add   | fabric  | 0       |
|   add_ln64_226_fu_9180_p2             | -   |        | add_ln64_226         | add   | fabric  | 0       |
|   add_ln64_227_fu_9190_p2             | -   |        | add_ln64_227         | add   | fabric  | 0       |
|   add_ln64_228_fu_9200_p2             | -   |        | add_ln64_228         | add   | fabric  | 0       |
|   add_ln64_229_fu_9210_p2             | -   |        | add_ln64_229         | add   | fabric  | 0       |
|   add_ln64_230_fu_9220_p2             | -   |        | add_ln64_230         | add   | fabric  | 0       |
|   add_ln64_231_fu_9230_p2             | -   |        | add_ln64_231         | add   | fabric  | 0       |
|   add_ln64_232_fu_9240_p2             | -   |        | add_ln64_232         | add   | fabric  | 0       |
|   add_ln64_233_fu_9250_p2             | -   |        | add_ln64_233         | add   | fabric  | 0       |
|   add_ln64_234_fu_9260_p2             | -   |        | add_ln64_234         | add   | fabric  | 0       |
|   add_ln64_235_fu_9270_p2             | -   |        | add_ln64_235         | add   | fabric  | 0       |
|   add_ln64_236_fu_9280_p2             | -   |        | add_ln64_236         | add   | fabric  | 0       |
|   add_ln64_237_fu_9290_p2             | -   |        | add_ln64_237         | add   | fabric  | 0       |
|   add_ln64_238_fu_9300_p2             | -   |        | add_ln64_238         | add   | fabric  | 0       |
|   add_ln64_239_fu_9310_p2             | -   |        | add_ln64_239         | add   | fabric  | 0       |
|   add_ln64_240_fu_9320_p2             | -   |        | add_ln64_240         | add   | fabric  | 0       |
|   add_ln64_241_fu_9330_p2             | -   |        | add_ln64_241         | add   | fabric  | 0       |
|   add_ln64_242_fu_9340_p2             | -   |        | add_ln64_242         | add   | fabric  | 0       |
|   add_ln64_243_fu_9350_p2             | -   |        | add_ln64_243         | add   | fabric  | 0       |
|   add_ln64_244_fu_9360_p2             | -   |        | add_ln64_244         | add   | fabric  | 0       |
|   add_ln64_245_fu_9370_p2             | -   |        | add_ln64_245         | add   | fabric  | 0       |
|   add_ln64_246_fu_9380_p2             | -   |        | add_ln64_246         | add   | fabric  | 0       |
|   add_ln64_247_fu_9390_p2             | -   |        | add_ln64_247         | add   | fabric  | 0       |
|   add_ln64_248_fu_9400_p2             | -   |        | add_ln64_248         | add   | fabric  | 0       |
|   add_ln64_249_fu_9410_p2             | -   |        | add_ln64_249         | add   | fabric  | 0       |
|   add_ln64_250_fu_9420_p2             | -   |        | add_ln64_250         | add   | fabric  | 0       |
|   add_ln64_251_fu_9430_p2             | -   |        | add_ln64_251         | add   | fabric  | 0       |
|   add_ln64_252_fu_9440_p2             | -   |        | add_ln64_252         | add   | fabric  | 0       |
|   add_ln64_253_fu_9450_p2             | -   |        | add_ln64_253         | add   | fabric  | 0       |
|   add_ln64_254_fu_9460_p2             | -   |        | add_ln64_254         | add   | fabric  | 0       |
|   add_ln64_255_fu_9470_p2             | -   |        | add_ln64_255         | add   | fabric  | 0       |
|   add_ln64_256_fu_9480_p2             | -   |        | add_ln64_256         | add   | fabric  | 0       |
|   add_ln64_257_fu_9490_p2             | -   |        | add_ln64_257         | add   | fabric  | 0       |
|   add_ln64_258_fu_9500_p2             | -   |        | add_ln64_258         | add   | fabric  | 0       |
|   add_ln64_259_fu_9510_p2             | -   |        | add_ln64_259         | add   | fabric  | 0       |
|   add_ln64_260_fu_9520_p2             | -   |        | add_ln64_260         | add   | fabric  | 0       |
|   add_ln64_261_fu_9530_p2             | -   |        | add_ln64_261         | add   | fabric  | 0       |
|   add_ln64_262_fu_9540_p2             | -   |        | add_ln64_262         | add   | fabric  | 0       |
|   add_ln64_263_fu_9550_p2             | -   |        | add_ln64_263         | add   | fabric  | 0       |
|   add_ln64_264_fu_9560_p2             | -   |        | add_ln64_264         | add   | fabric  | 0       |
|   add_ln64_265_fu_9570_p2             | -   |        | add_ln64_265         | add   | fabric  | 0       |
|   add_ln64_266_fu_9580_p2             | -   |        | add_ln64_266         | add   | fabric  | 0       |
|   add_ln64_267_fu_9590_p2             | -   |        | add_ln64_267         | add   | fabric  | 0       |
|   add_ln64_268_fu_9600_p2             | -   |        | add_ln64_268         | add   | fabric  | 0       |
|   add_ln64_269_fu_9610_p2             | -   |        | add_ln64_269         | add   | fabric  | 0       |
|   add_ln64_270_fu_9620_p2             | -   |        | add_ln64_270         | add   | fabric  | 0       |
|   add_ln64_271_fu_9630_p2             | -   |        | add_ln64_271         | add   | fabric  | 0       |
|   add_ln64_272_fu_9640_p2             | -   |        | add_ln64_272         | add   | fabric  | 0       |
|   add_ln64_273_fu_9650_p2             | -   |        | add_ln64_273         | add   | fabric  | 0       |
|   add_ln64_274_fu_9660_p2             | -   |        | add_ln64_274         | add   | fabric  | 0       |
|   add_ln64_275_fu_9670_p2             | -   |        | add_ln64_275         | add   | fabric  | 0       |
|   add_ln64_276_fu_9680_p2             | -   |        | add_ln64_276         | add   | fabric  | 0       |
|   add_ln64_277_fu_9690_p2             | -   |        | add_ln64_277         | add   | fabric  | 0       |
|   add_ln64_278_fu_9700_p2             | -   |        | add_ln64_278         | add   | fabric  | 0       |
|   add_ln64_279_fu_9710_p2             | -   |        | add_ln64_279         | add   | fabric  | 0       |
|   add_ln64_280_fu_9720_p2             | -   |        | add_ln64_280         | add   | fabric  | 0       |
|   add_ln64_281_fu_9730_p2             | -   |        | add_ln64_281         | add   | fabric  | 0       |
|   add_ln64_282_fu_9740_p2             | -   |        | add_ln64_282         | add   | fabric  | 0       |
|   add_ln64_283_fu_9750_p2             | -   |        | add_ln64_283         | add   | fabric  | 0       |
|   add_ln64_284_fu_9760_p2             | -   |        | add_ln64_284         | add   | fabric  | 0       |
|   add_ln64_285_fu_9770_p2             | -   |        | add_ln64_285         | add   | fabric  | 0       |
|   add_ln64_286_fu_9780_p2             | -   |        | add_ln64_286         | add   | fabric  | 0       |
|   add_ln64_287_fu_9790_p2             | -   |        | add_ln64_287         | add   | fabric  | 0       |
|   add_ln64_288_fu_9800_p2             | -   |        | add_ln64_288         | add   | fabric  | 0       |
|   add_ln64_289_fu_9810_p2             | -   |        | add_ln64_289         | add   | fabric  | 0       |
|   add_ln64_290_fu_9820_p2             | -   |        | add_ln64_290         | add   | fabric  | 0       |
|   add_ln64_291_fu_9830_p2             | -   |        | add_ln64_291         | add   | fabric  | 0       |
|   add_ln64_292_fu_9840_p2             | -   |        | add_ln64_292         | add   | fabric  | 0       |
|   add_ln64_293_fu_9850_p2             | -   |        | add_ln64_293         | add   | fabric  | 0       |
|   add_ln64_294_fu_9860_p2             | -   |        | add_ln64_294         | add   | fabric  | 0       |
|   add_ln64_295_fu_9870_p2             | -   |        | add_ln64_295         | add   | fabric  | 0       |
|   add_ln64_296_fu_9880_p2             | -   |        | add_ln64_296         | add   | fabric  | 0       |
|   add_ln64_297_fu_9890_p2             | -   |        | add_ln64_297         | add   | fabric  | 0       |
|   add_ln64_298_fu_9900_p2             | -   |        | add_ln64_298         | add   | fabric  | 0       |
|   add_ln64_299_fu_9910_p2             | -   |        | add_ln64_299         | add   | fabric  | 0       |
|   add_ln64_300_fu_9920_p2             | -   |        | add_ln64_300         | add   | fabric  | 0       |
|   add_ln64_301_fu_9930_p2             | -   |        | add_ln64_301         | add   | fabric  | 0       |
|   add_ln64_302_fu_9940_p2             | -   |        | add_ln64_302         | add   | fabric  | 0       |
|   add_ln64_303_fu_9950_p2             | -   |        | add_ln64_303         | add   | fabric  | 0       |
|   add_ln64_304_fu_9960_p2             | -   |        | add_ln64_304         | add   | fabric  | 0       |
|   add_ln64_305_fu_9970_p2             | -   |        | add_ln64_305         | add   | fabric  | 0       |
|   add_ln64_306_fu_9980_p2             | -   |        | add_ln64_306         | add   | fabric  | 0       |
|   add_ln64_307_fu_9990_p2             | -   |        | add_ln64_307         | add   | fabric  | 0       |
|   add_ln64_308_fu_10000_p2            | -   |        | add_ln64_308         | add   | fabric  | 0       |
|   add_ln64_309_fu_10010_p2            | -   |        | add_ln64_309         | add   | fabric  | 0       |
|   add_ln64_310_fu_10020_p2            | -   |        | add_ln64_310         | add   | fabric  | 0       |
|   add_ln64_311_fu_10030_p2            | -   |        | add_ln64_311         | add   | fabric  | 0       |
|   add_ln64_312_fu_10040_p2            | -   |        | add_ln64_312         | add   | fabric  | 0       |
|   add_ln64_313_fu_10050_p2            | -   |        | add_ln64_313         | add   | fabric  | 0       |
|   add_ln64_314_fu_10060_p2            | -   |        | add_ln64_314         | add   | fabric  | 0       |
|   add_ln64_315_fu_10070_p2            | -   |        | add_ln64_315         | add   | fabric  | 0       |
|   add_ln64_316_fu_10080_p2            | -   |        | add_ln64_316         | add   | fabric  | 0       |
|   add_ln64_317_fu_10090_p2            | -   |        | add_ln64_317         | add   | fabric  | 0       |
|   add_ln64_318_fu_10100_p2            | -   |        | add_ln64_318         | add   | fabric  | 0       |
|   add_ln64_319_fu_10110_p2            | -   |        | add_ln64_319         | add   | fabric  | 0       |
|   add_ln64_320_fu_10120_p2            | -   |        | add_ln64_320         | add   | fabric  | 0       |
|   add_ln64_321_fu_10130_p2            | -   |        | add_ln64_321         | add   | fabric  | 0       |
|   add_ln64_322_fu_10140_p2            | -   |        | add_ln64_322         | add   | fabric  | 0       |
|   add_ln64_323_fu_10150_p2            | -   |        | add_ln64_323         | add   | fabric  | 0       |
|   add_ln64_324_fu_10160_p2            | -   |        | add_ln64_324         | add   | fabric  | 0       |
|   add_ln64_325_fu_10170_p2            | -   |        | add_ln64_325         | add   | fabric  | 0       |
|   add_ln64_326_fu_10180_p2            | -   |        | add_ln64_326         | add   | fabric  | 0       |
|   add_ln64_327_fu_10190_p2            | -   |        | add_ln64_327         | add   | fabric  | 0       |
|   add_ln64_328_fu_10200_p2            | -   |        | add_ln64_328         | add   | fabric  | 0       |
|   add_ln64_329_fu_10210_p2            | -   |        | add_ln64_329         | add   | fabric  | 0       |
|   add_ln64_330_fu_10220_p2            | -   |        | add_ln64_330         | add   | fabric  | 0       |
|   add_ln64_331_fu_10230_p2            | -   |        | add_ln64_331         | add   | fabric  | 0       |
|   add_ln64_332_fu_10240_p2            | -   |        | add_ln64_332         | add   | fabric  | 0       |
|   add_ln64_333_fu_10250_p2            | -   |        | add_ln64_333         | add   | fabric  | 0       |
|   add_ln64_334_fu_10260_p2            | -   |        | add_ln64_334         | add   | fabric  | 0       |
|   add_ln64_335_fu_10270_p2            | -   |        | add_ln64_335         | add   | fabric  | 0       |
|   add_ln64_336_fu_10280_p2            | -   |        | add_ln64_336         | add   | fabric  | 0       |
|   add_ln64_337_fu_10290_p2            | -   |        | add_ln64_337         | add   | fabric  | 0       |
|   add_ln64_338_fu_10300_p2            | -   |        | add_ln64_338         | add   | fabric  | 0       |
|   add_ln64_339_fu_10310_p2            | -   |        | add_ln64_339         | add   | fabric  | 0       |
|   add_ln64_340_fu_10320_p2            | -   |        | add_ln64_340         | add   | fabric  | 0       |
|   add_ln64_341_fu_10330_p2            | -   |        | add_ln64_341         | add   | fabric  | 0       |
|   add_ln64_342_fu_10340_p2            | -   |        | add_ln64_342         | add   | fabric  | 0       |
|   add_ln64_343_fu_10350_p2            | -   |        | add_ln64_343         | add   | fabric  | 0       |
|   add_ln64_344_fu_10360_p2            | -   |        | add_ln64_344         | add   | fabric  | 0       |
|   add_ln64_345_fu_10370_p2            | -   |        | add_ln64_345         | add   | fabric  | 0       |
|   add_ln64_346_fu_10380_p2            | -   |        | add_ln64_346         | add   | fabric  | 0       |
|   add_ln64_347_fu_10390_p2            | -   |        | add_ln64_347         | add   | fabric  | 0       |
|   add_ln64_348_fu_10405_p2            | -   |        | add_ln64_348         | add   | fabric  | 0       |
|   add_ln64_349_fu_10415_p2            | -   |        | add_ln64_349         | add   | fabric  | 0       |
|   add_ln64_350_fu_10425_p2            | -   |        | add_ln64_350         | add   | fabric  | 0       |
|   add_ln64_351_fu_10435_p2            | -   |        | add_ln64_351         | add   | fabric  | 0       |
|   point_7_fu_10474_p2                 | -   |        | point_7              | add   | fabric  | 0       |
|   sub90_fu_10458_p2                   | -   |        | sub90                | add   | fabric  | 0       |
|   add_ln72_1_fu_10495_p2              | -   |        | add_ln72_1           | add   | fabric  | 0       |
|   add_ln72_fu_10507_p2                | -   |        | add_ln72             | add   | fabric  | 0       |
|   sub88_fu_10533_p2                   | -   |        | sub88                | add   | fabric  | 0       |
|  + clusterOp_Pipeline_1               | 0   |        |                      |       |         |         |
|    empty_47_fu_58_p2                  | -   |        | empty_47             | add   | fabric  | 0       |
|  + clusterOp_Pipeline_VITIS_LOOP_30_1 | 0   |        |                      |       |         |         |
|    add_ln30_fu_148_p2                 | -   |        | add_ln30             | add   | fabric  | 0       |
|  + clusterOp_Pipeline_VITIS_LOOP_50_3 | 77  |        |                      |       |         |         |
|    add_ln50_fu_309_p2                 | -   |        | add_ln50             | add   | fabric  | 0       |
|    dTheta_fu_281_p2                   | -   |        | dTheta               | sub   | fabric  | 0       |
|    mul_32s_32s_32_2_1_U52             | 3   |        | mul_ln54             | mul   | auto    | 1       |
|    mul_32s_32s_32_2_1_U53             | 3   |        | mul_ln54_1           | mul   | auto    | 1       |
|    add_ln54_fu_305_p2                 | -   |        | add_ln54             | add   | fabric  | 0       |
|    mul_32s_32s_32_2_1_U51             | 3   |        | mul_ln54_2           | mul   | auto    | 1       |
|    dmul_64ns_64ns_64_7_max_dsp_1_U48  | 11  |        | mul                  | dmul  | maxdsp  | 6       |
|    dsub_64ns_64ns_64_7_full_dsp_1_U47 | 3   |        | sub                  | dsub  | fulldsp | 6       |
|    dsqrt_64ns_64ns_64_57_no_dsp_1_U50 | -   |        | dc                   | dsqrt | fabric  | 56      |
|    add_ln515_fu_349_p2                | -   |        | add_ln515            | add   | fabric  | 0       |
|    sub_ln1512_fu_363_p2               | -   |        | sub_ln1512           | sub   | fabric  | 0       |
|    result_V_2_fu_443_p2               | -   |        | result_V_2           | sub   | fabric  | 0       |
|    cluster_num_points_1_fu_472_p2     | -   |        | cluster_num_points_1 | add   | fabric  | 0       |
|   + sin_or_cos_double_s               | 54  |        |                      |       |         |         |
|     Ex_V_fu_505_p2                    | -   |        | Ex_V                 | add   | fabric  | 0       |
|     add_ln214_fu_330_p2               | -   |        | add_ln214            | add   | fabric  | 0       |
|     mul_170s_53ns_170_5_1_U18         | 18  |        | ret_V_5              | mul   | auto    | 4       |
|     Mx_bits_V_1_fu_441_p2             | -   |        | Mx_bits_V_1          | sub   | fabric  | 0       |
|     Ex_V_3_fu_544_p2                  | -   |        | Ex_V_3               | sub   | fabric  | 0       |
|     sub_ln1512_fu_707_p2              | -   |        | sub_ln1512           | sub   | fabric  | 0       |
|     mul_49ns_49ns_98_5_1_U22          | 4   |        | r_V_4                | mul   | auto    | 4       |
|     mul_49ns_49ns_98_5_1_U23          | 4   |        | r_V_5                | mul   | auto    | 4       |
|     mul_49ns_49ns_98_5_1_U24          | 4   |        | r_V_7                | mul   | auto    | 4       |
|     mul_56ns_52s_108_5_1_U25          | 5   |        | r_V_9                | mul   | auto    | 4       |
|     mul_49ns_44s_93_5_1_U26           | 4   |        | r_V_10               | mul   | auto    | 4       |
|     mul_42ns_33ns_75_2_1_U27          | 4   |        | r_V_11               | mul   | auto    | 1       |
|     mul_35ns_25ns_60_2_1_U28          | 2   |        | r_V_12               | mul   | auto    | 1       |
|     mul_64s_63ns_126_5_1_U29          | 9   |        | r_V_14               | mul   | auto    | 4       |
|     add_ln451_fu_1130_p2              | -   |        | add_ln451            | add   | fabric  | 0       |
|     add_ln451_1_fu_1151_p2            | -   |        | add_ln451_1          | add   | fabric  | 0       |
|     add_ln451_2_fu_1206_p2            | -   |        | add_ln451_2          | add   | fabric  | 0       |
|     add_ln461_fu_1256_p2              | -   |        | add_ln461            | add   | fabric  | 0       |
|     newexp_fu_1266_p2                 | -   |        | newexp               | sub   | fabric  | 0       |
|  + clusterOp_Pipeline_VITIS_LOOP_73_5 | 0   |        |                      |       |         |         |
|    add_ln73_fu_152_p2                 | -   |        | add_ln73             | add   | fabric  | 0       |
|    add_ln75_fu_162_p2                 | -   |        | add_ln75             | add   | fabric  | 0       |
+---------------------------------------+-----+--------+----------------------+-------+---------+---------+


================================================================
== Bind Storage Report
================================================================
+----------------------------------------+------+------+--------+----------------------------------+---------+--------+---------+
| Name                                   | BRAM | URAM | Pragma | Variable                         | Storage | Impl   | Latency |
+----------------------------------------+------+------+--------+----------------------------------+---------+--------+---------+
| + clusterOp                            | 30   | 0    |        |                                  |         |        |         |
|   angle_U                              | 2    | -    |        | angle                            | ram_s2p | auto   | 1       |
|   distance_U                           | 2    | -    |        | distance                         | ram_s2p | auto   | 1       |
|   clusters_num_points_U                | -    | -    |        | clusters_num_points              | ram_1p  | auto   | 1       |
|   clusters_points_U                    | 16   | -    |        | clusters_points                  | ram_t2p | auto   | 1       |
|   grouped_U                            | -    | -    |        | grouped                          | ram_1p  | auto   | 1       |
|   cluster_points_U                     | 2    | -    |        | cluster_points                   | ram_s2p | auto   | 1       |
|  + clusterOp_Pipeline_VITIS_LOOP_50_3  | 8    | 0    |        |                                  |         |        |         |
|   + sin_or_cos_double_s                | 8    | 0    |        |                                  |         |        |         |
|     ref_4oPi_table_256_V_U             | 8    | -    |        | ref_4oPi_table_256_V             | rom_1p  | auto   | 1       |
|     fourth_order_double_sin_cos_K0_V_U | -    | -    | pragma | fourth_order_double_sin_cos_K0_V | rom_1p  | lutram | 1       |
|     fourth_order_double_sin_cos_K1_V_U | -    | -    | pragma | fourth_order_double_sin_cos_K1_V | rom_1p  | lutram | 1       |
|     fourth_order_double_sin_cos_K2_V_U | -    | -    | pragma | fourth_order_double_sin_cos_K2_V | rom_1p  | lutram | 1       |
|     fourth_order_double_sin_cos_K3_V_U | -    | -    | pragma | fourth_order_double_sin_cos_K3_V | rom_1p  | lutram | 1       |
|     fourth_order_double_sin_cos_K4_V_U | -    | -    | pragma | fourth_order_double_sin_cos_K4_V | rom_1p  | lutram | 1       |
+----------------------------------------+------+------+--------+----------------------------------+---------+--------+---------+


================================================================
== Pragma Report
================================================================
* Valid Pragma Syntax
+-----------+------------------------+---------------------------------------------------+
| Type      | Options                | Location                                          |
+-----------+------------------------+---------------------------------------------------+
| interface | axis port=in_angle     | cluster/cluster.cpp:16 in clusterop, in_angle     |
| interface | axis port=in_distance  | cluster/cluster.cpp:17 in clusterop, in_distance  |
| interface | axis port=out_clusters | cluster/cluster.cpp:18 in clusterop, out_clusters |
+-----------+------------------------+---------------------------------------------------+


