

================================================================
== Vitis HLS Report for 'clusterOp_Pipeline_VITIS_LOOP_73_5'
================================================================
* Date:           Wed Mar 22 02:29:57 2023

* Version:        2022.1 (Build 3526262 on Mon Apr 18 15:48:16 MDT 2022)
* Project:        cluster
* Solution:       solution1 (Vivado IP Flow Target)
* Product family: zynq
* Target device:  xc7z020-clg400-1


================================================================
== Performance Estimates
================================================================
+ Timing: 
    * Summary: 
    +--------+----------+----------+------------+
    |  Clock |  Target  | Estimated| Uncertainty|
    +--------+----------+----------+------------+
    |ap_clk  |  10.00 ns|  4.934 ns|     2.70 ns|
    +--------+----------+----------+------------+

+ Latency: 
    * Summary: 
    +---------+---------+----------+----------+-----+-----+---------+
    |  Latency (cycles) |  Latency (absolute) |  Interval | Pipeline|
    |   min   |   max   |    min   |    max   | min | max |   Type  |
    +---------+---------+----------+----------+-----+-----+---------+
    |        ?|        ?|         ?|         ?|    ?|    ?|       no|
    +---------+---------+----------+----------+-----+-----+---------+

    + Detail: 
        * Instance: 
        N/A

        * Loop: 
        +-------------------+---------+---------+----------+-----------+-----------+------+----------+
        |                   |  Latency (cycles) | Iteration|  Initiation Interval  | Trip |          |
        |     Loop Name     |   min   |   max   |  Latency |  achieved |   target  | Count| Pipelined|
        +-------------------+---------+---------+----------+-----------+-----------+------+----------+
        |- VITIS_LOOP_73_5  |        ?|        ?|         2|          1|          1|     ?|       yes|
        +-------------------+---------+---------+----------+-----------+-----------+------+----------+

============================================================
+ Verbose Summary: Synthesis Manager
============================================================
InlineROM: 1
ExposeGlobal: 0
============================================================
+ Verbose Summary: CDFG Model
============================================================
IsTopModel: 0
ResetActiveHigh: 1
IsCombinational: 0
IsDatapathOnly: 0
HasWiredReturn: 1
HasMFsm: 2
HasVarLatency: 1
IsPipeline: 0
IsRtlPipelined: 0
IsInstanceOverlapped: 0
IsDontTouch: 0
HasImplIP: 0
IsGatedGlobalClock: 0

+ Individual pipeline summary: 
  * Pipeline-0: initiation interval (II) = 1, depth = 2


============================================================
+ Verbose Summary: Schedule
============================================================
* Number of FSM states : 2
* Pipeline : 1
  Pipeline-0 : II = 1, D = 2, States = { 1 2 }
* Dataflow Pipeline: 0

* FSM state transitions: 
1 --> 2 
2 --> 

* FSM state operations: 

State 1 <SV = 0> <Delay = 4.93>
ST_1 : Operation 5 [1/1] (0.00ns)   --->   "%j = alloca i32 1"   --->   Operation 5 'alloca' 'j' <Predicate = true> <Delay = 0.00>
ST_1 : Operation 6 [1/1] (0.00ns)   --->   "%specinterface_ln0 = specinterface void @_ssdm_op_SpecInterface, i6 %out_clusters_V_dest_V, i5 %out_clusters_V_id_V, i1 %out_clusters_V_last_V, i2 %out_clusters_V_user_V, i4 %out_clusters_V_strb_V, i4 %out_clusters_V_keep_V, i32 %out_clusters_V_data_V, void @empty, i32 0, i32 0, void @empty_0, i32 0, i32 0, void @empty_1, void @empty_1, void @empty_1, i32 0, i32 0, i32 0, i32 0, void @empty_1, void @empty_1, i32 4294967295, i32 0"   --->   Operation 6 'specinterface' 'specinterface_ln0' <Predicate = true> <Delay = 0.00>
ST_1 : Operation 7 [1/1] (0.00ns)   --->   "%cmp91_read = read i1 @_ssdm_op_Read.ap_auto.i1, i1 %cmp91"   --->   Operation 7 'read' 'cmp91_read' <Predicate = true> <Delay = 0.00>
ST_1 : Operation 8 [1/1] (0.00ns)   --->   "%sub88_read = read i32 @_ssdm_op_Read.ap_auto.i32, i32 %sub88"   --->   Operation 8 'read' 'sub88_read' <Predicate = true> <Delay = 0.00>
ST_1 : Operation 9 [1/1] (0.00ns)   --->   "%phi_mul_read = read i13 @_ssdm_op_Read.ap_auto.i13, i13 %phi_mul"   --->   Operation 9 'read' 'phi_mul_read' <Predicate = true> <Delay = 0.00>
ST_1 : Operation 10 [1/1] (0.00ns)   --->   "%clusters_num_points_load_read = read i32 @_ssdm_op_Read.ap_auto.i32, i32 %clusters_num_points_load"   --->   Operation 10 'read' 'clusters_num_points_load_read' <Predicate = true> <Delay = 0.00>
ST_1 : Operation 11 [1/1] (1.58ns)   --->   "%store_ln0 = store i32 0, i32 %j"   --->   Operation 11 'store' 'store_ln0' <Predicate = true> <Delay = 1.58>
ST_1 : Operation 12 [1/1] (0.00ns)   --->   "%br_ln0 = br void %for.body76"   --->   Operation 12 'br' 'br_ln0' <Predicate = true> <Delay = 0.00>
ST_1 : Operation 13 [1/1] (0.00ns)   --->   "%j_1 = load i32 %j" [cluster/cluster.cpp:75]   --->   Operation 13 'load' 'j_1' <Predicate = true> <Delay = 0.00>
ST_1 : Operation 14 [1/1] (0.00ns)   --->   "%specpipeline_ln0 = specpipeline void @_ssdm_op_SpecPipeline, i32 4294967295, i32 0, i32 1, i32 0, void @p_str"   --->   Operation 14 'specpipeline' 'specpipeline_ln0' <Predicate = true> <Delay = 0.00>
ST_1 : Operation 15 [1/1] (2.47ns)   --->   "%icmp_ln73 = icmp_eq  i32 %j_1, i32 %clusters_num_points_load_read" [cluster/cluster.cpp:73]   --->   Operation 15 'icmp' 'icmp_ln73' <Predicate = true> <Delay = 2.47> <CoreInst = "Cmp">   --->   Core 9 'Cmp' <Latency = 0> <II = 1> <Delay = 2.47> <FuncUnit> <Opcode : 'icmp'> <InPorts = 2> <OutPorts = 1>
ST_1 : Operation 16 [1/1] (2.55ns)   --->   "%add_ln73 = add i32 %j_1, i32 1" [cluster/cluster.cpp:73]   --->   Operation 16 'add' 'add_ln73' <Predicate = true> <Delay = 2.55> <CoreInst = "Adder">   --->   Core 1 'Adder' <Latency = 0> <II = 1> <Delay = 2.55> <FuncUnit> <Opcode : 'add' 'sub'> <InPorts = 2> <OutPorts = 1>
ST_1 : Operation 17 [1/1] (0.00ns)   --->   "%br_ln73 = br i1 %icmp_ln73, void %for.body76.split, void %for.inc96.loopexit.exitStub" [cluster/cluster.cpp:73]   --->   Operation 17 'br' 'br_ln73' <Predicate = true> <Delay = 0.00>
ST_1 : Operation 18 [1/1] (0.00ns)   --->   "%trunc_ln75 = trunc i32 %j_1" [cluster/cluster.cpp:75]   --->   Operation 18 'trunc' 'trunc_ln75' <Predicate = (!icmp_ln73)> <Delay = 0.00>
ST_1 : Operation 19 [1/1] (1.67ns)   --->   "%add_ln75 = add i13 %phi_mul_read, i13 %trunc_ln75" [cluster/cluster.cpp:75]   --->   Operation 19 'add' 'add_ln75' <Predicate = (!icmp_ln73)> <Delay = 1.67> <CoreInst = "Adder">   --->   Core 1 'Adder' <Latency = 0> <II = 1> <Delay = 1.67> <FuncUnit> <Opcode : 'add' 'sub'> <InPorts = 2> <OutPorts = 1>
ST_1 : Operation 20 [1/1] (0.00ns)   --->   "%zext_ln75 = zext i13 %add_ln75" [cluster/cluster.cpp:75]   --->   Operation 20 'zext' 'zext_ln75' <Predicate = (!icmp_ln73)> <Delay = 0.00>
ST_1 : Operation 21 [1/1] (0.00ns)   --->   "%clusters_points_addr = getelementptr i32 %clusters_points, i64 0, i64 %zext_ln75" [cluster/cluster.cpp:75]   --->   Operation 21 'getelementptr' 'clusters_points_addr' <Predicate = (!icmp_ln73)> <Delay = 0.00>
ST_1 : Operation 22 [2/2] (3.25ns)   --->   "%cluster_axis_data_V = load i13 %clusters_points_addr" [cluster/cluster.cpp:75]   --->   Operation 22 'load' 'cluster_axis_data_V' <Predicate = (!icmp_ln73)> <Delay = 3.25> <CoreInst = "RAM">   --->   Core 82 'RAM' <Latency = 1> <II = 1> <Delay = 3.25> <Storage> <Opcode : 'load' 'store'> <Ports = 2> <Width = 32> <Depth = 7200> <RAM>
ST_1 : Operation 23 [1/1] (2.47ns)   --->   "%icmp_ln77 = icmp_eq  i32 %j_1, i32 %sub88_read" [cluster/cluster.cpp:77]   --->   Operation 23 'icmp' 'icmp_ln77' <Predicate = (!icmp_ln73)> <Delay = 2.47> <CoreInst = "Cmp">   --->   Core 9 'Cmp' <Latency = 0> <II = 1> <Delay = 2.47> <FuncUnit> <Opcode : 'icmp'> <InPorts = 2> <OutPorts = 1>
ST_1 : Operation 24 [1/1] (0.97ns)   --->   "%cluster_axis_last_V = and i1 %icmp_ln77, i1 %cmp91_read" [cluster/cluster.cpp:77]   --->   Operation 24 'and' 'cluster_axis_last_V' <Predicate = (!icmp_ln73)> <Delay = 0.97> <CoreInst = "LogicGate">   --->   Core 74 'LogicGate' <Latency = 0> <II = 1> <Delay = 0.97> <FuncUnit> <Opcode : 'and' 'or' 'xor'> <InPorts = 2> <OutPorts = 1>
ST_1 : Operation 25 [1/1] (1.58ns)   --->   "%store_ln73 = store i32 %add_ln73, i32 %j" [cluster/cluster.cpp:73]   --->   Operation 25 'store' 'store_ln73' <Predicate = (!icmp_ln73)> <Delay = 1.58>
ST_1 : Operation 30 [1/1] (0.00ns)   --->   "%ret_ln0 = ret"   --->   Operation 30 'ret' 'ret_ln0' <Predicate = (icmp_ln73)> <Delay = 0.00>

State 2 <SV = 1> <Delay = 3.25>
ST_2 : Operation 26 [1/1] (0.00ns)   --->   "%specloopname_ln73 = specloopname void @_ssdm_op_SpecLoopName, void @empty_3" [cluster/cluster.cpp:73]   --->   Operation 26 'specloopname' 'specloopname_ln73' <Predicate = true> <Delay = 0.00>
ST_2 : Operation 27 [1/2] (3.25ns)   --->   "%cluster_axis_data_V = load i13 %clusters_points_addr" [cluster/cluster.cpp:75]   --->   Operation 27 'load' 'cluster_axis_data_V' <Predicate = true> <Delay = 3.25> <CoreInst = "RAM">   --->   Core 82 'RAM' <Latency = 1> <II = 1> <Delay = 3.25> <Storage> <Opcode : 'load' 'store'> <Ports = 2> <Width = 32> <Depth = 7200> <RAM>
ST_2 : Operation 28 [1/1] (0.00ns)   --->   "%write_ln304 = write void @_ssdm_op_Write.axis.volatile.i32P0A.i4P0A.i4P0A.i2P0A.i1P0A.i5P0A.i6P0A, i32 %out_clusters_V_data_V, i4 %out_clusters_V_keep_V, i4 %out_clusters_V_strb_V, i2 %out_clusters_V_user_V, i1 %out_clusters_V_last_V, i5 %out_clusters_V_id_V, i6 %out_clusters_V_dest_V, i32 %cluster_axis_data_V, i4 1, i4 0, i2 0, i1 %cluster_axis_last_V, i5 0, i6 0"   --->   Operation 28 'write' 'write_ln304' <Predicate = true> <Delay = 0.00> <CoreInst = "axis">   --->   Core 115 'axis' <Latency = 0> <II = 1> <Delay = 1.00> <Adapter> <Opcode : >
ST_2 : Operation 29 [1/1] (0.00ns)   --->   "%br_ln73 = br void %for.body76" [cluster/cluster.cpp:73]   --->   Operation 29 'br' 'br_ln73' <Predicate = true> <Delay = 0.00>


============================================================
+ Verbose Summary: Binding
============================================================
STG Binding: 
---------------- STG Properties BEGIN ----------------
- Is combinational: 0
- Is one-state seq: 0
- Is datapath-only: 0
- Is pipelined: 0
- Is top level: 0
Port [ Return ] is wired: 1; IO mode=ap_ctrl_hs:ce=0
Port [ clusters_num_points_load]:  wired=1; compound=0; hidden=0; nouse=0; global=0; static=0; extern=0; dir=0; type=0; pingpong=0; private_global=0; IO mode=ap_none:ce=0
Port [ phi_mul]:  wired=1; compound=0; hidden=0; nouse=0; global=0; static=0; extern=0; dir=0; type=0; pingpong=0; private_global=0; IO mode=ap_none:ce=0
Port [ clusters_points]:  wired=1; compound=1; hidden=0; nouse=0; global=0; static=0; extern=0; dir=0; type=1; pingpong=0; private_global=0; MemPort=[13]; IO mode=ap_memory:ce=0
Port [ sub88]:  wired=1; compound=0; hidden=0; nouse=0; global=0; static=0; extern=0; dir=0; type=0; pingpong=0; private_global=0; IO mode=ap_none:ce=0
Port [ cmp91]:  wired=1; compound=0; hidden=0; nouse=0; global=0; static=0; extern=0; dir=0; type=0; pingpong=0; private_global=0; IO mode=ap_none:ce=0
Port [ out_clusters_V_data_V]:  wired=1; compound=1; hidden=0; nouse=0; global=0; static=0; extern=0; dir=1; type=0; pingpong=0; private_global=0; IO mode=axis:ce=0
Port [ out_clusters_V_keep_V]:  wired=1; compound=1; hidden=0; nouse=0; global=0; static=0; extern=0; dir=1; type=0; pingpong=0; private_global=0; IO mode=axis:ce=0
Port [ out_clusters_V_strb_V]:  wired=1; compound=1; hidden=0; nouse=0; global=0; static=0; extern=0; dir=1; type=0; pingpong=0; private_global=0; IO mode=axis:ce=0
Port [ out_clusters_V_user_V]:  wired=1; compound=1; hidden=0; nouse=0; global=0; static=0; extern=0; dir=1; type=0; pingpong=0; private_global=0; IO mode=axis:ce=0
Port [ out_clusters_V_last_V]:  wired=1; compound=1; hidden=0; nouse=0; global=0; static=0; extern=0; dir=1; type=0; pingpong=0; private_global=0; IO mode=axis:ce=0
Port [ out_clusters_V_id_V]:  wired=1; compound=1; hidden=0; nouse=0; global=0; static=0; extern=0; dir=1; type=0; pingpong=0; private_global=0; IO mode=axis:ce=0
Port [ out_clusters_V_dest_V]:  wired=1; compound=1; hidden=0; nouse=0; global=0; static=0; extern=0; dir=1; type=0; pingpong=0; private_global=0; IO mode=axis:ce=0
---------------- STG Properties END ------------------

---------------- Datapath Model BEGIN ----------------

<LifeTime>
<method=bitvector/>
j                             (alloca       ) [ 010]
specinterface_ln0             (specinterface) [ 000]
cmp91_read                    (read         ) [ 000]
sub88_read                    (read         ) [ 000]
phi_mul_read                  (read         ) [ 000]
clusters_num_points_load_read (read         ) [ 000]
store_ln0                     (store        ) [ 000]
br_ln0                        (br           ) [ 000]
j_1                           (load         ) [ 000]
specpipeline_ln0              (specpipeline ) [ 000]
icmp_ln73                     (icmp         ) [ 010]
add_ln73                      (add          ) [ 000]
br_ln73                       (br           ) [ 000]
trunc_ln75                    (trunc        ) [ 000]
add_ln75                      (add          ) [ 000]
zext_ln75                     (zext         ) [ 000]
clusters_points_addr          (getelementptr) [ 011]
icmp_ln77                     (icmp         ) [ 000]
cluster_axis_last_V           (and          ) [ 011]
store_ln73                    (store        ) [ 000]
specloopname_ln73             (specloopname ) [ 000]
cluster_axis_data_V           (load         ) [ 000]
write_ln304                   (write        ) [ 000]
br_ln73                       (br           ) [ 000]
ret_ln0                       (ret          ) [ 000]
</LifeTime>

<model>

<comp_list>
<comp id="0" class="1000" name="clusters_num_points_load">
<pin_list>
<pin id="1" dir="1" index="0" bw="1" slack="0"/>
</pin_list>
<bind>
<StgValue><ssdm name="clusters_num_points_load"/></StgValue>
</bind>
</comp>

<comp id="2" class="1000" name="phi_mul">
<pin_list>
<pin id="3" dir="1" index="0" bw="1" slack="0"/>
</pin_list>
<bind>
<StgValue><ssdm name="phi_mul"/></StgValue>
</bind>
</comp>

<comp id="4" class="1000" name="clusters_points">
<pin_list>
<pin id="5" dir="1" index="0" bw="1" slack="0"/>
</pin_list>
<bind>
<StgValue><ssdm name="clusters_points"/><MemPortTyVec>1 3 </MemPortTyVec>
</StgValue>
</bind>
</comp>

<comp id="6" class="1000" name="sub88">
<pin_list>
<pin id="7" dir="1" index="0" bw="1" slack="0"/>
</pin_list>
<bind>
<StgValue><ssdm name="sub88"/></StgValue>
</bind>
</comp>

<comp id="8" class="1000" name="cmp91">
<pin_list>
<pin id="9" dir="1" index="0" bw="1" slack="0"/>
</pin_list>
<bind>
<StgValue><ssdm name="cmp91"/></StgValue>
</bind>
</comp>

<comp id="10" class="1000" name="out_clusters_V_data_V">
<pin_list>
<pin id="11" dir="1" index="0" bw="1" slack="0"/>
</pin_list>
<bind>
<StgValue><ssdm name="out_clusters_V_data_V"/></StgValue>
</bind>
</comp>

<comp id="12" class="1000" name="out_clusters_V_keep_V">
<pin_list>
<pin id="13" dir="1" index="0" bw="1" slack="0"/>
</pin_list>
<bind>
<StgValue><ssdm name="out_clusters_V_keep_V"/></StgValue>
</bind>
</comp>

<comp id="14" class="1000" name="out_clusters_V_strb_V">
<pin_list>
<pin id="15" dir="1" index="0" bw="1" slack="0"/>
</pin_list>
<bind>
<StgValue><ssdm name="out_clusters_V_strb_V"/></StgValue>
</bind>
</comp>

<comp id="16" class="1000" name="out_clusters_V_user_V">
<pin_list>
<pin id="17" dir="1" index="0" bw="1" slack="0"/>
</pin_list>
<bind>
<StgValue><ssdm name="out_clusters_V_user_V"/></StgValue>
</bind>
</comp>

<comp id="18" class="1000" name="out_clusters_V_last_V">
<pin_list>
<pin id="19" dir="1" index="0" bw="1" slack="0"/>
</pin_list>
<bind>
<StgValue><ssdm name="out_clusters_V_last_V"/></StgValue>
</bind>
</comp>

<comp id="20" class="1000" name="out_clusters_V_id_V">
<pin_list>
<pin id="21" dir="1" index="0" bw="1" slack="0"/>
</pin_list>
<bind>
<StgValue><ssdm name="out_clusters_V_id_V"/></StgValue>
</bind>
</comp>

<comp id="22" class="1000" name="out_clusters_V_dest_V">
<pin_list>
<pin id="23" dir="1" index="0" bw="1" slack="0"/>
</pin_list>
<bind>
<StgValue><ssdm name="out_clusters_V_dest_V"/></StgValue>
</bind>
</comp>

<comp id="24" class="1001" name="const_24">
<pin_list>
<pin id="25" dir="1" index="0" bw="1" slack="0"/>
</pin_list>
<bind>
<StgValue><ssdm name=""/></StgValue>
</bind>
</comp>

<comp id="26" class="1001" name="const_26">
<pin_list>
<pin id="27" dir="1" index="0" bw="1" slack="2147483647"/>
</pin_list>
<bind>
<StgValue><ssdm name="_ssdm_op_SpecInterface"/></StgValue>
</bind>
</comp>

<comp id="28" class="1001" name="const_28">
<pin_list>
<pin id="29" dir="1" index="0" bw="1" slack="2147483647"/>
</pin_list>
<bind>
<StgValue><ssdm name="empty"/></StgValue>
</bind>
</comp>

<comp id="30" class="1001" name="const_30">
<pin_list>
<pin id="31" dir="1" index="0" bw="1" slack="0"/>
</pin_list>
<bind>
<StgValue><ssdm name=""/></StgValue>
</bind>
</comp>

<comp id="32" class="1001" name="const_32">
<pin_list>
<pin id="33" dir="1" index="0" bw="1" slack="2147483647"/>
</pin_list>
<bind>
<StgValue><ssdm name="empty_0"/></StgValue>
</bind>
</comp>

<comp id="34" class="1001" name="const_34">
<pin_list>
<pin id="35" dir="1" index="0" bw="1" slack="2147483647"/>
</pin_list>
<bind>
<StgValue><ssdm name="empty_1"/></StgValue>
</bind>
</comp>

<comp id="36" class="1001" name="const_36">
<pin_list>
<pin id="37" dir="1" index="0" bw="1" slack="2147483647"/>
</pin_list>
<bind>
<StgValue><ssdm name=""/></StgValue>
</bind>
</comp>

<comp id="38" class="1001" name="const_38">
<pin_list>
<pin id="39" dir="1" index="0" bw="1" slack="0"/>
</pin_list>
<bind>
<StgValue><ssdm name="_ssdm_op_Read.ap_auto.i1"/></StgValue>
</bind>
</comp>

<comp id="40" class="1001" name="const_40">
<pin_list>
<pin id="41" dir="1" index="0" bw="1" slack="0"/>
</pin_list>
<bind>
<StgValue><ssdm name="_ssdm_op_Read.ap_auto.i32"/></StgValue>
</bind>
</comp>

<comp id="42" class="1001" name="const_42">
<pin_list>
<pin id="43" dir="1" index="0" bw="1" slack="0"/>
</pin_list>
<bind>
<StgValue><ssdm name="_ssdm_op_Read.ap_auto.i13"/></StgValue>
</bind>
</comp>

<comp id="44" class="1001" name="const_44">
<pin_list>
<pin id="45" dir="1" index="0" bw="1" slack="2147483647"/>
</pin_list>
<bind>
<StgValue><ssdm name="_ssdm_op_SpecPipeline"/></StgValue>
</bind>
</comp>

<comp id="46" class="1001" name="const_46">
<pin_list>
<pin id="47" dir="1" index="0" bw="1" slack="2147483647"/>
</pin_list>
<bind>
<StgValue><ssdm name="p_str"/></StgValue>
</bind>
</comp>

<comp id="48" class="1001" name="const_48">
<pin_list>
<pin id="49" dir="1" index="0" bw="1" slack="0"/>
</pin_list>
<bind>
<StgValue><ssdm name=""/></StgValue>
</bind>
</comp>

<comp id="50" class="1001" name="const_50">
<pin_list>
<pin id="51" dir="1" index="0" bw="1" slack="2147483647"/>
</pin_list>
<bind>
<StgValue><ssdm name="_ssdm_op_SpecLoopName"/></StgValue>
</bind>
</comp>

<comp id="52" class="1001" name="const_52">
<pin_list>
<pin id="53" dir="1" index="0" bw="1" slack="2147483647"/>
</pin_list>
<bind>
<StgValue><ssdm name="empty_3"/></StgValue>
</bind>
</comp>

<comp id="54" class="1001" name="const_54">
<pin_list>
<pin id="55" dir="1" index="0" bw="1" slack="0"/>
</pin_list>
<bind>
<StgValue><ssdm name="_ssdm_op_Write.axis.volatile.i32P0A.i4P0A.i4P0A.i2P0A.i1P0A.i5P0A.i6P0A"/></StgValue>
</bind>
</comp>

<comp id="56" class="1001" name="const_56">
<pin_list>
<pin id="57" dir="1" index="0" bw="1" slack="0"/>
</pin_list>
<bind>
<StgValue><ssdm name=""/></StgValue>
</bind>
</comp>

<comp id="58" class="1001" name="const_58">
<pin_list>
<pin id="59" dir="1" index="0" bw="1" slack="0"/>
</pin_list>
<bind>
<StgValue><ssdm name=""/></StgValue>
</bind>
</comp>

<comp id="60" class="1001" name="const_60">
<pin_list>
<pin id="61" dir="1" index="0" bw="1" slack="0"/>
</pin_list>
<bind>
<StgValue><ssdm name=""/></StgValue>
</bind>
</comp>

<comp id="62" class="1001" name="const_62">
<pin_list>
<pin id="63" dir="1" index="0" bw="1" slack="0"/>
</pin_list>
<bind>
<StgValue><ssdm name=""/></StgValue>
</bind>
</comp>

<comp id="64" class="1001" name="const_64">
<pin_list>
<pin id="65" dir="1" index="0" bw="1" slack="0"/>
</pin_list>
<bind>
<StgValue><ssdm name=""/></StgValue>
</bind>
</comp>

<comp id="66" class="1004" name="j_fu_66">
<pin_list>
<pin id="67" dir="0" index="0" bw="1" slack="0"/>
<pin id="68" dir="1" index="1" bw="32" slack="0"/>
</pin_list>
<bind>
<opcode="alloca(26) " fcode="alloca"/>
<opset="j/1 "/>
</bind>
</comp>

<comp id="70" class="1004" name="cmp91_read_read_fu_70">
<pin_list>
<pin id="71" dir="0" index="0" bw="1" slack="0"/>
<pin id="72" dir="0" index="1" bw="1" slack="0"/>
<pin id="73" dir="1" index="2" bw="1" slack="0"/>
</pin_list>
<bind>
<opcode="read(1150) " fcode="read"/>
<opset="cmp91_read/1 "/>
</bind>
</comp>

<comp id="76" class="1004" name="sub88_read_read_fu_76">
<pin_list>
<pin id="77" dir="0" index="0" bw="32" slack="0"/>
<pin id="78" dir="0" index="1" bw="32" slack="0"/>
<pin id="79" dir="1" index="2" bw="32" slack="0"/>
</pin_list>
<bind>
<opcode="read(1150) " fcode="read"/>
<opset="sub88_read/1 "/>
</bind>
</comp>

<comp id="82" class="1004" name="phi_mul_read_read_fu_82">
<pin_list>
<pin id="83" dir="0" index="0" bw="13" slack="0"/>
<pin id="84" dir="0" index="1" bw="13" slack="0"/>
<pin id="85" dir="1" index="2" bw="13" slack="0"/>
</pin_list>
<bind>
<opcode="read(1150) " fcode="read"/>
<opset="phi_mul_read/1 "/>
</bind>
</comp>

<comp id="88" class="1004" name="clusters_num_points_load_read_read_fu_88">
<pin_list>
<pin id="89" dir="0" index="0" bw="32" slack="0"/>
<pin id="90" dir="0" index="1" bw="32" slack="0"/>
<pin id="91" dir="1" index="2" bw="32" slack="0"/>
</pin_list>
<bind>
<opcode="read(1150) " fcode="read"/>
<opset="clusters_num_points_load_read/1 "/>
</bind>
</comp>

<comp id="94" class="1004" name="write_ln304_write_fu_94">
<pin_list>
<pin id="95" dir="0" index="0" bw="0" slack="0"/>
<pin id="96" dir="0" index="1" bw="32" slack="0"/>
<pin id="97" dir="0" index="2" bw="4" slack="0"/>
<pin id="98" dir="0" index="3" bw="4" slack="0"/>
<pin id="99" dir="0" index="4" bw="2" slack="0"/>
<pin id="100" dir="0" index="5" bw="1" slack="0"/>
<pin id="101" dir="0" index="6" bw="5" slack="0"/>
<pin id="102" dir="0" index="7" bw="6" slack="0"/>
<pin id="103" dir="0" index="8" bw="32" slack="0"/>
<pin id="104" dir="0" index="9" bw="1" slack="0"/>
<pin id="105" dir="0" index="10" bw="1" slack="0"/>
<pin id="106" dir="0" index="11" bw="1" slack="0"/>
<pin id="107" dir="0" index="12" bw="1" slack="1"/>
<pin id="108" dir="0" index="13" bw="1" slack="0"/>
<pin id="109" dir="0" index="14" bw="1" slack="0"/>
<pin id="110" dir="1" index="15" bw="0" slack="2147483647"/>
</pin_list>
<bind>
<opcode="write(1151) " fcode="write"/>
<opset="write_ln304/2 "/>
</bind>
</comp>

<comp id="124" class="1004" name="clusters_points_addr_gep_fu_124">
<pin_list>
<pin id="125" dir="0" index="0" bw="32" slack="0"/>
<pin id="126" dir="0" index="1" bw="1" slack="0"/>
<pin id="127" dir="0" index="2" bw="13" slack="0"/>
<pin id="128" dir="1" index="3" bw="13" slack="0"/>
</pin_list>
<bind>
<opcode="getelementptr(29) " fcode="getelementptr"/>
<opset="clusters_points_addr/1 "/>
</bind>
</comp>

<comp id="131" class="1004" name="grp_access_fu_131">
<pin_list>
<pin id="132" dir="0" index="0" bw="13" slack="0"/>
<pin id="133" dir="0" index="1" bw="32" slack="2147483647"/>
<pin id="134" dir="0" index="2" bw="0" slack="2147483647"/>
<pin id="135" dir="1" index="3" bw="32" slack="0"/>
</pin_list>
<bind>
<opcode="load(27) " fcode="load"/>
<opset="cluster_axis_data_V/1 "/>
</bind>
</comp>

<comp id="138" class="1004" name="store_ln0_store_fu_138">
<pin_list>
<pin id="139" dir="0" index="0" bw="1" slack="0"/>
<pin id="140" dir="0" index="1" bw="32" slack="0"/>
<pin id="141" dir="1" index="2" bw="0" slack="2147483647"/>
</pin_list>
<bind>
<opcode="store(28) " fcode="store"/>
<opset="store_ln0/1 "/>
</bind>
</comp>

<comp id="143" class="1004" name="j_1_load_fu_143">
<pin_list>
<pin id="144" dir="0" index="0" bw="32" slack="0"/>
<pin id="145" dir="1" index="1" bw="32" slack="0"/>
</pin_list>
<bind>
<opcode="load(27) " fcode="load"/>
<opset="j_1/1 "/>
</bind>
</comp>

<comp id="146" class="1004" name="icmp_ln73_fu_146">
<pin_list>
<pin id="147" dir="0" index="0" bw="32" slack="0"/>
<pin id="148" dir="0" index="1" bw="32" slack="0"/>
<pin id="149" dir="1" index="2" bw="1" slack="2147483647"/>
</pin_list>
<bind>
<opcode="icmp(45) " fcode="icmp"/>
<opset="icmp_ln73/1 "/>
</bind>
</comp>

<comp id="152" class="1004" name="add_ln73_fu_152">
<pin_list>
<pin id="153" dir="0" index="0" bw="32" slack="0"/>
<pin id="154" dir="0" index="1" bw="1" slack="0"/>
<pin id="155" dir="1" index="2" bw="32" slack="0"/>
</pin_list>
<bind>
<opcode="add(8) " fcode="add"/>
<opset="add_ln73/1 "/>
</bind>
</comp>

<comp id="158" class="1004" name="trunc_ln75_fu_158">
<pin_list>
<pin id="159" dir="0" index="0" bw="32" slack="0"/>
<pin id="160" dir="1" index="1" bw="13" slack="0"/>
</pin_list>
<bind>
<opcode="trunc(33) " fcode="trunc"/>
<opset="trunc_ln75/1 "/>
</bind>
</comp>

<comp id="162" class="1004" name="add_ln75_fu_162">
<pin_list>
<pin id="163" dir="0" index="0" bw="13" slack="0"/>
<pin id="164" dir="0" index="1" bw="13" slack="0"/>
<pin id="165" dir="1" index="2" bw="13" slack="0"/>
</pin_list>
<bind>
<opcode="add(8) " fcode="add"/>
<opset="add_ln75/1 "/>
</bind>
</comp>

<comp id="168" class="1004" name="zext_ln75_fu_168">
<pin_list>
<pin id="169" dir="0" index="0" bw="13" slack="0"/>
<pin id="170" dir="1" index="1" bw="64" slack="0"/>
</pin_list>
<bind>
<opcode="zext(34) " fcode="zext"/>
<opset="zext_ln75/1 "/>
</bind>
</comp>

<comp id="173" class="1004" name="icmp_ln77_fu_173">
<pin_list>
<pin id="174" dir="0" index="0" bw="32" slack="0"/>
<pin id="175" dir="0" index="1" bw="32" slack="0"/>
<pin id="176" dir="1" index="2" bw="1" slack="0"/>
</pin_list>
<bind>
<opcode="icmp(45) " fcode="icmp"/>
<opset="icmp_ln77/1 "/>
</bind>
</comp>

<comp id="179" class="1004" name="cluster_axis_last_V_fu_179">
<pin_list>
<pin id="180" dir="0" index="0" bw="1" slack="0"/>
<pin id="181" dir="0" index="1" bw="1" slack="0"/>
<pin id="182" dir="1" index="2" bw="1" slack="1"/>
</pin_list>
<bind>
<opcode="and(23) " fcode="and"/>
<opset="cluster_axis_last_V/1 "/>
</bind>
</comp>

<comp id="185" class="1004" name="store_ln73_store_fu_185">
<pin_list>
<pin id="186" dir="0" index="0" bw="32" slack="0"/>
<pin id="187" dir="0" index="1" bw="32" slack="0"/>
<pin id="188" dir="1" index="2" bw="0" slack="2147483647"/>
</pin_list>
<bind>
<opcode="store(28) " fcode="store"/>
<opset="store_ln73/1 "/>
</bind>
</comp>

<comp id="190" class="1005" name="j_reg_190">
<pin_list>
<pin id="191" dir="0" index="0" bw="32" slack="0"/>
<pin id="192" dir="1" index="1" bw="32" slack="0"/>
</pin_list>
<bind>
<opset="j "/>
</bind>
</comp>

<comp id="200" class="1005" name="clusters_points_addr_reg_200">
<pin_list>
<pin id="201" dir="0" index="0" bw="13" slack="1"/>
<pin id="202" dir="1" index="1" bw="13" slack="1"/>
</pin_list>
<bind>
<opset="clusters_points_addr "/>
</bind>
</comp>

<comp id="205" class="1005" name="cluster_axis_last_V_reg_205">
<pin_list>
<pin id="206" dir="0" index="0" bw="1" slack="1"/>
<pin id="207" dir="1" index="1" bw="1" slack="1"/>
</pin_list>
<bind>
<opset="cluster_axis_last_V "/>
</bind>
</comp>

</comp_list>

<net_list>
<net id="69"><net_src comp="24" pin="0"/><net_sink comp="66" pin=0"/></net>

<net id="74"><net_src comp="38" pin="0"/><net_sink comp="70" pin=0"/></net>

<net id="75"><net_src comp="8" pin="0"/><net_sink comp="70" pin=1"/></net>

<net id="80"><net_src comp="40" pin="0"/><net_sink comp="76" pin=0"/></net>

<net id="81"><net_src comp="6" pin="0"/><net_sink comp="76" pin=1"/></net>

<net id="86"><net_src comp="42" pin="0"/><net_sink comp="82" pin=0"/></net>

<net id="87"><net_src comp="2" pin="0"/><net_sink comp="82" pin=1"/></net>

<net id="92"><net_src comp="40" pin="0"/><net_sink comp="88" pin=0"/></net>

<net id="93"><net_src comp="0" pin="0"/><net_sink comp="88" pin=1"/></net>

<net id="111"><net_src comp="54" pin="0"/><net_sink comp="94" pin=0"/></net>

<net id="112"><net_src comp="10" pin="0"/><net_sink comp="94" pin=1"/></net>

<net id="113"><net_src comp="12" pin="0"/><net_sink comp="94" pin=2"/></net>

<net id="114"><net_src comp="14" pin="0"/><net_sink comp="94" pin=3"/></net>

<net id="115"><net_src comp="16" pin="0"/><net_sink comp="94" pin=4"/></net>

<net id="116"><net_src comp="18" pin="0"/><net_sink comp="94" pin=5"/></net>

<net id="117"><net_src comp="20" pin="0"/><net_sink comp="94" pin=6"/></net>

<net id="118"><net_src comp="22" pin="0"/><net_sink comp="94" pin=7"/></net>

<net id="119"><net_src comp="56" pin="0"/><net_sink comp="94" pin=9"/></net>

<net id="120"><net_src comp="58" pin="0"/><net_sink comp="94" pin=10"/></net>

<net id="121"><net_src comp="60" pin="0"/><net_sink comp="94" pin=11"/></net>

<net id="122"><net_src comp="62" pin="0"/><net_sink comp="94" pin=13"/></net>

<net id="123"><net_src comp="64" pin="0"/><net_sink comp="94" pin=14"/></net>

<net id="129"><net_src comp="4" pin="0"/><net_sink comp="124" pin=0"/></net>

<net id="130"><net_src comp="48" pin="0"/><net_sink comp="124" pin=1"/></net>

<net id="136"><net_src comp="131" pin="3"/><net_sink comp="94" pin=8"/></net>

<net id="137"><net_src comp="124" pin="3"/><net_sink comp="131" pin=0"/></net>

<net id="142"><net_src comp="30" pin="0"/><net_sink comp="138" pin=0"/></net>

<net id="150"><net_src comp="143" pin="1"/><net_sink comp="146" pin=0"/></net>

<net id="151"><net_src comp="88" pin="2"/><net_sink comp="146" pin=1"/></net>

<net id="156"><net_src comp="143" pin="1"/><net_sink comp="152" pin=0"/></net>

<net id="157"><net_src comp="24" pin="0"/><net_sink comp="152" pin=1"/></net>

<net id="161"><net_src comp="143" pin="1"/><net_sink comp="158" pin=0"/></net>

<net id="166"><net_src comp="82" pin="2"/><net_sink comp="162" pin=0"/></net>

<net id="167"><net_src comp="158" pin="1"/><net_sink comp="162" pin=1"/></net>

<net id="171"><net_src comp="162" pin="2"/><net_sink comp="168" pin=0"/></net>

<net id="172"><net_src comp="168" pin="1"/><net_sink comp="124" pin=2"/></net>

<net id="177"><net_src comp="143" pin="1"/><net_sink comp="173" pin=0"/></net>

<net id="178"><net_src comp="76" pin="2"/><net_sink comp="173" pin=1"/></net>

<net id="183"><net_src comp="173" pin="2"/><net_sink comp="179" pin=0"/></net>

<net id="184"><net_src comp="70" pin="2"/><net_sink comp="179" pin=1"/></net>

<net id="189"><net_src comp="152" pin="2"/><net_sink comp="185" pin=0"/></net>

<net id="193"><net_src comp="66" pin="1"/><net_sink comp="190" pin=0"/></net>

<net id="194"><net_src comp="190" pin="1"/><net_sink comp="138" pin=1"/></net>

<net id="195"><net_src comp="190" pin="1"/><net_sink comp="143" pin=0"/></net>

<net id="196"><net_src comp="190" pin="1"/><net_sink comp="185" pin=1"/></net>

<net id="203"><net_src comp="124" pin="3"/><net_sink comp="200" pin=0"/></net>

<net id="204"><net_src comp="200" pin="1"/><net_sink comp="131" pin=0"/></net>

<net id="208"><net_src comp="179" pin="2"/><net_sink comp="205" pin=0"/></net>

<net id="209"><net_src comp="205" pin="1"/><net_sink comp="94" pin=12"/></net>

</net_list>

</model> 
---------------- Datapath Model END ------------------

* FSMD analyzer results:
  - Output states:
	Port: out_clusters_V_data_V | {2 }
	Port: out_clusters_V_keep_V | {2 }
	Port: out_clusters_V_strb_V | {2 }
	Port: out_clusters_V_user_V | {2 }
	Port: out_clusters_V_last_V | {2 }
	Port: out_clusters_V_id_V | {2 }
	Port: out_clusters_V_dest_V | {2 }
 - Input state : 
	Port: clusterOp_Pipeline_VITIS_LOOP_73_5 : clusters_num_points_load | {1 }
	Port: clusterOp_Pipeline_VITIS_LOOP_73_5 : phi_mul | {1 }
	Port: clusterOp_Pipeline_VITIS_LOOP_73_5 : clusters_points | {1 2 }
	Port: clusterOp_Pipeline_VITIS_LOOP_73_5 : sub88 | {1 }
	Port: clusterOp_Pipeline_VITIS_LOOP_73_5 : cmp91 | {1 }
  - Chain level:
	State 1
		store_ln0 : 1
		j_1 : 1
		icmp_ln73 : 2
		add_ln73 : 2
		br_ln73 : 3
		trunc_ln75 : 2
		add_ln75 : 3
		zext_ln75 : 4
		clusters_points_addr : 5
		cluster_axis_data_V : 6
		icmp_ln77 : 2
		cluster_axis_last_V : 3
		store_ln73 : 3
	State 2
		write_ln304 : 1


============================================================
+ Verbose Summary: Datapath Resource usage 
============================================================

* Functional unit list:
|----------|------------------------------------------|---------|---------|
| Operation|              Functional Unit             |    FF   |   LUT   |
|----------|------------------------------------------|---------|---------|
|    add   |              add_ln73_fu_152             |    0    |    39   |
|          |              add_ln75_fu_162             |    0    |    14   |
|----------|------------------------------------------|---------|---------|
|   icmp   |             icmp_ln73_fu_146             |    0    |    18   |
|          |             icmp_ln77_fu_173             |    0    |    18   |
|----------|------------------------------------------|---------|---------|
|    and   |        cluster_axis_last_V_fu_179        |    0    |    2    |
|----------|------------------------------------------|---------|---------|
|          |           cmp91_read_read_fu_70          |    0    |    0    |
|   read   |           sub88_read_read_fu_76          |    0    |    0    |
|          |          phi_mul_read_read_fu_82         |    0    |    0    |
|          | clusters_num_points_load_read_read_fu_88 |    0    |    0    |
|----------|------------------------------------------|---------|---------|
|   write  |          write_ln304_write_fu_94         |    0    |    0    |
|----------|------------------------------------------|---------|---------|
|   trunc  |             trunc_ln75_fu_158            |    0    |    0    |
|----------|------------------------------------------|---------|---------|
|   zext   |             zext_ln75_fu_168             |    0    |    0    |
|----------|------------------------------------------|---------|---------|
|   Total  |                                          |    0    |    91   |
|----------|------------------------------------------|---------|---------|

Memories:
N/A

* Register list:
+----------------------------+--------+
|                            |   FF   |
+----------------------------+--------+
| cluster_axis_last_V_reg_205|    1   |
|clusters_points_addr_reg_200|   13   |
|          j_reg_190         |   32   |
+----------------------------+--------+
|            Total           |   46   |
+----------------------------+--------+

* Multiplexer (MUX) list: 
|-------------------|------|------|------|--------||---------||---------|
|        Comp       |  Pin | Size |  BW  | S x BW ||  Delay  ||   LUT   |
|-------------------|------|------|------|--------||---------||---------|
| grp_access_fu_131 |  p0  |   2  |  13  |   26   ||    9    |
|-------------------|------|------|------|--------||---------||---------|
|       Total       |      |      |      |   26   ||  1.588  ||    9    |
|-------------------|------|------|------|--------||---------||---------|



* Summary:
+-----------+--------+--------+--------+
|           |  Delay |   FF   |   LUT  |
+-----------+--------+--------+--------+
|  Function |    -   |    0   |   91   |
|   Memory  |    -   |    -   |    -   |
|Multiplexer|    1   |    -   |    9   |
|  Register |    -   |   46   |    -   |
+-----------+--------+--------+--------+
|   Total   |    1   |   46   |   100  |
+-----------+--------+--------+--------+
