E:\Github\CoDesign-Project\Project_Update_2\cluster\solution1\.autopilot\db\cluster2.pp.0.cpp:1679:7: warning: Added loop label VITIS_LOOP_1211_1:   [xilinx-label-all-loops]
      for (i = 0; i < __N - 1; ++i) {
      ^~~
      VITIS_LOOP_1211_1: 
E:\Github\CoDesign-Project\Project_Update_2\cluster\solution1\.autopilot\db\cluster2.pp.0.cpp:1679:7: note: FIX-IT applied suggested code changes
E:\Github\CoDesign-Project\Project_Update_2\cluster\solution1\.autopilot\db\cluster2.pp.0.cpp:2653:5: warning: Added loop label VITIS_LOOP_676_1:   [xilinx-label-all-loops]
    for (unsigned i = low; i != high; ++i) {
    ^~~
    VITIS_LOOP_676_1: 
E:\Github\CoDesign-Project\Project_Update_2\cluster\solution1\.autopilot\db\cluster2.pp.0.cpp:2653:5: note: FIX-IT applied suggested code changes
E:\Github\CoDesign-Project\Project_Update_2\cluster\solution1\.autopilot\db\cluster2.pp.0.cpp:2667:5: warning: Added loop label VITIS_LOOP_690_1:   [xilinx-label-all-loops]
    for (unsigned i = low; i != high; ++i) {
    ^~~
    VITIS_LOOP_690_1: 
E:\Github\CoDesign-Project\Project_Update_2\cluster\solution1\.autopilot\db\cluster2.pp.0.cpp:2667:5: note: FIX-IT applied suggested code changes
E:\Github\CoDesign-Project\Project_Update_2\cluster\solution1\.autopilot\db\cluster2.pp.0.cpp:2681:5: warning: Added loop label VITIS_LOOP_704_1:   [xilinx-label-all-loops]
    for (unsigned i = low; i != high; ++i) {
    ^~~
    VITIS_LOOP_704_1: 
E:\Github\CoDesign-Project\Project_Update_2\cluster\solution1\.autopilot\db\cluster2.pp.0.cpp:2681:5: note: FIX-IT applied suggested code changes
E:\Github\CoDesign-Project\Project_Update_2\cluster\solution1\.autopilot\db\cluster2.pp.0.cpp:4292:7: warning: Added loop label VITIS_LOOP_1245_1:   [xilinx-label-all-loops]
      for (i = 0; i < __N - 1; ++i) {
      ^~~
      VITIS_LOOP_1245_1: 
E:\Github\CoDesign-Project\Project_Update_2\cluster\solution1\.autopilot\db\cluster2.pp.0.cpp:4292:7: note: FIX-IT applied suggested code changes
E:\Github\CoDesign-Project\Project_Update_2\cluster\solution1\.autopilot\db\cluster2.pp.0.cpp:13169:72: error: Invalid Directive: for current device, ROM_1P + LUTRAM is invalid combination for BIND_STORAGE's option 'type + impl' [clang-diagnostic-error]
#pragma HLS BIND_STORAGE variable=fourth_order_double::sin_cos_K0 type=ROM_1P impl=LUTRAM
                                                                       ^
E:\Github\CoDesign-Project\Project_Update_2\cluster\solution1\.autopilot\db\cluster2.pp.0.cpp:13170:72: error: Invalid Directive: for current device, ROM_1P + LUTRAM is invalid combination for BIND_STORAGE's option 'type + impl' [clang-diagnostic-error]
#pragma HLS BIND_STORAGE variable=fourth_order_double::sin_cos_K1 type=ROM_1P impl=LUTRAM
                                                                       ^
E:\Github\CoDesign-Project\Project_Update_2\cluster\solution1\.autopilot\db\cluster2.pp.0.cpp:13171:72: error: Invalid Directive: for current device, ROM_1P + LUTRAM is invalid combination for BIND_STORAGE's option 'type + impl' [clang-diagnostic-error]
#pragma HLS BIND_STORAGE variable=fourth_order_double::sin_cos_K2 type=ROM_1P impl=LUTRAM
                                                                       ^
E:\Github\CoDesign-Project\Project_Update_2\cluster\solution1\.autopilot\db\cluster2.pp.0.cpp:13172:72: error: Invalid Directive: for current device, ROM_1P + LUTRAM is invalid combination for BIND_STORAGE's option 'type + impl' [clang-diagnostic-error]
#pragma HLS BIND_STORAGE variable=fourth_order_double::sin_cos_K3 type=ROM_1P impl=LUTRAM
                                                                       ^
E:\Github\CoDesign-Project\Project_Update_2\cluster\solution1\.autopilot\db\cluster2.pp.0.cpp:13173:72: error: Invalid Directive: for current device, ROM_1P + LUTRAM is invalid combination for BIND_STORAGE's option 'type + impl' [clang-diagnostic-error]
#pragma HLS BIND_STORAGE variable=fourth_order_double::sin_cos_K4 type=ROM_1P impl=LUTRAM
                                                                       ^
E:\Github\CoDesign-Project\Project_Update_2\cluster\solution1\.autopilot\db\cluster2.pp.0.cpp:13203:68: error: Invalid Directive: for current device, ROM_1P + LUTRAM is invalid combination for BIND_STORAGE's option 'type + impl' [clang-diagnostic-error]
#pragma HLS BIND_STORAGE variable=fourth_order_double::cos_K0 type=ROM_1P impl=LUTRAM
                                                                   ^
E:\Github\CoDesign-Project\Project_Update_2\cluster\solution1\.autopilot\db\cluster2.pp.0.cpp:13204:68: error: Invalid Directive: for current device, ROM_1P + LUTRAM is invalid combination for BIND_STORAGE's option 'type + impl' [clang-diagnostic-error]
#pragma HLS BIND_STORAGE variable=fourth_order_double::cos_K1 type=ROM_1P impl=LUTRAM
                                                                   ^
E:\Github\CoDesign-Project\Project_Update_2\cluster\solution1\.autopilot\db\cluster2.pp.0.cpp:13205:68: error: Invalid Directive: for current device, ROM_1P + LUTRAM is invalid combination for BIND_STORAGE's option 'type + impl' [clang-diagnostic-error]
#pragma HLS BIND_STORAGE variable=fourth_order_double::cos_K2 type=ROM_1P impl=LUTRAM
                                                                   ^
E:\Github\CoDesign-Project\Project_Update_2\cluster\solution1\.autopilot\db\cluster2.pp.0.cpp:13206:68: error: Invalid Directive: for current device, ROM_1P + LUTRAM is invalid combination for BIND_STORAGE's option 'type + impl' [clang-diagnostic-error]
#pragma HLS BIND_STORAGE variable=fourth_order_double::cos_K3 type=ROM_1P impl=LUTRAM
                                                                   ^
E:\Github\CoDesign-Project\Project_Update_2\cluster\solution1\.autopilot\db\cluster2.pp.0.cpp:13207:68: error: Invalid Directive: for current device, ROM_1P + LUTRAM is invalid combination for BIND_STORAGE's option 'type + impl' [clang-diagnostic-error]
#pragma HLS BIND_STORAGE variable=fourth_order_double::cos_K4 type=ROM_1P impl=LUTRAM
                                                                   ^
E:\Github\CoDesign-Project\Project_Update_2\cluster\solution1\.autopilot\db\cluster2.pp.0.cpp:13208:68: error: Invalid Directive: for current device, ROM_1P + LUTRAM is invalid combination for BIND_STORAGE's option 'type + impl' [clang-diagnostic-error]
#pragma HLS BIND_STORAGE variable=fourth_order_double::sin_K0 type=ROM_1P impl=LUTRAM
                                                                   ^
E:\Github\CoDesign-Project\Project_Update_2\cluster\solution1\.autopilot\db\cluster2.pp.0.cpp:13209:68: error: Invalid Directive: for current device, ROM_1P + LUTRAM is invalid combination for BIND_STORAGE's option 'type + impl' [clang-diagnostic-error]
#pragma HLS BIND_STORAGE variable=fourth_order_double::sin_K1 type=ROM_1P impl=LUTRAM
                                                                   ^
E:\Github\CoDesign-Project\Project_Update_2\cluster\solution1\.autopilot\db\cluster2.pp.0.cpp:13210:68: error: Invalid Directive: for current device, ROM_1P + LUTRAM is invalid combination for BIND_STORAGE's option 'type + impl' [clang-diagnostic-error]
#pragma HLS BIND_STORAGE variable=fourth_order_double::sin_K2 type=ROM_1P impl=LUTRAM
                                                                   ^
E:\Github\CoDesign-Project\Project_Update_2\cluster\solution1\.autopilot\db\cluster2.pp.0.cpp:13211:68: error: Invalid Directive: for current device, ROM_1P + LUTRAM is invalid combination for BIND_STORAGE's option 'type + impl' [clang-diagnostic-error]
#pragma HLS BIND_STORAGE variable=fourth_order_double::sin_K3 type=ROM_1P impl=LUTRAM
                                                                   ^
E:\Github\CoDesign-Project\Project_Update_2\cluster\solution1\.autopilot\db\cluster2.pp.0.cpp:13212:68: error: Invalid Directive: for current device, ROM_1P + LUTRAM is invalid combination for BIND_STORAGE's option 'type + impl' [clang-diagnostic-error]
#pragma HLS BIND_STORAGE variable=fourth_order_double::sin_K4 type=ROM_1P impl=LUTRAM
                                                                   ^
E:\Github\CoDesign-Project\Project_Update_2\cluster\solution1\.autopilot\db\cluster2.pp.0.cpp:13262:71: error: Invalid Directive: for current device, ROM_1P + LUTRAM is invalid combination for BIND_STORAGE's option 'type + impl' [clang-diagnostic-error]
#pragma HLS BIND_STORAGE variable=second_order_float::sin_cos_K0 type=ROM_1P impl=LUTRAM
                                                                      ^
E:\Github\CoDesign-Project\Project_Update_2\cluster\solution1\.autopilot\db\cluster2.pp.0.cpp:13263:71: error: Invalid Directive: for current device, ROM_1P + LUTRAM is invalid combination for BIND_STORAGE's option 'type + impl' [clang-diagnostic-error]
#pragma HLS BIND_STORAGE variable=second_order_float::sin_cos_K1 type=ROM_1P impl=LUTRAM
                                                                      ^
E:\Github\CoDesign-Project\Project_Update_2\cluster\solution1\.autopilot\db\cluster2.pp.0.cpp:13264:71: error: Invalid Directive: for current device, ROM_1P + LUTRAM is invalid combination for BIND_STORAGE's option 'type + impl' [clang-diagnostic-error]
#pragma HLS BIND_STORAGE variable=second_order_float::sin_cos_K2 type=ROM_1P impl=LUTRAM
                                                                      ^
E:\Github\CoDesign-Project\Project_Update_2\cluster\solution1\.autopilot\db\cluster2.pp.0.cpp:13291:67: error: Invalid Directive: for current device, ROM_1P + LUTRAM is invalid combination for BIND_STORAGE's option 'type + impl' [clang-diagnostic-error]
#pragma HLS BIND_STORAGE variable=second_order_float::cos_K0 type=ROM_1P impl=LUTRAM
                                                                  ^
E:\Github\CoDesign-Project\Project_Update_2\cluster\solution1\.autopilot\db\cluster2.pp.0.cpp:13292:67: error: Invalid Directive: for current device, ROM_1P + LUTRAM is invalid combination for BIND_STORAGE's option 'type + impl' [clang-diagnostic-error]
#pragma HLS BIND_STORAGE variable=second_order_float::cos_K1 type=ROM_1P impl=LUTRAM
                                                                  ^
E:\Github\CoDesign-Project\Project_Update_2\cluster\solution1\.autopilot\db\cluster2.pp.0.cpp:13293:67: error: Invalid Directive: for current device, ROM_1P + LUTRAM is invalid combination for BIND_STORAGE's option 'type + impl' [clang-diagnostic-error]
#pragma HLS BIND_STORAGE variable=second_order_float::cos_K2 type=ROM_1P impl=LUTRAM
                                                                  ^
E:\Github\CoDesign-Project\Project_Update_2\cluster\solution1\.autopilot\db\cluster2.pp.0.cpp:13294:67: error: Invalid Directive: for current device, ROM_1P + LUTRAM is invalid combination for BIND_STORAGE's option 'type + impl' [clang-diagnostic-error]
#pragma HLS BIND_STORAGE variable=second_order_float::sin_K0 type=ROM_1P impl=LUTRAM
                                                                  ^
E:\Github\CoDesign-Project\Project_Update_2\cluster\solution1\.autopilot\db\cluster2.pp.0.cpp:13295:67: error: Invalid Directive: for current device, ROM_1P + LUTRAM is invalid combination for BIND_STORAGE's option 'type + impl' [clang-diagnostic-error]
#pragma HLS BIND_STORAGE variable=second_order_float::sin_K1 type=ROM_1P impl=LUTRAM
                                                                  ^
E:\Github\CoDesign-Project\Project_Update_2\cluster\solution1\.autopilot\db\cluster2.pp.0.cpp:13296:67: error: Invalid Directive: for current device, ROM_1P + LUTRAM is invalid combination for BIND_STORAGE's option 'type + impl' [clang-diagnostic-error]
#pragma HLS BIND_STORAGE variable=second_order_float::sin_K2 type=ROM_1P impl=LUTRAM
                                                                  ^
E:\Github\CoDesign-Project\Project_Update_2\cluster\solution1\.autopilot\db\cluster2.pp.0.cpp:13332:73: error: Invalid Directive: for current device, ROM_1P + LUTRAM is invalid combination for BIND_STORAGE's option 'type + impl' [clang-diagnostic-error]
#pragma HLS BIND_STORAGE variable=first_order_fixed_16::sin_cos_K0 type=ROM_1P impl=LUTRAM
                                                                        ^
E:\Github\CoDesign-Project\Project_Update_2\cluster\solution1\.autopilot\db\cluster2.pp.0.cpp:13333:73: error: Invalid Directive: for current device, ROM_1P + LUTRAM is invalid combination for BIND_STORAGE's option 'type + impl' [clang-diagnostic-error]
#pragma HLS BIND_STORAGE variable=first_order_fixed_16::sin_cos_K1 type=ROM_1P impl=LUTRAM
                                                                        ^
E:\Github\CoDesign-Project\Project_Update_2\cluster\solution1\.autopilot\db\cluster2.pp.0.cpp:13607:5: warning: Added loop label VITIS_LOOP_87_1:   [xilinx-label-all-loops]
    for (int n=0; n<Nmax; n++){
    ^~~
    VITIS_LOOP_87_1: 
E:\Github\CoDesign-Project\Project_Update_2\cluster\solution1\.autopilot\db\cluster2.pp.0.cpp:13607:5: note: FIX-IT applied suggested code changes
E:\Github\CoDesign-Project\Project_Update_2\cluster\solution1\.autopilot\db\cluster2.pp.0.cpp:13653:5: warning: Added loop label VITIS_LOOP_143_1:   [xilinx-label-all-loops]
    for (int n=0; n<Nmax; n++){
    ^~~
    VITIS_LOOP_143_1: 
E:\Github\CoDesign-Project\Project_Update_2\cluster\solution1\.autopilot\db\cluster2.pp.0.cpp:13653:5: note: FIX-IT applied suggested code changes
E:\Github\CoDesign-Project\Project_Update_2\cluster\solution1\.autopilot\db\cluster2.pp.0.cpp:13816:9: warning: Added loop label VITIS_LOOP_315_1:   [xilinx-label-all-loops]
        for(int i=0;i<W-1;i++){
        ^~~
        VITIS_LOOP_315_1: 
E:\Github\CoDesign-Project\Project_Update_2\cluster\solution1\.autopilot\db\cluster2.pp.0.cpp:13816:9: note: FIX-IT applied suggested code changes
E:\Github\CoDesign-Project\Project_Update_2\cluster\solution1\.autopilot\db\cluster2.pp.0.cpp:13968:9: warning: Added loop label VITIS_LOOP_475_1:   [xilinx-label-all-loops]
        for(int i=0;i<W-1;i++){
        ^~~
        VITIS_LOOP_475_1: 
E:\Github\CoDesign-Project\Project_Update_2\cluster\solution1\.autopilot\db\cluster2.pp.0.cpp:13968:9: note: FIX-IT applied suggested code changes
E:\Github\CoDesign-Project\Project_Update_2\cluster\solution1\.autopilot\db\cluster2.pp.0.cpp:14148:5: warning: Added loop label VITIS_LOOP_655_1:   [xilinx-label-all-loops]
    for(int i=0;i<W+1;i++){
    ^~~
    VITIS_LOOP_655_1: 
E:\Github\CoDesign-Project\Project_Update_2\cluster\solution1\.autopilot\db\cluster2.pp.0.cpp:14148:5: note: FIX-IT applied suggested code changes
E:\Github\CoDesign-Project\Project_Update_2\cluster\solution1\.autopilot\db\cluster2.pp.0.cpp:14152:5: warning: Added loop label VITIS_LOOP_659_2:   [xilinx-label-all-loops]
    for(int i=0;i<W+1;i++){
    ^~~
    VITIS_LOOP_659_2: 
E:\Github\CoDesign-Project\Project_Update_2\cluster\solution1\.autopilot\db\cluster2.pp.0.cpp:14152:5: note: FIX-IT applied suggested code changes
E:\Github\CoDesign-Project\Project_Update_2\cluster\solution1\.autopilot\db\cluster2.pp.0.cpp:14262:5: warning: Added loop label VITIS_LOOP_769_1:   [xilinx-label-all-loops]
    for (int n=0; n<Nmax; n++){
    ^~~
    VITIS_LOOP_769_1: 
E:\Github\CoDesign-Project\Project_Update_2\cluster\solution1\.autopilot\db\cluster2.pp.0.cpp:14262:5: note: FIX-IT applied suggested code changes
E:\Github\CoDesign-Project\Project_Update_2\cluster\solution1\.autopilot\db\cluster2.pp.0.cpp:14352:7: warning: Added loop label VITIS_LOOP_866_1:   [xilinx-label-all-loops]
      for(int i=0;i<W-1;i++){
      ^~~
      VITIS_LOOP_866_1: 
E:\Github\CoDesign-Project\Project_Update_2\cluster\solution1\.autopilot\db\cluster2.pp.0.cpp:14352:7: note: FIX-IT applied suggested code changes
E:\Github\CoDesign-Project\Project_Update_2\cluster\solution1\.autopilot\db\cluster2.pp.0.cpp:14371:7: warning: Added loop label VITIS_LOOP_885_2:   [xilinx-label-all-loops]
      for(int i=0;i<W-1;i++){
      ^~~
      VITIS_LOOP_885_2: 
E:\Github\CoDesign-Project\Project_Update_2\cluster\solution1\.autopilot\db\cluster2.pp.0.cpp:14371:7: note: FIX-IT applied suggested code changes
E:\Github\CoDesign-Project\Project_Update_2\cluster\solution1\.autopilot\db\cluster2.pp.0.cpp:14661:5: warning: Added loop label VITIS_LOOP_1199_1:   [xilinx-label-all-loops]
    for(int i=0; i<Nmax; i++) {
    ^~~
    VITIS_LOOP_1199_1: 
E:\Github\CoDesign-Project\Project_Update_2\cluster\solution1\.autopilot\db\cluster2.pp.0.cpp:14661:5: note: FIX-IT applied suggested code changes
E:\Github\CoDesign-Project\Project_Update_2\cluster\solution1\.autopilot\db\cluster2.pp.0.cpp:14744:5: warning: Added loop label VITIS_LOOP_1282_1:   [xilinx-label-all-loops]
    for(int i=0; i<Nmax; i++) {
    ^~~
    VITIS_LOOP_1282_1: 
E:\Github\CoDesign-Project\Project_Update_2\cluster\solution1\.autopilot\db\cluster2.pp.0.cpp:14744:5: note: FIX-IT applied suggested code changes
E:\Github\CoDesign-Project\Project_Update_2\cluster\solution1\.autopilot\db\cluster2.pp.0.cpp:15150:13: warning: Added loop label VITIS_LOOP_94_1:   [xilinx-label-all-loops]
            for (int j = 3; j >= I_+1; j--) {
            ^~~
            VITIS_LOOP_94_1: 
E:\Github\CoDesign-Project\Project_Update_2\cluster\solution1\.autopilot\db\cluster2.pp.0.cpp:15150:13: note: FIX-IT applied suggested code changes
E:\Github\CoDesign-Project\Project_Update_2\cluster\solution1\.autopilot\db\cluster2.pp.0.cpp:15156:17: warning: Added loop label VITIS_LOOP_100_2:   [xilinx-label-all-loops]
                for (int j = 3; j >= I_+1; j--){
                ^~~
                VITIS_LOOP_100_2: 
E:\Github\CoDesign-Project\Project_Update_2\cluster\solution1\.autopilot\db\cluster2.pp.0.cpp:15156:17: note: FIX-IT applied suggested code changes
E:\Github\CoDesign-Project\Project_Update_2\cluster\solution1\.autopilot\db\cluster2.pp.0.cpp:15160:17: warning: Added loop label VITIS_LOOP_104_3:   [xilinx-label-all-loops]
                for (int j = I_; j >= 0; j--){
                ^~~
                VITIS_LOOP_104_3: 
E:\Github\CoDesign-Project\Project_Update_2\cluster\solution1\.autopilot\db\cluster2.pp.0.cpp:15160:17: note: FIX-IT applied suggested code changes
E:\Github\CoDesign-Project\Project_Update_2\cluster\solution1\.autopilot\db\cluster2.pp.0.cpp:15208:13: warning: Added loop label VITIS_LOOP_171_4:   [xilinx-label-all-loops]
            for (int j = 9; j >= I_+4; j--) {
            ^~~
            VITIS_LOOP_171_4: 
E:\Github\CoDesign-Project\Project_Update_2\cluster\solution1\.autopilot\db\cluster2.pp.0.cpp:15208:13: note: FIX-IT applied suggested code changes
E:\Github\CoDesign-Project\Project_Update_2\cluster\solution1\.autopilot\db\cluster2.pp.0.cpp:15214:17: warning: Added loop label VITIS_LOOP_177_5:   [xilinx-label-all-loops]
                for (int j = 9; j >= I_+4; j--){
                ^~~
                VITIS_LOOP_177_5: 
E:\Github\CoDesign-Project\Project_Update_2\cluster\solution1\.autopilot\db\cluster2.pp.0.cpp:15214:17: note: FIX-IT applied suggested code changes
E:\Github\CoDesign-Project\Project_Update_2\cluster\solution1\.autopilot\db\cluster2.pp.0.cpp:15218:17: warning: Added loop label VITIS_LOOP_181_6:   [xilinx-label-all-loops]
                for (int j = I_+3; j >= 0; j--){
                ^~~
                VITIS_LOOP_181_6: 
E:\Github\CoDesign-Project\Project_Update_2\cluster\solution1\.autopilot\db\cluster2.pp.0.cpp:15218:17: note: FIX-IT applied suggested code changes
E:\Github\CoDesign-Project\Project_Update_2\cluster\solution1\.autopilot\db\cluster2.pp.0.cpp:15233:9: warning: Added loop label VITIS_LOOP_196_7:   [xilinx-label-all-loops]
        for (int j = 14; j < 22; j++){
        ^~~
        VITIS_LOOP_196_7: 
E:\Github\CoDesign-Project\Project_Update_2\cluster\solution1\.autopilot\db\cluster2.pp.0.cpp:15233:9: note: FIX-IT applied suggested code changes
E:\Github\CoDesign-Project\Project_Update_2\cluster\solution1\.autopilot\db\cluster2.pp.0.cpp:15241:17: warning: Added loop label VITIS_LOOP_204_8:   [xilinx-label-all-loops]
                for (int j = 0; j < 22; j++){
                ^~~
                VITIS_LOOP_204_8: 
E:\Github\CoDesign-Project\Project_Update_2\cluster\solution1\.autopilot\db\cluster2.pp.0.cpp:15241:17: note: FIX-IT applied suggested code changes
E:\Github\CoDesign-Project\Project_Update_2\cluster\solution1\.autopilot\db\cluster2.pp.0.cpp:15306:13: warning: Added loop label VITIS_LOOP_269_9:   [xilinx-label-all-loops]
            for (int j = 21; j >= I_+10; j--) {
            ^~~
            VITIS_LOOP_269_9: 
E:\Github\CoDesign-Project\Project_Update_2\cluster\solution1\.autopilot\db\cluster2.pp.0.cpp:15306:13: note: FIX-IT applied suggested code changes
E:\Github\CoDesign-Project\Project_Update_2\cluster\solution1\.autopilot\db\cluster2.pp.0.cpp:15312:17: warning: Added loop label VITIS_LOOP_275_10:   [xilinx-label-all-loops]
                for (int j = 21; j >= I_+10; j--) {
                ^~~
                VITIS_LOOP_275_10: 
E:\Github\CoDesign-Project\Project_Update_2\cluster\solution1\.autopilot\db\cluster2.pp.0.cpp:15312:17: note: FIX-IT applied suggested code changes
E:\Github\CoDesign-Project\Project_Update_2\cluster\solution1\.autopilot\db\cluster2.pp.0.cpp:15316:17: warning: Added loop label VITIS_LOOP_279_11:   [xilinx-label-all-loops]
                for (int j = I_+9; j >= 0; j--) {
                ^~~
                VITIS_LOOP_279_11: 
E:\Github\CoDesign-Project\Project_Update_2\cluster\solution1\.autopilot\db\cluster2.pp.0.cpp:15316:17: note: FIX-IT applied suggested code changes
E:\Github\CoDesign-Project\Project_Update_2\cluster\solution1\.autopilot\db\cluster2.pp.0.cpp:15331:9: warning: Added loop label VITIS_LOOP_294_12:   [xilinx-label-all-loops]
        for (int j = 27; j < 46; j++){
        ^~~
        VITIS_LOOP_294_12: 
E:\Github\CoDesign-Project\Project_Update_2\cluster\solution1\.autopilot\db\cluster2.pp.0.cpp:15331:9: note: FIX-IT applied suggested code changes
E:\Github\CoDesign-Project\Project_Update_2\cluster\solution1\.autopilot\db\cluster2.pp.0.cpp:15339:17: warning: Added loop label VITIS_LOOP_302_13:   [xilinx-label-all-loops]
                for (int j = 0; j < 46; j++) {
                ^~~
                VITIS_LOOP_302_13: 
E:\Github\CoDesign-Project\Project_Update_2\cluster\solution1\.autopilot\db\cluster2.pp.0.cpp:15339:17: note: FIX-IT applied suggested code changes
E:\Github\CoDesign-Project\Project_Update_2\cluster\solution1\.autopilot\db\cluster2.pp.0.cpp:15568:13: warning: Added loop label VITIS_LOOP_531_14:   [xilinx-label-all-loops]
            for (int j = 45; j >= I_+22; j--) {
            ^~~
            VITIS_LOOP_531_14: 
E:\Github\CoDesign-Project\Project_Update_2\cluster\solution1\.autopilot\db\cluster2.pp.0.cpp:15568:13: note: FIX-IT applied suggested code changes
E:\Github\CoDesign-Project\Project_Update_2\cluster\solution1\.autopilot\db\cluster2.pp.0.cpp:15574:17: warning: Added loop label VITIS_LOOP_537_15:   [xilinx-label-all-loops]
                for (int j = 45; j >= I_+22; j--){
                ^~~
                VITIS_LOOP_537_15: 
E:\Github\CoDesign-Project\Project_Update_2\cluster\solution1\.autopilot\db\cluster2.pp.0.cpp:15574:17: note: FIX-IT applied suggested code changes
E:\Github\CoDesign-Project\Project_Update_2\cluster\solution1\.autopilot\db\cluster2.pp.0.cpp:15578:17: warning: Added loop label VITIS_LOOP_541_16:   [xilinx-label-all-loops]
                for (int j = I_+21; j >= 0; j--) {
                ^~~
                VITIS_LOOP_541_16: 
E:\Github\CoDesign-Project\Project_Update_2\cluster\solution1\.autopilot\db\cluster2.pp.0.cpp:15578:17: note: FIX-IT applied suggested code changes
E:\Github\CoDesign-Project\Project_Update_2\cluster\solution1\.autopilot\db\cluster2.pp.0.cpp:15588:9: warning: Added loop label VITIS_LOOP_551_17:   [xilinx-label-all-loops]
        for (int j = 32-F_; j < 32+I_; j++){
        ^~~
        VITIS_LOOP_551_17: 
E:\Github\CoDesign-Project\Project_Update_2\cluster\solution1\.autopilot\db\cluster2.pp.0.cpp:15588:9: note: FIX-IT applied suggested code changes
E:\Github\CoDesign-Project\Project_Update_2\cluster\solution1\.autopilot\db\cluster2.pp.0.cpp:15592:9: warning: Added loop label VITIS_LOOP_555_18:   [xilinx-label-all-loops]
        for (int j = 32+I_; j <= 64; j++){
        ^~~
        VITIS_LOOP_555_18: 
E:\Github\CoDesign-Project\Project_Update_2\cluster\solution1\.autopilot\db\cluster2.pp.0.cpp:15592:9: note: FIX-IT applied suggested code changes
E:\Github\CoDesign-Project\Project_Update_2\cluster\solution1\.autopilot\db\cluster2.pp.0.cpp:15602:9: warning: Added loop label VITIS_LOOP_565_19:   [xilinx-label-all-loops]
        for (int j = 37; j < 64; j++) {
        ^~~
        VITIS_LOOP_565_19: 
E:\Github\CoDesign-Project\Project_Update_2\cluster\solution1\.autopilot\db\cluster2.pp.0.cpp:15602:9: note: FIX-IT applied suggested code changes
E:\Github\CoDesign-Project\Project_Update_2\cluster\solution1\.autopilot\db\cluster2.pp.0.cpp:15610:17: warning: Added loop label VITIS_LOOP_573_20:   [xilinx-label-all-loops]
                for (int j = 0; j < 64; j++){
                ^~~
                VITIS_LOOP_573_20: 
E:\Github\CoDesign-Project\Project_Update_2\cluster\solution1\.autopilot\db\cluster2.pp.0.cpp:15610:17: note: FIX-IT applied suggested code changes
E:\Github\CoDesign-Project\Project_Update_2\cluster\solution1\.autopilot\db\cluster2.pp.0.cpp:15971:13: warning: Added loop label VITIS_LOOP_934_21:   [xilinx-label-all-loops]
            for (int j = 63; j >= I_+31; j--) {
            ^~~
            VITIS_LOOP_934_21: 
E:\Github\CoDesign-Project\Project_Update_2\cluster\solution1\.autopilot\db\cluster2.pp.0.cpp:15971:13: note: FIX-IT applied suggested code changes
E:\Github\CoDesign-Project\Project_Update_2\cluster\solution1\.autopilot\db\cluster2.pp.0.cpp:15977:17: warning: Added loop label VITIS_LOOP_940_22:   [xilinx-label-all-loops]
                for (int j = 63; j >= I_+31; j--) {
                ^~~
                VITIS_LOOP_940_22: 
E:\Github\CoDesign-Project\Project_Update_2\cluster\solution1\.autopilot\db\cluster2.pp.0.cpp:15977:17: note: FIX-IT applied suggested code changes
E:\Github\CoDesign-Project\Project_Update_2\cluster\solution1\.autopilot\db\cluster2.pp.0.cpp:15981:17: warning: Added loop label VITIS_LOOP_944_23:   [xilinx-label-all-loops]
                for (int j = I_+30; j >= 0; j--) {
                ^~~
                VITIS_LOOP_944_23: 
E:\Github\CoDesign-Project\Project_Update_2\cluster\solution1\.autopilot\db\cluster2.pp.0.cpp:15981:17: note: FIX-IT applied suggested code changes
E:\Github\CoDesign-Project\Project_Update_2\cluster\solution1\.autopilot\db\cluster2.pp.0.cpp:16097:13: warning: Added loop label VITIS_LOOP_1060_1:   [xilinx-label-all-loops]
            for (int j = 4; j >= I_+1; j--) {
            ^~~
            VITIS_LOOP_1060_1: 
E:\Github\CoDesign-Project\Project_Update_2\cluster\solution1\.autopilot\db\cluster2.pp.0.cpp:16097:13: note: FIX-IT applied suggested code changes
E:\Github\CoDesign-Project\Project_Update_2\cluster\solution1\.autopilot\db\cluster2.pp.0.cpp:16103:17: warning: Added loop label VITIS_LOOP_1066_2:   [xilinx-label-all-loops]
                for (int j = 4; j >= I_+1; j--) {
                ^~~
                VITIS_LOOP_1066_2: 
E:\Github\CoDesign-Project\Project_Update_2\cluster\solution1\.autopilot\db\cluster2.pp.0.cpp:16103:17: note: FIX-IT applied suggested code changes
E:\Github\CoDesign-Project\Project_Update_2\cluster\solution1\.autopilot\db\cluster2.pp.0.cpp:16107:17: warning: Added loop label VITIS_LOOP_1070_3:   [xilinx-label-all-loops]
                for (int j = I_; j >= 0; j--) {
                ^~~
                VITIS_LOOP_1070_3: 
E:\Github\CoDesign-Project\Project_Update_2\cluster\solution1\.autopilot\db\cluster2.pp.0.cpp:16107:17: note: FIX-IT applied suggested code changes
E:\Github\CoDesign-Project\Project_Update_2\cluster\solution1\.autopilot\db\cluster2.pp.0.cpp:16194:13: warning: Added loop label VITIS_LOOP_1157_4:   [xilinx-label-all-loops]
            for (int j = 10; j >= I_+4; j--) {
            ^~~
            VITIS_LOOP_1157_4: 
E:\Github\CoDesign-Project\Project_Update_2\cluster\solution1\.autopilot\db\cluster2.pp.0.cpp:16194:13: note: FIX-IT applied suggested code changes
E:\Github\CoDesign-Project\Project_Update_2\cluster\solution1\.autopilot\db\cluster2.pp.0.cpp:16200:17: warning: Added loop label VITIS_LOOP_1163_5:   [xilinx-label-all-loops]
                for (int j = 10; j >= I_+4; j--) {
                ^~~
                VITIS_LOOP_1163_5: 
E:\Github\CoDesign-Project\Project_Update_2\cluster\solution1\.autopilot\db\cluster2.pp.0.cpp:16200:17: note: FIX-IT applied suggested code changes
E:\Github\CoDesign-Project\Project_Update_2\cluster\solution1\.autopilot\db\cluster2.pp.0.cpp:16204:17: warning: Added loop label VITIS_LOOP_1167_6:   [xilinx-label-all-loops]
                for (int j = I_+3; j >= 0; j--) {
                ^~~
                VITIS_LOOP_1167_6: 
E:\Github\CoDesign-Project\Project_Update_2\cluster\solution1\.autopilot\db\cluster2.pp.0.cpp:16204:17: note: FIX-IT applied suggested code changes
E:\Github\CoDesign-Project\Project_Update_2\cluster\solution1\.autopilot\db\cluster2.pp.0.cpp:16223:9: warning: Added loop label VITIS_LOOP_1186_7:   [xilinx-label-all-loops]
        for (int j = wf+3; j < w-1; j++) {
        ^~~
        VITIS_LOOP_1186_7: 
E:\Github\CoDesign-Project\Project_Update_2\cluster\solution1\.autopilot\db\cluster2.pp.0.cpp:16223:9: note: FIX-IT applied suggested code changes
E:\Github\CoDesign-Project\Project_Update_2\cluster\solution1\.autopilot\db\cluster2.pp.0.cpp:16230:17: warning: Added loop label VITIS_LOOP_1193_8:   [xilinx-label-all-loops]
                for (int j = 0; j < 22; j++) {
                ^~~
                VITIS_LOOP_1193_8: 
E:\Github\CoDesign-Project\Project_Update_2\cluster\solution1\.autopilot\db\cluster2.pp.0.cpp:16230:17: note: FIX-IT applied suggested code changes
E:\Github\CoDesign-Project\Project_Update_2\cluster\solution1\.autopilot\db\cluster2.pp.0.cpp:16346:13: warning: Added loop label VITIS_LOOP_1309_9:   [xilinx-label-all-loops]
            for (int j = 22; j >= I_+10; j--) {
            ^~~
            VITIS_LOOP_1309_9: 
E:\Github\CoDesign-Project\Project_Update_2\cluster\solution1\.autopilot\db\cluster2.pp.0.cpp:16346:13: note: FIX-IT applied suggested code changes
E:\Github\CoDesign-Project\Project_Update_2\cluster\solution1\.autopilot\db\cluster2.pp.0.cpp:16352:17: warning: Added loop label VITIS_LOOP_1315_10:   [xilinx-label-all-loops]
                for (int j = 22; j >= I_+10; j--){
                ^~~
                VITIS_LOOP_1315_10: 
E:\Github\CoDesign-Project\Project_Update_2\cluster\solution1\.autopilot\db\cluster2.pp.0.cpp:16352:17: note: FIX-IT applied suggested code changes
E:\Github\CoDesign-Project\Project_Update_2\cluster\solution1\.autopilot\db\cluster2.pp.0.cpp:16356:17: warning: Added loop label VITIS_LOOP_1319_11:   [xilinx-label-all-loops]
                for (int j = I_+9; j >= 0; j--) {
                ^~~
                VITIS_LOOP_1319_11: 
E:\Github\CoDesign-Project\Project_Update_2\cluster\solution1\.autopilot\db\cluster2.pp.0.cpp:16356:17: note: FIX-IT applied suggested code changes
E:\Github\CoDesign-Project\Project_Update_2\cluster\solution1\.autopilot\db\cluster2.pp.0.cpp:16376:9: warning: Added loop label VITIS_LOOP_1339_12:   [xilinx-label-all-loops]
        for (int j = wf+4; j < w-1; j++){
        ^~~
        VITIS_LOOP_1339_12: 
E:\Github\CoDesign-Project\Project_Update_2\cluster\solution1\.autopilot\db\cluster2.pp.0.cpp:16376:9: note: FIX-IT applied suggested code changes
E:\Github\CoDesign-Project\Project_Update_2\cluster\solution1\.autopilot\db\cluster2.pp.0.cpp:16383:17: warning: Added loop label VITIS_LOOP_1346_13:   [xilinx-label-all-loops]
                for (int j = 0; j < 46; j++) {
                ^~~
                VITIS_LOOP_1346_13: 
E:\Github\CoDesign-Project\Project_Update_2\cluster\solution1\.autopilot\db\cluster2.pp.0.cpp:16383:17: note: FIX-IT applied suggested code changes
E:\Github\CoDesign-Project\Project_Update_2\cluster\solution1\.autopilot\db\cluster2.pp.0.cpp:16645:13: warning: Added loop label VITIS_LOOP_1608_14:   [xilinx-label-all-loops]
            for (int j = 46; j >= I_+22; j--) {
            ^~~
            VITIS_LOOP_1608_14: 
E:\Github\CoDesign-Project\Project_Update_2\cluster\solution1\.autopilot\db\cluster2.pp.0.cpp:16645:13: note: FIX-IT applied suggested code changes
E:\Github\CoDesign-Project\Project_Update_2\cluster\solution1\.autopilot\db\cluster2.pp.0.cpp:16651:17: warning: Added loop label VITIS_LOOP_1614_15:   [xilinx-label-all-loops]
                for (int j = 46; j >= I_+22; j--) {
                ^~~
                VITIS_LOOP_1614_15: 
E:\Github\CoDesign-Project\Project_Update_2\cluster\solution1\.autopilot\db\cluster2.pp.0.cpp:16651:17: note: FIX-IT applied suggested code changes
E:\Github\CoDesign-Project\Project_Update_2\cluster\solution1\.autopilot\db\cluster2.pp.0.cpp:16655:17: warning: Added loop label VITIS_LOOP_1618_16:   [xilinx-label-all-loops]
                for (int j = I_+21; j >= 0; j--) {
                ^~~
                VITIS_LOOP_1618_16: 
E:\Github\CoDesign-Project\Project_Update_2\cluster\solution1\.autopilot\db\cluster2.pp.0.cpp:16655:17: note: FIX-IT applied suggested code changes
E:\Github\CoDesign-Project\Project_Update_2\cluster\solution1\.autopilot\db\cluster2.pp.0.cpp:16679:9: warning: Added loop label VITIS_LOOP_1642_17:   [xilinx-label-all-loops]
        for (int j = wf+5; j < w-1; j++){
        ^~~
        VITIS_LOOP_1642_17: 
E:\Github\CoDesign-Project\Project_Update_2\cluster\solution1\.autopilot\db\cluster2.pp.0.cpp:16679:9: note: FIX-IT applied suggested code changes
E:\Github\CoDesign-Project\Project_Update_2\cluster\solution1\.autopilot\db\cluster2.pp.0.cpp:16686:17: warning: Added loop label VITIS_LOOP_1649_18:   [xilinx-label-all-loops]
                for (int j = 0; j < 64; j++) {
                ^~~
                VITIS_LOOP_1649_18: 
E:\Github\CoDesign-Project\Project_Update_2\cluster\solution1\.autopilot\db\cluster2.pp.0.cpp:16686:17: note: FIX-IT applied suggested code changes
E:\Github\CoDesign-Project\Project_Update_2\cluster\solution1\.autopilot\db\cluster2.pp.0.cpp:17116:13: warning: Added loop label VITIS_LOOP_2079_19:   [xilinx-label-all-loops]
            for (int j = 64; j >= I_+31; j--) {
            ^~~
            VITIS_LOOP_2079_19: 
E:\Github\CoDesign-Project\Project_Update_2\cluster\solution1\.autopilot\db\cluster2.pp.0.cpp:17116:13: note: FIX-IT applied suggested code changes
E:\Github\CoDesign-Project\Project_Update_2\cluster\solution1\.autopilot\db\cluster2.pp.0.cpp:17122:17: warning: Added loop label VITIS_LOOP_2085_20:   [xilinx-label-all-loops]
                for (int j = 64; j >= I_+31; j--) {
                ^~~
                VITIS_LOOP_2085_20: 
E:\Github\CoDesign-Project\Project_Update_2\cluster\solution1\.autopilot\db\cluster2.pp.0.cpp:17122:17: note: FIX-IT applied suggested code changes
E:\Github\CoDesign-Project\Project_Update_2\cluster\solution1\.autopilot\db\cluster2.pp.0.cpp:17126:17: warning: Added loop label VITIS_LOOP_2089_21:   [xilinx-label-all-loops]
                for (int j = I_+30; j >= 0; j--) {
                ^~~
                VITIS_LOOP_2089_21: 
E:\Github\CoDesign-Project\Project_Update_2\cluster\solution1\.autopilot\db\cluster2.pp.0.cpp:17126:17: note: FIX-IT applied suggested code changes
E:\Github\CoDesign-Project\Project_Update_2\cluster\solution1\.autopilot\db\cluster2.pp.0.cpp:17256:13: warning: Added loop label VITIS_LOOP_2219_1:   [xilinx-label-all-loops]
            for(int j=3; j>=I+1; j--) {
            ^~~
            VITIS_LOOP_2219_1: 
E:\Github\CoDesign-Project\Project_Update_2\cluster\solution1\.autopilot\db\cluster2.pp.0.cpp:17256:13: note: FIX-IT applied suggested code changes
E:\Github\CoDesign-Project\Project_Update_2\cluster\solution1\.autopilot\db\cluster2.pp.0.cpp:17263:17: warning: Added loop label VITIS_LOOP_2226_2:   [xilinx-label-all-loops]
                for(int j=3; j>=I+1; j--) {
                ^~~
                VITIS_LOOP_2226_2: 
E:\Github\CoDesign-Project\Project_Update_2\cluster\solution1\.autopilot\db\cluster2.pp.0.cpp:17263:17: note: FIX-IT applied suggested code changes
E:\Github\CoDesign-Project\Project_Update_2\cluster\solution1\.autopilot\db\cluster2.pp.0.cpp:17267:17: warning: Added loop label VITIS_LOOP_2230_3:   [xilinx-label-all-loops]
                for(int j=I; j>=0; j--) {
                ^~~
                VITIS_LOOP_2230_3: 
E:\Github\CoDesign-Project\Project_Update_2\cluster\solution1\.autopilot\db\cluster2.pp.0.cpp:17267:17: note: FIX-IT applied suggested code changes
E:\Github\CoDesign-Project\Project_Update_2\cluster\solution1\.autopilot\db\cluster2.pp.0.cpp:17314:13: warning: Added loop label VITIS_LOOP_2277_4:   [xilinx-label-all-loops]
            for(int j=7; j>=3+I; j--) {
            ^~~
            VITIS_LOOP_2277_4: 
E:\Github\CoDesign-Project\Project_Update_2\cluster\solution1\.autopilot\db\cluster2.pp.0.cpp:17314:13: note: FIX-IT applied suggested code changes
E:\Github\CoDesign-Project\Project_Update_2\cluster\solution1\.autopilot\db\cluster2.pp.0.cpp:17321:17: warning: Added loop label VITIS_LOOP_2284_5:   [xilinx-label-all-loops]
                for(int j=7; j>=3+I; j--) {
                ^~~
                VITIS_LOOP_2284_5: 
E:\Github\CoDesign-Project\Project_Update_2\cluster\solution1\.autopilot\db\cluster2.pp.0.cpp:17321:17: note: FIX-IT applied suggested code changes
E:\Github\CoDesign-Project\Project_Update_2\cluster\solution1\.autopilot\db\cluster2.pp.0.cpp:17325:17: warning: Added loop label VITIS_LOOP_2288_6:   [xilinx-label-all-loops]
                for(int j=I+2; j>=0; j--) {
                ^~~
                VITIS_LOOP_2288_6: 
E:\Github\CoDesign-Project\Project_Update_2\cluster\solution1\.autopilot\db\cluster2.pp.0.cpp:17325:17: note: FIX-IT applied suggested code changes
E:\Github\CoDesign-Project\Project_Update_2\cluster\solution1\.autopilot\db\cluster2.pp.0.cpp:17343:9: warning: Added loop label VITIS_LOOP_2306_7:   [xilinx-label-all-loops]
        for(int j=11; j<16; j++) {
        ^~~
        VITIS_LOOP_2306_7: 
E:\Github\CoDesign-Project\Project_Update_2\cluster\solution1\.autopilot\db\cluster2.pp.0.cpp:17343:9: note: FIX-IT applied suggested code changes
E:\Github\CoDesign-Project\Project_Update_2\cluster\solution1\.autopilot\db\cluster2.pp.0.cpp:17398:13: warning: Added loop label VITIS_LOOP_2361_8:   [xilinx-label-all-loops]
            for(int j=15; j>=7+I; j--) {
            ^~~
            VITIS_LOOP_2361_8: 
E:\Github\CoDesign-Project\Project_Update_2\cluster\solution1\.autopilot\db\cluster2.pp.0.cpp:17398:13: note: FIX-IT applied suggested code changes
E:\Github\CoDesign-Project\Project_Update_2\cluster\solution1\.autopilot\db\cluster2.pp.0.cpp:17405:17: warning: Added loop label VITIS_LOOP_2368_9:   [xilinx-label-all-loops]
                for(int j=15; j>=7+I; j--) {
                ^~~
                VITIS_LOOP_2368_9: 
E:\Github\CoDesign-Project\Project_Update_2\cluster\solution1\.autopilot\db\cluster2.pp.0.cpp:17405:17: note: FIX-IT applied suggested code changes
E:\Github\CoDesign-Project\Project_Update_2\cluster\solution1\.autopilot\db\cluster2.pp.0.cpp:17409:17: warning: Added loop label VITIS_LOOP_2372_10:   [xilinx-label-all-loops]
                for(int j=6+I; j>=0; j--) {
                ^~~
                VITIS_LOOP_2372_10: 
E:\Github\CoDesign-Project\Project_Update_2\cluster\solution1\.autopilot\db\cluster2.pp.0.cpp:17409:17: note: FIX-IT applied suggested code changes
E:\Github\CoDesign-Project\Project_Update_2\cluster\solution1\.autopilot\db\cluster2.pp.0.cpp:17427:9: warning: Added loop label VITIS_LOOP_2390_11:   [xilinx-label-all-loops]
        for(int j=20; j<32; j++) {
        ^~~
        VITIS_LOOP_2390_11: 
E:\Github\CoDesign-Project\Project_Update_2\cluster\solution1\.autopilot\db\cluster2.pp.0.cpp:17427:9: note: FIX-IT applied suggested code changes
E:\Github\CoDesign-Project\Project_Update_2\cluster\solution1\.autopilot\db\cluster2.pp.0.cpp:17516:13: warning: Added loop label VITIS_LOOP_2479_12:   [xilinx-label-all-loops]
            for(int j=31; j>=I+15; j--) {
            ^~~
            VITIS_LOOP_2479_12: 
E:\Github\CoDesign-Project\Project_Update_2\cluster\solution1\.autopilot\db\cluster2.pp.0.cpp:17516:13: note: FIX-IT applied suggested code changes
E:\Github\CoDesign-Project\Project_Update_2\cluster\solution1\.autopilot\db\cluster2.pp.0.cpp:17523:17: warning: Added loop label VITIS_LOOP_2486_13:   [xilinx-label-all-loops]
                for(int j=31; j>=I+15; j--) {
                ^~~
                VITIS_LOOP_2486_13: 
E:\Github\CoDesign-Project\Project_Update_2\cluster\solution1\.autopilot\db\cluster2.pp.0.cpp:17523:17: note: FIX-IT applied suggested code changes
E:\Github\CoDesign-Project\Project_Update_2\cluster\solution1\.autopilot\db\cluster2.pp.0.cpp:17527:17: warning: Added loop label VITIS_LOOP_2490_14:   [xilinx-label-all-loops]
                for(int j=I+14; j>=0; j--) {
                ^~~
                VITIS_LOOP_2490_14: 
E:\Github\CoDesign-Project\Project_Update_2\cluster\solution1\.autopilot\db\cluster2.pp.0.cpp:17527:17: note: FIX-IT applied suggested code changes
E:\Github\CoDesign-Project\Project_Update_2\cluster\solution1\.autopilot\db\cluster2.pp.0.cpp:17537:9: warning: Added loop label VITIS_LOOP_2500_15:   [xilinx-label-all-loops]
        for(int j=32-F; j<32+I; j++) {
        ^~~
        VITIS_LOOP_2500_15: 
E:\Github\CoDesign-Project\Project_Update_2\cluster\solution1\.autopilot\db\cluster2.pp.0.cpp:17537:9: note: FIX-IT applied suggested code changes
E:\Github\CoDesign-Project\Project_Update_2\cluster\solution1\.autopilot\db\cluster2.pp.0.cpp:17541:9: warning: Added loop label VITIS_LOOP_2504_16:   [xilinx-label-all-loops]
        for(int j=32+I; j<=64; j++) {
        ^~~
        VITIS_LOOP_2504_16: 
E:\Github\CoDesign-Project\Project_Update_2\cluster\solution1\.autopilot\db\cluster2.pp.0.cpp:17541:9: note: FIX-IT applied suggested code changes
E:\Github\CoDesign-Project\Project_Update_2\cluster\solution1\.autopilot\db\cluster2.pp.0.cpp:17552:9: warning: Added loop label VITIS_LOOP_2515_17:   [xilinx-label-all-loops]
        for(int j=37; j<64; j++) {
        ^~~
        VITIS_LOOP_2515_17: 
E:\Github\CoDesign-Project\Project_Update_2\cluster\solution1\.autopilot\db\cluster2.pp.0.cpp:17552:9: note: FIX-IT applied suggested code changes
E:\Github\CoDesign-Project\Project_Update_2\cluster\solution1\.autopilot\db\cluster2.pp.0.cpp:17560:17: warning: Added loop label VITIS_LOOP_2523_18:   [xilinx-label-all-loops]
                for(int j=0; j<64; j++) {
                ^~~
                VITIS_LOOP_2523_18: 
E:\Github\CoDesign-Project\Project_Update_2\cluster\solution1\.autopilot\db\cluster2.pp.0.cpp:17560:17: note: FIX-IT applied suggested code changes
E:\Github\CoDesign-Project\Project_Update_2\cluster\solution1\.autopilot\db\cluster2.pp.0.cpp:17885:13: warning: Added loop label VITIS_LOOP_2848_19:   [xilinx-label-all-loops]
            for(int j=63; j>=I+31; j--) {
            ^~~
            VITIS_LOOP_2848_19: 
E:\Github\CoDesign-Project\Project_Update_2\cluster\solution1\.autopilot\db\cluster2.pp.0.cpp:17885:13: note: FIX-IT applied suggested code changes
E:\Github\CoDesign-Project\Project_Update_2\cluster\solution1\.autopilot\db\cluster2.pp.0.cpp:17892:17: warning: Added loop label VITIS_LOOP_2855_20:   [xilinx-label-all-loops]
                for(int j=63; j>=I+31; j--) {
                ^~~
                VITIS_LOOP_2855_20: 
E:\Github\CoDesign-Project\Project_Update_2\cluster\solution1\.autopilot\db\cluster2.pp.0.cpp:17892:17: note: FIX-IT applied suggested code changes
E:\Github\CoDesign-Project\Project_Update_2\cluster\solution1\.autopilot\db\cluster2.pp.0.cpp:17896:17: warning: Added loop label VITIS_LOOP_2859_21:   [xilinx-label-all-loops]
                for(int j=I+30; j>=0; j--) {
                ^~~
                VITIS_LOOP_2859_21: 
E:\Github\CoDesign-Project\Project_Update_2\cluster\solution1\.autopilot\db\cluster2.pp.0.cpp:17896:17: note: FIX-IT applied suggested code changes
E:\Github\CoDesign-Project\Project_Update_2\cluster\solution1\.autopilot\db\cluster2.pp.0.cpp:17984:4: warning: Added loop label VITIS_LOOP_2947_1:   [xilinx-label-all-loops]
   for(int j = 5; j>=I_+2; j--) {
   ^~~
   VITIS_LOOP_2947_1: 
E:\Github\CoDesign-Project\Project_Update_2\cluster\solution1\.autopilot\db\cluster2.pp.0.cpp:17984:4: note: FIX-IT applied suggested code changes
E:\Github\CoDesign-Project\Project_Update_2\cluster\solution1\.autopilot\db\cluster2.pp.0.cpp:17991:5: warning: Added loop label VITIS_LOOP_2954_2:   [xilinx-label-all-loops]
    for(int j = 5; j>=I_+2; j--) {
    ^~~
    VITIS_LOOP_2954_2: 
E:\Github\CoDesign-Project\Project_Update_2\cluster\solution1\.autopilot\db\cluster2.pp.0.cpp:17991:5: note: FIX-IT applied suggested code changes
E:\Github\CoDesign-Project\Project_Update_2\cluster\solution1\.autopilot\db\cluster2.pp.0.cpp:17995:5: warning: Added loop label VITIS_LOOP_2958_3:   [xilinx-label-all-loops]
    for(int j = I_+1; j>=0; j--) {
    ^~~
    VITIS_LOOP_2958_3: 
E:\Github\CoDesign-Project\Project_Update_2\cluster\solution1\.autopilot\db\cluster2.pp.0.cpp:17995:5: note: FIX-IT applied suggested code changes
E:\Github\CoDesign-Project\Project_Update_2\cluster\solution1\.autopilot\db\cluster2.pp.0.cpp:18010:3: warning: Added loop label VITIS_LOOP_2973_4:   [xilinx-label-all-loops]
  for(int j = 11; j >=7; j--) {
  ^~~
  VITIS_LOOP_2973_4: 
E:\Github\CoDesign-Project\Project_Update_2\cluster\solution1\.autopilot\db\cluster2.pp.0.cpp:18010:3: note: FIX-IT applied suggested code changes
E:\Github\CoDesign-Project\Project_Update_2\cluster\solution1\.autopilot\db\cluster2.pp.0.cpp:18042:4: warning: Added loop label VITIS_LOOP_3005_5:   [xilinx-label-all-loops]
   for(int j = 11; j >= I_+5; j--) {
   ^~~
   VITIS_LOOP_3005_5: 
E:\Github\CoDesign-Project\Project_Update_2\cluster\solution1\.autopilot\db\cluster2.pp.0.cpp:18042:4: note: FIX-IT applied suggested code changes
E:\Github\CoDesign-Project\Project_Update_2\cluster\solution1\.autopilot\db\cluster2.pp.0.cpp:18049:5: warning: Added loop label VITIS_LOOP_3012_6:   [xilinx-label-all-loops]
    for(int j = 11; j>= I_+5; j--) {
    ^~~
    VITIS_LOOP_3012_6: 
E:\Github\CoDesign-Project\Project_Update_2\cluster\solution1\.autopilot\db\cluster2.pp.0.cpp:18049:5: note: FIX-IT applied suggested code changes
E:\Github\CoDesign-Project\Project_Update_2\cluster\solution1\.autopilot\db\cluster2.pp.0.cpp:18053:5: warning: Added loop label VITIS_LOOP_3016_7:   [xilinx-label-all-loops]
    for(int j = I_+4; j>=0; j--) {
    ^~~
    VITIS_LOOP_3016_7: 
E:\Github\CoDesign-Project\Project_Update_2\cluster\solution1\.autopilot\db\cluster2.pp.0.cpp:18053:5: note: FIX-IT applied suggested code changes
E:\Github\CoDesign-Project\Project_Update_2\cluster\solution1\.autopilot\db\cluster2.pp.0.cpp:18068:3: warning: Added loop label VITIS_LOOP_3031_8:   [xilinx-label-all-loops]
  for(int j = 25; j>=15; j--) {
  ^~~
  VITIS_LOOP_3031_8: 
E:\Github\CoDesign-Project\Project_Update_2\cluster\solution1\.autopilot\db\cluster2.pp.0.cpp:18068:3: note: FIX-IT applied suggested code changes
E:\Github\CoDesign-Project\Project_Update_2\cluster\solution1\.autopilot\db\cluster2.pp.0.cpp:18118:4: warning: Added loop label VITIS_LOOP_3081_9:   [xilinx-label-all-loops]
   for(int j = 25; j>= I_+12; j--) {
   ^~~
   VITIS_LOOP_3081_9: 
E:\Github\CoDesign-Project\Project_Update_2\cluster\solution1\.autopilot\db\cluster2.pp.0.cpp:18118:4: note: FIX-IT applied suggested code changes
E:\Github\CoDesign-Project\Project_Update_2\cluster\solution1\.autopilot\db\cluster2.pp.0.cpp:18125:5: warning: Added loop label VITIS_LOOP_3088_10:   [xilinx-label-all-loops]
    for(int j = 25; j>=I_+12; j--) {
    ^~~
    VITIS_LOOP_3088_10: 
E:\Github\CoDesign-Project\Project_Update_2\cluster\solution1\.autopilot\db\cluster2.pp.0.cpp:18125:5: note: FIX-IT applied suggested code changes
E:\Github\CoDesign-Project\Project_Update_2\cluster\solution1\.autopilot\db\cluster2.pp.0.cpp:18129:5: warning: Added loop label VITIS_LOOP_3092_11:   [xilinx-label-all-loops]
    for(int j = I_+11; j>=0; j--) {
    ^~~
    VITIS_LOOP_3092_11: 
E:\Github\CoDesign-Project\Project_Update_2\cluster\solution1\.autopilot\db\cluster2.pp.0.cpp:18129:5: note: FIX-IT applied suggested code changes
E:\Github\CoDesign-Project\Project_Update_2\cluster\solution1\.autopilot\db\cluster2.pp.0.cpp:18144:3: warning: Added loop label VITIS_LOOP_3107_12:   [xilinx-label-all-loops]
  for(int j = 51; j >= 29; j--) {
  ^~~
  VITIS_LOOP_3107_12: 
E:\Github\CoDesign-Project\Project_Update_2\cluster\solution1\.autopilot\db\cluster2.pp.0.cpp:18144:3: note: FIX-IT applied suggested code changes
E:\Github\CoDesign-Project\Project_Update_2\cluster\solution1\.autopilot\db\cluster2.pp.0.cpp:18281:4: warning: Added loop label VITIS_LOOP_3244_13:   [xilinx-label-all-loops]
   for(int j = 51; j >= 25 + I_; j--) {
   ^~~
   VITIS_LOOP_3244_13: 
E:\Github\CoDesign-Project\Project_Update_2\cluster\solution1\.autopilot\db\cluster2.pp.0.cpp:18281:4: note: FIX-IT applied suggested code changes
E:\Github\CoDesign-Project\Project_Update_2\cluster\solution1\.autopilot\db\cluster2.pp.0.cpp:18288:5: warning: Added loop label VITIS_LOOP_3251_14:   [xilinx-label-all-loops]
    for(int j = 51; j>=25 + I_; j--) {
    ^~~
    VITIS_LOOP_3251_14: 
E:\Github\CoDesign-Project\Project_Update_2\cluster\solution1\.autopilot\db\cluster2.pp.0.cpp:18288:5: note: FIX-IT applied suggested code changes
E:\Github\CoDesign-Project\Project_Update_2\cluster\solution1\.autopilot\db\cluster2.pp.0.cpp:18292:5: warning: Added loop label VITIS_LOOP_3255_15:   [xilinx-label-all-loops]
    for(int j = 24 + I_; j >= 0; j--) {
    ^~~
    VITIS_LOOP_3255_15: 
E:\Github\CoDesign-Project\Project_Update_2\cluster\solution1\.autopilot\db\cluster2.pp.0.cpp:18292:5: note: FIX-IT applied suggested code changes
E:\Github\CoDesign-Project\Project_Update_2\cluster\solution1\.autopilot\db\cluster2.pp.0.cpp:18307:3: warning: Added loop label VITIS_LOOP_3270_16:   [xilinx-label-all-loops]
  for(int j = 63; j >= 36; j--) {
  ^~~
  VITIS_LOOP_3270_16: 
E:\Github\CoDesign-Project\Project_Update_2\cluster\solution1\.autopilot\db\cluster2.pp.0.cpp:18307:3: note: FIX-IT applied suggested code changes
E:\Github\CoDesign-Project\Project_Update_2\cluster\solution1\.autopilot\db\cluster2.pp.0.cpp:18467:4: warning: Added loop label VITIS_LOOP_3430_17:   [xilinx-label-all-loops]
   for(int j = 63; j >= 31 + I_; j--) {
   ^~~
   VITIS_LOOP_3430_17: 
E:\Github\CoDesign-Project\Project_Update_2\cluster\solution1\.autopilot\db\cluster2.pp.0.cpp:18467:4: note: FIX-IT applied suggested code changes
E:\Github\CoDesign-Project\Project_Update_2\cluster\solution1\.autopilot\db\cluster2.pp.0.cpp:18474:5: warning: Added loop label VITIS_LOOP_3437_18:   [xilinx-label-all-loops]
    for(int j = 63; j >= 31 + I_; j--) {
    ^~~
    VITIS_LOOP_3437_18: 
E:\Github\CoDesign-Project\Project_Update_2\cluster\solution1\.autopilot\db\cluster2.pp.0.cpp:18474:5: note: FIX-IT applied suggested code changes
E:\Github\CoDesign-Project\Project_Update_2\cluster\solution1\.autopilot\db\cluster2.pp.0.cpp:18478:5: warning: Added loop label VITIS_LOOP_3441_19:   [xilinx-label-all-loops]
    for(int j = 30 + I_; j >= 0; j--) {
    ^~~
    VITIS_LOOP_3441_19: 
E:\Github\CoDesign-Project\Project_Update_2\cluster\solution1\.autopilot\db\cluster2.pp.0.cpp:18478:5: note: FIX-IT applied suggested code changes
E:\Github\CoDesign-Project\Project_Update_2\cluster\solution1\.autopilot\db\cluster2.pp.0.cpp:19193:13: warning: Added loop label VITIS_LOOP_729_1:   [xilinx-label-all-loops]
            for (b_exp = I_-1; b_exp >= -F_; b_exp--) {
            ^~~
            VITIS_LOOP_729_1: 
E:\Github\CoDesign-Project\Project_Update_2\cluster\solution1\.autopilot\db\cluster2.pp.0.cpp:19193:13: note: FIX-IT applied suggested code changes
E:\Github\CoDesign-Project\Project_Update_2\cluster\solution1\.autopilot\db\cluster2.pp.0.cpp:19411:13: warning: Added loop label VITIS_LOOP_947_1:   [xilinx-label-all-loops]
            for (b_exp = I_-1; b_exp >= -F_; b_exp--) {
            ^~~
            VITIS_LOOP_947_1: 
E:\Github\CoDesign-Project\Project_Update_2\cluster\solution1\.autopilot\db\cluster2.pp.0.cpp:19411:13: note: FIX-IT applied suggested code changes
E:\Github\CoDesign-Project\Project_Update_2\cluster\solution1\.autopilot\db\cluster2.pp.0.cpp:19828:13: warning: Added loop label VITIS_LOOP_1371_1:   [xilinx-label-all-loops]
            for (b_exp = I_-1; b_exp >= -F_; b_exp--) {
            ^~~
            VITIS_LOOP_1371_1: 
E:\Github\CoDesign-Project\Project_Update_2\cluster\solution1\.autopilot\db\cluster2.pp.0.cpp:19828:13: note: FIX-IT applied suggested code changes
E:\Github\CoDesign-Project\Project_Update_2\cluster\solution1\.autopilot\db\cluster2.pp.0.cpp:20142:9: warning: Added loop label VITIS_LOOP_266_1:   [xilinx-label-all-loops]
        for ( int pos = msbr-1; pos >= 0; pos-- ) {
        ^~~
        VITIS_LOOP_266_1: 
E:\Github\CoDesign-Project\Project_Update_2\cluster\solution1\.autopilot\db\cluster2.pp.0.cpp:20142:9: note: FIX-IT applied suggested code changes
E:\Github\CoDesign-Project\Project_Update_2\cluster\solution1\.autopilot\db\cluster2.pp.0.cpp:20170:9: warning: Added loop label VITIS_LOOP_294_2:   [xilinx-label-all-loops]
        for ( int pos = -1; pos >= -F_-1; pos-- ) {
        ^~~
        VITIS_LOOP_294_2: 
E:\Github\CoDesign-Project\Project_Update_2\cluster\solution1\.autopilot\db\cluster2.pp.0.cpp:20170:9: note: FIX-IT applied suggested code changes
E:\Github\CoDesign-Project\Project_Update_2\cluster\solution1\.autopilot\db\cluster2.pp.0.cpp:20865:13: warning: Added loop label VITIS_LOOP_74_1:   [xilinx-label-all-loops]
            for (int j = 0; j < W_-1; j++){
            ^~~
            VITIS_LOOP_74_1: 
E:\Github\CoDesign-Project\Project_Update_2\cluster\solution1\.autopilot\db\cluster2.pp.0.cpp:20865:13: note: FIX-IT applied suggested code changes
E:\Github\CoDesign-Project\Project_Update_2\cluster\solution1\.autopilot\db\cluster2.pp.0.cpp:20918:5: warning: Added loop label VITIS_LOOP_135_2:   [xilinx-label-all-loops]
    for (int j = F_l+F_+I_m-1; j < F_l+W_+5; j++){
    ^~~
    VITIS_LOOP_135_2: 
E:\Github\CoDesign-Project\Project_Update_2\cluster\solution1\.autopilot\db\cluster2.pp.0.cpp:20918:5: note: FIX-IT applied suggested code changes
E:\Github\CoDesign-Project\Project_Update_2\cluster\solution1\.autopilot\db\cluster2.pp.0.cpp:20932:13: warning: Added loop label VITIS_LOOP_149_3:   [xilinx-label-all-loops]
            for (int j = WO_m-1; j >= W_-1; j--) {
            ^~~
            VITIS_LOOP_149_3: 
E:\Github\CoDesign-Project\Project_Update_2\cluster\solution1\.autopilot\db\cluster2.pp.0.cpp:20932:13: note: FIX-IT applied suggested code changes
E:\Github\CoDesign-Project\Project_Update_2\cluster\solution1\.autopilot\db\cluster2.pp.0.cpp:20962:13: warning: Added loop label VITIS_LOOP_179_4:   [xilinx-label-all-loops]
            for (int j = W_-2; j >= 0; j--){
            ^~~
            VITIS_LOOP_179_4: 
E:\Github\CoDesign-Project\Project_Update_2\cluster\solution1\.autopilot\db\cluster2.pp.0.cpp:20962:13: note: FIX-IT applied suggested code changes
E:\Github\CoDesign-Project\Project_Update_2\cluster\solution1\.autopilot\db\cluster2.pp.0.cpp:21047:12: warning: Added loop label VITIS_LOOP_307_1:   [xilinx-label-all-loops]
           for(int i = wf_log+we_log-2; i > WI_e - 2; --i) {
           ^~~
           VITIS_LOOP_307_1: 
E:\Github\CoDesign-Project\Project_Update_2\cluster\solution1\.autopilot\db\cluster2.pp.0.cpp:21047:12: note: FIX-IT applied suggested code changes
E:\Github\CoDesign-Project\Project_Update_2\cluster\solution1\.autopilot\db\cluster2.pp.0.cpp:21067:16: warning: Added loop label VITIS_LOOP_327_2:   [xilinx-label-all-loops]
               for (int j = WO_e-1; j >= W_-1; j--) {
               ^~~
               VITIS_LOOP_327_2: 
E:\Github\CoDesign-Project\Project_Update_2\cluster\solution1\.autopilot\db\cluster2.pp.0.cpp:21067:16: note: FIX-IT applied suggested code changes
E:\Github\CoDesign-Project\Project_Update_2\cluster\solution1\.autopilot\db\cluster2.pp.0.cpp:21081:20: warning: Added loop label VITIS_LOOP_341_3:   [xilinx-label-all-loops]
                   for(int i = 0; i < W_-1; ++i) {
                   ^~~
                   VITIS_LOOP_341_3: 
E:\Github\CoDesign-Project\Project_Update_2\cluster\solution1\.autopilot\db\cluster2.pp.0.cpp:21081:20: note: FIX-IT applied suggested code changes
E:\Github\CoDesign-Project\Project_Update_2\cluster\solution1\.autopilot\db\cluster2.pp.0.cpp:21174:12: warning: Added loop label VITIS_LOOP_459_1:   [xilinx-label-all-loops]
           for (int j =WO_d-1; j >= W_-1; j--) {
           ^~~
           VITIS_LOOP_459_1: 
E:\Github\CoDesign-Project\Project_Update_2\cluster\solution1\.autopilot\db\cluster2.pp.0.cpp:21174:12: note: FIX-IT applied suggested code changes
E:\Github\CoDesign-Project\Project_Update_2\cluster\solution1\.autopilot\db\cluster2.pp.0.cpp:21188:15: warning: Added loop label VITIS_LOOP_473_2:   [xilinx-label-all-loops]
              for(int i = 0; i < W_-1; ++i) {
              ^~~
              VITIS_LOOP_473_2: 
E:\Github\CoDesign-Project\Project_Update_2\cluster\solution1\.autopilot\db\cluster2.pp.0.cpp:21188:15: note: FIX-IT applied suggested code changes
E:\Github\CoDesign-Project\Project_Update_2\cluster\solution1\.autopilot\db\cluster2.pp.0.cpp:21301:13: warning: Added loop label VITIS_LOOP_59_1:   [xilinx-label-all-loops]
            for (int i = 0; i < W_-1; i++){
            ^~~
            VITIS_LOOP_59_1: 
E:\Github\CoDesign-Project\Project_Update_2\cluster\solution1\.autopilot\db\cluster2.pp.0.cpp:21301:13: note: FIX-IT applied suggested code changes
E:\Github\CoDesign-Project\Project_Update_2\cluster\solution1\.autopilot\db\cluster2.pp.0.cpp:21425:13: warning: Added loop label VITIS_LOOP_209_1:   [xilinx-label-all-loops]
            for (int i = 0; i < W_-1; i++){
            ^~~
            VITIS_LOOP_209_1: 
E:\Github\CoDesign-Project\Project_Update_2\cluster\solution1\.autopilot\db\cluster2.pp.0.cpp:21425:13: note: FIX-IT applied suggested code changes
E:\Github\CoDesign-Project\Project_Update_2\cluster\solution1\.autopilot\db\cluster2.pp.0.cpp:21480:13: warning: Added loop label VITIS_LOOP_274_1:   [xilinx-label-all-loops]
            for (int i = 0; i < W_-1; i++){
            ^~~
            VITIS_LOOP_274_1: 
E:\Github\CoDesign-Project\Project_Update_2\cluster\solution1\.autopilot\db\cluster2.pp.0.cpp:21480:13: note: FIX-IT applied suggested code changes
E:\Github\CoDesign-Project\Project_Update_2\cluster\solution1\.autopilot\db\cluster2.pp.0.cpp:21985:2: warning: Added loop label VITIS_LOOP_42_1:   [xilinx-label-all-loops]
 for (int i=0; i<W_;i++)
 ^~~
 VITIS_LOOP_42_1: 
E:\Github\CoDesign-Project\Project_Update_2\cluster\solution1\.autopilot\db\cluster2.pp.0.cpp:21985:2: note: FIX-IT applied suggested code changes
E:\Github\CoDesign-Project\Project_Update_2\cluster\solution1\.autopilot\db\cluster2.pp.0.cpp:21996:2: warning: Added loop label VITIS_LOOP_53_1:   [xilinx-label-all-loops]
 for (int i=0; i<W_;i++)
 ^~~
 VITIS_LOOP_53_1: 
E:\Github\CoDesign-Project\Project_Update_2\cluster\solution1\.autopilot\db\cluster2.pp.0.cpp:21996:2: note: FIX-IT applied suggested code changes
E:\Github\CoDesign-Project\Project_Update_2\cluster\solution1\.autopilot\db\cluster2.pp.0.cpp:22007:2: warning: Added loop label VITIS_LOOP_64_1:   [xilinx-label-all-loops]
 for (int i=0; i<I_;i++)
 ^~~
 VITIS_LOOP_64_1: 
E:\Github\CoDesign-Project\Project_Update_2\cluster\solution1\.autopilot\db\cluster2.pp.0.cpp:22007:2: note: FIX-IT applied suggested code changes
E:\Github\CoDesign-Project\Project_Update_2\cluster\solution1\.autopilot\db\cluster2.pp.0.cpp:22018:2: warning: Added loop label VITIS_LOOP_75_1:   [xilinx-label-all-loops]
 for (int i=0; i<I_;i++)
 ^~~
 VITIS_LOOP_75_1: 
E:\Github\CoDesign-Project\Project_Update_2\cluster\solution1\.autopilot\db\cluster2.pp.0.cpp:22018:2: note: FIX-IT applied suggested code changes
E:\Github\CoDesign-Project\Project_Update_2\cluster\solution1\.autopilot\db\cluster2.pp.0.cpp:22029:2: warning: Added loop label VITIS_LOOP_86_1:   [xilinx-label-all-loops]
 for (int i=0; i<W_;i++)
 ^~~
 VITIS_LOOP_86_1: 
E:\Github\CoDesign-Project\Project_Update_2\cluster\solution1\.autopilot\db\cluster2.pp.0.cpp:22029:2: note: FIX-IT applied suggested code changes
E:\Github\CoDesign-Project\Project_Update_2\cluster\solution1\.autopilot\db\cluster2.pp.0.cpp:22040:2: warning: Added loop label VITIS_LOOP_97_1:   [xilinx-label-all-loops]
 for (int i=0; i<W_;i++)
 ^~~
 VITIS_LOOP_97_1: 
E:\Github\CoDesign-Project\Project_Update_2\cluster\solution1\.autopilot\db\cluster2.pp.0.cpp:22040:2: note: FIX-IT applied suggested code changes
E:\Github\CoDesign-Project\Project_Update_2\cluster\solution1\.autopilot\db\cluster2.pp.0.cpp:22051:2: warning: Added loop label VITIS_LOOP_108_1:   [xilinx-label-all-loops]
 for (int i=0; i<I_;i++)
 ^~~
 VITIS_LOOP_108_1: 
E:\Github\CoDesign-Project\Project_Update_2\cluster\solution1\.autopilot\db\cluster2.pp.0.cpp:22051:2: note: FIX-IT applied suggested code changes
E:\Github\CoDesign-Project\Project_Update_2\cluster\solution1\.autopilot\db\cluster2.pp.0.cpp:22062:2: warning: Added loop label VITIS_LOOP_119_1:   [xilinx-label-all-loops]
 for (int i=0; i<I_;i++)
 ^~~
 VITIS_LOOP_119_1: 
E:\Github\CoDesign-Project\Project_Update_2\cluster\solution1\.autopilot\db\cluster2.pp.0.cpp:22062:2: note: FIX-IT applied suggested code changes
E:\Github\CoDesign-Project\Project_Update_2\cluster\solution1\.autopilot\db\cluster2.pp.0.cpp:24363:12: warning: Added loop label VITIS_LOOP_23_1:   [xilinx-label-all-loops]
           for(int i = 0; i < W_-1; ++i) {
           ^~~
           VITIS_LOOP_23_1: 
E:\Github\CoDesign-Project\Project_Update_2\cluster\solution1\.autopilot\db\cluster2.pp.0.cpp:24363:12: note: FIX-IT applied suggested code changes
E:\Github\CoDesign-Project\Project_Update_2\cluster\solution1\.autopilot\db\cluster2.pp.0.cpp:24427:7: warning: Added loop label VITIS_LOOP_66_1:   [xilinx-label-all-loops]
      for(int pos = msbr - 1 ; pos >= -F-1; pos--) {
      ^~~
      VITIS_LOOP_66_1: 
E:\Github\CoDesign-Project\Project_Update_2\cluster\solution1\.autopilot\db\cluster2.pp.0.cpp:24427:7: note: FIX-IT applied suggested code changes
E:\Github\CoDesign-Project\Project_Update_2\cluster\solution1\.autopilot\db\cluster2.pp.0.cpp:24544:9: warning: Added loop label VITIS_LOOP_75_1:   [xilinx-label-all-loops]
        for(int pos = msbr - 1; pos >= 0; pos--) {
        ^~~
        VITIS_LOOP_75_1: 
E:\Github\CoDesign-Project\Project_Update_2\cluster\solution1\.autopilot\db\cluster2.pp.0.cpp:24544:9: note: FIX-IT applied suggested code changes
E:\Github\CoDesign-Project\Project_Update_2\cluster\solution1\.autopilot\db\cluster2.pp.0.cpp:24569:5: warning: Added loop label VITIS_LOOP_107_2:   [xilinx-label-all-loops]
    for(int pos = -1; pos >= -F-1; pos--) {
    ^~~
    VITIS_LOOP_107_2: 
E:\Github\CoDesign-Project\Project_Update_2\cluster\solution1\.autopilot\db\cluster2.pp.0.cpp:24569:5: note: FIX-IT applied suggested code changes
E:\Github\CoDesign-Project\Project_Update_2\cluster\solution1\.autopilot\db\cluster2.pp.0.cpp:24639:8: warning: Added loop label VITIS_LOOP_195_3:   [xilinx-label-all-loops]
       for(int i = 0; i < W - 1; ++i) {
       ^~~
       VITIS_LOOP_195_3: 
E:\Github\CoDesign-Project\Project_Update_2\cluster\solution1\.autopilot\db\cluster2.pp.0.cpp:24639:8: note: FIX-IT applied suggested code changes
E:\Github\CoDesign-Project\Project_Update_2\cluster\solution1\.autopilot\db\cluster2.pp.0.cpp:26959:5: warning: Added loop label VITIS_LOOP_103_1:   [xilinx-label-all-loops]
    for (int i = 0; i < n; i++) {
    ^~~
    VITIS_LOOP_103_1: 
E:\Github\CoDesign-Project\Project_Update_2\cluster\solution1\.autopilot\db\cluster2.pp.0.cpp:26959:5: note: FIX-IT applied suggested code changes
E:\Github\CoDesign-Project\Project_Update_2\cluster\solution1\.autopilot\db\cluster2.pp.0.cpp:26969:9: warning: Added loop label VITIS_LOOP_113_2:   [xilinx-label-all-loops]
        for (int j = 0; j < n; j++) {
        ^~~
        VITIS_LOOP_113_2: 
E:\Github\CoDesign-Project\Project_Update_2\cluster\solution1\.autopilot\db\cluster2.pp.0.cpp:26969:9: note: FIX-IT applied suggested code changes
E:\Github\CoDesign-Project\Project_Update_2\cluster\solution1\.autopilot\db\cluster2.pp.0.cpp:26986:13: warning: Added loop label VITIS_LOOP_130_3:   [xilinx-label-all-loops]
            for (int k = 0; k < neighbor_count; k++) {
            ^~~
            VITIS_LOOP_130_3: 
E:\Github\CoDesign-Project\Project_Update_2\cluster\solution1\.autopilot\db\cluster2.pp.0.cpp:26986:13: note: FIX-IT applied suggested code changes
E:\Github\CoDesign-Project\Project_Update_2\cluster\solution1\.autopilot\db\cluster2.pp.0.cpp:26993:21: warning: Added loop label VITIS_LOOP_137_4:   [xilinx-label-all-loops]
                    for (int l = 0; l < n; l++) {
                    ^~~
                    VITIS_LOOP_137_4: 
E:\Github\CoDesign-Project\Project_Update_2\cluster\solution1\.autopilot\db\cluster2.pp.0.cpp:26993:21: note: FIX-IT applied suggested code changes
E:\Github\CoDesign-Project\Project_Update_2\cluster\solution1\.autopilot\db\cluster2.pp.0.cpp:27036:5: warning: Added loop label VITIS_LOOP_172_1:   [xilinx-label-all-loops]
    for (int i = 0; i < 360; i++) {
    ^~~
    VITIS_LOOP_172_1: 
E:\Github\CoDesign-Project\Project_Update_2\cluster\solution1\.autopilot\db\cluster2.pp.0.cpp:27036:5: note: FIX-IT applied suggested code changes
E:\Github\CoDesign-Project\Project_Update_2\cluster\solution1\.autopilot\db\cluster2.pp.0.cpp:27046:5: warning: Added loop label VITIS_LOOP_182_2:   [xilinx-label-all-loops]
    for (int i = 0; i < cluster_count; i++) {
    ^~~
    VITIS_LOOP_182_2: 
E:\Github\CoDesign-Project\Project_Update_2\cluster\solution1\.autopilot\db\cluster2.pp.0.cpp:27046:5: note: FIX-IT applied suggested code changes
E:\Github\CoDesign-Project\Project_Update_2\cluster\solution1\.autopilot\db\cluster2.pp.0.cpp:27058:9: warning: Added loop label VITIS_LOOP_194_3:   [xilinx-label-all-loops]
        for (int j = 0; j < clusters[i].member_count; j++) {
        ^~~
        VITIS_LOOP_194_3: 
E:\Github\CoDesign-Project\Project_Update_2\cluster\solution1\.autopilot\db\cluster2.pp.0.cpp:27058:9: note: FIX-IT applied suggested code changes
