

================================================================
== Vitis HLS Report for 'clusterOp_Pipeline_clusterOp_label1'
================================================================
* Date:           Thu Apr 27 03:41:20 2023

* Version:        2022.2 (Build 3670227 on Oct 13 2022)
* Project:        cluster
* Solution:       solution1 (Vivado IP Flow Target)
* Product family: zynq
* Target device:  xc7z020-clg400-1


================================================================
== Performance Estimates
================================================================
+ Timing: 
    * Summary: 
    +--------+----------+----------+------------+
    |  Clock |  Target  | Estimated| Uncertainty|
    +--------+----------+----------+------------+
    |ap_clk  |  10.00 ns|  7.289 ns|     2.70 ns|
    +--------+----------+----------+------------+

+ Latency: 
    * Summary: 
    +---------+---------+----------+----------+-----+-----+---------+
    |  Latency (cycles) |  Latency (absolute) |  Interval | Pipeline|
    |   min   |   max   |    min   |    max   | min | max |   Type  |
    +---------+---------+----------+----------+-----+-----+---------+
    |        ?|        ?|         ?|         ?|    ?|    ?|       no|
    +---------+---------+----------+----------+-----+-----+---------+

    + Detail: 
        * Instance: 
        +-------------------------------+--------------------+---------+---------+-----------+-----------+-----+-----+---------+
        |                               |                    |  Latency (cycles) |   Latency (absolute)  |  Interval | Pipeline|
        |            Instance           |       Module       |   min   |   max   |    min    |    max    | min | max |   Type  |
        +-------------------------------+--------------------+---------+---------+-----------+-----------+-----+-----+---------+
        |grp_pow_fu_145                 |pow                 |        ?|        ?|          ?|          ?|    ?|    ?|       no|
        |grp_pow_fu_174                 |pow                 |        ?|        ?|          ?|          ?|    ?|    ?|       no|
        |grp_sqrt_fixed_32_32_s_fu_203  |sqrt_fixed_32_32_s  |        7|        7|  70.000 ns|  70.000 ns|    1|    1|      yes|
        +-------------------------------+--------------------+---------+---------+-----------+-----------+-----+-----+---------+

        * Loop: 
        +--------------------+---------+---------+----------+-----------+-----------+------+----------+
        |                    |  Latency (cycles) | Iteration|  Initiation Interval  | Trip |          |
        |      Loop Name     |   min   |   max   |  Latency |  achieved |   target  | Count| Pipelined|
        +--------------------+---------+---------+----------+-----------+-----------+------+----------+
        |- clusterOp_label1  |        ?|        ?|         ?|          -|          -|   360|        no|
        +--------------------+---------+---------+----------+-----------+-----------+------+----------+

============================================================
+ Verbose Summary: Synthesis Manager
============================================================
InlineROM: 1
ExposeGlobal: 0
============================================================
+ Verbose Summary: CDFG Model
============================================================
IsTopModel: 0
ResetActiveHigh: 1
IsCombinational: 0
IsDatapathOnly: 0
HasWiredReturn: 1
HasMFsm: 0
HasVarLatency: 1
IsPipeline: 0
IsRtlPipelined: 0
IsInstanceOverlapped: 0
IsDontTouch: 0
HasImplIP: 0
IsGatedGlobalClock: 0


============================================================
+ Verbose Summary: Schedule
============================================================
* Number of FSM states : 25
* Pipeline : 0
* Dataflow Pipeline: 0

* FSM state transitions: 
1 --> 2 
2 --> 3 
3 --> 4 25 
4 --> 5 
5 --> 6 
6 --> 7 
7 --> 8 
8 --> 9 
9 --> 10 
10 --> 11 
11 --> 12 
12 --> 13 
13 --> 14 
14 --> 15 
15 --> 16 
16 --> 17 
17 --> 18 
18 --> 19 
19 --> 20 
20 --> 21 
21 --> 22 
22 --> 23 
23 --> 24 
24 --> 25 
25 --> 2 

* FSM state operations: 

State 1 <SV = 0> <Delay = 1.58>
ST_1 : Operation 26 [1/1] (0.00ns)   --->   "%delta_angle = alloca i32 1"   --->   Operation 26 'alloca' 'delta_angle' <Predicate = true> <Delay = 0.00>
ST_1 : Operation 27 [1/1] (0.00ns)   --->   "%empty = alloca i32 1"   --->   Operation 27 'alloca' 'empty' <Predicate = true> <Delay = 0.00>
ST_1 : Operation 28 [1/1] (0.00ns)   --->   "%distances_load_read = read i32 @_ssdm_op_Read.ap_auto.i32, i32 %distances_load"   --->   Operation 28 'read' 'distances_load_read' <Predicate = true> <Delay = 0.00>
ST_1 : Operation 29 [1/1] (1.58ns)   --->   "%store_ln0 = store i32 1, i32 %empty"   --->   Operation 29 'store' 'store_ln0' <Predicate = true> <Delay = 1.58>
ST_1 : Operation 30 [1/1] (1.58ns)   --->   "%store_ln0 = store i9 0, i9 %delta_angle"   --->   Operation 30 'store' 'store_ln0' <Predicate = true> <Delay = 1.58>
ST_1 : Operation 31 [1/1] (0.00ns)   --->   "%br_ln0 = br void %for.body19"   --->   Operation 31 'br' 'br_ln0' <Predicate = true> <Delay = 0.00>

State 2 <SV = 1> <Delay = 2.32>
ST_2 : Operation 32 [1/1] (0.00ns)   --->   "%candidate = load i9 %delta_angle" [cluster/cluster.cpp:42]   --->   Operation 32 'load' 'candidate' <Predicate = true> <Delay = 0.00>
ST_2 : Operation 33 [1/1] (0.00ns)   --->   "%specpipeline_ln0 = specpipeline void @_ssdm_op_SpecPipeline, i32 4294967295, i32 0, i32 1, i32 0, void @p_str"   --->   Operation 33 'specpipeline' 'specpipeline_ln0' <Predicate = true> <Delay = 0.00>
ST_2 : Operation 34 [1/1] (1.66ns)   --->   "%icmp_ln42 = icmp_eq  i9 %candidate, i9 360" [cluster/cluster.cpp:42]   --->   Operation 34 'icmp' 'icmp_ln42' <Predicate = true> <Delay = 1.66> <CoreInst = "Cmp">   --->   Core 9 'Cmp' <Latency = 0> <II = 1> <Delay = 1.66> <FuncUnit> <Opcode : 'icmp'> <InPorts = 2> <OutPorts = 1>
ST_2 : Operation 35 [1/1] (0.00ns)   --->   "%empty_469 = speclooptripcount i32 @_ssdm_op_SpecLoopTripCount, i64 360, i64 360, i64 360"   --->   Operation 35 'speclooptripcount' 'empty_469' <Predicate = true> <Delay = 0.00>
ST_2 : Operation 36 [1/1] (1.82ns)   --->   "%add_ln42 = add i9 %candidate, i9 1" [cluster/cluster.cpp:42]   --->   Operation 36 'add' 'add_ln42' <Predicate = true> <Delay = 1.82> <CoreInst = "Adder">   --->   Core 1 'Adder' <Latency = 0> <II = 1> <Delay = 1.82> <FuncUnit> <Opcode : 'add' 'sub'> <InPorts = 2> <OutPorts = 1>
ST_2 : Operation 37 [1/1] (0.00ns)   --->   "%br_ln42 = br i1 %icmp_ln42, void %for.body19.split, void %for.end56.exitStub" [cluster/cluster.cpp:42]   --->   Operation 37 'br' 'br_ln42' <Predicate = true> <Delay = 0.00>
ST_2 : Operation 38 [1/1] (0.00ns)   --->   "%delta_angle_cast8 = zext i9 %candidate" [cluster/cluster.cpp:42]   --->   Operation 38 'zext' 'delta_angle_cast8' <Predicate = (!icmp_ln42)> <Delay = 0.00>
ST_2 : Operation 39 [1/1] (0.00ns)   --->   "%grouped_addr = getelementptr i1 %grouped, i64 0, i64 %delta_angle_cast8" [cluster/cluster.cpp:43]   --->   Operation 39 'getelementptr' 'grouped_addr' <Predicate = (!icmp_ln42)> <Delay = 0.00>
ST_2 : Operation 40 [2/2] (2.32ns)   --->   "%grouped_load = load i9 %grouped_addr" [cluster/cluster.cpp:43]   --->   Operation 40 'load' 'grouped_load' <Predicate = (!icmp_ln42)> <Delay = 2.32> <CoreInst = "RAM">   --->   Core 82 'RAM' <Latency = 1> <II = 1> <Delay = 2.32> <Storage> <Opcode : 'load' 'store'> <Ports = 2> <Width = 1> <Depth = 360> <RAM>
ST_2 : Operation 41 [1/1] (0.00ns)   --->   "%p_load2 = load i32 %empty"   --->   Operation 41 'load' 'p_load2' <Predicate = (icmp_ln42)> <Delay = 0.00>
ST_2 : Operation 42 [1/1] (0.00ns)   --->   "%write_ln0 = write void @_ssdm_op_Write.ap_auto.i32P0A, i32 %p_out, i32 %p_load2"   --->   Operation 42 'write' 'write_ln0' <Predicate = (icmp_ln42)> <Delay = 0.00>
ST_2 : Operation 43 [1/1] (0.00ns)   --->   "%ret_ln0 = ret"   --->   Operation 43 'ret' 'ret_ln0' <Predicate = (icmp_ln42)> <Delay = 0.00>

State 3 <SV = 2> <Delay = 3.30>
ST_3 : Operation 44 [1/1] (0.00ns)   --->   "%specloopname_ln42 = specloopname void @_ssdm_op_SpecLoopName, void @empty_9" [cluster/cluster.cpp:42]   --->   Operation 44 'specloopname' 'specloopname_ln42' <Predicate = true> <Delay = 0.00>
ST_3 : Operation 45 [1/2] (2.32ns)   --->   "%grouped_load = load i9 %grouped_addr" [cluster/cluster.cpp:43]   --->   Operation 45 'load' 'grouped_load' <Predicate = true> <Delay = 2.32> <CoreInst = "RAM">   --->   Core 82 'RAM' <Latency = 1> <II = 1> <Delay = 2.32> <Storage> <Opcode : 'load' 'store'> <Ports = 2> <Width = 1> <Depth = 360> <RAM>
ST_3 : Operation 46 [1/1] (1.66ns)   --->   "%icmp_ln43 = icmp_eq  i9 %candidate, i9 0" [cluster/cluster.cpp:43]   --->   Operation 46 'icmp' 'icmp_ln43' <Predicate = true> <Delay = 1.66> <CoreInst = "Cmp">   --->   Core 9 'Cmp' <Latency = 0> <II = 1> <Delay = 1.66> <FuncUnit> <Opcode : 'icmp'> <InPorts = 2> <OutPorts = 1>
ST_3 : Operation 47 [1/1] (0.97ns)   --->   "%or_ln43 = or i1 %grouped_load, i1 %icmp_ln43" [cluster/cluster.cpp:43]   --->   Operation 47 'or' 'or_ln43' <Predicate = true> <Delay = 0.97> <CoreInst = "LogicGate">   --->   Core 74 'LogicGate' <Latency = 0> <II = 1> <Delay = 0.97> <FuncUnit> <Opcode : 'and' 'or' 'xor'> <InPorts = 2> <OutPorts = 1>
ST_3 : Operation 48 [1/1] (0.00ns)   --->   "%br_ln43 = br i1 %or_ln43, void %if.then23, void %for.inc54" [cluster/cluster.cpp:43]   --->   Operation 48 'br' 'br_ln43' <Predicate = true> <Delay = 0.00>
ST_3 : Operation 49 [1/1] (0.00ns)   --->   "%distances_addr = getelementptr i32 %distances, i64 0, i64 %delta_angle_cast8" [cluster/cluster.cpp:50]   --->   Operation 49 'getelementptr' 'distances_addr' <Predicate = (!or_ln43)> <Delay = 0.00>
ST_3 : Operation 50 [2/2] (3.25ns)   --->   "%distances_load_1 = load i9 %distances_addr" [cluster/cluster.cpp:50]   --->   Operation 50 'load' 'distances_load_1' <Predicate = (!or_ln43)> <Delay = 3.25> <CoreInst = "RAM">   --->   Core 82 'RAM' <Latency = 1> <II = 1> <Delay = 3.25> <Storage> <Opcode : 'load' 'store'> <Ports = 2> <Width = 32> <Depth = 360> <RAM>

State 4 <SV = 3> <Delay = 5.80>
ST_4 : Operation 51 [1/2] (3.25ns)   --->   "%distances_load_1 = load i9 %distances_addr" [cluster/cluster.cpp:50]   --->   Operation 51 'load' 'distances_load_1' <Predicate = true> <Delay = 3.25> <CoreInst = "RAM">   --->   Core 82 'RAM' <Latency = 1> <II = 1> <Delay = 3.25> <Storage> <Opcode : 'load' 'store'> <Ports = 2> <Width = 32> <Depth = 360> <RAM>
ST_4 : Operation 52 [1/1] (2.55ns)   --->   "%sub_ln50 = sub i32 %distances_load_read, i32 %distances_load_1" [cluster/cluster.cpp:50]   --->   Operation 52 'sub' 'sub_ln50' <Predicate = true> <Delay = 2.55> <CoreInst = "Adder">   --->   Core 1 'Adder' <Latency = 0> <II = 1> <Delay = 2.55> <FuncUnit> <Opcode : 'add' 'sub'> <InPorts = 2> <OutPorts = 1>

State 5 <SV = 4> <Delay = 6.85>
ST_5 : Operation 53 [1/1] (1.66ns)   --->   "%icmp_ln45 = icmp_ugt  i9 %candidate, i9 180" [cluster/cluster.cpp:45]   --->   Operation 53 'icmp' 'icmp_ln45' <Predicate = true> <Delay = 1.66> <CoreInst = "Cmp">   --->   Core 9 'Cmp' <Latency = 0> <II = 1> <Delay = 1.66> <FuncUnit> <Opcode : 'icmp'> <InPorts = 2> <OutPorts = 1>
ST_5 : Operation 54 [1/1] (1.82ns)   --->   "%sub_ln46 = sub i9 360, i9 %candidate" [cluster/cluster.cpp:46]   --->   Operation 54 'sub' 'sub_ln46' <Predicate = true> <Delay = 1.82> <CoreInst = "Adder">   --->   Core 1 'Adder' <Latency = 0> <II = 1> <Delay = 1.82> <FuncUnit> <Opcode : 'add' 'sub'> <InPorts = 2> <OutPorts = 1>
ST_5 : Operation 55 [1/1] (0.96ns)   --->   "%delta_angle_284 = select i1 %icmp_ln45, i9 %sub_ln46, i9 %candidate" [cluster/cluster.cpp:45]   --->   Operation 55 'select' 'delta_angle_284' <Predicate = true> <Delay = 0.96> <CoreInst = "Sel">   --->   Core 73 'Sel' <Latency = 0> <II = 1> <Delay = 0.96> <FuncUnit> <Opcode : 'select'> <InPorts = 3> <OutPorts = 1>
ST_5 : Operation 56 [1/1] (0.00ns)   --->   "%zext_ln44 = zext i9 %delta_angle_284" [cluster/cluster.cpp:44]   --->   Operation 56 'zext' 'zext_ln44' <Predicate = true> <Delay = 0.00>
ST_5 : Operation 57 [2/2] (4.06ns)   --->   "%tmp = call i31 @pow, i32 %zext_ln44, i6 %log_apfixed_reduce_log_inverse_lut_table_array_V, i82 %log_apfixed_reduce_log0_lut_table_ap_fixed_0_5_64_array_V, i78 %log_apfixed_reduce_log_lut_table_ap_fixed_4_4_16_array_V, i75 %log_apfixed_reduce_log_lut_table_ap_fixed_7_6_64_array_V, i70 %log_apfixed_reduce_log_lut_table_ap_fixed_12_6_64_array_V, i65 %log_apfixed_reduce_log_lut_table_ap_fixed_17_6_64_array_V, i60 %log_apfixed_reduce_log_lut_table_ap_fixed_22_6_64_array_V, i32 %f_x_msb_4_table_V, i16 %f_x_msb_5_table_V, i51 %f_x_msb_3_table_V, i64 %f_x_msb_2_table_V, i68 %exp_x_msb_1_table_V" [cluster/cluster.cpp:50]   --->   Operation 57 'call' 'tmp' <Predicate = true> <Delay = 4.06> <CoreType = "Generic">   --->   Core 0 '' <Latency = 0> <II = 1> <Delay = 1.00> <Generic> <Opcode : >
ST_5 : Operation 58 [2/2] (4.06ns)   --->   "%tmp_s = call i31 @pow, i32 %sub_ln50, i6 %log_apfixed_reduce_log_inverse_lut_table_array_V, i82 %log_apfixed_reduce_log0_lut_table_ap_fixed_0_5_64_array_V, i78 %log_apfixed_reduce_log_lut_table_ap_fixed_4_4_16_array_V, i75 %log_apfixed_reduce_log_lut_table_ap_fixed_7_6_64_array_V, i70 %log_apfixed_reduce_log_lut_table_ap_fixed_12_6_64_array_V, i65 %log_apfixed_reduce_log_lut_table_ap_fixed_17_6_64_array_V, i60 %log_apfixed_reduce_log_lut_table_ap_fixed_22_6_64_array_V, i32 %f_x_msb_4_table_V, i16 %f_x_msb_5_table_V, i51 %f_x_msb_3_table_V, i64 %f_x_msb_2_table_V, i68 %exp_x_msb_1_table_V" [cluster/cluster.cpp:50]   --->   Operation 58 'call' 'tmp_s' <Predicate = true> <Delay = 4.06> <CoreType = "Generic">   --->   Core 0 '' <Latency = 0> <II = 1> <Delay = 1.00> <Generic> <Opcode : >

State 6 <SV = 5> <Delay = 6.80>
ST_6 : Operation 59 [1/2] (6.80ns)   --->   "%tmp = call i31 @pow, i32 %zext_ln44, i6 %log_apfixed_reduce_log_inverse_lut_table_array_V, i82 %log_apfixed_reduce_log0_lut_table_ap_fixed_0_5_64_array_V, i78 %log_apfixed_reduce_log_lut_table_ap_fixed_4_4_16_array_V, i75 %log_apfixed_reduce_log_lut_table_ap_fixed_7_6_64_array_V, i70 %log_apfixed_reduce_log_lut_table_ap_fixed_12_6_64_array_V, i65 %log_apfixed_reduce_log_lut_table_ap_fixed_17_6_64_array_V, i60 %log_apfixed_reduce_log_lut_table_ap_fixed_22_6_64_array_V, i32 %f_x_msb_4_table_V, i16 %f_x_msb_5_table_V, i51 %f_x_msb_3_table_V, i64 %f_x_msb_2_table_V, i68 %exp_x_msb_1_table_V" [cluster/cluster.cpp:50]   --->   Operation 59 'call' 'tmp' <Predicate = true> <Delay = 6.80> <CoreType = "Generic">   --->   Core 0 '' <Latency = 0> <II = 1> <Delay = 1.00> <Generic> <Opcode : >
ST_6 : Operation 60 [1/2] (6.80ns)   --->   "%tmp_s = call i31 @pow, i32 %sub_ln50, i6 %log_apfixed_reduce_log_inverse_lut_table_array_V, i82 %log_apfixed_reduce_log0_lut_table_ap_fixed_0_5_64_array_V, i78 %log_apfixed_reduce_log_lut_table_ap_fixed_4_4_16_array_V, i75 %log_apfixed_reduce_log_lut_table_ap_fixed_7_6_64_array_V, i70 %log_apfixed_reduce_log_lut_table_ap_fixed_12_6_64_array_V, i65 %log_apfixed_reduce_log_lut_table_ap_fixed_17_6_64_array_V, i60 %log_apfixed_reduce_log_lut_table_ap_fixed_22_6_64_array_V, i32 %f_x_msb_4_table_V, i16 %f_x_msb_5_table_V, i51 %f_x_msb_3_table_V, i64 %f_x_msb_2_table_V, i68 %exp_x_msb_1_table_V" [cluster/cluster.cpp:50]   --->   Operation 60 'call' 'tmp_s' <Predicate = true> <Delay = 6.80> <CoreType = "Generic">   --->   Core 0 '' <Latency = 0> <II = 1> <Delay = 1.00> <Generic> <Opcode : >

State 7 <SV = 6> <Delay = 2.52>
ST_7 : Operation 61 [1/1] (0.00ns)   --->   "%zext_ln50 = zext i31 %tmp" [cluster/cluster.cpp:50]   --->   Operation 61 'zext' 'zext_ln50' <Predicate = true> <Delay = 0.00>
ST_7 : Operation 62 [1/1] (0.00ns)   --->   "%zext_ln50_1 = zext i31 %tmp_s" [cluster/cluster.cpp:50]   --->   Operation 62 'zext' 'zext_ln50_1' <Predicate = true> <Delay = 0.00>
ST_7 : Operation 63 [1/1] (2.52ns)   --->   "%xf_V = add i32 %zext_ln50_1, i32 %zext_ln50" [cluster/cluster.cpp:50]   --->   Operation 63 'add' 'xf_V' <Predicate = true> <Delay = 2.52> <CoreInst = "Adder">   --->   Core 1 'Adder' <Latency = 0> <II = 1> <Delay = 2.52> <FuncUnit> <Opcode : 'add' 'sub'> <InPorts = 2> <OutPorts = 1>

State 8 <SV = 7> <Delay = 7.12>
ST_8 : Operation 64 [9/9] (7.12ns)   --->   "%p_Val2_s = call i16 @sqrt_fixed<32, 32>, i32 %xf_V" [C:\scratch\2022.2\hls_product\608\2022.2\src\shared\hls\clib/hlsmath/include\hls_sqrt_apfixed.h:381]   --->   Operation 64 'call' 'p_Val2_s' <Predicate = true> <Delay = 7.12> <CoreType = "Generic">   --->   Core 0 '' <Latency = 0> <II = 1> <Delay = 1.00> <Generic> <Opcode : >

State 9 <SV = 8> <Delay = 7.15>
ST_9 : Operation 65 [8/9] (7.15ns)   --->   "%p_Val2_s = call i16 @sqrt_fixed<32, 32>, i32 %xf_V" [C:\scratch\2022.2\hls_product\608\2022.2\src\shared\hls\clib/hlsmath/include\hls_sqrt_apfixed.h:381]   --->   Operation 65 'call' 'p_Val2_s' <Predicate = true> <Delay = 7.15> <CoreType = "Generic">   --->   Core 0 '' <Latency = 0> <II = 1> <Delay = 1.00> <Generic> <Opcode : >

State 10 <SV = 9> <Delay = 7.15>
ST_10 : Operation 66 [7/9] (7.15ns)   --->   "%p_Val2_s = call i16 @sqrt_fixed<32, 32>, i32 %xf_V" [C:\scratch\2022.2\hls_product\608\2022.2\src\shared\hls\clib/hlsmath/include\hls_sqrt_apfixed.h:381]   --->   Operation 66 'call' 'p_Val2_s' <Predicate = true> <Delay = 7.15> <CoreType = "Generic">   --->   Core 0 '' <Latency = 0> <II = 1> <Delay = 1.00> <Generic> <Opcode : >

State 11 <SV = 10> <Delay = 7.15>
ST_11 : Operation 67 [6/9] (7.15ns)   --->   "%p_Val2_s = call i16 @sqrt_fixed<32, 32>, i32 %xf_V" [C:\scratch\2022.2\hls_product\608\2022.2\src\shared\hls\clib/hlsmath/include\hls_sqrt_apfixed.h:381]   --->   Operation 67 'call' 'p_Val2_s' <Predicate = true> <Delay = 7.15> <CoreType = "Generic">   --->   Core 0 '' <Latency = 0> <II = 1> <Delay = 1.00> <Generic> <Opcode : >

State 12 <SV = 11> <Delay = 7.15>
ST_12 : Operation 68 [5/9] (7.15ns)   --->   "%p_Val2_s = call i16 @sqrt_fixed<32, 32>, i32 %xf_V" [C:\scratch\2022.2\hls_product\608\2022.2\src\shared\hls\clib/hlsmath/include\hls_sqrt_apfixed.h:381]   --->   Operation 68 'call' 'p_Val2_s' <Predicate = true> <Delay = 7.15> <CoreType = "Generic">   --->   Core 0 '' <Latency = 0> <II = 1> <Delay = 1.00> <Generic> <Opcode : >

State 13 <SV = 12> <Delay = 7.15>
ST_13 : Operation 69 [4/9] (7.15ns)   --->   "%p_Val2_s = call i16 @sqrt_fixed<32, 32>, i32 %xf_V" [C:\scratch\2022.2\hls_product\608\2022.2\src\shared\hls\clib/hlsmath/include\hls_sqrt_apfixed.h:381]   --->   Operation 69 'call' 'p_Val2_s' <Predicate = true> <Delay = 7.15> <CoreType = "Generic">   --->   Core 0 '' <Latency = 0> <II = 1> <Delay = 1.00> <Generic> <Opcode : >

State 14 <SV = 13> <Delay = 7.15>
ST_14 : Operation 70 [3/9] (7.15ns)   --->   "%p_Val2_s = call i16 @sqrt_fixed<32, 32>, i32 %xf_V" [C:\scratch\2022.2\hls_product\608\2022.2\src\shared\hls\clib/hlsmath/include\hls_sqrt_apfixed.h:381]   --->   Operation 70 'call' 'p_Val2_s' <Predicate = true> <Delay = 7.15> <CoreType = "Generic">   --->   Core 0 '' <Latency = 0> <II = 1> <Delay = 1.00> <Generic> <Opcode : >

State 15 <SV = 14> <Delay = 7.15>
ST_15 : Operation 71 [2/9] (7.15ns)   --->   "%p_Val2_s = call i16 @sqrt_fixed<32, 32>, i32 %xf_V" [C:\scratch\2022.2\hls_product\608\2022.2\src\shared\hls\clib/hlsmath/include\hls_sqrt_apfixed.h:381]   --->   Operation 71 'call' 'p_Val2_s' <Predicate = true> <Delay = 7.15> <CoreType = "Generic">   --->   Core 0 '' <Latency = 0> <II = 1> <Delay = 1.00> <Generic> <Opcode : >

State 16 <SV = 15> <Delay = 6.54>
ST_16 : Operation 72 [1/9] (6.54ns)   --->   "%p_Val2_s = call i16 @sqrt_fixed<32, 32>, i32 %xf_V" [C:\scratch\2022.2\hls_product\608\2022.2\src\shared\hls\clib/hlsmath/include\hls_sqrt_apfixed.h:381]   --->   Operation 72 'call' 'p_Val2_s' <Predicate = true> <Delay = 6.54> <CoreType = "Generic">   --->   Core 0 '' <Latency = 0> <II = 1> <Delay = 1.00> <Generic> <Opcode : >

State 17 <SV = 16> <Delay = 6.41>
ST_17 : Operation 73 [1/1] (0.00ns)   --->   "%zext_ln987 = zext i16 %p_Val2_s"   --->   Operation 73 'zext' 'zext_ln987' <Predicate = true> <Delay = 0.00>
ST_17 : Operation 74 [6/6] (6.41ns)   --->   "%euclidean_distance = sitofp i32 %zext_ln987" [cluster/cluster.cpp:50]   --->   Operation 74 'sitofp' 'euclidean_distance' <Predicate = true> <Delay = 6.41> <CoreInst = "Int2Float">   --->   Core 62 'Int2Float' <Latency = 5> <II = 1> <Delay = 6.41> <FuncUnit> <Opcode : 'sitofp' 'uitofp'> <InPorts = 1> <OutPorts = 1>

State 18 <SV = 17> <Delay = 6.41>
ST_18 : Operation 75 [5/6] (6.41ns)   --->   "%euclidean_distance = sitofp i32 %zext_ln987" [cluster/cluster.cpp:50]   --->   Operation 75 'sitofp' 'euclidean_distance' <Predicate = true> <Delay = 6.41> <CoreInst = "Int2Float">   --->   Core 62 'Int2Float' <Latency = 5> <II = 1> <Delay = 6.41> <FuncUnit> <Opcode : 'sitofp' 'uitofp'> <InPorts = 1> <OutPorts = 1>

State 19 <SV = 18> <Delay = 6.41>
ST_19 : Operation 76 [4/6] (6.41ns)   --->   "%euclidean_distance = sitofp i32 %zext_ln987" [cluster/cluster.cpp:50]   --->   Operation 76 'sitofp' 'euclidean_distance' <Predicate = true> <Delay = 6.41> <CoreInst = "Int2Float">   --->   Core 62 'Int2Float' <Latency = 5> <II = 1> <Delay = 6.41> <FuncUnit> <Opcode : 'sitofp' 'uitofp'> <InPorts = 1> <OutPorts = 1>

State 20 <SV = 19> <Delay = 6.41>
ST_20 : Operation 77 [3/6] (6.41ns)   --->   "%euclidean_distance = sitofp i32 %zext_ln987" [cluster/cluster.cpp:50]   --->   Operation 77 'sitofp' 'euclidean_distance' <Predicate = true> <Delay = 6.41> <CoreInst = "Int2Float">   --->   Core 62 'Int2Float' <Latency = 5> <II = 1> <Delay = 6.41> <FuncUnit> <Opcode : 'sitofp' 'uitofp'> <InPorts = 1> <OutPorts = 1>

State 21 <SV = 20> <Delay = 6.41>
ST_21 : Operation 78 [2/6] (6.41ns)   --->   "%euclidean_distance = sitofp i32 %zext_ln987" [cluster/cluster.cpp:50]   --->   Operation 78 'sitofp' 'euclidean_distance' <Predicate = true> <Delay = 6.41> <CoreInst = "Int2Float">   --->   Core 62 'Int2Float' <Latency = 5> <II = 1> <Delay = 6.41> <FuncUnit> <Opcode : 'sitofp' 'uitofp'> <InPorts = 1> <OutPorts = 1>

State 22 <SV = 21> <Delay = 6.41>
ST_22 : Operation 79 [1/6] (6.41ns)   --->   "%euclidean_distance = sitofp i32 %zext_ln987" [cluster/cluster.cpp:50]   --->   Operation 79 'sitofp' 'euclidean_distance' <Predicate = true> <Delay = 6.41> <CoreInst = "Int2Float">   --->   Core 62 'Int2Float' <Latency = 5> <II = 1> <Delay = 6.41> <FuncUnit> <Opcode : 'sitofp' 'uitofp'> <InPorts = 1> <OutPorts = 1>

State 23 <SV = 22> <Delay = 5.43>
ST_23 : Operation 80 [1/1] (0.00ns)   --->   "%bitcast_ln53 = bitcast i32 %euclidean_distance" [cluster/cluster.cpp:53]   --->   Operation 80 'bitcast' 'bitcast_ln53' <Predicate = true> <Delay = 0.00>
ST_23 : Operation 81 [1/1] (0.00ns)   --->   "%tmp_23 = partselect i8 @_ssdm_op_PartSelect.i8.i32.i32.i32, i32 %bitcast_ln53, i32 23, i32 30" [cluster/cluster.cpp:53]   --->   Operation 81 'partselect' 'tmp_23' <Predicate = true> <Delay = 0.00>
ST_23 : Operation 82 [1/1] (0.00ns)   --->   "%trunc_ln53 = trunc i32 %bitcast_ln53" [cluster/cluster.cpp:53]   --->   Operation 82 'trunc' 'trunc_ln53' <Predicate = true> <Delay = 0.00>
ST_23 : Operation 83 [1/1] (1.55ns)   --->   "%icmp_ln53 = icmp_ne  i8 %tmp_23, i8 255" [cluster/cluster.cpp:53]   --->   Operation 83 'icmp' 'icmp_ln53' <Predicate = true> <Delay = 1.55> <CoreInst = "Cmp">   --->   Core 9 'Cmp' <Latency = 0> <II = 1> <Delay = 1.55> <FuncUnit> <Opcode : 'icmp'> <InPorts = 2> <OutPorts = 1>
ST_23 : Operation 84 [1/1] (2.44ns)   --->   "%icmp_ln53_1 = icmp_eq  i23 %trunc_ln53, i23 0" [cluster/cluster.cpp:53]   --->   Operation 84 'icmp' 'icmp_ln53_1' <Predicate = true> <Delay = 2.44> <CoreInst = "Cmp">   --->   Core 9 'Cmp' <Latency = 0> <II = 1> <Delay = 2.44> <FuncUnit> <Opcode : 'icmp'> <InPorts = 2> <OutPorts = 1>
ST_23 : Operation 85 [2/2] (5.43ns)   --->   "%tmp_24 = fcmp_olt  i32 %euclidean_distance, i32 200" [cluster/cluster.cpp:53]   --->   Operation 85 'fcmp' 'tmp_24' <Predicate = true> <Delay = 5.43> <CoreInst = "FCompare">   --->   Core 19 'FCompare' <Latency = 1> <II = 1> <Delay = 5.43> <FuncUnit> <Opcode : 'fcmp'> <InPorts = 2> <OutPorts = 1>

State 24 <SV = 23> <Delay = 6.40>
ST_24 : Operation 86 [1/1] (0.00ns) (grouped into LUT with out node and_ln53)   --->   "%or_ln53 = or i1 %icmp_ln53_1, i1 %icmp_ln53" [cluster/cluster.cpp:53]   --->   Operation 86 'or' 'or_ln53' <Predicate = true> <Delay = 0.00> <CoreInst = "LogicGate">   --->   Core 74 'LogicGate' <Latency = 0> <II = 1> <Delay = 0.97> <FuncUnit> <Opcode : 'and' 'or' 'xor'> <InPorts = 2> <OutPorts = 1>
ST_24 : Operation 87 [1/2] (5.43ns)   --->   "%tmp_24 = fcmp_olt  i32 %euclidean_distance, i32 200" [cluster/cluster.cpp:53]   --->   Operation 87 'fcmp' 'tmp_24' <Predicate = true> <Delay = 5.43> <CoreInst = "FCompare">   --->   Core 19 'FCompare' <Latency = 1> <II = 1> <Delay = 5.43> <FuncUnit> <Opcode : 'fcmp'> <InPorts = 2> <OutPorts = 1>
ST_24 : Operation 88 [1/1] (0.97ns) (out node of the LUT)   --->   "%and_ln53 = and i1 %or_ln53, i1 %tmp_24" [cluster/cluster.cpp:53]   --->   Operation 88 'and' 'and_ln53' <Predicate = true> <Delay = 0.97> <CoreInst = "LogicGate">   --->   Core 74 'LogicGate' <Latency = 0> <II = 1> <Delay = 0.97> <FuncUnit> <Opcode : 'and' 'or' 'xor'> <InPorts = 2> <OutPorts = 1>
ST_24 : Operation 89 [1/1] (0.00ns)   --->   "%br_ln53 = br i1 %and_ln53, void %for.inc54, void %if.then37" [cluster/cluster.cpp:53]   --->   Operation 89 'br' 'br_ln53' <Predicate = true> <Delay = 0.00>

State 25 <SV = 24> <Delay = 4.14>
ST_25 : Operation 90 [1/1] (0.00ns)   --->   "%p_load = load i32 %empty" [cluster/cluster.cpp:55]   --->   Operation 90 'load' 'p_load' <Predicate = (!or_ln43 & and_ln53)> <Delay = 0.00>
ST_25 : Operation 91 [1/1] (0.00ns)   --->   "%zext_ln54 = zext i32 %p_load" [cluster/cluster.cpp:54]   --->   Operation 91 'zext' 'zext_ln54' <Predicate = (!or_ln43 & and_ln53)> <Delay = 0.00>
ST_25 : Operation 92 [1/1] (0.00ns)   --->   "%clusters_members_addr = getelementptr i9 %clusters_members, i64 0, i64 %zext_ln54" [cluster/cluster.cpp:54]   --->   Operation 92 'getelementptr' 'clusters_members_addr' <Predicate = (!or_ln43 & and_ln53)> <Delay = 0.00>
ST_25 : Operation 93 [1/1] (3.25ns)   --->   "%store_ln54 = store i9 %candidate, i17 %clusters_members_addr" [cluster/cluster.cpp:54]   --->   Operation 93 'store' 'store_ln54' <Predicate = (!or_ln43 & and_ln53)> <Delay = 3.25> <CoreInst = "RAM">   --->   Core 82 'RAM' <Latency = 1> <II = 1> <Delay = 3.25> <Storage> <Opcode : 'load' 'store'> <Ports = 2> <Width = 9> <Depth = 129600> <RAM>
ST_25 : Operation 94 [1/1] (2.55ns)   --->   "%add_ln55 = add i32 %p_load, i32 1" [cluster/cluster.cpp:55]   --->   Operation 94 'add' 'add_ln55' <Predicate = (!or_ln43 & and_ln53)> <Delay = 2.55> <CoreInst = "Adder">   --->   Core 1 'Adder' <Latency = 0> <II = 1> <Delay = 2.55> <FuncUnit> <Opcode : 'add' 'sub'> <InPorts = 2> <OutPorts = 1>
ST_25 : Operation 95 [1/1] (2.32ns)   --->   "%store_ln56 = store i1 1, i9 %grouped_addr" [cluster/cluster.cpp:56]   --->   Operation 95 'store' 'store_ln56' <Predicate = (!or_ln43 & and_ln53)> <Delay = 2.32> <CoreInst = "RAM">   --->   Core 82 'RAM' <Latency = 1> <II = 1> <Delay = 2.32> <Storage> <Opcode : 'load' 'store'> <Ports = 2> <Width = 1> <Depth = 360> <RAM>
ST_25 : Operation 96 [1/1] (1.58ns)   --->   "%store_ln57 = store i32 %add_ln55, i32 %empty" [cluster/cluster.cpp:57]   --->   Operation 96 'store' 'store_ln57' <Predicate = (!or_ln43 & and_ln53)> <Delay = 1.58>
ST_25 : Operation 97 [1/1] (0.00ns)   --->   "%br_ln57 = br void %for.inc54" [cluster/cluster.cpp:57]   --->   Operation 97 'br' 'br_ln57' <Predicate = (!or_ln43 & and_ln53)> <Delay = 0.00>
ST_25 : Operation 98 [1/1] (1.58ns)   --->   "%store_ln42 = store i9 %add_ln42, i9 %delta_angle" [cluster/cluster.cpp:42]   --->   Operation 98 'store' 'store_ln42' <Predicate = true> <Delay = 1.58>
ST_25 : Operation 99 [1/1] (0.00ns)   --->   "%br_ln42 = br void %for.body19" [cluster/cluster.cpp:42]   --->   Operation 99 'br' 'br_ln42' <Predicate = true> <Delay = 0.00>


============================================================
+ Verbose Summary: Binding
============================================================
STG Binding: 
---------------- STG Properties BEGIN ----------------
- Is combinational: 0
- Is one-state seq: 0
- Is datapath-only: 0
- Is pipelined: 0
- Is top level: 0
Port [ Return ] is wired: 1; IO mode=ap_ctrl_hs:ce=0
Port [ grouped]:  wired=1; compound=1; hidden=0; nouse=0; global=0; static=0; extern=0; dir=2; type=1; pingpong=0; private_global=0; MemPort=[23]; IO mode=ap_memory:ce=0
Port [ distances]:  wired=1; compound=1; hidden=0; nouse=0; global=0; static=0; extern=0; dir=0; type=1; pingpong=0; private_global=0; MemPort=[13]; IO mode=ap_memory:ce=0
Port [ distances_load]:  wired=1; compound=0; hidden=0; nouse=0; global=0; static=0; extern=0; dir=0; type=0; pingpong=0; private_global=0; IO mode=ap_none:ce=0
Port [ clusters_members]:  wired=1; compound=1; hidden=0; nouse=0; global=0; static=0; extern=0; dir=1; type=1; pingpong=0; private_global=0; MemPort=[03]; IO mode=ap_memory:ce=0
Port [ p_out]:  wired=1; compound=0; hidden=0; nouse=0; global=0; static=0; extern=0; dir=1; type=0; pingpong=0; private_global=0; IO mode=ap_vld:ce=0
Port [ log_apfixed_reduce_log_inverse_lut_table_array_V]:  wired=0; compound=1; hidden=1; nouse=1; global=1; static=1; extern=0; dir=0; type=1; pingpong=0; private_global=0; MemPort=[1]; IO mode=ap_memory:ce=0
Port [ log_apfixed_reduce_log0_lut_table_ap_fixed_0_5_64_array_V]:  wired=0; compound=1; hidden=1; nouse=1; global=1; static=1; extern=0; dir=0; type=1; pingpong=0; private_global=0; MemPort=[1]; IO mode=ap_memory:ce=0
Port [ log_apfixed_reduce_log_lut_table_ap_fixed_4_4_16_array_V]:  wired=0; compound=1; hidden=1; nouse=1; global=1; static=1; extern=0; dir=0; type=1; pingpong=0; private_global=0; MemPort=[1]; IO mode=ap_memory:ce=0
Port [ log_apfixed_reduce_log_lut_table_ap_fixed_7_6_64_array_V]:  wired=0; compound=1; hidden=1; nouse=1; global=1; static=1; extern=0; dir=0; type=1; pingpong=0; private_global=0; MemPort=[1]; IO mode=ap_memory:ce=0
Port [ log_apfixed_reduce_log_lut_table_ap_fixed_12_6_64_array_V]:  wired=0; compound=1; hidden=1; nouse=1; global=1; static=1; extern=0; dir=0; type=1; pingpong=0; private_global=0; MemPort=[1]; IO mode=ap_memory:ce=0
Port [ log_apfixed_reduce_log_lut_table_ap_fixed_17_6_64_array_V]:  wired=0; compound=1; hidden=1; nouse=1; global=1; static=1; extern=0; dir=0; type=1; pingpong=0; private_global=0; MemPort=[1]; IO mode=ap_memory:ce=0
Port [ log_apfixed_reduce_log_lut_table_ap_fixed_22_6_64_array_V]:  wired=0; compound=1; hidden=1; nouse=1; global=1; static=1; extern=0; dir=0; type=1; pingpong=0; private_global=0; MemPort=[1]; IO mode=ap_memory:ce=0
Port [ f_x_msb_4_table_V]:  wired=0; compound=1; hidden=1; nouse=1; global=1; static=1; extern=0; dir=0; type=1; pingpong=0; private_global=0; MemPort=[1]; IO mode=ap_memory:ce=0
Port [ f_x_msb_5_table_V]:  wired=0; compound=1; hidden=1; nouse=1; global=1; static=1; extern=0; dir=0; type=1; pingpong=0; private_global=0; MemPort=[1]; IO mode=ap_memory:ce=0
Port [ f_x_msb_3_table_V]:  wired=0; compound=1; hidden=1; nouse=1; global=1; static=1; extern=0; dir=0; type=1; pingpong=0; private_global=0; MemPort=[1]; IO mode=ap_memory:ce=0
Port [ f_x_msb_2_table_V]:  wired=0; compound=1; hidden=1; nouse=1; global=1; static=1; extern=0; dir=0; type=1; pingpong=0; private_global=0; MemPort=[1]; IO mode=ap_memory:ce=0
Port [ exp_x_msb_1_table_V]:  wired=0; compound=1; hidden=1; nouse=1; global=1; static=1; extern=0; dir=0; type=1; pingpong=0; private_global=0; MemPort=[1]; IO mode=ap_memory:ce=0
---------------- STG Properties END ------------------

---------------- Datapath Model BEGIN ----------------

<LifeTime>
<method=bitvector/>
delta_angle           (alloca           ) [ 01111111111111111111111111]
empty                 (alloca           ) [ 01111111111111111111111111]
distances_load_read   (read             ) [ 00111111111111111111111111]
store_ln0             (store            ) [ 00000000000000000000000000]
store_ln0             (store            ) [ 00000000000000000000000000]
br_ln0                (br               ) [ 00000000000000000000000000]
candidate             (load             ) [ 00011111111111111111111111]
specpipeline_ln0      (specpipeline     ) [ 00000000000000000000000000]
icmp_ln42             (icmp             ) [ 00111111111111111111111111]
empty_469             (speclooptripcount) [ 00000000000000000000000000]
add_ln42              (add              ) [ 00011111111111111111111111]
br_ln42               (br               ) [ 00000000000000000000000000]
delta_angle_cast8     (zext             ) [ 00010000000000000000000000]
grouped_addr          (getelementptr    ) [ 00011111111111111111111111]
p_load2               (load             ) [ 00000000000000000000000000]
write_ln0             (write            ) [ 00000000000000000000000000]
ret_ln0               (ret              ) [ 00000000000000000000000000]
specloopname_ln42     (specloopname     ) [ 00000000000000000000000000]
grouped_load          (load             ) [ 00000000000000000000000000]
icmp_ln43             (icmp             ) [ 00000000000000000000000000]
or_ln43               (or               ) [ 00111111111111111111111111]
br_ln43               (br               ) [ 00000000000000000000000000]
distances_addr        (getelementptr    ) [ 00001000000000000000000000]
distances_load_1      (load             ) [ 00000000000000000000000000]
sub_ln50              (sub              ) [ 00000110000000000000000000]
icmp_ln45             (icmp             ) [ 00000000000000000000000000]
sub_ln46              (sub              ) [ 00000000000000000000000000]
delta_angle_284       (select           ) [ 00000000000000000000000000]
zext_ln44             (zext             ) [ 00000010000000000000000000]
tmp                   (call             ) [ 00000001000000000000000000]
tmp_s                 (call             ) [ 00000001000000000000000000]
zext_ln50             (zext             ) [ 00000000000000000000000000]
zext_ln50_1           (zext             ) [ 00000000000000000000000000]
xf_V                  (add              ) [ 00000000111111111000000000]
p_Val2_s              (call             ) [ 00000000000000000100000000]
zext_ln987            (zext             ) [ 00000000000000000011111000]
euclidean_distance    (sitofp           ) [ 00000000000000000000000110]
bitcast_ln53          (bitcast          ) [ 00000000000000000000000000]
tmp_23                (partselect       ) [ 00000000000000000000000000]
trunc_ln53            (trunc            ) [ 00000000000000000000000000]
icmp_ln53             (icmp             ) [ 00000000000000000000000010]
icmp_ln53_1           (icmp             ) [ 00000000000000000000000010]
or_ln53               (or               ) [ 00000000000000000000000000]
tmp_24                (fcmp             ) [ 00000000000000000000000000]
and_ln53              (and              ) [ 00110000000000000000000001]
br_ln53               (br               ) [ 00000000000000000000000000]
p_load                (load             ) [ 00000000000000000000000000]
zext_ln54             (zext             ) [ 00000000000000000000000000]
clusters_members_addr (getelementptr    ) [ 00000000000000000000000000]
store_ln54            (store            ) [ 00000000000000000000000000]
add_ln55              (add              ) [ 00000000000000000000000000]
store_ln56            (store            ) [ 00000000000000000000000000]
store_ln57            (store            ) [ 00000000000000000000000000]
br_ln57               (br               ) [ 00000000000000000000000000]
store_ln42            (store            ) [ 00000000000000000000000000]
br_ln42               (br               ) [ 00000000000000000000000000]
</LifeTime>

<model>

<comp_list>
<comp id="0" class="1000" name="grouped">
<pin_list>
<pin id="1" dir="1" index="0" bw="1" slack="0"/>
</pin_list>
<bind>
<StgValue><ssdm name="grouped"/><MemPortTyVec>2 3 </MemPortTyVec>
</StgValue>
</bind>
</comp>

<comp id="2" class="1000" name="distances">
<pin_list>
<pin id="3" dir="1" index="0" bw="1" slack="0"/>
</pin_list>
<bind>
<StgValue><ssdm name="distances"/><MemPortTyVec>1 3 </MemPortTyVec>
</StgValue>
</bind>
</comp>

<comp id="4" class="1000" name="distances_load">
<pin_list>
<pin id="5" dir="1" index="0" bw="1" slack="0"/>
</pin_list>
<bind>
<StgValue><ssdm name="distances_load"/></StgValue>
</bind>
</comp>

<comp id="6" class="1000" name="clusters_members">
<pin_list>
<pin id="7" dir="1" index="0" bw="1" slack="0"/>
</pin_list>
<bind>
<StgValue><ssdm name="clusters_members"/><MemPortTyVec>0 3 </MemPortTyVec>
</StgValue>
</bind>
</comp>

<comp id="8" class="1000" name="p_out">
<pin_list>
<pin id="9" dir="1" index="0" bw="1" slack="0"/>
</pin_list>
<bind>
<StgValue><ssdm name="p_out"/></StgValue>
</bind>
</comp>

<comp id="10" class="1000" name="log_apfixed_reduce_log_inverse_lut_table_array_V">
<pin_list>
<pin id="11" dir="1" index="0" bw="1" slack="0"/>
</pin_list>
<bind>
<StgValue><ssdm name="log_apfixed_reduce_log_inverse_lut_table_array_V"/><MemPortTyVec>1 </MemPortTyVec>
</StgValue>
</bind>
</comp>

<comp id="12" class="1000" name="log_apfixed_reduce_log0_lut_table_ap_fixed_0_5_64_array_V">
<pin_list>
<pin id="13" dir="1" index="0" bw="1" slack="0"/>
</pin_list>
<bind>
<StgValue><ssdm name="log_apfixed_reduce_log0_lut_table_ap_fixed_0_5_64_array_V"/><MemPortTyVec>1 </MemPortTyVec>
</StgValue>
</bind>
</comp>

<comp id="14" class="1000" name="log_apfixed_reduce_log_lut_table_ap_fixed_4_4_16_array_V">
<pin_list>
<pin id="15" dir="1" index="0" bw="1" slack="0"/>
</pin_list>
<bind>
<StgValue><ssdm name="log_apfixed_reduce_log_lut_table_ap_fixed_4_4_16_array_V"/><MemPortTyVec>1 </MemPortTyVec>
</StgValue>
</bind>
</comp>

<comp id="16" class="1000" name="log_apfixed_reduce_log_lut_table_ap_fixed_7_6_64_array_V">
<pin_list>
<pin id="17" dir="1" index="0" bw="1" slack="0"/>
</pin_list>
<bind>
<StgValue><ssdm name="log_apfixed_reduce_log_lut_table_ap_fixed_7_6_64_array_V"/><MemPortTyVec>1 </MemPortTyVec>
</StgValue>
</bind>
</comp>

<comp id="18" class="1000" name="log_apfixed_reduce_log_lut_table_ap_fixed_12_6_64_array_V">
<pin_list>
<pin id="19" dir="1" index="0" bw="1" slack="0"/>
</pin_list>
<bind>
<StgValue><ssdm name="log_apfixed_reduce_log_lut_table_ap_fixed_12_6_64_array_V"/><MemPortTyVec>1 </MemPortTyVec>
</StgValue>
</bind>
</comp>

<comp id="20" class="1000" name="log_apfixed_reduce_log_lut_table_ap_fixed_17_6_64_array_V">
<pin_list>
<pin id="21" dir="1" index="0" bw="1" slack="0"/>
</pin_list>
<bind>
<StgValue><ssdm name="log_apfixed_reduce_log_lut_table_ap_fixed_17_6_64_array_V"/><MemPortTyVec>1 </MemPortTyVec>
</StgValue>
</bind>
</comp>

<comp id="22" class="1000" name="log_apfixed_reduce_log_lut_table_ap_fixed_22_6_64_array_V">
<pin_list>
<pin id="23" dir="1" index="0" bw="1" slack="0"/>
</pin_list>
<bind>
<StgValue><ssdm name="log_apfixed_reduce_log_lut_table_ap_fixed_22_6_64_array_V"/><MemPortTyVec>1 </MemPortTyVec>
</StgValue>
</bind>
</comp>

<comp id="24" class="1000" name="f_x_msb_4_table_V">
<pin_list>
<pin id="25" dir="1" index="0" bw="1" slack="0"/>
</pin_list>
<bind>
<StgValue><ssdm name="f_x_msb_4_table_V"/><MemPortTyVec>1 </MemPortTyVec>
</StgValue>
</bind>
</comp>

<comp id="26" class="1000" name="f_x_msb_5_table_V">
<pin_list>
<pin id="27" dir="1" index="0" bw="1" slack="0"/>
</pin_list>
<bind>
<StgValue><ssdm name="f_x_msb_5_table_V"/><MemPortTyVec>1 </MemPortTyVec>
</StgValue>
</bind>
</comp>

<comp id="28" class="1000" name="f_x_msb_3_table_V">
<pin_list>
<pin id="29" dir="1" index="0" bw="1" slack="0"/>
</pin_list>
<bind>
<StgValue><ssdm name="f_x_msb_3_table_V"/><MemPortTyVec>1 </MemPortTyVec>
</StgValue>
</bind>
</comp>

<comp id="30" class="1000" name="f_x_msb_2_table_V">
<pin_list>
<pin id="31" dir="1" index="0" bw="1" slack="0"/>
</pin_list>
<bind>
<StgValue><ssdm name="f_x_msb_2_table_V"/><MemPortTyVec>1 </MemPortTyVec>
</StgValue>
</bind>
</comp>

<comp id="32" class="1000" name="exp_x_msb_1_table_V">
<pin_list>
<pin id="33" dir="1" index="0" bw="1" slack="0"/>
</pin_list>
<bind>
<StgValue><ssdm name="exp_x_msb_1_table_V"/><MemPortTyVec>1 </MemPortTyVec>
</StgValue>
</bind>
</comp>

<comp id="34" class="1001" name="const_34">
<pin_list>
<pin id="35" dir="1" index="0" bw="1" slack="0"/>
</pin_list>
<bind>
<StgValue><ssdm name=""/></StgValue>
</bind>
</comp>

<comp id="36" class="1001" name="const_36">
<pin_list>
<pin id="37" dir="1" index="0" bw="1" slack="0"/>
</pin_list>
<bind>
<StgValue><ssdm name="_ssdm_op_Read.ap_auto.i32"/></StgValue>
</bind>
</comp>

<comp id="38" class="1001" name="const_38">
<pin_list>
<pin id="39" dir="1" index="0" bw="1" slack="0"/>
</pin_list>
<bind>
<StgValue><ssdm name=""/></StgValue>
</bind>
</comp>

<comp id="40" class="1001" name="const_40">
<pin_list>
<pin id="41" dir="1" index="0" bw="1" slack="2147483647"/>
</pin_list>
<bind>
<StgValue><ssdm name="_ssdm_op_SpecPipeline"/></StgValue>
</bind>
</comp>

<comp id="42" class="1001" name="const_42">
<pin_list>
<pin id="43" dir="1" index="0" bw="1" slack="2147483647"/>
</pin_list>
<bind>
<StgValue><ssdm name=""/></StgValue>
</bind>
</comp>

<comp id="44" class="1001" name="const_44">
<pin_list>
<pin id="45" dir="1" index="0" bw="1" slack="2147483647"/>
</pin_list>
<bind>
<StgValue><ssdm name=""/></StgValue>
</bind>
</comp>

<comp id="46" class="1001" name="const_46">
<pin_list>
<pin id="47" dir="1" index="0" bw="1" slack="2147483647"/>
</pin_list>
<bind>
<StgValue><ssdm name="p_str"/></StgValue>
</bind>
</comp>

<comp id="48" class="1001" name="const_48">
<pin_list>
<pin id="49" dir="1" index="0" bw="1" slack="0"/>
</pin_list>
<bind>
<StgValue><ssdm name=""/></StgValue>
</bind>
</comp>

<comp id="50" class="1001" name="const_50">
<pin_list>
<pin id="51" dir="1" index="0" bw="1" slack="2147483647"/>
</pin_list>
<bind>
<StgValue><ssdm name="_ssdm_op_SpecLoopTripCount"/></StgValue>
</bind>
</comp>

<comp id="52" class="1001" name="const_52">
<pin_list>
<pin id="53" dir="1" index="0" bw="1" slack="2147483647"/>
</pin_list>
<bind>
<StgValue><ssdm name=""/></StgValue>
</bind>
</comp>

<comp id="54" class="1001" name="const_54">
<pin_list>
<pin id="55" dir="1" index="0" bw="1" slack="0"/>
</pin_list>
<bind>
<StgValue><ssdm name=""/></StgValue>
</bind>
</comp>

<comp id="56" class="1001" name="const_56">
<pin_list>
<pin id="57" dir="1" index="0" bw="1" slack="0"/>
</pin_list>
<bind>
<StgValue><ssdm name=""/></StgValue>
</bind>
</comp>

<comp id="58" class="1001" name="const_58">
<pin_list>
<pin id="59" dir="1" index="0" bw="1" slack="0"/>
</pin_list>
<bind>
<StgValue><ssdm name="_ssdm_op_Write.ap_auto.i32P0A"/></StgValue>
</bind>
</comp>

<comp id="60" class="1001" name="const_60">
<pin_list>
<pin id="61" dir="1" index="0" bw="1" slack="2147483647"/>
</pin_list>
<bind>
<StgValue><ssdm name="_ssdm_op_SpecLoopName"/></StgValue>
</bind>
</comp>

<comp id="62" class="1001" name="const_62">
<pin_list>
<pin id="63" dir="1" index="0" bw="1" slack="2147483647"/>
</pin_list>
<bind>
<StgValue><ssdm name="empty_9"/></StgValue>
</bind>
</comp>

<comp id="64" class="1001" name="const_64">
<pin_list>
<pin id="65" dir="1" index="0" bw="1" slack="0"/>
</pin_list>
<bind>
<StgValue><ssdm name=""/></StgValue>
</bind>
</comp>

<comp id="66" class="1001" name="const_66">
<pin_list>
<pin id="67" dir="1" index="0" bw="1" slack="0"/>
</pin_list>
<bind>
<StgValue><ssdm name="pow"/></StgValue>
</bind>
</comp>

<comp id="68" class="1001" name="const_68">
<pin_list>
<pin id="69" dir="1" index="0" bw="1" slack="0"/>
</pin_list>
<bind>
<StgValue><ssdm name="sqrt_fixed<32, 32>"/></StgValue>
</bind>
</comp>

<comp id="70" class="1001" name="const_70">
<pin_list>
<pin id="71" dir="1" index="0" bw="1" slack="0"/>
</pin_list>
<bind>
<StgValue><ssdm name="_ssdm_op_PartSelect.i8.i32.i32.i32"/></StgValue>
</bind>
</comp>

<comp id="72" class="1001" name="const_72">
<pin_list>
<pin id="73" dir="1" index="0" bw="1" slack="0"/>
</pin_list>
<bind>
<StgValue><ssdm name=""/></StgValue>
</bind>
</comp>

<comp id="74" class="1001" name="const_74">
<pin_list>
<pin id="75" dir="1" index="0" bw="1" slack="0"/>
</pin_list>
<bind>
<StgValue><ssdm name=""/></StgValue>
</bind>
</comp>

<comp id="76" class="1001" name="const_76">
<pin_list>
<pin id="77" dir="1" index="0" bw="1" slack="0"/>
</pin_list>
<bind>
<StgValue><ssdm name=""/></StgValue>
</bind>
</comp>

<comp id="78" class="1001" name="const_78">
<pin_list>
<pin id="79" dir="1" index="0" bw="1" slack="0"/>
</pin_list>
<bind>
<StgValue><ssdm name=""/></StgValue>
</bind>
</comp>

<comp id="80" class="1001" name="const_80">
<pin_list>
<pin id="81" dir="1" index="0" bw="1" slack="0"/>
</pin_list>
<bind>
<StgValue><ssdm name=""/></StgValue>
</bind>
</comp>

<comp id="82" class="1001" name="const_82">
<pin_list>
<pin id="83" dir="1" index="0" bw="1" slack="0"/>
</pin_list>
<bind>
<StgValue><ssdm name=""/></StgValue>
</bind>
</comp>

<comp id="84" class="1004" name="delta_angle_fu_84">
<pin_list>
<pin id="85" dir="0" index="0" bw="1" slack="0"/>
<pin id="86" dir="1" index="1" bw="9" slack="0"/>
</pin_list>
<bind>
<opcode="alloca(26) " fcode="alloca"/>
<opset="delta_angle/1 "/>
</bind>
</comp>

<comp id="88" class="1004" name="empty_fu_88">
<pin_list>
<pin id="89" dir="0" index="0" bw="1" slack="0"/>
<pin id="90" dir="1" index="1" bw="32" slack="0"/>
</pin_list>
<bind>
<opcode="alloca(26) " fcode="alloca"/>
<opset="empty/1 "/>
</bind>
</comp>

<comp id="92" class="1004" name="distances_load_read_read_fu_92">
<pin_list>
<pin id="93" dir="0" index="0" bw="32" slack="0"/>
<pin id="94" dir="0" index="1" bw="32" slack="0"/>
<pin id="95" dir="1" index="2" bw="32" slack="3"/>
</pin_list>
<bind>
<opcode="read(1150) " fcode="read"/>
<opset="distances_load_read/1 "/>
</bind>
</comp>

<comp id="98" class="1004" name="write_ln0_write_fu_98">
<pin_list>
<pin id="99" dir="0" index="0" bw="0" slack="0"/>
<pin id="100" dir="0" index="1" bw="32" slack="0"/>
<pin id="101" dir="0" index="2" bw="32" slack="0"/>
<pin id="102" dir="1" index="3" bw="0" slack="2147483647"/>
</pin_list>
<bind>
<opcode="write(1151) " fcode="write"/>
<opset="write_ln0/2 "/>
</bind>
</comp>

<comp id="105" class="1004" name="grouped_addr_gep_fu_105">
<pin_list>
<pin id="106" dir="0" index="0" bw="1" slack="0"/>
<pin id="107" dir="0" index="1" bw="1" slack="0"/>
<pin id="108" dir="0" index="2" bw="9" slack="0"/>
<pin id="109" dir="1" index="3" bw="9" slack="0"/>
</pin_list>
<bind>
<opcode="getelementptr(29) " fcode="getelementptr"/>
<opset="grouped_addr/2 "/>
</bind>
</comp>

<comp id="112" class="1004" name="grp_access_fu_112">
<pin_list>
<pin id="113" dir="0" index="0" bw="9" slack="0"/>
<pin id="114" dir="0" index="1" bw="1" slack="0"/>
<pin id="115" dir="0" index="2" bw="0" slack="2147483647"/>
<pin id="116" dir="1" index="3" bw="1" slack="0"/>
</pin_list>
<bind>
<opcode="load(27) store(28) " fcode="store"/>
<opset="grouped_load/2 store_ln56/25 "/>
</bind>
</comp>

<comp id="118" class="1004" name="distances_addr_gep_fu_118">
<pin_list>
<pin id="119" dir="0" index="0" bw="32" slack="0"/>
<pin id="120" dir="0" index="1" bw="1" slack="0"/>
<pin id="121" dir="0" index="2" bw="9" slack="1"/>
<pin id="122" dir="1" index="3" bw="9" slack="0"/>
</pin_list>
<bind>
<opcode="getelementptr(29) " fcode="getelementptr"/>
<opset="distances_addr/3 "/>
</bind>
</comp>

<comp id="125" class="1004" name="grp_access_fu_125">
<pin_list>
<pin id="126" dir="0" index="0" bw="9" slack="0"/>
<pin id="127" dir="0" index="1" bw="32" slack="2147483647"/>
<pin id="128" dir="0" index="2" bw="0" slack="2147483647"/>
<pin id="129" dir="1" index="3" bw="32" slack="0"/>
</pin_list>
<bind>
<opcode="load(27) " fcode="load"/>
<opset="distances_load_1/3 "/>
</bind>
</comp>

<comp id="131" class="1004" name="clusters_members_addr_gep_fu_131">
<pin_list>
<pin id="132" dir="0" index="0" bw="9" slack="0"/>
<pin id="133" dir="0" index="1" bw="1" slack="0"/>
<pin id="134" dir="0" index="2" bw="32" slack="0"/>
<pin id="135" dir="1" index="3" bw="17" slack="0"/>
</pin_list>
<bind>
<opcode="getelementptr(29) " fcode="getelementptr"/>
<opset="clusters_members_addr/25 "/>
</bind>
</comp>

<comp id="138" class="1004" name="store_ln54_access_fu_138">
<pin_list>
<pin id="139" dir="0" index="0" bw="17" slack="0"/>
<pin id="140" dir="0" index="1" bw="9" slack="2147483647"/>
<pin id="141" dir="0" index="2" bw="0" slack="2147483647"/>
<pin id="142" dir="1" index="3" bw="9" slack="2147483647"/>
</pin_list>
<bind>
<opcode="store(28) " fcode="store"/>
<opset="store_ln54/25 "/>
</bind>
</comp>

<comp id="145" class="1004" name="grp_pow_fu_145">
<pin_list>
<pin id="146" dir="0" index="0" bw="31" slack="0"/>
<pin id="147" dir="0" index="1" bw="9" slack="0"/>
<pin id="148" dir="0" index="2" bw="6" slack="0"/>
<pin id="149" dir="0" index="3" bw="82" slack="0"/>
<pin id="150" dir="0" index="4" bw="78" slack="0"/>
<pin id="151" dir="0" index="5" bw="75" slack="0"/>
<pin id="152" dir="0" index="6" bw="70" slack="0"/>
<pin id="153" dir="0" index="7" bw="65" slack="0"/>
<pin id="154" dir="0" index="8" bw="60" slack="0"/>
<pin id="155" dir="0" index="9" bw="32" slack="0"/>
<pin id="156" dir="0" index="10" bw="16" slack="0"/>
<pin id="157" dir="0" index="11" bw="51" slack="0"/>
<pin id="158" dir="0" index="12" bw="64" slack="0"/>
<pin id="159" dir="0" index="13" bw="68" slack="0"/>
<pin id="160" dir="1" index="14" bw="31" slack="1"/>
</pin_list>
<bind>
<opcode="call(48) " fcode="call"/>
<opset="tmp/5 "/>
</bind>
</comp>

<comp id="174" class="1004" name="grp_pow_fu_174">
<pin_list>
<pin id="175" dir="0" index="0" bw="31" slack="0"/>
<pin id="176" dir="0" index="1" bw="32" slack="1"/>
<pin id="177" dir="0" index="2" bw="6" slack="0"/>
<pin id="178" dir="0" index="3" bw="82" slack="0"/>
<pin id="179" dir="0" index="4" bw="78" slack="0"/>
<pin id="180" dir="0" index="5" bw="75" slack="0"/>
<pin id="181" dir="0" index="6" bw="70" slack="0"/>
<pin id="182" dir="0" index="7" bw="65" slack="0"/>
<pin id="183" dir="0" index="8" bw="60" slack="0"/>
<pin id="184" dir="0" index="9" bw="32" slack="0"/>
<pin id="185" dir="0" index="10" bw="16" slack="0"/>
<pin id="186" dir="0" index="11" bw="51" slack="0"/>
<pin id="187" dir="0" index="12" bw="64" slack="0"/>
<pin id="188" dir="0" index="13" bw="68" slack="0"/>
<pin id="189" dir="1" index="14" bw="31" slack="1"/>
</pin_list>
<bind>
<opcode="call(48) " fcode="call"/>
<opset="tmp_s/5 "/>
</bind>
</comp>

<comp id="203" class="1004" name="grp_sqrt_fixed_32_32_s_fu_203">
<pin_list>
<pin id="204" dir="0" index="0" bw="16" slack="0"/>
<pin id="205" dir="0" index="1" bw="32" slack="1"/>
<pin id="206" dir="1" index="2" bw="16" slack="1"/>
</pin_list>
<bind>
<opcode="call(48) " fcode="call"/>
<opset="p_Val2_s/8 "/>
</bind>
</comp>

<comp id="208" class="1004" name="grp_fu_208">
<pin_list>
<pin id="209" dir="0" index="0" bw="16" slack="0"/>
<pin id="210" dir="1" index="1" bw="32" slack="1"/>
</pin_list>
<bind>
<opcode="sitofp(39) " fcode="sitofp"/>
<opset="euclidean_distance/17 "/>
</bind>
</comp>

<comp id="211" class="1004" name="grp_fu_211">
<pin_list>
<pin id="212" dir="0" index="0" bw="32" slack="1"/>
<pin id="213" dir="0" index="1" bw="32" slack="0"/>
<pin id="214" dir="1" index="2" bw="1" slack="0"/>
</pin_list>
<bind>
<opcode="fcmp(46) " fcode="fcmp"/>
<opset="tmp_24/23 "/>
</bind>
</comp>

<comp id="216" class="1004" name="grp_load_fu_216">
<pin_list>
<pin id="217" dir="0" index="0" bw="32" slack="1"/>
<pin id="218" dir="1" index="1" bw="32" slack="0"/>
</pin_list>
<bind>
<opcode="load(27) " fcode="load"/>
<opset="p_load2/2 p_load/25 "/>
</bind>
</comp>

<comp id="220" class="1004" name="store_ln0_store_fu_220">
<pin_list>
<pin id="221" dir="0" index="0" bw="1" slack="0"/>
<pin id="222" dir="0" index="1" bw="32" slack="0"/>
<pin id="223" dir="1" index="2" bw="0" slack="2147483647"/>
</pin_list>
<bind>
<opcode="store(28) " fcode="store"/>
<opset="store_ln0/1 "/>
</bind>
</comp>

<comp id="225" class="1004" name="store_ln0_store_fu_225">
<pin_list>
<pin id="226" dir="0" index="0" bw="1" slack="0"/>
<pin id="227" dir="0" index="1" bw="9" slack="0"/>
<pin id="228" dir="1" index="2" bw="0" slack="2147483647"/>
</pin_list>
<bind>
<opcode="store(28) " fcode="store"/>
<opset="store_ln0/1 "/>
</bind>
</comp>

<comp id="230" class="1004" name="candidate_load_fu_230">
<pin_list>
<pin id="231" dir="0" index="0" bw="9" slack="1"/>
<pin id="232" dir="1" index="1" bw="9" slack="0"/>
</pin_list>
<bind>
<opcode="load(27) " fcode="load"/>
<opset="candidate/2 "/>
</bind>
</comp>

<comp id="233" class="1004" name="icmp_ln42_fu_233">
<pin_list>
<pin id="234" dir="0" index="0" bw="9" slack="0"/>
<pin id="235" dir="0" index="1" bw="9" slack="0"/>
<pin id="236" dir="1" index="2" bw="1" slack="2147483647"/>
</pin_list>
<bind>
<opcode="icmp(45) " fcode="icmp"/>
<opset="icmp_ln42/2 "/>
</bind>
</comp>

<comp id="239" class="1004" name="add_ln42_fu_239">
<pin_list>
<pin id="240" dir="0" index="0" bw="9" slack="0"/>
<pin id="241" dir="0" index="1" bw="1" slack="0"/>
<pin id="242" dir="1" index="2" bw="9" slack="23"/>
</pin_list>
<bind>
<opcode="add(8) " fcode="add"/>
<opset="add_ln42/2 "/>
</bind>
</comp>

<comp id="245" class="1004" name="delta_angle_cast8_fu_245">
<pin_list>
<pin id="246" dir="0" index="0" bw="9" slack="0"/>
<pin id="247" dir="1" index="1" bw="64" slack="0"/>
</pin_list>
<bind>
<opcode="zext(34) " fcode="zext"/>
<opset="delta_angle_cast8/2 "/>
</bind>
</comp>

<comp id="250" class="1004" name="icmp_ln43_fu_250">
<pin_list>
<pin id="251" dir="0" index="0" bw="9" slack="2147483647"/>
<pin id="252" dir="0" index="1" bw="1" slack="0"/>
<pin id="253" dir="1" index="2" bw="1" slack="0"/>
</pin_list>
<bind>
<opcode="icmp(45) " fcode="icmp"/>
<opset="icmp_ln43/3 "/>
</bind>
</comp>

<comp id="255" class="1004" name="or_ln43_fu_255">
<pin_list>
<pin id="256" dir="0" index="0" bw="1" slack="0"/>
<pin id="257" dir="0" index="1" bw="1" slack="0"/>
<pin id="258" dir="1" index="2" bw="1" slack="22"/>
</pin_list>
<bind>
<opcode="or(24) " fcode="or"/>
<opset="or_ln43/3 "/>
</bind>
</comp>

<comp id="261" class="1004" name="sub_ln50_fu_261">
<pin_list>
<pin id="262" dir="0" index="0" bw="32" slack="3"/>
<pin id="263" dir="0" index="1" bw="32" slack="0"/>
<pin id="264" dir="1" index="2" bw="32" slack="1"/>
</pin_list>
<bind>
<opcode="sub(10) " fcode="sub"/>
<opset="sub_ln50/4 "/>
</bind>
</comp>

<comp id="266" class="1004" name="icmp_ln45_fu_266">
<pin_list>
<pin id="267" dir="0" index="0" bw="9" slack="2147483647"/>
<pin id="268" dir="0" index="1" bw="9" slack="0"/>
<pin id="269" dir="1" index="2" bw="1" slack="0"/>
</pin_list>
<bind>
<opcode="icmp(45) " fcode="icmp"/>
<opset="icmp_ln45/5 "/>
</bind>
</comp>

<comp id="271" class="1004" name="sub_ln46_fu_271">
<pin_list>
<pin id="272" dir="0" index="0" bw="9" slack="0"/>
<pin id="273" dir="0" index="1" bw="9" slack="2147483647"/>
<pin id="274" dir="1" index="2" bw="9" slack="0"/>
</pin_list>
<bind>
<opcode="sub(10) " fcode="sub"/>
<opset="sub_ln46/5 "/>
</bind>
</comp>

<comp id="276" class="1004" name="delta_angle_284_fu_276">
<pin_list>
<pin id="277" dir="0" index="0" bw="1" slack="0"/>
<pin id="278" dir="0" index="1" bw="9" slack="0"/>
<pin id="279" dir="0" index="2" bw="9" slack="2147483647"/>
<pin id="280" dir="1" index="3" bw="9" slack="0"/>
</pin_list>
<bind>
<opcode="select(49) " fcode="select"/>
<opset="delta_angle_284/5 "/>
</bind>
</comp>

<comp id="283" class="1004" name="zext_ln44_fu_283">
<pin_list>
<pin id="284" dir="0" index="0" bw="9" slack="0"/>
<pin id="285" dir="1" index="1" bw="32" slack="0"/>
</pin_list>
<bind>
<opcode="zext(34) " fcode="zext"/>
<opset="zext_ln44/5 "/>
</bind>
</comp>

<comp id="288" class="1004" name="zext_ln50_fu_288">
<pin_list>
<pin id="289" dir="0" index="0" bw="31" slack="1"/>
<pin id="290" dir="1" index="1" bw="32" slack="0"/>
</pin_list>
<bind>
<opcode="zext(34) " fcode="zext"/>
<opset="zext_ln50/7 "/>
</bind>
</comp>

<comp id="291" class="1004" name="zext_ln50_1_fu_291">
<pin_list>
<pin id="292" dir="0" index="0" bw="31" slack="1"/>
<pin id="293" dir="1" index="1" bw="32" slack="0"/>
</pin_list>
<bind>
<opcode="zext(34) " fcode="zext"/>
<opset="zext_ln50_1/7 "/>
</bind>
</comp>

<comp id="294" class="1004" name="xf_V_fu_294">
<pin_list>
<pin id="295" dir="0" index="0" bw="31" slack="0"/>
<pin id="296" dir="0" index="1" bw="31" slack="0"/>
<pin id="297" dir="1" index="2" bw="32" slack="1"/>
</pin_list>
<bind>
<opcode="add(8) " fcode="add"/>
<opset="xf_V/7 "/>
</bind>
</comp>

<comp id="300" class="1004" name="zext_ln987_fu_300">
<pin_list>
<pin id="301" dir="0" index="0" bw="16" slack="1"/>
<pin id="302" dir="1" index="1" bw="32" slack="0"/>
</pin_list>
<bind>
<opcode="zext(34) " fcode="zext"/>
<opset="zext_ln987/17 "/>
</bind>
</comp>

<comp id="304" class="1004" name="bitcast_ln53_fu_304">
<pin_list>
<pin id="305" dir="0" index="0" bw="32" slack="1"/>
<pin id="306" dir="1" index="1" bw="32" slack="0"/>
</pin_list>
<bind>
<opcode="bitcast(44) " fcode="bitcast"/>
<opset="bitcast_ln53/23 "/>
</bind>
</comp>

<comp id="307" class="1004" name="tmp_23_fu_307">
<pin_list>
<pin id="308" dir="0" index="0" bw="8" slack="0"/>
<pin id="309" dir="0" index="1" bw="32" slack="0"/>
<pin id="310" dir="0" index="2" bw="6" slack="0"/>
<pin id="311" dir="0" index="3" bw="6" slack="0"/>
<pin id="312" dir="1" index="4" bw="8" slack="0"/>
</pin_list>
<bind>
<opcode="partselect(1002) " fcode="partselect"/>
<opset="tmp_23/23 "/>
</bind>
</comp>

<comp id="317" class="1004" name="trunc_ln53_fu_317">
<pin_list>
<pin id="318" dir="0" index="0" bw="32" slack="0"/>
<pin id="319" dir="1" index="1" bw="23" slack="0"/>
</pin_list>
<bind>
<opcode="trunc(33) " fcode="trunc"/>
<opset="trunc_ln53/23 "/>
</bind>
</comp>

<comp id="321" class="1004" name="icmp_ln53_fu_321">
<pin_list>
<pin id="322" dir="0" index="0" bw="8" slack="0"/>
<pin id="323" dir="0" index="1" bw="1" slack="0"/>
<pin id="324" dir="1" index="2" bw="1" slack="1"/>
</pin_list>
<bind>
<opcode="icmp(45) " fcode="icmp"/>
<opset="icmp_ln53/23 "/>
</bind>
</comp>

<comp id="327" class="1004" name="icmp_ln53_1_fu_327">
<pin_list>
<pin id="328" dir="0" index="0" bw="23" slack="0"/>
<pin id="329" dir="0" index="1" bw="1" slack="0"/>
<pin id="330" dir="1" index="2" bw="1" slack="1"/>
</pin_list>
<bind>
<opcode="icmp(45) " fcode="icmp"/>
<opset="icmp_ln53_1/23 "/>
</bind>
</comp>

<comp id="333" class="1004" name="or_ln53_fu_333">
<pin_list>
<pin id="334" dir="0" index="0" bw="1" slack="1"/>
<pin id="335" dir="0" index="1" bw="1" slack="1"/>
<pin id="336" dir="1" index="2" bw="1" slack="0"/>
</pin_list>
<bind>
<opcode="or(24) " fcode="or"/>
<opset="or_ln53/24 "/>
</bind>
</comp>

<comp id="337" class="1004" name="and_ln53_fu_337">
<pin_list>
<pin id="338" dir="0" index="0" bw="1" slack="0"/>
<pin id="339" dir="0" index="1" bw="1" slack="0"/>
<pin id="340" dir="1" index="2" bw="1" slack="1"/>
</pin_list>
<bind>
<opcode="and(23) " fcode="and"/>
<opset="and_ln53/24 "/>
</bind>
</comp>

<comp id="343" class="1004" name="zext_ln54_fu_343">
<pin_list>
<pin id="344" dir="0" index="0" bw="32" slack="0"/>
<pin id="345" dir="1" index="1" bw="64" slack="0"/>
</pin_list>
<bind>
<opcode="zext(34) " fcode="zext"/>
<opset="zext_ln54/25 "/>
</bind>
</comp>

<comp id="348" class="1004" name="add_ln55_fu_348">
<pin_list>
<pin id="349" dir="0" index="0" bw="32" slack="0"/>
<pin id="350" dir="0" index="1" bw="1" slack="0"/>
<pin id="351" dir="1" index="2" bw="32" slack="0"/>
</pin_list>
<bind>
<opcode="add(8) " fcode="add"/>
<opset="add_ln55/25 "/>
</bind>
</comp>

<comp id="354" class="1004" name="store_ln57_store_fu_354">
<pin_list>
<pin id="355" dir="0" index="0" bw="32" slack="0"/>
<pin id="356" dir="0" index="1" bw="32" slack="24"/>
<pin id="357" dir="1" index="2" bw="0" slack="2147483647"/>
</pin_list>
<bind>
<opcode="store(28) " fcode="store"/>
<opset="store_ln57/25 "/>
</bind>
</comp>

<comp id="359" class="1004" name="store_ln42_store_fu_359">
<pin_list>
<pin id="360" dir="0" index="0" bw="9" slack="23"/>
<pin id="361" dir="0" index="1" bw="9" slack="24"/>
<pin id="362" dir="1" index="2" bw="0" slack="2147483647"/>
</pin_list>
<bind>
<opcode="store(28) " fcode="store"/>
<opset="store_ln42/25 "/>
</bind>
</comp>

<comp id="363" class="1005" name="delta_angle_reg_363">
<pin_list>
<pin id="364" dir="0" index="0" bw="9" slack="0"/>
<pin id="365" dir="1" index="1" bw="9" slack="0"/>
</pin_list>
<bind>
<opset="delta_angle "/>
</bind>
</comp>

<comp id="370" class="1005" name="empty_reg_370">
<pin_list>
<pin id="371" dir="0" index="0" bw="32" slack="0"/>
<pin id="372" dir="1" index="1" bw="32" slack="0"/>
</pin_list>
<bind>
<opset="empty "/>
</bind>
</comp>

<comp id="377" class="1005" name="distances_load_read_reg_377">
<pin_list>
<pin id="378" dir="0" index="0" bw="32" slack="3"/>
<pin id="379" dir="1" index="1" bw="32" slack="3"/>
</pin_list>
<bind>
<opset="distances_load_read "/>
</bind>
</comp>

<comp id="388" class="1005" name="add_ln42_reg_388">
<pin_list>
<pin id="389" dir="0" index="0" bw="9" slack="23"/>
<pin id="390" dir="1" index="1" bw="9" slack="23"/>
</pin_list>
<bind>
<opset="add_ln42 "/>
</bind>
</comp>

<comp id="393" class="1005" name="delta_angle_cast8_reg_393">
<pin_list>
<pin id="394" dir="0" index="0" bw="64" slack="1"/>
<pin id="395" dir="1" index="1" bw="64" slack="1"/>
</pin_list>
<bind>
<opset="delta_angle_cast8 "/>
</bind>
</comp>

<comp id="398" class="1005" name="grouped_addr_reg_398">
<pin_list>
<pin id="399" dir="0" index="0" bw="9" slack="1"/>
<pin id="400" dir="1" index="1" bw="9" slack="1"/>
</pin_list>
<bind>
<opset="grouped_addr "/>
</bind>
</comp>

<comp id="403" class="1005" name="or_ln43_reg_403">
<pin_list>
<pin id="404" dir="0" index="0" bw="1" slack="22"/>
<pin id="405" dir="1" index="1" bw="1" slack="2147483647"/>
</pin_list>
<bind>
<opset="or_ln43 "/>
</bind>
</comp>

<comp id="407" class="1005" name="distances_addr_reg_407">
<pin_list>
<pin id="408" dir="0" index="0" bw="9" slack="1"/>
<pin id="409" dir="1" index="1" bw="9" slack="1"/>
</pin_list>
<bind>
<opset="distances_addr "/>
</bind>
</comp>

<comp id="412" class="1005" name="sub_ln50_reg_412">
<pin_list>
<pin id="413" dir="0" index="0" bw="32" slack="1"/>
<pin id="414" dir="1" index="1" bw="32" slack="1"/>
</pin_list>
<bind>
<opset="sub_ln50 "/>
</bind>
</comp>

<comp id="417" class="1005" name="zext_ln44_reg_417">
<pin_list>
<pin id="418" dir="0" index="0" bw="32" slack="1"/>
<pin id="419" dir="1" index="1" bw="32" slack="1"/>
</pin_list>
<bind>
<opset="zext_ln44 "/>
</bind>
</comp>

<comp id="422" class="1005" name="tmp_reg_422">
<pin_list>
<pin id="423" dir="0" index="0" bw="31" slack="1"/>
<pin id="424" dir="1" index="1" bw="31" slack="1"/>
</pin_list>
<bind>
<opset="tmp "/>
</bind>
</comp>

<comp id="427" class="1005" name="tmp_s_reg_427">
<pin_list>
<pin id="428" dir="0" index="0" bw="31" slack="1"/>
<pin id="429" dir="1" index="1" bw="31" slack="1"/>
</pin_list>
<bind>
<opset="tmp_s "/>
</bind>
</comp>

<comp id="432" class="1005" name="xf_V_reg_432">
<pin_list>
<pin id="433" dir="0" index="0" bw="32" slack="1"/>
<pin id="434" dir="1" index="1" bw="32" slack="1"/>
</pin_list>
<bind>
<opset="xf_V "/>
</bind>
</comp>

<comp id="437" class="1005" name="p_Val2_s_reg_437">
<pin_list>
<pin id="438" dir="0" index="0" bw="16" slack="1"/>
<pin id="439" dir="1" index="1" bw="16" slack="1"/>
</pin_list>
<bind>
<opset="p_Val2_s "/>
</bind>
</comp>

<comp id="442" class="1005" name="zext_ln987_reg_442">
<pin_list>
<pin id="443" dir="0" index="0" bw="32" slack="1"/>
<pin id="444" dir="1" index="1" bw="32" slack="1"/>
</pin_list>
<bind>
<opset="zext_ln987 "/>
</bind>
</comp>

<comp id="447" class="1005" name="euclidean_distance_reg_447">
<pin_list>
<pin id="448" dir="0" index="0" bw="32" slack="1"/>
<pin id="449" dir="1" index="1" bw="32" slack="1"/>
</pin_list>
<bind>
<opset="euclidean_distance "/>
</bind>
</comp>

<comp id="453" class="1005" name="icmp_ln53_reg_453">
<pin_list>
<pin id="454" dir="0" index="0" bw="1" slack="1"/>
<pin id="455" dir="1" index="1" bw="1" slack="1"/>
</pin_list>
<bind>
<opset="icmp_ln53 "/>
</bind>
</comp>

<comp id="458" class="1005" name="icmp_ln53_1_reg_458">
<pin_list>
<pin id="459" dir="0" index="0" bw="1" slack="1"/>
<pin id="460" dir="1" index="1" bw="1" slack="1"/>
</pin_list>
<bind>
<opset="icmp_ln53_1 "/>
</bind>
</comp>

<comp id="463" class="1005" name="and_ln53_reg_463">
<pin_list>
<pin id="464" dir="0" index="0" bw="1" slack="1"/>
<pin id="465" dir="1" index="1" bw="1" slack="2147483647"/>
</pin_list>
<bind>
<opset="and_ln53 "/>
</bind>
</comp>

</comp_list>

<net_list>
<net id="87"><net_src comp="34" pin="0"/><net_sink comp="84" pin=0"/></net>

<net id="91"><net_src comp="34" pin="0"/><net_sink comp="88" pin=0"/></net>

<net id="96"><net_src comp="36" pin="0"/><net_sink comp="92" pin=0"/></net>

<net id="97"><net_src comp="4" pin="0"/><net_sink comp="92" pin=1"/></net>

<net id="103"><net_src comp="58" pin="0"/><net_sink comp="98" pin=0"/></net>

<net id="104"><net_src comp="8" pin="0"/><net_sink comp="98" pin=1"/></net>

<net id="110"><net_src comp="0" pin="0"/><net_sink comp="105" pin=0"/></net>

<net id="111"><net_src comp="56" pin="0"/><net_sink comp="105" pin=1"/></net>

<net id="117"><net_src comp="105" pin="3"/><net_sink comp="112" pin=0"/></net>

<net id="123"><net_src comp="2" pin="0"/><net_sink comp="118" pin=0"/></net>

<net id="124"><net_src comp="56" pin="0"/><net_sink comp="118" pin=1"/></net>

<net id="130"><net_src comp="118" pin="3"/><net_sink comp="125" pin=0"/></net>

<net id="136"><net_src comp="6" pin="0"/><net_sink comp="131" pin=0"/></net>

<net id="137"><net_src comp="56" pin="0"/><net_sink comp="131" pin=1"/></net>

<net id="143"><net_src comp="131" pin="3"/><net_sink comp="138" pin=0"/></net>

<net id="144"><net_src comp="82" pin="0"/><net_sink comp="112" pin=1"/></net>

<net id="161"><net_src comp="66" pin="0"/><net_sink comp="145" pin=0"/></net>

<net id="162"><net_src comp="10" pin="0"/><net_sink comp="145" pin=2"/></net>

<net id="163"><net_src comp="12" pin="0"/><net_sink comp="145" pin=3"/></net>

<net id="164"><net_src comp="14" pin="0"/><net_sink comp="145" pin=4"/></net>

<net id="165"><net_src comp="16" pin="0"/><net_sink comp="145" pin=5"/></net>

<net id="166"><net_src comp="18" pin="0"/><net_sink comp="145" pin=6"/></net>

<net id="167"><net_src comp="20" pin="0"/><net_sink comp="145" pin=7"/></net>

<net id="168"><net_src comp="22" pin="0"/><net_sink comp="145" pin=8"/></net>

<net id="169"><net_src comp="24" pin="0"/><net_sink comp="145" pin=9"/></net>

<net id="170"><net_src comp="26" pin="0"/><net_sink comp="145" pin=10"/></net>

<net id="171"><net_src comp="28" pin="0"/><net_sink comp="145" pin=11"/></net>

<net id="172"><net_src comp="30" pin="0"/><net_sink comp="145" pin=12"/></net>

<net id="173"><net_src comp="32" pin="0"/><net_sink comp="145" pin=13"/></net>

<net id="190"><net_src comp="66" pin="0"/><net_sink comp="174" pin=0"/></net>

<net id="191"><net_src comp="10" pin="0"/><net_sink comp="174" pin=2"/></net>

<net id="192"><net_src comp="12" pin="0"/><net_sink comp="174" pin=3"/></net>

<net id="193"><net_src comp="14" pin="0"/><net_sink comp="174" pin=4"/></net>

<net id="194"><net_src comp="16" pin="0"/><net_sink comp="174" pin=5"/></net>

<net id="195"><net_src comp="18" pin="0"/><net_sink comp="174" pin=6"/></net>

<net id="196"><net_src comp="20" pin="0"/><net_sink comp="174" pin=7"/></net>

<net id="197"><net_src comp="22" pin="0"/><net_sink comp="174" pin=8"/></net>

<net id="198"><net_src comp="24" pin="0"/><net_sink comp="174" pin=9"/></net>

<net id="199"><net_src comp="26" pin="0"/><net_sink comp="174" pin=10"/></net>

<net id="200"><net_src comp="28" pin="0"/><net_sink comp="174" pin=11"/></net>

<net id="201"><net_src comp="30" pin="0"/><net_sink comp="174" pin=12"/></net>

<net id="202"><net_src comp="32" pin="0"/><net_sink comp="174" pin=13"/></net>

<net id="207"><net_src comp="68" pin="0"/><net_sink comp="203" pin=0"/></net>

<net id="215"><net_src comp="80" pin="0"/><net_sink comp="211" pin=1"/></net>

<net id="219"><net_src comp="216" pin="1"/><net_sink comp="98" pin=2"/></net>

<net id="224"><net_src comp="34" pin="0"/><net_sink comp="220" pin=0"/></net>

<net id="229"><net_src comp="38" pin="0"/><net_sink comp="225" pin=0"/></net>

<net id="237"><net_src comp="230" pin="1"/><net_sink comp="233" pin=0"/></net>

<net id="238"><net_src comp="48" pin="0"/><net_sink comp="233" pin=1"/></net>

<net id="243"><net_src comp="230" pin="1"/><net_sink comp="239" pin=0"/></net>

<net id="244"><net_src comp="54" pin="0"/><net_sink comp="239" pin=1"/></net>

<net id="248"><net_src comp="230" pin="1"/><net_sink comp="245" pin=0"/></net>

<net id="249"><net_src comp="245" pin="1"/><net_sink comp="105" pin=2"/></net>

<net id="254"><net_src comp="38" pin="0"/><net_sink comp="250" pin=1"/></net>

<net id="259"><net_src comp="112" pin="3"/><net_sink comp="255" pin=0"/></net>

<net id="260"><net_src comp="250" pin="2"/><net_sink comp="255" pin=1"/></net>

<net id="265"><net_src comp="125" pin="3"/><net_sink comp="261" pin=1"/></net>

<net id="270"><net_src comp="64" pin="0"/><net_sink comp="266" pin=1"/></net>

<net id="275"><net_src comp="48" pin="0"/><net_sink comp="271" pin=0"/></net>

<net id="281"><net_src comp="266" pin="2"/><net_sink comp="276" pin=0"/></net>

<net id="282"><net_src comp="271" pin="2"/><net_sink comp="276" pin=1"/></net>

<net id="286"><net_src comp="276" pin="3"/><net_sink comp="283" pin=0"/></net>

<net id="287"><net_src comp="283" pin="1"/><net_sink comp="145" pin=1"/></net>

<net id="298"><net_src comp="291" pin="1"/><net_sink comp="294" pin=0"/></net>

<net id="299"><net_src comp="288" pin="1"/><net_sink comp="294" pin=1"/></net>

<net id="303"><net_src comp="300" pin="1"/><net_sink comp="208" pin=0"/></net>

<net id="313"><net_src comp="70" pin="0"/><net_sink comp="307" pin=0"/></net>

<net id="314"><net_src comp="304" pin="1"/><net_sink comp="307" pin=1"/></net>

<net id="315"><net_src comp="72" pin="0"/><net_sink comp="307" pin=2"/></net>

<net id="316"><net_src comp="74" pin="0"/><net_sink comp="307" pin=3"/></net>

<net id="320"><net_src comp="304" pin="1"/><net_sink comp="317" pin=0"/></net>

<net id="325"><net_src comp="307" pin="4"/><net_sink comp="321" pin=0"/></net>

<net id="326"><net_src comp="76" pin="0"/><net_sink comp="321" pin=1"/></net>

<net id="331"><net_src comp="317" pin="1"/><net_sink comp="327" pin=0"/></net>

<net id="332"><net_src comp="78" pin="0"/><net_sink comp="327" pin=1"/></net>

<net id="341"><net_src comp="333" pin="2"/><net_sink comp="337" pin=0"/></net>

<net id="342"><net_src comp="211" pin="2"/><net_sink comp="337" pin=1"/></net>

<net id="346"><net_src comp="216" pin="1"/><net_sink comp="343" pin=0"/></net>

<net id="347"><net_src comp="343" pin="1"/><net_sink comp="131" pin=2"/></net>

<net id="352"><net_src comp="216" pin="1"/><net_sink comp="348" pin=0"/></net>

<net id="353"><net_src comp="34" pin="0"/><net_sink comp="348" pin=1"/></net>

<net id="358"><net_src comp="348" pin="2"/><net_sink comp="354" pin=0"/></net>

<net id="366"><net_src comp="84" pin="1"/><net_sink comp="363" pin=0"/></net>

<net id="367"><net_src comp="363" pin="1"/><net_sink comp="225" pin=1"/></net>

<net id="368"><net_src comp="363" pin="1"/><net_sink comp="230" pin=0"/></net>

<net id="369"><net_src comp="363" pin="1"/><net_sink comp="359" pin=1"/></net>

<net id="373"><net_src comp="88" pin="1"/><net_sink comp="370" pin=0"/></net>

<net id="374"><net_src comp="370" pin="1"/><net_sink comp="220" pin=1"/></net>

<net id="375"><net_src comp="370" pin="1"/><net_sink comp="216" pin=0"/></net>

<net id="376"><net_src comp="370" pin="1"/><net_sink comp="354" pin=1"/></net>

<net id="380"><net_src comp="92" pin="2"/><net_sink comp="377" pin=0"/></net>

<net id="381"><net_src comp="377" pin="1"/><net_sink comp="261" pin=0"/></net>

<net id="391"><net_src comp="239" pin="2"/><net_sink comp="388" pin=0"/></net>

<net id="392"><net_src comp="388" pin="1"/><net_sink comp="359" pin=0"/></net>

<net id="396"><net_src comp="245" pin="1"/><net_sink comp="393" pin=0"/></net>

<net id="397"><net_src comp="393" pin="1"/><net_sink comp="118" pin=2"/></net>

<net id="401"><net_src comp="105" pin="3"/><net_sink comp="398" pin=0"/></net>

<net id="402"><net_src comp="398" pin="1"/><net_sink comp="112" pin=0"/></net>

<net id="406"><net_src comp="255" pin="2"/><net_sink comp="403" pin=0"/></net>

<net id="410"><net_src comp="118" pin="3"/><net_sink comp="407" pin=0"/></net>

<net id="411"><net_src comp="407" pin="1"/><net_sink comp="125" pin=0"/></net>

<net id="415"><net_src comp="261" pin="2"/><net_sink comp="412" pin=0"/></net>

<net id="416"><net_src comp="412" pin="1"/><net_sink comp="174" pin=1"/></net>

<net id="420"><net_src comp="283" pin="1"/><net_sink comp="417" pin=0"/></net>

<net id="421"><net_src comp="417" pin="1"/><net_sink comp="145" pin=1"/></net>

<net id="425"><net_src comp="145" pin="14"/><net_sink comp="422" pin=0"/></net>

<net id="426"><net_src comp="422" pin="1"/><net_sink comp="288" pin=0"/></net>

<net id="430"><net_src comp="174" pin="14"/><net_sink comp="427" pin=0"/></net>

<net id="431"><net_src comp="427" pin="1"/><net_sink comp="291" pin=0"/></net>

<net id="435"><net_src comp="294" pin="2"/><net_sink comp="432" pin=0"/></net>

<net id="436"><net_src comp="432" pin="1"/><net_sink comp="203" pin=1"/></net>

<net id="440"><net_src comp="203" pin="2"/><net_sink comp="437" pin=0"/></net>

<net id="441"><net_src comp="437" pin="1"/><net_sink comp="300" pin=0"/></net>

<net id="445"><net_src comp="300" pin="1"/><net_sink comp="442" pin=0"/></net>

<net id="446"><net_src comp="442" pin="1"/><net_sink comp="208" pin=0"/></net>

<net id="450"><net_src comp="208" pin="1"/><net_sink comp="447" pin=0"/></net>

<net id="451"><net_src comp="447" pin="1"/><net_sink comp="304" pin=0"/></net>

<net id="452"><net_src comp="447" pin="1"/><net_sink comp="211" pin=0"/></net>

<net id="456"><net_src comp="321" pin="2"/><net_sink comp="453" pin=0"/></net>

<net id="457"><net_src comp="453" pin="1"/><net_sink comp="333" pin=1"/></net>

<net id="461"><net_src comp="327" pin="2"/><net_sink comp="458" pin=0"/></net>

<net id="462"><net_src comp="458" pin="1"/><net_sink comp="333" pin=0"/></net>

<net id="466"><net_src comp="337" pin="2"/><net_sink comp="463" pin=0"/></net>

</net_list>

</model> 
---------------- Datapath Model END ------------------

* FSMD analyzer results:
  - Output states:
	Port: grouped | {25 }
	Port: clusters_members | {25 }
	Port: p_out | {2 }
 - Input state : 
	Port: clusterOp_Pipeline_clusterOp_label1 : grouped | {2 3 }
	Port: clusterOp_Pipeline_clusterOp_label1 : distances | {3 4 }
	Port: clusterOp_Pipeline_clusterOp_label1 : distances_load | {1 }
	Port: clusterOp_Pipeline_clusterOp_label1 : log_apfixed_reduce_log_inverse_lut_table_array_V | {5 6 }
	Port: clusterOp_Pipeline_clusterOp_label1 : log_apfixed_reduce_log0_lut_table_ap_fixed_0_5_64_array_V | {5 6 }
	Port: clusterOp_Pipeline_clusterOp_label1 : log_apfixed_reduce_log_lut_table_ap_fixed_4_4_16_array_V | {5 6 }
	Port: clusterOp_Pipeline_clusterOp_label1 : log_apfixed_reduce_log_lut_table_ap_fixed_7_6_64_array_V | {5 6 }
	Port: clusterOp_Pipeline_clusterOp_label1 : log_apfixed_reduce_log_lut_table_ap_fixed_12_6_64_array_V | {5 6 }
	Port: clusterOp_Pipeline_clusterOp_label1 : log_apfixed_reduce_log_lut_table_ap_fixed_17_6_64_array_V | {5 6 }
	Port: clusterOp_Pipeline_clusterOp_label1 : log_apfixed_reduce_log_lut_table_ap_fixed_22_6_64_array_V | {5 6 }
	Port: clusterOp_Pipeline_clusterOp_label1 : f_x_msb_4_table_V | {5 6 }
	Port: clusterOp_Pipeline_clusterOp_label1 : f_x_msb_5_table_V | {5 6 }
	Port: clusterOp_Pipeline_clusterOp_label1 : f_x_msb_3_table_V | {5 6 }
	Port: clusterOp_Pipeline_clusterOp_label1 : f_x_msb_2_table_V | {5 6 }
	Port: clusterOp_Pipeline_clusterOp_label1 : exp_x_msb_1_table_V | {5 6 }
  - Chain level:
	State 1
		store_ln0 : 1
		store_ln0 : 1
	State 2
		icmp_ln42 : 1
		add_ln42 : 1
		br_ln42 : 2
		delta_angle_cast8 : 1
		grouped_addr : 2
		grouped_load : 3
		write_ln0 : 1
	State 3
		or_ln43 : 1
		br_ln43 : 1
		distances_load_1 : 1
	State 4
		sub_ln50 : 1
	State 5
		delta_angle_284 : 1
		zext_ln44 : 2
		tmp : 3
	State 6
	State 7
		xf_V : 1
	State 8
	State 9
	State 10
	State 11
	State 12
	State 13
	State 14
	State 15
	State 16
	State 17
		euclidean_distance : 1
	State 18
	State 19
	State 20
	State 21
	State 22
	State 23
		tmp_23 : 1
		trunc_ln53 : 1
		icmp_ln53 : 2
		icmp_ln53_1 : 2
	State 24
		and_ln53 : 1
		br_ln53 : 1
	State 25
		zext_ln54 : 1
		clusters_members_addr : 2
		store_ln54 : 3
		add_ln55 : 1
		store_ln57 : 2


============================================================
+ Verbose Summary: Datapath Resource usage 
============================================================

* Functional unit list:
|----------|--------------------------------|---------|---------|---------|---------|
| Operation|         Functional Unit        |   DSP   |  Delay  |    FF   |   LUT   |
|----------|--------------------------------|---------|---------|---------|---------|
|          |         grp_pow_fu_145         |    45   |  60.344 |  10726  |   5947  |
|   call   |         grp_pow_fu_174         |    45   |  60.344 |  10726  |   5947  |
|          |  grp_sqrt_fixed_32_32_s_fu_203 |    0    |    0    |   499   |   1320  |
|----------|--------------------------------|---------|---------|---------|---------|
|          |         add_ln42_fu_239        |    0    |    0    |    0    |    14   |
|    add   |           xf_V_fu_294          |    0    |    0    |    0    |    38   |
|          |         add_ln55_fu_348        |    0    |    0    |    0    |    39   |
|----------|--------------------------------|---------|---------|---------|---------|
|          |        icmp_ln42_fu_233        |    0    |    0    |    0    |    11   |
|          |        icmp_ln43_fu_250        |    0    |    0    |    0    |    11   |
|   icmp   |        icmp_ln45_fu_266        |    0    |    0    |    0    |    11   |
|          |        icmp_ln53_fu_321        |    0    |    0    |    0    |    11   |
|          |       icmp_ln53_1_fu_327       |    0    |    0    |    0    |    15   |
|----------|--------------------------------|---------|---------|---------|---------|
|    sub   |         sub_ln50_fu_261        |    0    |    0    |    0    |    39   |
|          |         sub_ln46_fu_271        |    0    |    0    |    0    |    14   |
|----------|--------------------------------|---------|---------|---------|---------|
|  select  |     delta_angle_284_fu_276     |    0    |    0    |    0    |    9    |
|----------|--------------------------------|---------|---------|---------|---------|
|    or    |         or_ln43_fu_255         |    0    |    0    |    0    |    2    |
|          |         or_ln53_fu_333         |    0    |    0    |    0    |    2    |
|----------|--------------------------------|---------|---------|---------|---------|
|    and   |         and_ln53_fu_337        |    0    |    0    |    0    |    2    |
|----------|--------------------------------|---------|---------|---------|---------|
|   read   | distances_load_read_read_fu_92 |    0    |    0    |    0    |    0    |
|----------|--------------------------------|---------|---------|---------|---------|
|   write  |      write_ln0_write_fu_98     |    0    |    0    |    0    |    0    |
|----------|--------------------------------|---------|---------|---------|---------|
|  sitofp  |           grp_fu_208           |    0    |    0    |    0    |    0    |
|----------|--------------------------------|---------|---------|---------|---------|
|   fcmp   |           grp_fu_211           |    0    |    0    |    0    |    0    |
|----------|--------------------------------|---------|---------|---------|---------|
|          |    delta_angle_cast8_fu_245    |    0    |    0    |    0    |    0    |
|          |        zext_ln44_fu_283        |    0    |    0    |    0    |    0    |
|   zext   |        zext_ln50_fu_288        |    0    |    0    |    0    |    0    |
|          |       zext_ln50_1_fu_291       |    0    |    0    |    0    |    0    |
|          |        zext_ln987_fu_300       |    0    |    0    |    0    |    0    |
|          |        zext_ln54_fu_343        |    0    |    0    |    0    |    0    |
|----------|--------------------------------|---------|---------|---------|---------|
|partselect|          tmp_23_fu_307         |    0    |    0    |    0    |    0    |
|----------|--------------------------------|---------|---------|---------|---------|
|   trunc  |        trunc_ln53_fu_317       |    0    |    0    |    0    |    0    |
|----------|--------------------------------|---------|---------|---------|---------|
|   Total  |                                |    90   | 120.688 |  21951  |  13432  |
|----------|--------------------------------|---------|---------|---------|---------|

Memories:
N/A

* Register list:
+---------------------------+--------+
|                           |   FF   |
+---------------------------+--------+
|      add_ln42_reg_388     |    9   |
|      and_ln53_reg_463     |    1   |
| delta_angle_cast8_reg_393 |   64   |
|    delta_angle_reg_363    |    9   |
|   distances_addr_reg_407  |    9   |
|distances_load_read_reg_377|   32   |
|       empty_reg_370       |   32   |
| euclidean_distance_reg_447|   32   |
|    grouped_addr_reg_398   |    9   |
|    icmp_ln53_1_reg_458    |    1   |
|     icmp_ln53_reg_453     |    1   |
|      or_ln43_reg_403      |    1   |
|      p_Val2_s_reg_437     |   16   |
|      sub_ln50_reg_412     |   32   |
|        tmp_reg_422        |   31   |
|       tmp_s_reg_427       |   31   |
|        xf_V_reg_432       |   32   |
|     zext_ln44_reg_417     |   32   |
|     zext_ln987_reg_442    |   32   |
+---------------------------+--------+
|           Total           |   406  |
+---------------------------+--------+

* Multiplexer (MUX) list: 
|-------------------|------|------|------|--------||---------||---------|
|        Comp       |  Pin | Size |  BW  | S x BW ||  Delay  ||   LUT   |
|-------------------|------|------|------|--------||---------||---------|
| grp_access_fu_112 |  p0  |   2  |   9  |   18   ||    9    |
| grp_access_fu_125 |  p0  |   2  |   9  |   18   ||    9    |
|   grp_pow_fu_145  |  p1  |   2  |   9  |   18   ||    9    |
|     grp_fu_208    |  p0  |   2  |  16  |   32   ||    9    |
|-------------------|------|------|------|--------||---------||---------|
|       Total       |      |      |      |   86   ||  6.352  ||    36   |
|-------------------|------|------|------|--------||---------||---------|



* Summary:
+-----------+--------+--------+--------+--------+
|           |   DSP  |  Delay |   FF   |   LUT  |
+-----------+--------+--------+--------+--------+
|  Function |   90   |   120  |  21951 |  13432 |
|   Memory  |    -   |    -   |    -   |    -   |
|Multiplexer|    -   |    6   |    -   |   36   |
|  Register |    -   |    -   |   406  |    -   |
+-----------+--------+--------+--------+--------+
|   Total   |   90   |   127  |  22357 |  13468 |
+-----------+--------+--------+--------+--------+
