

================================================================
== Vitis HLS Report for 'clusterOp_Pipeline_clusterOp_label1112'
================================================================
* Date:           Thu Apr 27 03:44:17 2023

* Version:        2022.2 (Build 3670227 on Oct 13 2022)
* Project:        cluster
* Solution:       solution1 (Vivado IP Flow Target)
* Product family: zynq
* Target device:  xc7z020-clg400-1


================================================================
== Performance Estimates
================================================================
+ Timing: 
    * Summary: 
    +--------+----------+----------+------------+
    |  Clock |  Target  | Estimated| Uncertainty|
    +--------+----------+----------+------------+
    |ap_clk  |  10.00 ns|  7.289 ns|     2.70 ns|
    +--------+----------+----------+------------+

+ Latency: 
    * Summary: 
    +---------+---------+----------+----------+-----+-----+---------+
    |  Latency (cycles) |  Latency (absolute) |  Interval | Pipeline|
    |   min   |   max   |    min   |    max   | min | max |   Type  |
    +---------+---------+----------+----------+-----+-----+---------+
    |        ?|        ?|         ?|         ?|    ?|    ?|       no|
    +---------+---------+----------+----------+-----+-----+---------+

    + Detail: 
        * Instance: 
        +-------------------------------+--------------------+---------+---------+-----------+-----------+-----+-----+---------+
        |                               |                    |  Latency (cycles) |   Latency (absolute)  |  Interval | Pipeline|
        |            Instance           |       Module       |   min   |   max   |    min    |    max    | min | max |   Type  |
        +-------------------------------+--------------------+---------+---------+-----------+-----------+-----+-----+---------+
        |grp_pow_fu_159                 |pow                 |        ?|        ?|          ?|          ?|    ?|    ?|       no|
        |grp_pow_fu_188                 |pow                 |        ?|        ?|          ?|          ?|    ?|    ?|       no|
        |grp_sqrt_fixed_32_32_s_fu_217  |sqrt_fixed_32_32_s  |        7|        7|  70.000 ns|  70.000 ns|    1|    1|      yes|
        +-------------------------------+--------------------+---------+---------+-----------+-----------+-----+-----+---------+

        * Loop: 
        +--------------------+---------+---------+----------+-----------+-----------+------+----------+
        |                    |  Latency (cycles) | Iteration|  Initiation Interval  | Trip |          |
        |      Loop Name     |   min   |   max   |  Latency |  achieved |   target  | Count| Pipelined|
        +--------------------+---------+---------+----------+-----------+-----------+------+----------+
        |- clusterOp_label1  |        ?|        ?|         ?|          -|          -|   360|        no|
        +--------------------+---------+---------+----------+-----------+-----------+------+----------+

============================================================
+ Verbose Summary: Synthesis Manager
============================================================
InlineROM: 1
ExposeGlobal: 0
============================================================
+ Verbose Summary: CDFG Model
============================================================
IsTopModel: 0
ResetActiveHigh: 1
IsCombinational: 0
IsDatapathOnly: 0
HasWiredReturn: 1
HasMFsm: 0
HasVarLatency: 1
IsPipeline: 0
IsRtlPipelined: 0
IsInstanceOverlapped: 0
IsDontTouch: 0
HasImplIP: 0
IsGatedGlobalClock: 0


============================================================
+ Verbose Summary: Schedule
============================================================
* Number of FSM states : 25
* Pipeline : 0
* Dataflow Pipeline: 0

* FSM state transitions: 
1 --> 2 
2 --> 3 
3 --> 4 25 
4 --> 5 
5 --> 6 
6 --> 7 
7 --> 8 
8 --> 9 
9 --> 10 
10 --> 11 
11 --> 12 
12 --> 13 
13 --> 14 
14 --> 15 
15 --> 16 
16 --> 17 
17 --> 18 
18 --> 19 
19 --> 20 
20 --> 21 
21 --> 22 
22 --> 23 
23 --> 24 
24 --> 25 
25 --> 2 

* FSM state operations: 

State 1 <SV = 0> <Delay = 1.58>
ST_1 : Operation 26 [1/1] (0.00ns)   --->   "%candidate = alloca i32 1"   --->   Operation 26 'alloca' 'candidate' <Predicate = true> <Delay = 0.00>
ST_1 : Operation 27 [1/1] (0.00ns)   --->   "%empty = alloca i32 1"   --->   Operation 27 'alloca' 'empty' <Predicate = true> <Delay = 0.00>
ST_1 : Operation 28 [1/1] (0.00ns)   --->   "%mul_ln37_108_read = read i16 @_ssdm_op_Read.ap_auto.i16, i16 %mul_ln37_108"   --->   Operation 28 'read' 'mul_ln37_108_read' <Predicate = true> <Delay = 0.00>
ST_1 : Operation 29 [1/1] (0.00ns)   --->   "%distances_load_220_read = read i32 @_ssdm_op_Read.ap_auto.i32, i32 %distances_load_220"   --->   Operation 29 'read' 'distances_load_220_read' <Predicate = true> <Delay = 0.00>
ST_1 : Operation 30 [1/1] (0.00ns)   --->   "%mul_ln37_108_cast = zext i16 %mul_ln37_108_read"   --->   Operation 30 'zext' 'mul_ln37_108_cast' <Predicate = true> <Delay = 0.00>
ST_1 : Operation 31 [1/1] (1.58ns)   --->   "%store_ln0 = store i32 1, i32 %empty"   --->   Operation 31 'store' 'store_ln0' <Predicate = true> <Delay = 1.58>
ST_1 : Operation 32 [1/1] (1.58ns)   --->   "%store_ln0 = store i9 0, i9 %candidate"   --->   Operation 32 'store' 'store_ln0' <Predicate = true> <Delay = 1.58>
ST_1 : Operation 33 [1/1] (0.00ns)   --->   "%br_ln0 = br void %for.body19.110"   --->   Operation 33 'br' 'br_ln0' <Predicate = true> <Delay = 0.00>

State 2 <SV = 1> <Delay = 2.32>
ST_2 : Operation 34 [1/1] (0.00ns)   --->   "%candidate_345 = load i9 %candidate" [cluster/cluster.cpp:44]   --->   Operation 34 'load' 'candidate_345' <Predicate = true> <Delay = 0.00>
ST_2 : Operation 35 [1/1] (0.00ns)   --->   "%specpipeline_ln0 = specpipeline void @_ssdm_op_SpecPipeline, i32 4294967295, i32 0, i32 1, i32 0, void @p_str"   --->   Operation 35 'specpipeline' 'specpipeline_ln0' <Predicate = true> <Delay = 0.00>
ST_2 : Operation 36 [1/1] (1.66ns)   --->   "%icmp_ln42 = icmp_eq  i9 %candidate_345, i9 360" [cluster/cluster.cpp:42]   --->   Operation 36 'icmp' 'icmp_ln42' <Predicate = true> <Delay = 1.66> <CoreInst = "Cmp">   --->   Core 9 'Cmp' <Latency = 0> <II = 1> <Delay = 1.66> <FuncUnit> <Opcode : 'icmp'> <InPorts = 2> <OutPorts = 1>
ST_2 : Operation 37 [1/1] (0.00ns)   --->   "%empty_454 = speclooptripcount i32 @_ssdm_op_SpecLoopTripCount, i64 360, i64 360, i64 360"   --->   Operation 37 'speclooptripcount' 'empty_454' <Predicate = true> <Delay = 0.00>
ST_2 : Operation 38 [1/1] (1.82ns)   --->   "%add_ln42 = add i9 %candidate_345, i9 1" [cluster/cluster.cpp:42]   --->   Operation 38 'add' 'add_ln42' <Predicate = true> <Delay = 1.82> <CoreInst = "Adder">   --->   Core 1 'Adder' <Latency = 0> <II = 1> <Delay = 1.82> <FuncUnit> <Opcode : 'add' 'sub'> <InPorts = 2> <OutPorts = 1>
ST_2 : Operation 39 [1/1] (0.00ns)   --->   "%br_ln42 = br i1 %icmp_ln42, void %for.body19.110.split, void %for.end56.110.exitStub" [cluster/cluster.cpp:42]   --->   Operation 39 'br' 'br_ln42' <Predicate = true> <Delay = 0.00>
ST_2 : Operation 40 [1/1] (0.00ns)   --->   "%trunc_ln44_109_cast = zext i9 %candidate_345" [cluster/cluster.cpp:44]   --->   Operation 40 'zext' 'trunc_ln44_109_cast' <Predicate = (!icmp_ln42)> <Delay = 0.00>
ST_2 : Operation 41 [1/1] (0.00ns)   --->   "%grouped_addr = getelementptr i1 %grouped, i64 0, i64 %trunc_ln44_109_cast" [cluster/cluster.cpp:43]   --->   Operation 41 'getelementptr' 'grouped_addr' <Predicate = (!icmp_ln42)> <Delay = 0.00>
ST_2 : Operation 42 [2/2] (2.32ns)   --->   "%grouped_load = load i9 %grouped_addr" [cluster/cluster.cpp:43]   --->   Operation 42 'load' 'grouped_load' <Predicate = (!icmp_ln42)> <Delay = 2.32> <CoreInst = "RAM">   --->   Core 82 'RAM' <Latency = 1> <II = 1> <Delay = 2.32> <Storage> <Opcode : 'load' 'store'> <Ports = 2> <Width = 1> <Depth = 360> <RAM>
ST_2 : Operation 43 [1/1] (0.00ns)   --->   "%p_load6 = load i32 %empty"   --->   Operation 43 'load' 'p_load6' <Predicate = (icmp_ln42)> <Delay = 0.00>
ST_2 : Operation 44 [1/1] (0.00ns)   --->   "%write_ln0 = write void @_ssdm_op_Write.ap_auto.i32P0A, i32 %p_out, i32 %p_load6"   --->   Operation 44 'write' 'write_ln0' <Predicate = (icmp_ln42)> <Delay = 0.00>
ST_2 : Operation 45 [1/1] (0.00ns)   --->   "%ret_ln0 = ret"   --->   Operation 45 'ret' 'ret_ln0' <Predicate = (icmp_ln42)> <Delay = 0.00>

State 3 <SV = 2> <Delay = 3.30>
ST_3 : Operation 46 [1/1] (0.00ns)   --->   "%specloopname_ln42 = specloopname void @_ssdm_op_SpecLoopName, void @empty_9" [cluster/cluster.cpp:42]   --->   Operation 46 'specloopname' 'specloopname_ln42' <Predicate = true> <Delay = 0.00>
ST_3 : Operation 47 [1/2] (2.32ns)   --->   "%grouped_load = load i9 %grouped_addr" [cluster/cluster.cpp:43]   --->   Operation 47 'load' 'grouped_load' <Predicate = true> <Delay = 2.32> <CoreInst = "RAM">   --->   Core 82 'RAM' <Latency = 1> <II = 1> <Delay = 2.32> <Storage> <Opcode : 'load' 'store'> <Ports = 2> <Width = 1> <Depth = 360> <RAM>
ST_3 : Operation 48 [1/1] (1.66ns)   --->   "%icmp_ln43 = icmp_eq  i9 %candidate_345, i9 110" [cluster/cluster.cpp:43]   --->   Operation 48 'icmp' 'icmp_ln43' <Predicate = true> <Delay = 1.66> <CoreInst = "Cmp">   --->   Core 9 'Cmp' <Latency = 0> <II = 1> <Delay = 1.66> <FuncUnit> <Opcode : 'icmp'> <InPorts = 2> <OutPorts = 1>
ST_3 : Operation 49 [1/1] (0.97ns)   --->   "%or_ln43 = or i1 %grouped_load, i1 %icmp_ln43" [cluster/cluster.cpp:43]   --->   Operation 49 'or' 'or_ln43' <Predicate = true> <Delay = 0.97> <CoreInst = "LogicGate">   --->   Core 74 'LogicGate' <Latency = 0> <II = 1> <Delay = 0.97> <FuncUnit> <Opcode : 'and' 'or' 'xor'> <InPorts = 2> <OutPorts = 1>
ST_3 : Operation 50 [1/1] (0.00ns)   --->   "%br_ln43 = br i1 %or_ln43, void %if.then23.110, void %for.inc54.110" [cluster/cluster.cpp:43]   --->   Operation 50 'br' 'br_ln43' <Predicate = true> <Delay = 0.00>
ST_3 : Operation 51 [1/1] (0.00ns)   --->   "%distances_addr = getelementptr i32 %distances, i64 0, i64 %trunc_ln44_109_cast" [cluster/cluster.cpp:50]   --->   Operation 51 'getelementptr' 'distances_addr' <Predicate = (!or_ln43)> <Delay = 0.00>
ST_3 : Operation 52 [2/2] (3.25ns)   --->   "%distances_load = load i9 %distances_addr" [cluster/cluster.cpp:50]   --->   Operation 52 'load' 'distances_load' <Predicate = (!or_ln43)> <Delay = 3.25> <CoreInst = "RAM">   --->   Core 82 'RAM' <Latency = 1> <II = 1> <Delay = 3.25> <Storage> <Opcode : 'load' 'store'> <Ports = 2> <Width = 32> <Depth = 360> <RAM>

State 4 <SV = 3> <Delay = 5.80>
ST_4 : Operation 53 [1/1] (1.82ns)   --->   "%add_ln44 = add i9 %candidate_345, i9 402" [cluster/cluster.cpp:44]   --->   Operation 53 'add' 'add_ln44' <Predicate = true> <Delay = 1.82> <CoreInst = "Adder">   --->   Core 1 'Adder' <Latency = 0> <II = 1> <Delay = 1.82> <FuncUnit> <Opcode : 'add' 'sub'> <InPorts = 2> <OutPorts = 1>
ST_4 : Operation 54 [1/1] (1.82ns)   --->   "%neg2223 = sub i9 110, i9 %candidate_345" [cluster/cluster.cpp:44]   --->   Operation 54 'sub' 'neg2223' <Predicate = true> <Delay = 1.82> <CoreInst = "Adder">   --->   Core 1 'Adder' <Latency = 0> <II = 1> <Delay = 1.82> <FuncUnit> <Opcode : 'add' 'sub'> <InPorts = 2> <OutPorts = 1>
ST_4 : Operation 55 [1/1] (1.66ns)   --->   "%abscond2224 = icmp_sgt  i9 %add_ln44, i9 0" [cluster/cluster.cpp:44]   --->   Operation 55 'icmp' 'abscond2224' <Predicate = true> <Delay = 1.66> <CoreInst = "Cmp">   --->   Core 9 'Cmp' <Latency = 0> <II = 1> <Delay = 1.66> <FuncUnit> <Opcode : 'icmp'> <InPorts = 2> <OutPorts = 1>
ST_4 : Operation 56 [1/1] (0.96ns)   --->   "%delta_angle_220 = select i1 %abscond2224, i9 %add_ln44, i9 %neg2223" [cluster/cluster.cpp:44]   --->   Operation 56 'select' 'delta_angle_220' <Predicate = true> <Delay = 0.96> <CoreInst = "Sel">   --->   Core 73 'Sel' <Latency = 0> <II = 1> <Delay = 0.96> <FuncUnit> <Opcode : 'select'> <InPorts = 3> <OutPorts = 1>
ST_4 : Operation 57 [1/2] (3.25ns)   --->   "%distances_load = load i9 %distances_addr" [cluster/cluster.cpp:50]   --->   Operation 57 'load' 'distances_load' <Predicate = true> <Delay = 3.25> <CoreInst = "RAM">   --->   Core 82 'RAM' <Latency = 1> <II = 1> <Delay = 3.25> <Storage> <Opcode : 'load' 'store'> <Ports = 2> <Width = 32> <Depth = 360> <RAM>
ST_4 : Operation 58 [1/1] (2.55ns)   --->   "%sub_ln50 = sub i32 %distances_load_220_read, i32 %distances_load" [cluster/cluster.cpp:50]   --->   Operation 58 'sub' 'sub_ln50' <Predicate = true> <Delay = 2.55> <CoreInst = "Adder">   --->   Core 1 'Adder' <Latency = 0> <II = 1> <Delay = 2.55> <FuncUnit> <Opcode : 'add' 'sub'> <InPorts = 2> <OutPorts = 1>

State 5 <SV = 4> <Delay = 6.85>
ST_5 : Operation 59 [1/1] (1.66ns)   --->   "%icmp_ln45 = icmp_sgt  i9 %delta_angle_220, i9 180" [cluster/cluster.cpp:45]   --->   Operation 59 'icmp' 'icmp_ln45' <Predicate = true> <Delay = 1.66> <CoreInst = "Cmp">   --->   Core 9 'Cmp' <Latency = 0> <II = 1> <Delay = 1.66> <FuncUnit> <Opcode : 'icmp'> <InPorts = 2> <OutPorts = 1>
ST_5 : Operation 60 [1/1] (1.82ns)   --->   "%sub_ln46 = sub i9 360, i9 %delta_angle_220" [cluster/cluster.cpp:46]   --->   Operation 60 'sub' 'sub_ln46' <Predicate = true> <Delay = 1.82> <CoreInst = "Adder">   --->   Core 1 'Adder' <Latency = 0> <II = 1> <Delay = 1.82> <FuncUnit> <Opcode : 'add' 'sub'> <InPorts = 2> <OutPorts = 1>
ST_5 : Operation 61 [1/1] (0.96ns)   --->   "%delta_angle = select i1 %icmp_ln45, i9 %sub_ln46, i9 %delta_angle_220" [cluster/cluster.cpp:45]   --->   Operation 61 'select' 'delta_angle' <Predicate = true> <Delay = 0.96> <CoreInst = "Sel">   --->   Core 73 'Sel' <Latency = 0> <II = 1> <Delay = 0.96> <FuncUnit> <Opcode : 'select'> <InPorts = 3> <OutPorts = 1>
ST_5 : Operation 62 [1/1] (0.00ns)   --->   "%sext_ln44 = sext i9 %delta_angle" [cluster/cluster.cpp:44]   --->   Operation 62 'sext' 'sext_ln44' <Predicate = true> <Delay = 0.00>
ST_5 : Operation 63 [2/2] (4.06ns)   --->   "%tmp_265 = call i31 @pow, i32 %sext_ln44, i6 %log_apfixed_reduce_log_inverse_lut_table_array_V, i82 %log_apfixed_reduce_log0_lut_table_ap_fixed_0_5_64_array_V, i78 %log_apfixed_reduce_log_lut_table_ap_fixed_4_4_16_array_V, i75 %log_apfixed_reduce_log_lut_table_ap_fixed_7_6_64_array_V, i70 %log_apfixed_reduce_log_lut_table_ap_fixed_12_6_64_array_V, i65 %log_apfixed_reduce_log_lut_table_ap_fixed_17_6_64_array_V, i60 %log_apfixed_reduce_log_lut_table_ap_fixed_22_6_64_array_V, i32 %f_x_msb_4_table_V, i16 %f_x_msb_5_table_V, i51 %f_x_msb_3_table_V, i64 %f_x_msb_2_table_V, i68 %exp_x_msb_1_table_V" [cluster/cluster.cpp:50]   --->   Operation 63 'call' 'tmp_265' <Predicate = true> <Delay = 4.06> <CoreType = "Generic">   --->   Core 0 '' <Latency = 0> <II = 1> <Delay = 1.00> <Generic> <Opcode : >
ST_5 : Operation 64 [2/2] (4.06ns)   --->   "%tmp_266 = call i31 @pow, i32 %sub_ln50, i6 %log_apfixed_reduce_log_inverse_lut_table_array_V, i82 %log_apfixed_reduce_log0_lut_table_ap_fixed_0_5_64_array_V, i78 %log_apfixed_reduce_log_lut_table_ap_fixed_4_4_16_array_V, i75 %log_apfixed_reduce_log_lut_table_ap_fixed_7_6_64_array_V, i70 %log_apfixed_reduce_log_lut_table_ap_fixed_12_6_64_array_V, i65 %log_apfixed_reduce_log_lut_table_ap_fixed_17_6_64_array_V, i60 %log_apfixed_reduce_log_lut_table_ap_fixed_22_6_64_array_V, i32 %f_x_msb_4_table_V, i16 %f_x_msb_5_table_V, i51 %f_x_msb_3_table_V, i64 %f_x_msb_2_table_V, i68 %exp_x_msb_1_table_V" [cluster/cluster.cpp:50]   --->   Operation 64 'call' 'tmp_266' <Predicate = true> <Delay = 4.06> <CoreType = "Generic">   --->   Core 0 '' <Latency = 0> <II = 1> <Delay = 1.00> <Generic> <Opcode : >

State 6 <SV = 5> <Delay = 6.80>
ST_6 : Operation 65 [1/2] (6.80ns)   --->   "%tmp_265 = call i31 @pow, i32 %sext_ln44, i6 %log_apfixed_reduce_log_inverse_lut_table_array_V, i82 %log_apfixed_reduce_log0_lut_table_ap_fixed_0_5_64_array_V, i78 %log_apfixed_reduce_log_lut_table_ap_fixed_4_4_16_array_V, i75 %log_apfixed_reduce_log_lut_table_ap_fixed_7_6_64_array_V, i70 %log_apfixed_reduce_log_lut_table_ap_fixed_12_6_64_array_V, i65 %log_apfixed_reduce_log_lut_table_ap_fixed_17_6_64_array_V, i60 %log_apfixed_reduce_log_lut_table_ap_fixed_22_6_64_array_V, i32 %f_x_msb_4_table_V, i16 %f_x_msb_5_table_V, i51 %f_x_msb_3_table_V, i64 %f_x_msb_2_table_V, i68 %exp_x_msb_1_table_V" [cluster/cluster.cpp:50]   --->   Operation 65 'call' 'tmp_265' <Predicate = true> <Delay = 6.80> <CoreType = "Generic">   --->   Core 0 '' <Latency = 0> <II = 1> <Delay = 1.00> <Generic> <Opcode : >
ST_6 : Operation 66 [1/2] (6.80ns)   --->   "%tmp_266 = call i31 @pow, i32 %sub_ln50, i6 %log_apfixed_reduce_log_inverse_lut_table_array_V, i82 %log_apfixed_reduce_log0_lut_table_ap_fixed_0_5_64_array_V, i78 %log_apfixed_reduce_log_lut_table_ap_fixed_4_4_16_array_V, i75 %log_apfixed_reduce_log_lut_table_ap_fixed_7_6_64_array_V, i70 %log_apfixed_reduce_log_lut_table_ap_fixed_12_6_64_array_V, i65 %log_apfixed_reduce_log_lut_table_ap_fixed_17_6_64_array_V, i60 %log_apfixed_reduce_log_lut_table_ap_fixed_22_6_64_array_V, i32 %f_x_msb_4_table_V, i16 %f_x_msb_5_table_V, i51 %f_x_msb_3_table_V, i64 %f_x_msb_2_table_V, i68 %exp_x_msb_1_table_V" [cluster/cluster.cpp:50]   --->   Operation 66 'call' 'tmp_266' <Predicate = true> <Delay = 6.80> <CoreType = "Generic">   --->   Core 0 '' <Latency = 0> <II = 1> <Delay = 1.00> <Generic> <Opcode : >

State 7 <SV = 6> <Delay = 2.52>
ST_7 : Operation 67 [1/1] (0.00ns)   --->   "%zext_ln50_220 = zext i31 %tmp_265" [cluster/cluster.cpp:50]   --->   Operation 67 'zext' 'zext_ln50_220' <Predicate = true> <Delay = 0.00>
ST_7 : Operation 68 [1/1] (0.00ns)   --->   "%zext_ln50_221 = zext i31 %tmp_266" [cluster/cluster.cpp:50]   --->   Operation 68 'zext' 'zext_ln50_221' <Predicate = true> <Delay = 0.00>
ST_7 : Operation 69 [1/1] (2.52ns)   --->   "%xf_V = add i32 %zext_ln50_221, i32 %zext_ln50_220" [cluster/cluster.cpp:50]   --->   Operation 69 'add' 'xf_V' <Predicate = true> <Delay = 2.52> <CoreInst = "Adder">   --->   Core 1 'Adder' <Latency = 0> <II = 1> <Delay = 2.52> <FuncUnit> <Opcode : 'add' 'sub'> <InPorts = 2> <OutPorts = 1>

State 8 <SV = 7> <Delay = 7.12>
ST_8 : Operation 70 [9/9] (7.12ns)   --->   "%p_Val2_s = call i16 @sqrt_fixed<32, 32>, i32 %xf_V" [C:\scratch\2022.2\hls_product\608\2022.2\src\shared\hls\clib/hlsmath/include\hls_sqrt_apfixed.h:381]   --->   Operation 70 'call' 'p_Val2_s' <Predicate = true> <Delay = 7.12> <CoreType = "Generic">   --->   Core 0 '' <Latency = 0> <II = 1> <Delay = 1.00> <Generic> <Opcode : >

State 9 <SV = 8> <Delay = 7.15>
ST_9 : Operation 71 [8/9] (7.15ns)   --->   "%p_Val2_s = call i16 @sqrt_fixed<32, 32>, i32 %xf_V" [C:\scratch\2022.2\hls_product\608\2022.2\src\shared\hls\clib/hlsmath/include\hls_sqrt_apfixed.h:381]   --->   Operation 71 'call' 'p_Val2_s' <Predicate = true> <Delay = 7.15> <CoreType = "Generic">   --->   Core 0 '' <Latency = 0> <II = 1> <Delay = 1.00> <Generic> <Opcode : >

State 10 <SV = 9> <Delay = 7.15>
ST_10 : Operation 72 [7/9] (7.15ns)   --->   "%p_Val2_s = call i16 @sqrt_fixed<32, 32>, i32 %xf_V" [C:\scratch\2022.2\hls_product\608\2022.2\src\shared\hls\clib/hlsmath/include\hls_sqrt_apfixed.h:381]   --->   Operation 72 'call' 'p_Val2_s' <Predicate = true> <Delay = 7.15> <CoreType = "Generic">   --->   Core 0 '' <Latency = 0> <II = 1> <Delay = 1.00> <Generic> <Opcode : >

State 11 <SV = 10> <Delay = 7.15>
ST_11 : Operation 73 [6/9] (7.15ns)   --->   "%p_Val2_s = call i16 @sqrt_fixed<32, 32>, i32 %xf_V" [C:\scratch\2022.2\hls_product\608\2022.2\src\shared\hls\clib/hlsmath/include\hls_sqrt_apfixed.h:381]   --->   Operation 73 'call' 'p_Val2_s' <Predicate = true> <Delay = 7.15> <CoreType = "Generic">   --->   Core 0 '' <Latency = 0> <II = 1> <Delay = 1.00> <Generic> <Opcode : >

State 12 <SV = 11> <Delay = 7.15>
ST_12 : Operation 74 [5/9] (7.15ns)   --->   "%p_Val2_s = call i16 @sqrt_fixed<32, 32>, i32 %xf_V" [C:\scratch\2022.2\hls_product\608\2022.2\src\shared\hls\clib/hlsmath/include\hls_sqrt_apfixed.h:381]   --->   Operation 74 'call' 'p_Val2_s' <Predicate = true> <Delay = 7.15> <CoreType = "Generic">   --->   Core 0 '' <Latency = 0> <II = 1> <Delay = 1.00> <Generic> <Opcode : >

State 13 <SV = 12> <Delay = 7.15>
ST_13 : Operation 75 [4/9] (7.15ns)   --->   "%p_Val2_s = call i16 @sqrt_fixed<32, 32>, i32 %xf_V" [C:\scratch\2022.2\hls_product\608\2022.2\src\shared\hls\clib/hlsmath/include\hls_sqrt_apfixed.h:381]   --->   Operation 75 'call' 'p_Val2_s' <Predicate = true> <Delay = 7.15> <CoreType = "Generic">   --->   Core 0 '' <Latency = 0> <II = 1> <Delay = 1.00> <Generic> <Opcode : >

State 14 <SV = 13> <Delay = 7.15>
ST_14 : Operation 76 [3/9] (7.15ns)   --->   "%p_Val2_s = call i16 @sqrt_fixed<32, 32>, i32 %xf_V" [C:\scratch\2022.2\hls_product\608\2022.2\src\shared\hls\clib/hlsmath/include\hls_sqrt_apfixed.h:381]   --->   Operation 76 'call' 'p_Val2_s' <Predicate = true> <Delay = 7.15> <CoreType = "Generic">   --->   Core 0 '' <Latency = 0> <II = 1> <Delay = 1.00> <Generic> <Opcode : >

State 15 <SV = 14> <Delay = 7.15>
ST_15 : Operation 77 [2/9] (7.15ns)   --->   "%p_Val2_s = call i16 @sqrt_fixed<32, 32>, i32 %xf_V" [C:\scratch\2022.2\hls_product\608\2022.2\src\shared\hls\clib/hlsmath/include\hls_sqrt_apfixed.h:381]   --->   Operation 77 'call' 'p_Val2_s' <Predicate = true> <Delay = 7.15> <CoreType = "Generic">   --->   Core 0 '' <Latency = 0> <II = 1> <Delay = 1.00> <Generic> <Opcode : >

State 16 <SV = 15> <Delay = 6.54>
ST_16 : Operation 78 [1/9] (6.54ns)   --->   "%p_Val2_s = call i16 @sqrt_fixed<32, 32>, i32 %xf_V" [C:\scratch\2022.2\hls_product\608\2022.2\src\shared\hls\clib/hlsmath/include\hls_sqrt_apfixed.h:381]   --->   Operation 78 'call' 'p_Val2_s' <Predicate = true> <Delay = 6.54> <CoreType = "Generic">   --->   Core 0 '' <Latency = 0> <II = 1> <Delay = 1.00> <Generic> <Opcode : >

State 17 <SV = 16> <Delay = 6.41>
ST_17 : Operation 79 [1/1] (0.00ns)   --->   "%zext_ln987 = zext i16 %p_Val2_s"   --->   Operation 79 'zext' 'zext_ln987' <Predicate = true> <Delay = 0.00>
ST_17 : Operation 80 [6/6] (6.41ns)   --->   "%euclidean_distance = sitofp i32 %zext_ln987" [cluster/cluster.cpp:50]   --->   Operation 80 'sitofp' 'euclidean_distance' <Predicate = true> <Delay = 6.41> <CoreInst = "Int2Float">   --->   Core 62 'Int2Float' <Latency = 5> <II = 1> <Delay = 6.41> <FuncUnit> <Opcode : 'sitofp' 'uitofp'> <InPorts = 1> <OutPorts = 1>

State 18 <SV = 17> <Delay = 6.41>
ST_18 : Operation 81 [5/6] (6.41ns)   --->   "%euclidean_distance = sitofp i32 %zext_ln987" [cluster/cluster.cpp:50]   --->   Operation 81 'sitofp' 'euclidean_distance' <Predicate = true> <Delay = 6.41> <CoreInst = "Int2Float">   --->   Core 62 'Int2Float' <Latency = 5> <II = 1> <Delay = 6.41> <FuncUnit> <Opcode : 'sitofp' 'uitofp'> <InPorts = 1> <OutPorts = 1>

State 19 <SV = 18> <Delay = 6.41>
ST_19 : Operation 82 [4/6] (6.41ns)   --->   "%euclidean_distance = sitofp i32 %zext_ln987" [cluster/cluster.cpp:50]   --->   Operation 82 'sitofp' 'euclidean_distance' <Predicate = true> <Delay = 6.41> <CoreInst = "Int2Float">   --->   Core 62 'Int2Float' <Latency = 5> <II = 1> <Delay = 6.41> <FuncUnit> <Opcode : 'sitofp' 'uitofp'> <InPorts = 1> <OutPorts = 1>

State 20 <SV = 19> <Delay = 6.41>
ST_20 : Operation 83 [3/6] (6.41ns)   --->   "%euclidean_distance = sitofp i32 %zext_ln987" [cluster/cluster.cpp:50]   --->   Operation 83 'sitofp' 'euclidean_distance' <Predicate = true> <Delay = 6.41> <CoreInst = "Int2Float">   --->   Core 62 'Int2Float' <Latency = 5> <II = 1> <Delay = 6.41> <FuncUnit> <Opcode : 'sitofp' 'uitofp'> <InPorts = 1> <OutPorts = 1>

State 21 <SV = 20> <Delay = 6.41>
ST_21 : Operation 84 [2/6] (6.41ns)   --->   "%euclidean_distance = sitofp i32 %zext_ln987" [cluster/cluster.cpp:50]   --->   Operation 84 'sitofp' 'euclidean_distance' <Predicate = true> <Delay = 6.41> <CoreInst = "Int2Float">   --->   Core 62 'Int2Float' <Latency = 5> <II = 1> <Delay = 6.41> <FuncUnit> <Opcode : 'sitofp' 'uitofp'> <InPorts = 1> <OutPorts = 1>

State 22 <SV = 21> <Delay = 6.41>
ST_22 : Operation 85 [1/6] (6.41ns)   --->   "%euclidean_distance = sitofp i32 %zext_ln987" [cluster/cluster.cpp:50]   --->   Operation 85 'sitofp' 'euclidean_distance' <Predicate = true> <Delay = 6.41> <CoreInst = "Int2Float">   --->   Core 62 'Int2Float' <Latency = 5> <II = 1> <Delay = 6.41> <FuncUnit> <Opcode : 'sitofp' 'uitofp'> <InPorts = 1> <OutPorts = 1>

State 23 <SV = 22> <Delay = 5.43>
ST_23 : Operation 86 [1/1] (0.00ns)   --->   "%bitcast_ln53 = bitcast i32 %euclidean_distance" [cluster/cluster.cpp:53]   --->   Operation 86 'bitcast' 'bitcast_ln53' <Predicate = true> <Delay = 0.00>
ST_23 : Operation 87 [1/1] (0.00ns)   --->   "%tmp_s = partselect i8 @_ssdm_op_PartSelect.i8.i32.i32.i32, i32 %bitcast_ln53, i32 23, i32 30" [cluster/cluster.cpp:53]   --->   Operation 87 'partselect' 'tmp_s' <Predicate = true> <Delay = 0.00>
ST_23 : Operation 88 [1/1] (0.00ns)   --->   "%trunc_ln53 = trunc i32 %bitcast_ln53" [cluster/cluster.cpp:53]   --->   Operation 88 'trunc' 'trunc_ln53' <Predicate = true> <Delay = 0.00>
ST_23 : Operation 89 [1/1] (1.55ns)   --->   "%icmp_ln53_220 = icmp_ne  i8 %tmp_s, i8 255" [cluster/cluster.cpp:53]   --->   Operation 89 'icmp' 'icmp_ln53_220' <Predicate = true> <Delay = 1.55> <CoreInst = "Cmp">   --->   Core 9 'Cmp' <Latency = 0> <II = 1> <Delay = 1.55> <FuncUnit> <Opcode : 'icmp'> <InPorts = 2> <OutPorts = 1>
ST_23 : Operation 90 [1/1] (2.44ns)   --->   "%icmp_ln53_221 = icmp_eq  i23 %trunc_ln53, i23 0" [cluster/cluster.cpp:53]   --->   Operation 90 'icmp' 'icmp_ln53_221' <Predicate = true> <Delay = 2.44> <CoreInst = "Cmp">   --->   Core 9 'Cmp' <Latency = 0> <II = 1> <Delay = 2.44> <FuncUnit> <Opcode : 'icmp'> <InPorts = 2> <OutPorts = 1>
ST_23 : Operation 91 [2/2] (5.43ns)   --->   "%tmp_689 = fcmp_olt  i32 %euclidean_distance, i32 200" [cluster/cluster.cpp:53]   --->   Operation 91 'fcmp' 'tmp_689' <Predicate = true> <Delay = 5.43> <CoreInst = "FCompare">   --->   Core 19 'FCompare' <Latency = 1> <II = 1> <Delay = 5.43> <FuncUnit> <Opcode : 'fcmp'> <InPorts = 2> <OutPorts = 1>

State 24 <SV = 23> <Delay = 6.40>
ST_24 : Operation 92 [1/1] (0.00ns) (grouped into LUT with out node and_ln53)   --->   "%or_ln53 = or i1 %icmp_ln53_221, i1 %icmp_ln53_220" [cluster/cluster.cpp:53]   --->   Operation 92 'or' 'or_ln53' <Predicate = true> <Delay = 0.00> <CoreInst = "LogicGate">   --->   Core 74 'LogicGate' <Latency = 0> <II = 1> <Delay = 0.97> <FuncUnit> <Opcode : 'and' 'or' 'xor'> <InPorts = 2> <OutPorts = 1>
ST_24 : Operation 93 [1/2] (5.43ns)   --->   "%tmp_689 = fcmp_olt  i32 %euclidean_distance, i32 200" [cluster/cluster.cpp:53]   --->   Operation 93 'fcmp' 'tmp_689' <Predicate = true> <Delay = 5.43> <CoreInst = "FCompare">   --->   Core 19 'FCompare' <Latency = 1> <II = 1> <Delay = 5.43> <FuncUnit> <Opcode : 'fcmp'> <InPorts = 2> <OutPorts = 1>
ST_24 : Operation 94 [1/1] (0.97ns) (out node of the LUT)   --->   "%and_ln53 = and i1 %or_ln53, i1 %tmp_689" [cluster/cluster.cpp:53]   --->   Operation 94 'and' 'and_ln53' <Predicate = true> <Delay = 0.97> <CoreInst = "LogicGate">   --->   Core 74 'LogicGate' <Latency = 0> <II = 1> <Delay = 0.97> <FuncUnit> <Opcode : 'and' 'or' 'xor'> <InPorts = 2> <OutPorts = 1>
ST_24 : Operation 95 [1/1] (0.00ns)   --->   "%br_ln53 = br i1 %and_ln53, void %for.inc54.110, void %if.then37.110" [cluster/cluster.cpp:53]   --->   Operation 95 'br' 'br_ln53' <Predicate = true> <Delay = 0.00>

State 25 <SV = 24> <Delay = 5.36>
ST_25 : Operation 96 [1/1] (0.00ns)   --->   "%p_load = load i32 %empty" [cluster/cluster.cpp:54]   --->   Operation 96 'load' 'p_load' <Predicate = (!or_ln43 & and_ln53)> <Delay = 0.00>
ST_25 : Operation 97 [1/1] (0.00ns)   --->   "%trunc_ln54 = trunc i32 %p_load" [cluster/cluster.cpp:54]   --->   Operation 97 'trunc' 'trunc_ln54' <Predicate = (!or_ln43 & and_ln53)> <Delay = 0.00>
ST_25 : Operation 98 [1/1] (2.10ns)   --->   "%add_ln54 = add i17 %mul_ln37_108_cast, i17 %trunc_ln54" [cluster/cluster.cpp:54]   --->   Operation 98 'add' 'add_ln54' <Predicate = (!or_ln43 & and_ln53)> <Delay = 2.10> <CoreInst = "Adder">   --->   Core 1 'Adder' <Latency = 0> <II = 1> <Delay = 2.10> <FuncUnit> <Opcode : 'add' 'sub'> <InPorts = 2> <OutPorts = 1>
ST_25 : Operation 99 [1/1] (0.00ns)   --->   "%zext_ln54 = zext i17 %add_ln54" [cluster/cluster.cpp:54]   --->   Operation 99 'zext' 'zext_ln54' <Predicate = (!or_ln43 & and_ln53)> <Delay = 0.00>
ST_25 : Operation 100 [1/1] (0.00ns)   --->   "%clusters_members_addr = getelementptr i9 %clusters_members, i64 0, i64 %zext_ln54" [cluster/cluster.cpp:54]   --->   Operation 100 'getelementptr' 'clusters_members_addr' <Predicate = (!or_ln43 & and_ln53)> <Delay = 0.00>
ST_25 : Operation 101 [1/1] (3.25ns)   --->   "%store_ln54 = store i9 %candidate_345, i17 %clusters_members_addr" [cluster/cluster.cpp:54]   --->   Operation 101 'store' 'store_ln54' <Predicate = (!or_ln43 & and_ln53)> <Delay = 3.25> <CoreInst = "RAM">   --->   Core 82 'RAM' <Latency = 1> <II = 1> <Delay = 3.25> <Storage> <Opcode : 'load' 'store'> <Ports = 2> <Width = 9> <Depth = 129600> <RAM>
ST_25 : Operation 102 [1/1] (2.55ns)   --->   "%add_ln55 = add i32 %p_load, i32 1" [cluster/cluster.cpp:55]   --->   Operation 102 'add' 'add_ln55' <Predicate = (!or_ln43 & and_ln53)> <Delay = 2.55> <CoreInst = "Adder">   --->   Core 1 'Adder' <Latency = 0> <II = 1> <Delay = 2.55> <FuncUnit> <Opcode : 'add' 'sub'> <InPorts = 2> <OutPorts = 1>
ST_25 : Operation 103 [1/1] (2.32ns)   --->   "%store_ln56 = store i1 1, i9 %grouped_addr" [cluster/cluster.cpp:56]   --->   Operation 103 'store' 'store_ln56' <Predicate = (!or_ln43 & and_ln53)> <Delay = 2.32> <CoreInst = "RAM">   --->   Core 82 'RAM' <Latency = 1> <II = 1> <Delay = 2.32> <Storage> <Opcode : 'load' 'store'> <Ports = 2> <Width = 1> <Depth = 360> <RAM>
ST_25 : Operation 104 [1/1] (1.58ns)   --->   "%store_ln57 = store i32 %add_ln55, i32 %empty" [cluster/cluster.cpp:57]   --->   Operation 104 'store' 'store_ln57' <Predicate = (!or_ln43 & and_ln53)> <Delay = 1.58>
ST_25 : Operation 105 [1/1] (0.00ns)   --->   "%br_ln57 = br void %for.inc54.110" [cluster/cluster.cpp:57]   --->   Operation 105 'br' 'br_ln57' <Predicate = (!or_ln43 & and_ln53)> <Delay = 0.00>
ST_25 : Operation 106 [1/1] (1.58ns)   --->   "%store_ln42 = store i9 %add_ln42, i9 %candidate" [cluster/cluster.cpp:42]   --->   Operation 106 'store' 'store_ln42' <Predicate = true> <Delay = 1.58>
ST_25 : Operation 107 [1/1] (0.00ns)   --->   "%br_ln42 = br void %for.body19.110" [cluster/cluster.cpp:42]   --->   Operation 107 'br' 'br_ln42' <Predicate = true> <Delay = 0.00>


============================================================
+ Verbose Summary: Binding
============================================================
STG Binding: 
---------------- STG Properties BEGIN ----------------
- Is combinational: 0
- Is one-state seq: 0
- Is datapath-only: 0
- Is pipelined: 0
- Is top level: 0
Port [ Return ] is wired: 1; IO mode=ap_ctrl_hs:ce=0
Port [ grouped]:  wired=1; compound=1; hidden=0; nouse=0; global=0; static=0; extern=0; dir=2; type=1; pingpong=0; private_global=0; MemPort=[23]; IO mode=ap_memory:ce=0
Port [ distances]:  wired=1; compound=1; hidden=0; nouse=0; global=0; static=0; extern=0; dir=0; type=1; pingpong=0; private_global=0; MemPort=[13]; IO mode=ap_memory:ce=0
Port [ distances_load_220]:  wired=1; compound=0; hidden=0; nouse=0; global=0; static=0; extern=0; dir=0; type=0; pingpong=0; private_global=0; IO mode=ap_none:ce=0
Port [ mul_ln37_108]:  wired=1; compound=0; hidden=0; nouse=0; global=0; static=0; extern=0; dir=0; type=0; pingpong=0; private_global=0; IO mode=ap_none:ce=0
Port [ clusters_members]:  wired=1; compound=1; hidden=0; nouse=0; global=0; static=0; extern=0; dir=1; type=1; pingpong=0; private_global=0; MemPort=[03]; IO mode=ap_memory:ce=0
Port [ p_out]:  wired=1; compound=0; hidden=0; nouse=0; global=0; static=0; extern=0; dir=1; type=0; pingpong=0; private_global=0; IO mode=ap_vld:ce=0
Port [ log_apfixed_reduce_log_inverse_lut_table_array_V]:  wired=0; compound=1; hidden=1; nouse=1; global=1; static=1; extern=0; dir=0; type=1; pingpong=0; private_global=0; MemPort=[1]; IO mode=ap_memory:ce=0
Port [ log_apfixed_reduce_log0_lut_table_ap_fixed_0_5_64_array_V]:  wired=0; compound=1; hidden=1; nouse=1; global=1; static=1; extern=0; dir=0; type=1; pingpong=0; private_global=0; MemPort=[1]; IO mode=ap_memory:ce=0
Port [ log_apfixed_reduce_log_lut_table_ap_fixed_4_4_16_array_V]:  wired=0; compound=1; hidden=1; nouse=1; global=1; static=1; extern=0; dir=0; type=1; pingpong=0; private_global=0; MemPort=[1]; IO mode=ap_memory:ce=0
Port [ log_apfixed_reduce_log_lut_table_ap_fixed_7_6_64_array_V]:  wired=0; compound=1; hidden=1; nouse=1; global=1; static=1; extern=0; dir=0; type=1; pingpong=0; private_global=0; MemPort=[1]; IO mode=ap_memory:ce=0
Port [ log_apfixed_reduce_log_lut_table_ap_fixed_12_6_64_array_V]:  wired=0; compound=1; hidden=1; nouse=1; global=1; static=1; extern=0; dir=0; type=1; pingpong=0; private_global=0; MemPort=[1]; IO mode=ap_memory:ce=0
Port [ log_apfixed_reduce_log_lut_table_ap_fixed_17_6_64_array_V]:  wired=0; compound=1; hidden=1; nouse=1; global=1; static=1; extern=0; dir=0; type=1; pingpong=0; private_global=0; MemPort=[1]; IO mode=ap_memory:ce=0
Port [ log_apfixed_reduce_log_lut_table_ap_fixed_22_6_64_array_V]:  wired=0; compound=1; hidden=1; nouse=1; global=1; static=1; extern=0; dir=0; type=1; pingpong=0; private_global=0; MemPort=[1]; IO mode=ap_memory:ce=0
Port [ f_x_msb_4_table_V]:  wired=0; compound=1; hidden=1; nouse=1; global=1; static=1; extern=0; dir=0; type=1; pingpong=0; private_global=0; MemPort=[1]; IO mode=ap_memory:ce=0
Port [ f_x_msb_5_table_V]:  wired=0; compound=1; hidden=1; nouse=1; global=1; static=1; extern=0; dir=0; type=1; pingpong=0; private_global=0; MemPort=[1]; IO mode=ap_memory:ce=0
Port [ f_x_msb_3_table_V]:  wired=0; compound=1; hidden=1; nouse=1; global=1; static=1; extern=0; dir=0; type=1; pingpong=0; private_global=0; MemPort=[1]; IO mode=ap_memory:ce=0
Port [ f_x_msb_2_table_V]:  wired=0; compound=1; hidden=1; nouse=1; global=1; static=1; extern=0; dir=0; type=1; pingpong=0; private_global=0; MemPort=[1]; IO mode=ap_memory:ce=0
Port [ exp_x_msb_1_table_V]:  wired=0; compound=1; hidden=1; nouse=1; global=1; static=1; extern=0; dir=0; type=1; pingpong=0; private_global=0; MemPort=[1]; IO mode=ap_memory:ce=0
---------------- STG Properties END ------------------

---------------- Datapath Model BEGIN ----------------

<LifeTime>
<method=bitvector/>
candidate               (alloca           ) [ 01111111111111111111111111]
empty                   (alloca           ) [ 01111111111111111111111111]
mul_ln37_108_read       (read             ) [ 00000000000000000000000000]
distances_load_220_read (read             ) [ 00111111111111111111111111]
mul_ln37_108_cast       (zext             ) [ 00111111111111111111111111]
store_ln0               (store            ) [ 00000000000000000000000000]
store_ln0               (store            ) [ 00000000000000000000000000]
br_ln0                  (br               ) [ 00000000000000000000000000]
candidate_345           (load             ) [ 00011111111111111111111111]
specpipeline_ln0        (specpipeline     ) [ 00000000000000000000000000]
icmp_ln42               (icmp             ) [ 00111111111111111111111111]
empty_454               (speclooptripcount) [ 00000000000000000000000000]
add_ln42                (add              ) [ 00011111111111111111111111]
br_ln42                 (br               ) [ 00000000000000000000000000]
trunc_ln44_109_cast     (zext             ) [ 00010000000000000000000000]
grouped_addr            (getelementptr    ) [ 00011111111111111111111111]
p_load6                 (load             ) [ 00000000000000000000000000]
write_ln0               (write            ) [ 00000000000000000000000000]
ret_ln0                 (ret              ) [ 00000000000000000000000000]
specloopname_ln42       (specloopname     ) [ 00000000000000000000000000]
grouped_load            (load             ) [ 00000000000000000000000000]
icmp_ln43               (icmp             ) [ 00000000000000000000000000]
or_ln43                 (or               ) [ 00111111111111111111111111]
br_ln43                 (br               ) [ 00000000000000000000000000]
distances_addr          (getelementptr    ) [ 00001000000000000000000000]
add_ln44                (add              ) [ 00000000000000000000000000]
neg2223                 (sub              ) [ 00000000000000000000000000]
abscond2224             (icmp             ) [ 00000000000000000000000000]
delta_angle_220         (select           ) [ 00000100000000000000000000]
distances_load          (load             ) [ 00000000000000000000000000]
sub_ln50                (sub              ) [ 00000110000000000000000000]
icmp_ln45               (icmp             ) [ 00000000000000000000000000]
sub_ln46                (sub              ) [ 00000000000000000000000000]
delta_angle             (select           ) [ 00000000000000000000000000]
sext_ln44               (sext             ) [ 00000010000000000000000000]
tmp_265                 (call             ) [ 00000001000000000000000000]
tmp_266                 (call             ) [ 00000001000000000000000000]
zext_ln50_220           (zext             ) [ 00000000000000000000000000]
zext_ln50_221           (zext             ) [ 00000000000000000000000000]
xf_V                    (add              ) [ 00000000111111111000000000]
p_Val2_s                (call             ) [ 00000000000000000100000000]
zext_ln987              (zext             ) [ 00000000000000000011111000]
euclidean_distance      (sitofp           ) [ 00000000000000000000000110]
bitcast_ln53            (bitcast          ) [ 00000000000000000000000000]
tmp_s                   (partselect       ) [ 00000000000000000000000000]
trunc_ln53              (trunc            ) [ 00000000000000000000000000]
icmp_ln53_220           (icmp             ) [ 00000000000000000000000010]
icmp_ln53_221           (icmp             ) [ 00000000000000000000000010]
or_ln53                 (or               ) [ 00000000000000000000000000]
tmp_689                 (fcmp             ) [ 00000000000000000000000000]
and_ln53                (and              ) [ 00110000000000000000000001]
br_ln53                 (br               ) [ 00000000000000000000000000]
p_load                  (load             ) [ 00000000000000000000000000]
trunc_ln54              (trunc            ) [ 00000000000000000000000000]
add_ln54                (add              ) [ 00000000000000000000000000]
zext_ln54               (zext             ) [ 00000000000000000000000000]
clusters_members_addr   (getelementptr    ) [ 00000000000000000000000000]
store_ln54              (store            ) [ 00000000000000000000000000]
add_ln55                (add              ) [ 00000000000000000000000000]
store_ln56              (store            ) [ 00000000000000000000000000]
store_ln57              (store            ) [ 00000000000000000000000000]
br_ln57                 (br               ) [ 00000000000000000000000000]
store_ln42              (store            ) [ 00000000000000000000000000]
br_ln42                 (br               ) [ 00000000000000000000000000]
</LifeTime>

<model>

<comp_list>
<comp id="0" class="1000" name="grouped">
<pin_list>
<pin id="1" dir="1" index="0" bw="1" slack="0"/>
</pin_list>
<bind>
<StgValue><ssdm name="grouped"/><MemPortTyVec>2 3 </MemPortTyVec>
</StgValue>
</bind>
</comp>

<comp id="2" class="1000" name="distances">
<pin_list>
<pin id="3" dir="1" index="0" bw="1" slack="0"/>
</pin_list>
<bind>
<StgValue><ssdm name="distances"/><MemPortTyVec>1 3 </MemPortTyVec>
</StgValue>
</bind>
</comp>

<comp id="4" class="1000" name="distances_load_220">
<pin_list>
<pin id="5" dir="1" index="0" bw="1" slack="0"/>
</pin_list>
<bind>
<StgValue><ssdm name="distances_load_220"/></StgValue>
</bind>
</comp>

<comp id="6" class="1000" name="mul_ln37_108">
<pin_list>
<pin id="7" dir="1" index="0" bw="1" slack="0"/>
</pin_list>
<bind>
<StgValue><ssdm name="mul_ln37_108"/></StgValue>
</bind>
</comp>

<comp id="8" class="1000" name="clusters_members">
<pin_list>
<pin id="9" dir="1" index="0" bw="1" slack="0"/>
</pin_list>
<bind>
<StgValue><ssdm name="clusters_members"/><MemPortTyVec>0 3 </MemPortTyVec>
</StgValue>
</bind>
</comp>

<comp id="10" class="1000" name="p_out">
<pin_list>
<pin id="11" dir="1" index="0" bw="1" slack="0"/>
</pin_list>
<bind>
<StgValue><ssdm name="p_out"/></StgValue>
</bind>
</comp>

<comp id="12" class="1000" name="log_apfixed_reduce_log_inverse_lut_table_array_V">
<pin_list>
<pin id="13" dir="1" index="0" bw="1" slack="0"/>
</pin_list>
<bind>
<StgValue><ssdm name="log_apfixed_reduce_log_inverse_lut_table_array_V"/><MemPortTyVec>1 </MemPortTyVec>
</StgValue>
</bind>
</comp>

<comp id="14" class="1000" name="log_apfixed_reduce_log0_lut_table_ap_fixed_0_5_64_array_V">
<pin_list>
<pin id="15" dir="1" index="0" bw="1" slack="0"/>
</pin_list>
<bind>
<StgValue><ssdm name="log_apfixed_reduce_log0_lut_table_ap_fixed_0_5_64_array_V"/><MemPortTyVec>1 </MemPortTyVec>
</StgValue>
</bind>
</comp>

<comp id="16" class="1000" name="log_apfixed_reduce_log_lut_table_ap_fixed_4_4_16_array_V">
<pin_list>
<pin id="17" dir="1" index="0" bw="1" slack="0"/>
</pin_list>
<bind>
<StgValue><ssdm name="log_apfixed_reduce_log_lut_table_ap_fixed_4_4_16_array_V"/><MemPortTyVec>1 </MemPortTyVec>
</StgValue>
</bind>
</comp>

<comp id="18" class="1000" name="log_apfixed_reduce_log_lut_table_ap_fixed_7_6_64_array_V">
<pin_list>
<pin id="19" dir="1" index="0" bw="1" slack="0"/>
</pin_list>
<bind>
<StgValue><ssdm name="log_apfixed_reduce_log_lut_table_ap_fixed_7_6_64_array_V"/><MemPortTyVec>1 </MemPortTyVec>
</StgValue>
</bind>
</comp>

<comp id="20" class="1000" name="log_apfixed_reduce_log_lut_table_ap_fixed_12_6_64_array_V">
<pin_list>
<pin id="21" dir="1" index="0" bw="1" slack="0"/>
</pin_list>
<bind>
<StgValue><ssdm name="log_apfixed_reduce_log_lut_table_ap_fixed_12_6_64_array_V"/><MemPortTyVec>1 </MemPortTyVec>
</StgValue>
</bind>
</comp>

<comp id="22" class="1000" name="log_apfixed_reduce_log_lut_table_ap_fixed_17_6_64_array_V">
<pin_list>
<pin id="23" dir="1" index="0" bw="1" slack="0"/>
</pin_list>
<bind>
<StgValue><ssdm name="log_apfixed_reduce_log_lut_table_ap_fixed_17_6_64_array_V"/><MemPortTyVec>1 </MemPortTyVec>
</StgValue>
</bind>
</comp>

<comp id="24" class="1000" name="log_apfixed_reduce_log_lut_table_ap_fixed_22_6_64_array_V">
<pin_list>
<pin id="25" dir="1" index="0" bw="1" slack="0"/>
</pin_list>
<bind>
<StgValue><ssdm name="log_apfixed_reduce_log_lut_table_ap_fixed_22_6_64_array_V"/><MemPortTyVec>1 </MemPortTyVec>
</StgValue>
</bind>
</comp>

<comp id="26" class="1000" name="f_x_msb_4_table_V">
<pin_list>
<pin id="27" dir="1" index="0" bw="1" slack="0"/>
</pin_list>
<bind>
<StgValue><ssdm name="f_x_msb_4_table_V"/><MemPortTyVec>1 </MemPortTyVec>
</StgValue>
</bind>
</comp>

<comp id="28" class="1000" name="f_x_msb_5_table_V">
<pin_list>
<pin id="29" dir="1" index="0" bw="1" slack="0"/>
</pin_list>
<bind>
<StgValue><ssdm name="f_x_msb_5_table_V"/><MemPortTyVec>1 </MemPortTyVec>
</StgValue>
</bind>
</comp>

<comp id="30" class="1000" name="f_x_msb_3_table_V">
<pin_list>
<pin id="31" dir="1" index="0" bw="1" slack="0"/>
</pin_list>
<bind>
<StgValue><ssdm name="f_x_msb_3_table_V"/><MemPortTyVec>1 </MemPortTyVec>
</StgValue>
</bind>
</comp>

<comp id="32" class="1000" name="f_x_msb_2_table_V">
<pin_list>
<pin id="33" dir="1" index="0" bw="1" slack="0"/>
</pin_list>
<bind>
<StgValue><ssdm name="f_x_msb_2_table_V"/><MemPortTyVec>1 </MemPortTyVec>
</StgValue>
</bind>
</comp>

<comp id="34" class="1000" name="exp_x_msb_1_table_V">
<pin_list>
<pin id="35" dir="1" index="0" bw="1" slack="0"/>
</pin_list>
<bind>
<StgValue><ssdm name="exp_x_msb_1_table_V"/><MemPortTyVec>1 </MemPortTyVec>
</StgValue>
</bind>
</comp>

<comp id="36" class="1001" name="const_36">
<pin_list>
<pin id="37" dir="1" index="0" bw="1" slack="0"/>
</pin_list>
<bind>
<StgValue><ssdm name=""/></StgValue>
</bind>
</comp>

<comp id="38" class="1001" name="const_38">
<pin_list>
<pin id="39" dir="1" index="0" bw="1" slack="0"/>
</pin_list>
<bind>
<StgValue><ssdm name="_ssdm_op_Read.ap_auto.i16"/></StgValue>
</bind>
</comp>

<comp id="40" class="1001" name="const_40">
<pin_list>
<pin id="41" dir="1" index="0" bw="1" slack="0"/>
</pin_list>
<bind>
<StgValue><ssdm name="_ssdm_op_Read.ap_auto.i32"/></StgValue>
</bind>
</comp>

<comp id="42" class="1001" name="const_42">
<pin_list>
<pin id="43" dir="1" index="0" bw="1" slack="0"/>
</pin_list>
<bind>
<StgValue><ssdm name=""/></StgValue>
</bind>
</comp>

<comp id="44" class="1001" name="const_44">
<pin_list>
<pin id="45" dir="1" index="0" bw="1" slack="2147483647"/>
</pin_list>
<bind>
<StgValue><ssdm name="_ssdm_op_SpecPipeline"/></StgValue>
</bind>
</comp>

<comp id="46" class="1001" name="const_46">
<pin_list>
<pin id="47" dir="1" index="0" bw="1" slack="2147483647"/>
</pin_list>
<bind>
<StgValue><ssdm name=""/></StgValue>
</bind>
</comp>

<comp id="48" class="1001" name="const_48">
<pin_list>
<pin id="49" dir="1" index="0" bw="1" slack="2147483647"/>
</pin_list>
<bind>
<StgValue><ssdm name=""/></StgValue>
</bind>
</comp>

<comp id="50" class="1001" name="const_50">
<pin_list>
<pin id="51" dir="1" index="0" bw="1" slack="2147483647"/>
</pin_list>
<bind>
<StgValue><ssdm name="p_str"/></StgValue>
</bind>
</comp>

<comp id="52" class="1001" name="const_52">
<pin_list>
<pin id="53" dir="1" index="0" bw="1" slack="0"/>
</pin_list>
<bind>
<StgValue><ssdm name=""/></StgValue>
</bind>
</comp>

<comp id="54" class="1001" name="const_54">
<pin_list>
<pin id="55" dir="1" index="0" bw="1" slack="2147483647"/>
</pin_list>
<bind>
<StgValue><ssdm name="_ssdm_op_SpecLoopTripCount"/></StgValue>
</bind>
</comp>

<comp id="56" class="1001" name="const_56">
<pin_list>
<pin id="57" dir="1" index="0" bw="1" slack="2147483647"/>
</pin_list>
<bind>
<StgValue><ssdm name=""/></StgValue>
</bind>
</comp>

<comp id="58" class="1001" name="const_58">
<pin_list>
<pin id="59" dir="1" index="0" bw="1" slack="0"/>
</pin_list>
<bind>
<StgValue><ssdm name=""/></StgValue>
</bind>
</comp>

<comp id="60" class="1001" name="const_60">
<pin_list>
<pin id="61" dir="1" index="0" bw="1" slack="0"/>
</pin_list>
<bind>
<StgValue><ssdm name=""/></StgValue>
</bind>
</comp>

<comp id="62" class="1001" name="const_62">
<pin_list>
<pin id="63" dir="1" index="0" bw="1" slack="0"/>
</pin_list>
<bind>
<StgValue><ssdm name="_ssdm_op_Write.ap_auto.i32P0A"/></StgValue>
</bind>
</comp>

<comp id="64" class="1001" name="const_64">
<pin_list>
<pin id="65" dir="1" index="0" bw="1" slack="2147483647"/>
</pin_list>
<bind>
<StgValue><ssdm name="_ssdm_op_SpecLoopName"/></StgValue>
</bind>
</comp>

<comp id="66" class="1001" name="const_66">
<pin_list>
<pin id="67" dir="1" index="0" bw="1" slack="2147483647"/>
</pin_list>
<bind>
<StgValue><ssdm name="empty_9"/></StgValue>
</bind>
</comp>

<comp id="68" class="1001" name="const_68">
<pin_list>
<pin id="69" dir="1" index="0" bw="1" slack="0"/>
</pin_list>
<bind>
<StgValue><ssdm name=""/></StgValue>
</bind>
</comp>

<comp id="70" class="1001" name="const_70">
<pin_list>
<pin id="71" dir="1" index="0" bw="1" slack="0"/>
</pin_list>
<bind>
<StgValue><ssdm name=""/></StgValue>
</bind>
</comp>

<comp id="72" class="1001" name="const_72">
<pin_list>
<pin id="73" dir="1" index="0" bw="1" slack="0"/>
</pin_list>
<bind>
<StgValue><ssdm name=""/></StgValue>
</bind>
</comp>

<comp id="74" class="1001" name="const_74">
<pin_list>
<pin id="75" dir="1" index="0" bw="1" slack="0"/>
</pin_list>
<bind>
<StgValue><ssdm name="pow"/></StgValue>
</bind>
</comp>

<comp id="76" class="1001" name="const_76">
<pin_list>
<pin id="77" dir="1" index="0" bw="1" slack="0"/>
</pin_list>
<bind>
<StgValue><ssdm name="sqrt_fixed<32, 32>"/></StgValue>
</bind>
</comp>

<comp id="78" class="1001" name="const_78">
<pin_list>
<pin id="79" dir="1" index="0" bw="1" slack="0"/>
</pin_list>
<bind>
<StgValue><ssdm name="_ssdm_op_PartSelect.i8.i32.i32.i32"/></StgValue>
</bind>
</comp>

<comp id="80" class="1001" name="const_80">
<pin_list>
<pin id="81" dir="1" index="0" bw="1" slack="0"/>
</pin_list>
<bind>
<StgValue><ssdm name=""/></StgValue>
</bind>
</comp>

<comp id="82" class="1001" name="const_82">
<pin_list>
<pin id="83" dir="1" index="0" bw="1" slack="0"/>
</pin_list>
<bind>
<StgValue><ssdm name=""/></StgValue>
</bind>
</comp>

<comp id="84" class="1001" name="const_84">
<pin_list>
<pin id="85" dir="1" index="0" bw="1" slack="0"/>
</pin_list>
<bind>
<StgValue><ssdm name=""/></StgValue>
</bind>
</comp>

<comp id="86" class="1001" name="const_86">
<pin_list>
<pin id="87" dir="1" index="0" bw="1" slack="0"/>
</pin_list>
<bind>
<StgValue><ssdm name=""/></StgValue>
</bind>
</comp>

<comp id="88" class="1001" name="const_88">
<pin_list>
<pin id="89" dir="1" index="0" bw="1" slack="0"/>
</pin_list>
<bind>
<StgValue><ssdm name=""/></StgValue>
</bind>
</comp>

<comp id="90" class="1001" name="const_90">
<pin_list>
<pin id="91" dir="1" index="0" bw="1" slack="0"/>
</pin_list>
<bind>
<StgValue><ssdm name=""/></StgValue>
</bind>
</comp>

<comp id="92" class="1004" name="candidate_fu_92">
<pin_list>
<pin id="93" dir="0" index="0" bw="1" slack="0"/>
<pin id="94" dir="1" index="1" bw="9" slack="0"/>
</pin_list>
<bind>
<opcode="alloca(26) " fcode="alloca"/>
<opset="candidate/1 "/>
</bind>
</comp>

<comp id="96" class="1004" name="empty_fu_96">
<pin_list>
<pin id="97" dir="0" index="0" bw="1" slack="0"/>
<pin id="98" dir="1" index="1" bw="32" slack="0"/>
</pin_list>
<bind>
<opcode="alloca(26) " fcode="alloca"/>
<opset="empty/1 "/>
</bind>
</comp>

<comp id="100" class="1004" name="mul_ln37_108_read_read_fu_100">
<pin_list>
<pin id="101" dir="0" index="0" bw="16" slack="0"/>
<pin id="102" dir="0" index="1" bw="16" slack="0"/>
<pin id="103" dir="1" index="2" bw="16" slack="0"/>
</pin_list>
<bind>
<opcode="read(1150) " fcode="read"/>
<opset="mul_ln37_108_read/1 "/>
</bind>
</comp>

<comp id="106" class="1004" name="distances_load_220_read_read_fu_106">
<pin_list>
<pin id="107" dir="0" index="0" bw="32" slack="0"/>
<pin id="108" dir="0" index="1" bw="32" slack="0"/>
<pin id="109" dir="1" index="2" bw="32" slack="3"/>
</pin_list>
<bind>
<opcode="read(1150) " fcode="read"/>
<opset="distances_load_220_read/1 "/>
</bind>
</comp>

<comp id="112" class="1004" name="write_ln0_write_fu_112">
<pin_list>
<pin id="113" dir="0" index="0" bw="0" slack="0"/>
<pin id="114" dir="0" index="1" bw="32" slack="0"/>
<pin id="115" dir="0" index="2" bw="32" slack="0"/>
<pin id="116" dir="1" index="3" bw="0" slack="2147483647"/>
</pin_list>
<bind>
<opcode="write(1151) " fcode="write"/>
<opset="write_ln0/2 "/>
</bind>
</comp>

<comp id="119" class="1004" name="grouped_addr_gep_fu_119">
<pin_list>
<pin id="120" dir="0" index="0" bw="1" slack="0"/>
<pin id="121" dir="0" index="1" bw="1" slack="0"/>
<pin id="122" dir="0" index="2" bw="9" slack="0"/>
<pin id="123" dir="1" index="3" bw="9" slack="0"/>
</pin_list>
<bind>
<opcode="getelementptr(29) " fcode="getelementptr"/>
<opset="grouped_addr/2 "/>
</bind>
</comp>

<comp id="126" class="1004" name="grp_access_fu_126">
<pin_list>
<pin id="127" dir="0" index="0" bw="9" slack="0"/>
<pin id="128" dir="0" index="1" bw="1" slack="0"/>
<pin id="129" dir="0" index="2" bw="0" slack="2147483647"/>
<pin id="130" dir="1" index="3" bw="1" slack="0"/>
</pin_list>
<bind>
<opcode="load(27) store(28) " fcode="store"/>
<opset="grouped_load/2 store_ln56/25 "/>
</bind>
</comp>

<comp id="132" class="1004" name="distances_addr_gep_fu_132">
<pin_list>
<pin id="133" dir="0" index="0" bw="32" slack="0"/>
<pin id="134" dir="0" index="1" bw="1" slack="0"/>
<pin id="135" dir="0" index="2" bw="9" slack="1"/>
<pin id="136" dir="1" index="3" bw="9" slack="0"/>
</pin_list>
<bind>
<opcode="getelementptr(29) " fcode="getelementptr"/>
<opset="distances_addr/3 "/>
</bind>
</comp>

<comp id="139" class="1004" name="grp_access_fu_139">
<pin_list>
<pin id="140" dir="0" index="0" bw="9" slack="0"/>
<pin id="141" dir="0" index="1" bw="32" slack="2147483647"/>
<pin id="142" dir="0" index="2" bw="0" slack="2147483647"/>
<pin id="143" dir="1" index="3" bw="32" slack="0"/>
</pin_list>
<bind>
<opcode="load(27) " fcode="load"/>
<opset="distances_load/3 "/>
</bind>
</comp>

<comp id="145" class="1004" name="clusters_members_addr_gep_fu_145">
<pin_list>
<pin id="146" dir="0" index="0" bw="9" slack="0"/>
<pin id="147" dir="0" index="1" bw="1" slack="0"/>
<pin id="148" dir="0" index="2" bw="17" slack="0"/>
<pin id="149" dir="1" index="3" bw="17" slack="0"/>
</pin_list>
<bind>
<opcode="getelementptr(29) " fcode="getelementptr"/>
<opset="clusters_members_addr/25 "/>
</bind>
</comp>

<comp id="152" class="1004" name="store_ln54_access_fu_152">
<pin_list>
<pin id="153" dir="0" index="0" bw="17" slack="0"/>
<pin id="154" dir="0" index="1" bw="9" slack="2147483647"/>
<pin id="155" dir="0" index="2" bw="0" slack="2147483647"/>
<pin id="156" dir="1" index="3" bw="9" slack="2147483647"/>
</pin_list>
<bind>
<opcode="store(28) " fcode="store"/>
<opset="store_ln54/25 "/>
</bind>
</comp>

<comp id="159" class="1004" name="grp_pow_fu_159">
<pin_list>
<pin id="160" dir="0" index="0" bw="31" slack="0"/>
<pin id="161" dir="0" index="1" bw="9" slack="0"/>
<pin id="162" dir="0" index="2" bw="6" slack="0"/>
<pin id="163" dir="0" index="3" bw="82" slack="0"/>
<pin id="164" dir="0" index="4" bw="78" slack="0"/>
<pin id="165" dir="0" index="5" bw="75" slack="0"/>
<pin id="166" dir="0" index="6" bw="70" slack="0"/>
<pin id="167" dir="0" index="7" bw="65" slack="0"/>
<pin id="168" dir="0" index="8" bw="60" slack="0"/>
<pin id="169" dir="0" index="9" bw="32" slack="0"/>
<pin id="170" dir="0" index="10" bw="16" slack="0"/>
<pin id="171" dir="0" index="11" bw="51" slack="0"/>
<pin id="172" dir="0" index="12" bw="64" slack="0"/>
<pin id="173" dir="0" index="13" bw="68" slack="0"/>
<pin id="174" dir="1" index="14" bw="31" slack="1"/>
</pin_list>
<bind>
<opcode="call(48) " fcode="call"/>
<opset="tmp_265/5 "/>
</bind>
</comp>

<comp id="188" class="1004" name="grp_pow_fu_188">
<pin_list>
<pin id="189" dir="0" index="0" bw="31" slack="0"/>
<pin id="190" dir="0" index="1" bw="32" slack="1"/>
<pin id="191" dir="0" index="2" bw="6" slack="0"/>
<pin id="192" dir="0" index="3" bw="82" slack="0"/>
<pin id="193" dir="0" index="4" bw="78" slack="0"/>
<pin id="194" dir="0" index="5" bw="75" slack="0"/>
<pin id="195" dir="0" index="6" bw="70" slack="0"/>
<pin id="196" dir="0" index="7" bw="65" slack="0"/>
<pin id="197" dir="0" index="8" bw="60" slack="0"/>
<pin id="198" dir="0" index="9" bw="32" slack="0"/>
<pin id="199" dir="0" index="10" bw="16" slack="0"/>
<pin id="200" dir="0" index="11" bw="51" slack="0"/>
<pin id="201" dir="0" index="12" bw="64" slack="0"/>
<pin id="202" dir="0" index="13" bw="68" slack="0"/>
<pin id="203" dir="1" index="14" bw="31" slack="1"/>
</pin_list>
<bind>
<opcode="call(48) " fcode="call"/>
<opset="tmp_266/5 "/>
</bind>
</comp>

<comp id="217" class="1004" name="grp_sqrt_fixed_32_32_s_fu_217">
<pin_list>
<pin id="218" dir="0" index="0" bw="16" slack="0"/>
<pin id="219" dir="0" index="1" bw="32" slack="1"/>
<pin id="220" dir="1" index="2" bw="16" slack="1"/>
</pin_list>
<bind>
<opcode="call(48) " fcode="call"/>
<opset="p_Val2_s/8 "/>
</bind>
</comp>

<comp id="222" class="1004" name="grp_fu_222">
<pin_list>
<pin id="223" dir="0" index="0" bw="16" slack="0"/>
<pin id="224" dir="1" index="1" bw="32" slack="1"/>
</pin_list>
<bind>
<opcode="sitofp(39) " fcode="sitofp"/>
<opset="euclidean_distance/17 "/>
</bind>
</comp>

<comp id="225" class="1004" name="grp_fu_225">
<pin_list>
<pin id="226" dir="0" index="0" bw="32" slack="1"/>
<pin id="227" dir="0" index="1" bw="32" slack="0"/>
<pin id="228" dir="1" index="2" bw="1" slack="0"/>
</pin_list>
<bind>
<opcode="fcmp(46) " fcode="fcmp"/>
<opset="tmp_689/23 "/>
</bind>
</comp>

<comp id="230" class="1004" name="grp_load_fu_230">
<pin_list>
<pin id="231" dir="0" index="0" bw="32" slack="1"/>
<pin id="232" dir="1" index="1" bw="32" slack="0"/>
</pin_list>
<bind>
<opcode="load(27) " fcode="load"/>
<opset="p_load6/2 p_load/25 "/>
</bind>
</comp>

<comp id="234" class="1004" name="mul_ln37_108_cast_fu_234">
<pin_list>
<pin id="235" dir="0" index="0" bw="16" slack="0"/>
<pin id="236" dir="1" index="1" bw="17" slack="24"/>
</pin_list>
<bind>
<opcode="zext(34) " fcode="zext"/>
<opset="mul_ln37_108_cast/1 "/>
</bind>
</comp>

<comp id="238" class="1004" name="store_ln0_store_fu_238">
<pin_list>
<pin id="239" dir="0" index="0" bw="1" slack="0"/>
<pin id="240" dir="0" index="1" bw="32" slack="0"/>
<pin id="241" dir="1" index="2" bw="0" slack="2147483647"/>
</pin_list>
<bind>
<opcode="store(28) " fcode="store"/>
<opset="store_ln0/1 "/>
</bind>
</comp>

<comp id="243" class="1004" name="store_ln0_store_fu_243">
<pin_list>
<pin id="244" dir="0" index="0" bw="1" slack="0"/>
<pin id="245" dir="0" index="1" bw="9" slack="0"/>
<pin id="246" dir="1" index="2" bw="0" slack="2147483647"/>
</pin_list>
<bind>
<opcode="store(28) " fcode="store"/>
<opset="store_ln0/1 "/>
</bind>
</comp>

<comp id="248" class="1004" name="candidate_345_load_fu_248">
<pin_list>
<pin id="249" dir="0" index="0" bw="9" slack="1"/>
<pin id="250" dir="1" index="1" bw="9" slack="0"/>
</pin_list>
<bind>
<opcode="load(27) " fcode="load"/>
<opset="candidate_345/2 "/>
</bind>
</comp>

<comp id="251" class="1004" name="icmp_ln42_fu_251">
<pin_list>
<pin id="252" dir="0" index="0" bw="9" slack="0"/>
<pin id="253" dir="0" index="1" bw="9" slack="0"/>
<pin id="254" dir="1" index="2" bw="1" slack="2147483647"/>
</pin_list>
<bind>
<opcode="icmp(45) " fcode="icmp"/>
<opset="icmp_ln42/2 "/>
</bind>
</comp>

<comp id="257" class="1004" name="add_ln42_fu_257">
<pin_list>
<pin id="258" dir="0" index="0" bw="9" slack="0"/>
<pin id="259" dir="0" index="1" bw="1" slack="0"/>
<pin id="260" dir="1" index="2" bw="9" slack="23"/>
</pin_list>
<bind>
<opcode="add(8) " fcode="add"/>
<opset="add_ln42/2 "/>
</bind>
</comp>

<comp id="263" class="1004" name="trunc_ln44_109_cast_fu_263">
<pin_list>
<pin id="264" dir="0" index="0" bw="9" slack="0"/>
<pin id="265" dir="1" index="1" bw="64" slack="0"/>
</pin_list>
<bind>
<opcode="zext(34) " fcode="zext"/>
<opset="trunc_ln44_109_cast/2 "/>
</bind>
</comp>

<comp id="268" class="1004" name="icmp_ln43_fu_268">
<pin_list>
<pin id="269" dir="0" index="0" bw="9" slack="2147483647"/>
<pin id="270" dir="0" index="1" bw="8" slack="0"/>
<pin id="271" dir="1" index="2" bw="1" slack="0"/>
</pin_list>
<bind>
<opcode="icmp(45) " fcode="icmp"/>
<opset="icmp_ln43/3 "/>
</bind>
</comp>

<comp id="273" class="1004" name="or_ln43_fu_273">
<pin_list>
<pin id="274" dir="0" index="0" bw="1" slack="0"/>
<pin id="275" dir="0" index="1" bw="1" slack="0"/>
<pin id="276" dir="1" index="2" bw="1" slack="22"/>
</pin_list>
<bind>
<opcode="or(24) " fcode="or"/>
<opset="or_ln43/3 "/>
</bind>
</comp>

<comp id="279" class="1004" name="add_ln44_fu_279">
<pin_list>
<pin id="280" dir="0" index="0" bw="9" slack="2147483647"/>
<pin id="281" dir="0" index="1" bw="8" slack="0"/>
<pin id="282" dir="1" index="2" bw="9" slack="0"/>
</pin_list>
<bind>
<opcode="add(8) " fcode="add"/>
<opset="add_ln44/4 "/>
</bind>
</comp>

<comp id="284" class="1004" name="neg2223_fu_284">
<pin_list>
<pin id="285" dir="0" index="0" bw="8" slack="0"/>
<pin id="286" dir="0" index="1" bw="9" slack="2147483647"/>
<pin id="287" dir="1" index="2" bw="9" slack="0"/>
</pin_list>
<bind>
<opcode="sub(10) " fcode="sub"/>
<opset="neg2223/4 "/>
</bind>
</comp>

<comp id="289" class="1004" name="abscond2224_fu_289">
<pin_list>
<pin id="290" dir="0" index="0" bw="9" slack="0"/>
<pin id="291" dir="0" index="1" bw="1" slack="0"/>
<pin id="292" dir="1" index="2" bw="1" slack="0"/>
</pin_list>
<bind>
<opcode="icmp(45) " fcode="icmp"/>
<opset="abscond2224/4 "/>
</bind>
</comp>

<comp id="295" class="1004" name="delta_angle_220_fu_295">
<pin_list>
<pin id="296" dir="0" index="0" bw="1" slack="0"/>
<pin id="297" dir="0" index="1" bw="9" slack="0"/>
<pin id="298" dir="0" index="2" bw="9" slack="0"/>
<pin id="299" dir="1" index="3" bw="9" slack="1"/>
</pin_list>
<bind>
<opcode="select(49) " fcode="select"/>
<opset="delta_angle_220/4 "/>
</bind>
</comp>

<comp id="303" class="1004" name="sub_ln50_fu_303">
<pin_list>
<pin id="304" dir="0" index="0" bw="32" slack="3"/>
<pin id="305" dir="0" index="1" bw="32" slack="0"/>
<pin id="306" dir="1" index="2" bw="32" slack="1"/>
</pin_list>
<bind>
<opcode="sub(10) " fcode="sub"/>
<opset="sub_ln50/4 "/>
</bind>
</comp>

<comp id="308" class="1004" name="icmp_ln45_fu_308">
<pin_list>
<pin id="309" dir="0" index="0" bw="9" slack="1"/>
<pin id="310" dir="0" index="1" bw="9" slack="0"/>
<pin id="311" dir="1" index="2" bw="1" slack="0"/>
</pin_list>
<bind>
<opcode="icmp(45) " fcode="icmp"/>
<opset="icmp_ln45/5 "/>
</bind>
</comp>

<comp id="313" class="1004" name="sub_ln46_fu_313">
<pin_list>
<pin id="314" dir="0" index="0" bw="9" slack="0"/>
<pin id="315" dir="0" index="1" bw="9" slack="1"/>
<pin id="316" dir="1" index="2" bw="9" slack="0"/>
</pin_list>
<bind>
<opcode="sub(10) " fcode="sub"/>
<opset="sub_ln46/5 "/>
</bind>
</comp>

<comp id="318" class="1004" name="delta_angle_fu_318">
<pin_list>
<pin id="319" dir="0" index="0" bw="1" slack="0"/>
<pin id="320" dir="0" index="1" bw="9" slack="0"/>
<pin id="321" dir="0" index="2" bw="9" slack="1"/>
<pin id="322" dir="1" index="3" bw="9" slack="0"/>
</pin_list>
<bind>
<opcode="select(49) " fcode="select"/>
<opset="delta_angle/5 "/>
</bind>
</comp>

<comp id="325" class="1004" name="sext_ln44_fu_325">
<pin_list>
<pin id="326" dir="0" index="0" bw="9" slack="0"/>
<pin id="327" dir="1" index="1" bw="32" slack="0"/>
</pin_list>
<bind>
<opcode="sext(35) " fcode="sext"/>
<opset="sext_ln44/5 "/>
</bind>
</comp>

<comp id="330" class="1004" name="zext_ln50_220_fu_330">
<pin_list>
<pin id="331" dir="0" index="0" bw="31" slack="1"/>
<pin id="332" dir="1" index="1" bw="32" slack="0"/>
</pin_list>
<bind>
<opcode="zext(34) " fcode="zext"/>
<opset="zext_ln50_220/7 "/>
</bind>
</comp>

<comp id="333" class="1004" name="zext_ln50_221_fu_333">
<pin_list>
<pin id="334" dir="0" index="0" bw="31" slack="1"/>
<pin id="335" dir="1" index="1" bw="32" slack="0"/>
</pin_list>
<bind>
<opcode="zext(34) " fcode="zext"/>
<opset="zext_ln50_221/7 "/>
</bind>
</comp>

<comp id="336" class="1004" name="xf_V_fu_336">
<pin_list>
<pin id="337" dir="0" index="0" bw="31" slack="0"/>
<pin id="338" dir="0" index="1" bw="31" slack="0"/>
<pin id="339" dir="1" index="2" bw="32" slack="1"/>
</pin_list>
<bind>
<opcode="add(8) " fcode="add"/>
<opset="xf_V/7 "/>
</bind>
</comp>

<comp id="342" class="1004" name="zext_ln987_fu_342">
<pin_list>
<pin id="343" dir="0" index="0" bw="16" slack="1"/>
<pin id="344" dir="1" index="1" bw="32" slack="0"/>
</pin_list>
<bind>
<opcode="zext(34) " fcode="zext"/>
<opset="zext_ln987/17 "/>
</bind>
</comp>

<comp id="346" class="1004" name="bitcast_ln53_fu_346">
<pin_list>
<pin id="347" dir="0" index="0" bw="32" slack="1"/>
<pin id="348" dir="1" index="1" bw="32" slack="0"/>
</pin_list>
<bind>
<opcode="bitcast(44) " fcode="bitcast"/>
<opset="bitcast_ln53/23 "/>
</bind>
</comp>

<comp id="349" class="1004" name="tmp_s_fu_349">
<pin_list>
<pin id="350" dir="0" index="0" bw="8" slack="0"/>
<pin id="351" dir="0" index="1" bw="32" slack="0"/>
<pin id="352" dir="0" index="2" bw="6" slack="0"/>
<pin id="353" dir="0" index="3" bw="6" slack="0"/>
<pin id="354" dir="1" index="4" bw="8" slack="0"/>
</pin_list>
<bind>
<opcode="partselect(1002) " fcode="partselect"/>
<opset="tmp_s/23 "/>
</bind>
</comp>

<comp id="359" class="1004" name="trunc_ln53_fu_359">
<pin_list>
<pin id="360" dir="0" index="0" bw="32" slack="0"/>
<pin id="361" dir="1" index="1" bw="23" slack="0"/>
</pin_list>
<bind>
<opcode="trunc(33) " fcode="trunc"/>
<opset="trunc_ln53/23 "/>
</bind>
</comp>

<comp id="363" class="1004" name="icmp_ln53_220_fu_363">
<pin_list>
<pin id="364" dir="0" index="0" bw="8" slack="0"/>
<pin id="365" dir="0" index="1" bw="1" slack="0"/>
<pin id="366" dir="1" index="2" bw="1" slack="1"/>
</pin_list>
<bind>
<opcode="icmp(45) " fcode="icmp"/>
<opset="icmp_ln53_220/23 "/>
</bind>
</comp>

<comp id="369" class="1004" name="icmp_ln53_221_fu_369">
<pin_list>
<pin id="370" dir="0" index="0" bw="23" slack="0"/>
<pin id="371" dir="0" index="1" bw="1" slack="0"/>
<pin id="372" dir="1" index="2" bw="1" slack="1"/>
</pin_list>
<bind>
<opcode="icmp(45) " fcode="icmp"/>
<opset="icmp_ln53_221/23 "/>
</bind>
</comp>

<comp id="375" class="1004" name="or_ln53_fu_375">
<pin_list>
<pin id="376" dir="0" index="0" bw="1" slack="1"/>
<pin id="377" dir="0" index="1" bw="1" slack="1"/>
<pin id="378" dir="1" index="2" bw="1" slack="0"/>
</pin_list>
<bind>
<opcode="or(24) " fcode="or"/>
<opset="or_ln53/24 "/>
</bind>
</comp>

<comp id="379" class="1004" name="and_ln53_fu_379">
<pin_list>
<pin id="380" dir="0" index="0" bw="1" slack="0"/>
<pin id="381" dir="0" index="1" bw="1" slack="0"/>
<pin id="382" dir="1" index="2" bw="1" slack="1"/>
</pin_list>
<bind>
<opcode="and(23) " fcode="and"/>
<opset="and_ln53/24 "/>
</bind>
</comp>

<comp id="385" class="1004" name="trunc_ln54_fu_385">
<pin_list>
<pin id="386" dir="0" index="0" bw="32" slack="0"/>
<pin id="387" dir="1" index="1" bw="17" slack="0"/>
</pin_list>
<bind>
<opcode="trunc(33) " fcode="trunc"/>
<opset="trunc_ln54/25 "/>
</bind>
</comp>

<comp id="389" class="1004" name="add_ln54_fu_389">
<pin_list>
<pin id="390" dir="0" index="0" bw="16" slack="24"/>
<pin id="391" dir="0" index="1" bw="17" slack="0"/>
<pin id="392" dir="1" index="2" bw="17" slack="0"/>
</pin_list>
<bind>
<opcode="add(8) " fcode="add"/>
<opset="add_ln54/25 "/>
</bind>
</comp>

<comp id="394" class="1004" name="zext_ln54_fu_394">
<pin_list>
<pin id="395" dir="0" index="0" bw="17" slack="0"/>
<pin id="396" dir="1" index="1" bw="64" slack="0"/>
</pin_list>
<bind>
<opcode="zext(34) " fcode="zext"/>
<opset="zext_ln54/25 "/>
</bind>
</comp>

<comp id="399" class="1004" name="add_ln55_fu_399">
<pin_list>
<pin id="400" dir="0" index="0" bw="32" slack="0"/>
<pin id="401" dir="0" index="1" bw="1" slack="0"/>
<pin id="402" dir="1" index="2" bw="32" slack="0"/>
</pin_list>
<bind>
<opcode="add(8) " fcode="add"/>
<opset="add_ln55/25 "/>
</bind>
</comp>

<comp id="405" class="1004" name="store_ln57_store_fu_405">
<pin_list>
<pin id="406" dir="0" index="0" bw="32" slack="0"/>
<pin id="407" dir="0" index="1" bw="32" slack="24"/>
<pin id="408" dir="1" index="2" bw="0" slack="2147483647"/>
</pin_list>
<bind>
<opcode="store(28) " fcode="store"/>
<opset="store_ln57/25 "/>
</bind>
</comp>

<comp id="410" class="1004" name="store_ln42_store_fu_410">
<pin_list>
<pin id="411" dir="0" index="0" bw="9" slack="23"/>
<pin id="412" dir="0" index="1" bw="9" slack="24"/>
<pin id="413" dir="1" index="2" bw="0" slack="2147483647"/>
</pin_list>
<bind>
<opcode="store(28) " fcode="store"/>
<opset="store_ln42/25 "/>
</bind>
</comp>

<comp id="414" class="1005" name="candidate_reg_414">
<pin_list>
<pin id="415" dir="0" index="0" bw="9" slack="0"/>
<pin id="416" dir="1" index="1" bw="9" slack="0"/>
</pin_list>
<bind>
<opset="candidate "/>
</bind>
</comp>

<comp id="421" class="1005" name="empty_reg_421">
<pin_list>
<pin id="422" dir="0" index="0" bw="32" slack="0"/>
<pin id="423" dir="1" index="1" bw="32" slack="0"/>
</pin_list>
<bind>
<opset="empty "/>
</bind>
</comp>

<comp id="428" class="1005" name="distances_load_220_read_reg_428">
<pin_list>
<pin id="429" dir="0" index="0" bw="32" slack="3"/>
<pin id="430" dir="1" index="1" bw="32" slack="3"/>
</pin_list>
<bind>
<opset="distances_load_220_read "/>
</bind>
</comp>

<comp id="433" class="1005" name="mul_ln37_108_cast_reg_433">
<pin_list>
<pin id="434" dir="0" index="0" bw="17" slack="24"/>
<pin id="435" dir="1" index="1" bw="17" slack="24"/>
</pin_list>
<bind>
<opset="mul_ln37_108_cast "/>
</bind>
</comp>

<comp id="444" class="1005" name="add_ln42_reg_444">
<pin_list>
<pin id="445" dir="0" index="0" bw="9" slack="23"/>
<pin id="446" dir="1" index="1" bw="9" slack="23"/>
</pin_list>
<bind>
<opset="add_ln42 "/>
</bind>
</comp>

<comp id="449" class="1005" name="trunc_ln44_109_cast_reg_449">
<pin_list>
<pin id="450" dir="0" index="0" bw="64" slack="1"/>
<pin id="451" dir="1" index="1" bw="64" slack="1"/>
</pin_list>
<bind>
<opset="trunc_ln44_109_cast "/>
</bind>
</comp>

<comp id="454" class="1005" name="grouped_addr_reg_454">
<pin_list>
<pin id="455" dir="0" index="0" bw="9" slack="1"/>
<pin id="456" dir="1" index="1" bw="9" slack="1"/>
</pin_list>
<bind>
<opset="grouped_addr "/>
</bind>
</comp>

<comp id="459" class="1005" name="or_ln43_reg_459">
<pin_list>
<pin id="460" dir="0" index="0" bw="1" slack="22"/>
<pin id="461" dir="1" index="1" bw="1" slack="2147483647"/>
</pin_list>
<bind>
<opset="or_ln43 "/>
</bind>
</comp>

<comp id="463" class="1005" name="distances_addr_reg_463">
<pin_list>
<pin id="464" dir="0" index="0" bw="9" slack="1"/>
<pin id="465" dir="1" index="1" bw="9" slack="1"/>
</pin_list>
<bind>
<opset="distances_addr "/>
</bind>
</comp>

<comp id="468" class="1005" name="delta_angle_220_reg_468">
<pin_list>
<pin id="469" dir="0" index="0" bw="9" slack="1"/>
<pin id="470" dir="1" index="1" bw="9" slack="1"/>
</pin_list>
<bind>
<opset="delta_angle_220 "/>
</bind>
</comp>

<comp id="475" class="1005" name="sub_ln50_reg_475">
<pin_list>
<pin id="476" dir="0" index="0" bw="32" slack="1"/>
<pin id="477" dir="1" index="1" bw="32" slack="1"/>
</pin_list>
<bind>
<opset="sub_ln50 "/>
</bind>
</comp>

<comp id="480" class="1005" name="sext_ln44_reg_480">
<pin_list>
<pin id="481" dir="0" index="0" bw="32" slack="1"/>
<pin id="482" dir="1" index="1" bw="32" slack="1"/>
</pin_list>
<bind>
<opset="sext_ln44 "/>
</bind>
</comp>

<comp id="485" class="1005" name="tmp_265_reg_485">
<pin_list>
<pin id="486" dir="0" index="0" bw="31" slack="1"/>
<pin id="487" dir="1" index="1" bw="31" slack="1"/>
</pin_list>
<bind>
<opset="tmp_265 "/>
</bind>
</comp>

<comp id="490" class="1005" name="tmp_266_reg_490">
<pin_list>
<pin id="491" dir="0" index="0" bw="31" slack="1"/>
<pin id="492" dir="1" index="1" bw="31" slack="1"/>
</pin_list>
<bind>
<opset="tmp_266 "/>
</bind>
</comp>

<comp id="495" class="1005" name="xf_V_reg_495">
<pin_list>
<pin id="496" dir="0" index="0" bw="32" slack="1"/>
<pin id="497" dir="1" index="1" bw="32" slack="1"/>
</pin_list>
<bind>
<opset="xf_V "/>
</bind>
</comp>

<comp id="500" class="1005" name="p_Val2_s_reg_500">
<pin_list>
<pin id="501" dir="0" index="0" bw="16" slack="1"/>
<pin id="502" dir="1" index="1" bw="16" slack="1"/>
</pin_list>
<bind>
<opset="p_Val2_s "/>
</bind>
</comp>

<comp id="505" class="1005" name="zext_ln987_reg_505">
<pin_list>
<pin id="506" dir="0" index="0" bw="32" slack="1"/>
<pin id="507" dir="1" index="1" bw="32" slack="1"/>
</pin_list>
<bind>
<opset="zext_ln987 "/>
</bind>
</comp>

<comp id="510" class="1005" name="euclidean_distance_reg_510">
<pin_list>
<pin id="511" dir="0" index="0" bw="32" slack="1"/>
<pin id="512" dir="1" index="1" bw="32" slack="1"/>
</pin_list>
<bind>
<opset="euclidean_distance "/>
</bind>
</comp>

<comp id="516" class="1005" name="icmp_ln53_220_reg_516">
<pin_list>
<pin id="517" dir="0" index="0" bw="1" slack="1"/>
<pin id="518" dir="1" index="1" bw="1" slack="1"/>
</pin_list>
<bind>
<opset="icmp_ln53_220 "/>
</bind>
</comp>

<comp id="521" class="1005" name="icmp_ln53_221_reg_521">
<pin_list>
<pin id="522" dir="0" index="0" bw="1" slack="1"/>
<pin id="523" dir="1" index="1" bw="1" slack="1"/>
</pin_list>
<bind>
<opset="icmp_ln53_221 "/>
</bind>
</comp>

<comp id="526" class="1005" name="and_ln53_reg_526">
<pin_list>
<pin id="527" dir="0" index="0" bw="1" slack="1"/>
<pin id="528" dir="1" index="1" bw="1" slack="2147483647"/>
</pin_list>
<bind>
<opset="and_ln53 "/>
</bind>
</comp>

</comp_list>

<net_list>
<net id="95"><net_src comp="36" pin="0"/><net_sink comp="92" pin=0"/></net>

<net id="99"><net_src comp="36" pin="0"/><net_sink comp="96" pin=0"/></net>

<net id="104"><net_src comp="38" pin="0"/><net_sink comp="100" pin=0"/></net>

<net id="105"><net_src comp="6" pin="0"/><net_sink comp="100" pin=1"/></net>

<net id="110"><net_src comp="40" pin="0"/><net_sink comp="106" pin=0"/></net>

<net id="111"><net_src comp="4" pin="0"/><net_sink comp="106" pin=1"/></net>

<net id="117"><net_src comp="62" pin="0"/><net_sink comp="112" pin=0"/></net>

<net id="118"><net_src comp="10" pin="0"/><net_sink comp="112" pin=1"/></net>

<net id="124"><net_src comp="0" pin="0"/><net_sink comp="119" pin=0"/></net>

<net id="125"><net_src comp="60" pin="0"/><net_sink comp="119" pin=1"/></net>

<net id="131"><net_src comp="119" pin="3"/><net_sink comp="126" pin=0"/></net>

<net id="137"><net_src comp="2" pin="0"/><net_sink comp="132" pin=0"/></net>

<net id="138"><net_src comp="60" pin="0"/><net_sink comp="132" pin=1"/></net>

<net id="144"><net_src comp="132" pin="3"/><net_sink comp="139" pin=0"/></net>

<net id="150"><net_src comp="8" pin="0"/><net_sink comp="145" pin=0"/></net>

<net id="151"><net_src comp="60" pin="0"/><net_sink comp="145" pin=1"/></net>

<net id="157"><net_src comp="145" pin="3"/><net_sink comp="152" pin=0"/></net>

<net id="158"><net_src comp="90" pin="0"/><net_sink comp="126" pin=1"/></net>

<net id="175"><net_src comp="74" pin="0"/><net_sink comp="159" pin=0"/></net>

<net id="176"><net_src comp="12" pin="0"/><net_sink comp="159" pin=2"/></net>

<net id="177"><net_src comp="14" pin="0"/><net_sink comp="159" pin=3"/></net>

<net id="178"><net_src comp="16" pin="0"/><net_sink comp="159" pin=4"/></net>

<net id="179"><net_src comp="18" pin="0"/><net_sink comp="159" pin=5"/></net>

<net id="180"><net_src comp="20" pin="0"/><net_sink comp="159" pin=6"/></net>

<net id="181"><net_src comp="22" pin="0"/><net_sink comp="159" pin=7"/></net>

<net id="182"><net_src comp="24" pin="0"/><net_sink comp="159" pin=8"/></net>

<net id="183"><net_src comp="26" pin="0"/><net_sink comp="159" pin=9"/></net>

<net id="184"><net_src comp="28" pin="0"/><net_sink comp="159" pin=10"/></net>

<net id="185"><net_src comp="30" pin="0"/><net_sink comp="159" pin=11"/></net>

<net id="186"><net_src comp="32" pin="0"/><net_sink comp="159" pin=12"/></net>

<net id="187"><net_src comp="34" pin="0"/><net_sink comp="159" pin=13"/></net>

<net id="204"><net_src comp="74" pin="0"/><net_sink comp="188" pin=0"/></net>

<net id="205"><net_src comp="12" pin="0"/><net_sink comp="188" pin=2"/></net>

<net id="206"><net_src comp="14" pin="0"/><net_sink comp="188" pin=3"/></net>

<net id="207"><net_src comp="16" pin="0"/><net_sink comp="188" pin=4"/></net>

<net id="208"><net_src comp="18" pin="0"/><net_sink comp="188" pin=5"/></net>

<net id="209"><net_src comp="20" pin="0"/><net_sink comp="188" pin=6"/></net>

<net id="210"><net_src comp="22" pin="0"/><net_sink comp="188" pin=7"/></net>

<net id="211"><net_src comp="24" pin="0"/><net_sink comp="188" pin=8"/></net>

<net id="212"><net_src comp="26" pin="0"/><net_sink comp="188" pin=9"/></net>

<net id="213"><net_src comp="28" pin="0"/><net_sink comp="188" pin=10"/></net>

<net id="214"><net_src comp="30" pin="0"/><net_sink comp="188" pin=11"/></net>

<net id="215"><net_src comp="32" pin="0"/><net_sink comp="188" pin=12"/></net>

<net id="216"><net_src comp="34" pin="0"/><net_sink comp="188" pin=13"/></net>

<net id="221"><net_src comp="76" pin="0"/><net_sink comp="217" pin=0"/></net>

<net id="229"><net_src comp="88" pin="0"/><net_sink comp="225" pin=1"/></net>

<net id="233"><net_src comp="230" pin="1"/><net_sink comp="112" pin=2"/></net>

<net id="237"><net_src comp="100" pin="2"/><net_sink comp="234" pin=0"/></net>

<net id="242"><net_src comp="36" pin="0"/><net_sink comp="238" pin=0"/></net>

<net id="247"><net_src comp="42" pin="0"/><net_sink comp="243" pin=0"/></net>

<net id="255"><net_src comp="248" pin="1"/><net_sink comp="251" pin=0"/></net>

<net id="256"><net_src comp="52" pin="0"/><net_sink comp="251" pin=1"/></net>

<net id="261"><net_src comp="248" pin="1"/><net_sink comp="257" pin=0"/></net>

<net id="262"><net_src comp="58" pin="0"/><net_sink comp="257" pin=1"/></net>

<net id="266"><net_src comp="248" pin="1"/><net_sink comp="263" pin=0"/></net>

<net id="267"><net_src comp="263" pin="1"/><net_sink comp="119" pin=2"/></net>

<net id="272"><net_src comp="68" pin="0"/><net_sink comp="268" pin=1"/></net>

<net id="277"><net_src comp="126" pin="3"/><net_sink comp="273" pin=0"/></net>

<net id="278"><net_src comp="268" pin="2"/><net_sink comp="273" pin=1"/></net>

<net id="283"><net_src comp="70" pin="0"/><net_sink comp="279" pin=1"/></net>

<net id="288"><net_src comp="68" pin="0"/><net_sink comp="284" pin=0"/></net>

<net id="293"><net_src comp="279" pin="2"/><net_sink comp="289" pin=0"/></net>

<net id="294"><net_src comp="42" pin="0"/><net_sink comp="289" pin=1"/></net>

<net id="300"><net_src comp="289" pin="2"/><net_sink comp="295" pin=0"/></net>

<net id="301"><net_src comp="279" pin="2"/><net_sink comp="295" pin=1"/></net>

<net id="302"><net_src comp="284" pin="2"/><net_sink comp="295" pin=2"/></net>

<net id="307"><net_src comp="139" pin="3"/><net_sink comp="303" pin=1"/></net>

<net id="312"><net_src comp="72" pin="0"/><net_sink comp="308" pin=1"/></net>

<net id="317"><net_src comp="52" pin="0"/><net_sink comp="313" pin=0"/></net>

<net id="323"><net_src comp="308" pin="2"/><net_sink comp="318" pin=0"/></net>

<net id="324"><net_src comp="313" pin="2"/><net_sink comp="318" pin=1"/></net>

<net id="328"><net_src comp="318" pin="3"/><net_sink comp="325" pin=0"/></net>

<net id="329"><net_src comp="325" pin="1"/><net_sink comp="159" pin=1"/></net>

<net id="340"><net_src comp="333" pin="1"/><net_sink comp="336" pin=0"/></net>

<net id="341"><net_src comp="330" pin="1"/><net_sink comp="336" pin=1"/></net>

<net id="345"><net_src comp="342" pin="1"/><net_sink comp="222" pin=0"/></net>

<net id="355"><net_src comp="78" pin="0"/><net_sink comp="349" pin=0"/></net>

<net id="356"><net_src comp="346" pin="1"/><net_sink comp="349" pin=1"/></net>

<net id="357"><net_src comp="80" pin="0"/><net_sink comp="349" pin=2"/></net>

<net id="358"><net_src comp="82" pin="0"/><net_sink comp="349" pin=3"/></net>

<net id="362"><net_src comp="346" pin="1"/><net_sink comp="359" pin=0"/></net>

<net id="367"><net_src comp="349" pin="4"/><net_sink comp="363" pin=0"/></net>

<net id="368"><net_src comp="84" pin="0"/><net_sink comp="363" pin=1"/></net>

<net id="373"><net_src comp="359" pin="1"/><net_sink comp="369" pin=0"/></net>

<net id="374"><net_src comp="86" pin="0"/><net_sink comp="369" pin=1"/></net>

<net id="383"><net_src comp="375" pin="2"/><net_sink comp="379" pin=0"/></net>

<net id="384"><net_src comp="225" pin="2"/><net_sink comp="379" pin=1"/></net>

<net id="388"><net_src comp="230" pin="1"/><net_sink comp="385" pin=0"/></net>

<net id="393"><net_src comp="385" pin="1"/><net_sink comp="389" pin=1"/></net>

<net id="397"><net_src comp="389" pin="2"/><net_sink comp="394" pin=0"/></net>

<net id="398"><net_src comp="394" pin="1"/><net_sink comp="145" pin=2"/></net>

<net id="403"><net_src comp="230" pin="1"/><net_sink comp="399" pin=0"/></net>

<net id="404"><net_src comp="36" pin="0"/><net_sink comp="399" pin=1"/></net>

<net id="409"><net_src comp="399" pin="2"/><net_sink comp="405" pin=0"/></net>

<net id="417"><net_src comp="92" pin="1"/><net_sink comp="414" pin=0"/></net>

<net id="418"><net_src comp="414" pin="1"/><net_sink comp="243" pin=1"/></net>

<net id="419"><net_src comp="414" pin="1"/><net_sink comp="248" pin=0"/></net>

<net id="420"><net_src comp="414" pin="1"/><net_sink comp="410" pin=1"/></net>

<net id="424"><net_src comp="96" pin="1"/><net_sink comp="421" pin=0"/></net>

<net id="425"><net_src comp="421" pin="1"/><net_sink comp="238" pin=1"/></net>

<net id="426"><net_src comp="421" pin="1"/><net_sink comp="230" pin=0"/></net>

<net id="427"><net_src comp="421" pin="1"/><net_sink comp="405" pin=1"/></net>

<net id="431"><net_src comp="106" pin="2"/><net_sink comp="428" pin=0"/></net>

<net id="432"><net_src comp="428" pin="1"/><net_sink comp="303" pin=0"/></net>

<net id="436"><net_src comp="234" pin="1"/><net_sink comp="433" pin=0"/></net>

<net id="437"><net_src comp="433" pin="1"/><net_sink comp="389" pin=0"/></net>

<net id="447"><net_src comp="257" pin="2"/><net_sink comp="444" pin=0"/></net>

<net id="448"><net_src comp="444" pin="1"/><net_sink comp="410" pin=0"/></net>

<net id="452"><net_src comp="263" pin="1"/><net_sink comp="449" pin=0"/></net>

<net id="453"><net_src comp="449" pin="1"/><net_sink comp="132" pin=2"/></net>

<net id="457"><net_src comp="119" pin="3"/><net_sink comp="454" pin=0"/></net>

<net id="458"><net_src comp="454" pin="1"/><net_sink comp="126" pin=0"/></net>

<net id="462"><net_src comp="273" pin="2"/><net_sink comp="459" pin=0"/></net>

<net id="466"><net_src comp="132" pin="3"/><net_sink comp="463" pin=0"/></net>

<net id="467"><net_src comp="463" pin="1"/><net_sink comp="139" pin=0"/></net>

<net id="471"><net_src comp="295" pin="3"/><net_sink comp="468" pin=0"/></net>

<net id="472"><net_src comp="468" pin="1"/><net_sink comp="308" pin=0"/></net>

<net id="473"><net_src comp="468" pin="1"/><net_sink comp="313" pin=1"/></net>

<net id="474"><net_src comp="468" pin="1"/><net_sink comp="318" pin=2"/></net>

<net id="478"><net_src comp="303" pin="2"/><net_sink comp="475" pin=0"/></net>

<net id="479"><net_src comp="475" pin="1"/><net_sink comp="188" pin=1"/></net>

<net id="483"><net_src comp="325" pin="1"/><net_sink comp="480" pin=0"/></net>

<net id="484"><net_src comp="480" pin="1"/><net_sink comp="159" pin=1"/></net>

<net id="488"><net_src comp="159" pin="14"/><net_sink comp="485" pin=0"/></net>

<net id="489"><net_src comp="485" pin="1"/><net_sink comp="330" pin=0"/></net>

<net id="493"><net_src comp="188" pin="14"/><net_sink comp="490" pin=0"/></net>

<net id="494"><net_src comp="490" pin="1"/><net_sink comp="333" pin=0"/></net>

<net id="498"><net_src comp="336" pin="2"/><net_sink comp="495" pin=0"/></net>

<net id="499"><net_src comp="495" pin="1"/><net_sink comp="217" pin=1"/></net>

<net id="503"><net_src comp="217" pin="2"/><net_sink comp="500" pin=0"/></net>

<net id="504"><net_src comp="500" pin="1"/><net_sink comp="342" pin=0"/></net>

<net id="508"><net_src comp="342" pin="1"/><net_sink comp="505" pin=0"/></net>

<net id="509"><net_src comp="505" pin="1"/><net_sink comp="222" pin=0"/></net>

<net id="513"><net_src comp="222" pin="1"/><net_sink comp="510" pin=0"/></net>

<net id="514"><net_src comp="510" pin="1"/><net_sink comp="346" pin=0"/></net>

<net id="515"><net_src comp="510" pin="1"/><net_sink comp="225" pin=0"/></net>

<net id="519"><net_src comp="363" pin="2"/><net_sink comp="516" pin=0"/></net>

<net id="520"><net_src comp="516" pin="1"/><net_sink comp="375" pin=1"/></net>

<net id="524"><net_src comp="369" pin="2"/><net_sink comp="521" pin=0"/></net>

<net id="525"><net_src comp="521" pin="1"/><net_sink comp="375" pin=0"/></net>

<net id="529"><net_src comp="379" pin="2"/><net_sink comp="526" pin=0"/></net>

</net_list>

</model> 
---------------- Datapath Model END ------------------

* FSMD analyzer results:
  - Output states:
	Port: grouped | {25 }
	Port: clusters_members | {25 }
	Port: p_out | {2 }
 - Input state : 
	Port: clusterOp_Pipeline_clusterOp_label1112 : grouped | {2 3 }
	Port: clusterOp_Pipeline_clusterOp_label1112 : distances | {3 4 }
	Port: clusterOp_Pipeline_clusterOp_label1112 : distances_load_220 | {1 }
	Port: clusterOp_Pipeline_clusterOp_label1112 : mul_ln37_108 | {1 }
	Port: clusterOp_Pipeline_clusterOp_label1112 : log_apfixed_reduce_log_inverse_lut_table_array_V | {5 6 }
	Port: clusterOp_Pipeline_clusterOp_label1112 : log_apfixed_reduce_log0_lut_table_ap_fixed_0_5_64_array_V | {5 6 }
	Port: clusterOp_Pipeline_clusterOp_label1112 : log_apfixed_reduce_log_lut_table_ap_fixed_4_4_16_array_V | {5 6 }
	Port: clusterOp_Pipeline_clusterOp_label1112 : log_apfixed_reduce_log_lut_table_ap_fixed_7_6_64_array_V | {5 6 }
	Port: clusterOp_Pipeline_clusterOp_label1112 : log_apfixed_reduce_log_lut_table_ap_fixed_12_6_64_array_V | {5 6 }
	Port: clusterOp_Pipeline_clusterOp_label1112 : log_apfixed_reduce_log_lut_table_ap_fixed_17_6_64_array_V | {5 6 }
	Port: clusterOp_Pipeline_clusterOp_label1112 : log_apfixed_reduce_log_lut_table_ap_fixed_22_6_64_array_V | {5 6 }
	Port: clusterOp_Pipeline_clusterOp_label1112 : f_x_msb_4_table_V | {5 6 }
	Port: clusterOp_Pipeline_clusterOp_label1112 : f_x_msb_5_table_V | {5 6 }
	Port: clusterOp_Pipeline_clusterOp_label1112 : f_x_msb_3_table_V | {5 6 }
	Port: clusterOp_Pipeline_clusterOp_label1112 : f_x_msb_2_table_V | {5 6 }
	Port: clusterOp_Pipeline_clusterOp_label1112 : exp_x_msb_1_table_V | {5 6 }
  - Chain level:
	State 1
		store_ln0 : 1
		store_ln0 : 1
	State 2
		icmp_ln42 : 1
		add_ln42 : 1
		br_ln42 : 2
		trunc_ln44_109_cast : 1
		grouped_addr : 2
		grouped_load : 3
		write_ln0 : 1
	State 3
		or_ln43 : 1
		br_ln43 : 1
		distances_load : 1
	State 4
		abscond2224 : 1
		delta_angle_220 : 2
		sub_ln50 : 1
	State 5
		delta_angle : 1
		sext_ln44 : 2
		tmp_265 : 3
	State 6
	State 7
		xf_V : 1
	State 8
	State 9
	State 10
	State 11
	State 12
	State 13
	State 14
	State 15
	State 16
	State 17
		euclidean_distance : 1
	State 18
	State 19
	State 20
	State 21
	State 22
	State 23
		tmp_s : 1
		trunc_ln53 : 1
		icmp_ln53_220 : 2
		icmp_ln53_221 : 2
	State 24
		and_ln53 : 1
		br_ln53 : 1
	State 25
		trunc_ln54 : 1
		add_ln54 : 2
		zext_ln54 : 3
		clusters_members_addr : 4
		store_ln54 : 5
		add_ln55 : 1
		store_ln57 : 2


============================================================
+ Verbose Summary: Datapath Resource usage 
============================================================

* Functional unit list:
|----------|-------------------------------------|---------|---------|---------|---------|
| Operation|           Functional Unit           |   DSP   |  Delay  |    FF   |   LUT   |
|----------|-------------------------------------|---------|---------|---------|---------|
|          |            grp_pow_fu_159           |    45   |  60.344 |  10726  |   5947  |
|   call   |            grp_pow_fu_188           |    45   |  60.344 |  10726  |   5947  |
|          |    grp_sqrt_fixed_32_32_s_fu_217    |    0    |    0    |   499   |   1320  |
|----------|-------------------------------------|---------|---------|---------|---------|
|          |           add_ln42_fu_257           |    0    |    0    |    0    |    14   |
|          |           add_ln44_fu_279           |    0    |    0    |    0    |    14   |
|    add   |             xf_V_fu_336             |    0    |    0    |    0    |    38   |
|          |           add_ln54_fu_389           |    0    |    0    |    0    |    24   |
|          |           add_ln55_fu_399           |    0    |    0    |    0    |    39   |
|----------|-------------------------------------|---------|---------|---------|---------|
|          |           icmp_ln42_fu_251          |    0    |    0    |    0    |    11   |
|          |           icmp_ln43_fu_268          |    0    |    0    |    0    |    11   |
|   icmp   |          abscond2224_fu_289         |    0    |    0    |    0    |    11   |
|          |           icmp_ln45_fu_308          |    0    |    0    |    0    |    11   |
|          |         icmp_ln53_220_fu_363        |    0    |    0    |    0    |    11   |
|          |         icmp_ln53_221_fu_369        |    0    |    0    |    0    |    15   |
|----------|-------------------------------------|---------|---------|---------|---------|
|          |            neg2223_fu_284           |    0    |    0    |    0    |    14   |
|    sub   |           sub_ln50_fu_303           |    0    |    0    |    0    |    39   |
|          |           sub_ln46_fu_313           |    0    |    0    |    0    |    14   |
|----------|-------------------------------------|---------|---------|---------|---------|
|  select  |        delta_angle_220_fu_295       |    0    |    0    |    0    |    9    |
|          |          delta_angle_fu_318         |    0    |    0    |    0    |    9    |
|----------|-------------------------------------|---------|---------|---------|---------|
|    or    |            or_ln43_fu_273           |    0    |    0    |    0    |    2    |
|          |            or_ln53_fu_375           |    0    |    0    |    0    |    2    |
|----------|-------------------------------------|---------|---------|---------|---------|
|    and   |           and_ln53_fu_379           |    0    |    0    |    0    |    2    |
|----------|-------------------------------------|---------|---------|---------|---------|
|   read   |    mul_ln37_108_read_read_fu_100    |    0    |    0    |    0    |    0    |
|          | distances_load_220_read_read_fu_106 |    0    |    0    |    0    |    0    |
|----------|-------------------------------------|---------|---------|---------|---------|
|   write  |        write_ln0_write_fu_112       |    0    |    0    |    0    |    0    |
|----------|-------------------------------------|---------|---------|---------|---------|
|  sitofp  |              grp_fu_222             |    0    |    0    |    0    |    0    |
|----------|-------------------------------------|---------|---------|---------|---------|
|   fcmp   |              grp_fu_225             |    0    |    0    |    0    |    0    |
|----------|-------------------------------------|---------|---------|---------|---------|
|          |       mul_ln37_108_cast_fu_234      |    0    |    0    |    0    |    0    |
|          |      trunc_ln44_109_cast_fu_263     |    0    |    0    |    0    |    0    |
|   zext   |         zext_ln50_220_fu_330        |    0    |    0    |    0    |    0    |
|          |         zext_ln50_221_fu_333        |    0    |    0    |    0    |    0    |
|          |          zext_ln987_fu_342          |    0    |    0    |    0    |    0    |
|          |           zext_ln54_fu_394          |    0    |    0    |    0    |    0    |
|----------|-------------------------------------|---------|---------|---------|---------|
|   sext   |           sext_ln44_fu_325          |    0    |    0    |    0    |    0    |
|----------|-------------------------------------|---------|---------|---------|---------|
|partselect|             tmp_s_fu_349            |    0    |    0    |    0    |    0    |
|----------|-------------------------------------|---------|---------|---------|---------|
|   trunc  |          trunc_ln53_fu_359          |    0    |    0    |    0    |    0    |
|          |          trunc_ln54_fu_385          |    0    |    0    |    0    |    0    |
|----------|-------------------------------------|---------|---------|---------|---------|
|   Total  |                                     |    90   | 120.688 |  21951  |  13504  |
|----------|-------------------------------------|---------|---------|---------|---------|

Memories:
N/A

* Register list:
+-------------------------------+--------+
|                               |   FF   |
+-------------------------------+--------+
|        add_ln42_reg_444       |    9   |
|        and_ln53_reg_526       |    1   |
|       candidate_reg_414       |    9   |
|    delta_angle_220_reg_468    |    9   |
|     distances_addr_reg_463    |    9   |
|distances_load_220_read_reg_428|   32   |
|         empty_reg_421         |   32   |
|   euclidean_distance_reg_510  |   32   |
|      grouped_addr_reg_454     |    9   |
|     icmp_ln53_220_reg_516     |    1   |
|     icmp_ln53_221_reg_521     |    1   |
|   mul_ln37_108_cast_reg_433   |   17   |
|        or_ln43_reg_459        |    1   |
|        p_Val2_s_reg_500       |   16   |
|       sext_ln44_reg_480       |   32   |
|        sub_ln50_reg_475       |   32   |
|        tmp_265_reg_485        |   31   |
|        tmp_266_reg_490        |   31   |
|  trunc_ln44_109_cast_reg_449  |   64   |
|          xf_V_reg_495         |   32   |
|       zext_ln987_reg_505      |   32   |
+-------------------------------+--------+
|             Total             |   432  |
+-------------------------------+--------+

* Multiplexer (MUX) list: 
|-------------------|------|------|------|--------||---------||---------|
|        Comp       |  Pin | Size |  BW  | S x BW ||  Delay  ||   LUT   |
|-------------------|------|------|------|--------||---------||---------|
| grp_access_fu_126 |  p0  |   2  |   9  |   18   ||    9    |
| grp_access_fu_139 |  p0  |   2  |   9  |   18   ||    9    |
|   grp_pow_fu_159  |  p1  |   2  |   9  |   18   ||    9    |
|     grp_fu_222    |  p0  |   2  |  16  |   32   ||    9    |
|-------------------|------|------|------|--------||---------||---------|
|       Total       |      |      |      |   86   ||  6.352  ||    36   |
|-------------------|------|------|------|--------||---------||---------|



* Summary:
+-----------+--------+--------+--------+--------+
|           |   DSP  |  Delay |   FF   |   LUT  |
+-----------+--------+--------+--------+--------+
|  Function |   90   |   120  |  21951 |  13504 |
|   Memory  |    -   |    -   |    -   |    -   |
|Multiplexer|    -   |    6   |    -   |   36   |
|  Register |    -   |    -   |   432  |    -   |
+-----------+--------+--------+--------+--------+
|   Total   |   90   |   127  |  22383 |  13540 |
+-----------+--------+--------+--------+--------+
