

================================================================
== Vitis HLS Report for 'clusterOp_Pipeline_clusterOp_label1154'
================================================================
* Date:           Thu Apr 27 03:45:28 2023

* Version:        2022.2 (Build 3670227 on Oct 13 2022)
* Project:        cluster
* Solution:       solution1 (Vivado IP Flow Target)
* Product family: zynq
* Target device:  xc7z020-clg400-1


================================================================
== Performance Estimates
================================================================
+ Timing: 
    * Summary: 
    +--------+----------+----------+------------+
    |  Clock |  Target  | Estimated| Uncertainty|
    +--------+----------+----------+------------+
    |ap_clk  |  10.00 ns|  7.289 ns|     2.70 ns|
    +--------+----------+----------+------------+

+ Latency: 
    * Summary: 
    +---------+---------+----------+----------+-----+-----+---------+
    |  Latency (cycles) |  Latency (absolute) |  Interval | Pipeline|
    |   min   |   max   |    min   |    max   | min | max |   Type  |
    +---------+---------+----------+----------+-----+-----+---------+
    |        ?|        ?|         ?|         ?|    ?|    ?|       no|
    +---------+---------+----------+----------+-----+-----+---------+

    + Detail: 
        * Instance: 
        +-------------------------------+--------------------+---------+---------+-----------+-----------+-----+-----+---------+
        |                               |                    |  Latency (cycles) |   Latency (absolute)  |  Interval | Pipeline|
        |            Instance           |       Module       |   min   |   max   |    min    |    max    | min | max |   Type  |
        +-------------------------------+--------------------+---------+---------+-----------+-----------+-----+-----+---------+
        |grp_pow_fu_157                 |pow                 |        ?|        ?|          ?|          ?|    ?|    ?|       no|
        |grp_pow_fu_186                 |pow                 |        ?|        ?|          ?|          ?|    ?|    ?|       no|
        |grp_sqrt_fixed_32_32_s_fu_215  |sqrt_fixed_32_32_s  |        7|        7|  70.000 ns|  70.000 ns|    1|    1|      yes|
        +-------------------------------+--------------------+---------+---------+-----------+-----------+-----+-----+---------+

        * Loop: 
        +--------------------+---------+---------+----------+-----------+-----------+------+----------+
        |                    |  Latency (cycles) | Iteration|  Initiation Interval  | Trip |          |
        |      Loop Name     |   min   |   max   |  Latency |  achieved |   target  | Count| Pipelined|
        +--------------------+---------+---------+----------+-----------+-----------+------+----------+
        |- clusterOp_label1  |        ?|        ?|         ?|          -|          -|   360|        no|
        +--------------------+---------+---------+----------+-----------+-----------+------+----------+

============================================================
+ Verbose Summary: Synthesis Manager
============================================================
InlineROM: 1
ExposeGlobal: 0
============================================================
+ Verbose Summary: CDFG Model
============================================================
IsTopModel: 0
ResetActiveHigh: 1
IsCombinational: 0
IsDatapathOnly: 0
HasWiredReturn: 1
HasMFsm: 0
HasVarLatency: 1
IsPipeline: 0
IsRtlPipelined: 0
IsInstanceOverlapped: 0
IsDontTouch: 0
HasImplIP: 0
IsGatedGlobalClock: 0


============================================================
+ Verbose Summary: Schedule
============================================================
* Number of FSM states : 25
* Pipeline : 0
* Dataflow Pipeline: 0

* FSM state transitions: 
1 --> 2 
2 --> 3 
3 --> 4 25 
4 --> 5 
5 --> 6 
6 --> 7 
7 --> 8 
8 --> 9 
9 --> 10 
10 --> 11 
11 --> 12 
12 --> 13 
13 --> 14 
14 --> 15 
15 --> 16 
16 --> 17 
17 --> 18 
18 --> 19 
19 --> 20 
20 --> 21 
21 --> 22 
22 --> 23 
23 --> 24 
24 --> 25 
25 --> 2 

* FSM state operations: 

State 1 <SV = 0> <Delay = 1.58>
ST_1 : Operation 26 [1/1] (0.00ns)   --->   "%candidate = alloca i32 1"   --->   Operation 26 'alloca' 'candidate' <Predicate = true> <Delay = 0.00>
ST_1 : Operation 27 [1/1] (0.00ns)   --->   "%empty = alloca i32 1"   --->   Operation 27 'alloca' 'empty' <Predicate = true> <Delay = 0.00>
ST_1 : Operation 28 [1/1] (0.00ns)   --->   "%mul_ln37_150_read = read i17 @_ssdm_op_Read.ap_auto.i17, i17 %mul_ln37_150"   --->   Operation 28 'read' 'mul_ln37_150_read' <Predicate = true> <Delay = 0.00>
ST_1 : Operation 29 [1/1] (0.00ns)   --->   "%distances_load_304_read = read i32 @_ssdm_op_Read.ap_auto.i32, i32 %distances_load_304"   --->   Operation 29 'read' 'distances_load_304_read' <Predicate = true> <Delay = 0.00>
ST_1 : Operation 30 [1/1] (1.58ns)   --->   "%store_ln0 = store i32 1, i32 %empty"   --->   Operation 30 'store' 'store_ln0' <Predicate = true> <Delay = 1.58>
ST_1 : Operation 31 [1/1] (1.58ns)   --->   "%store_ln0 = store i9 0, i9 %candidate"   --->   Operation 31 'store' 'store_ln0' <Predicate = true> <Delay = 1.58>
ST_1 : Operation 32 [1/1] (0.00ns)   --->   "%br_ln0 = br void %for.body19.152"   --->   Operation 32 'br' 'br_ln0' <Predicate = true> <Delay = 0.00>

State 2 <SV = 1> <Delay = 2.32>
ST_2 : Operation 33 [1/1] (0.00ns)   --->   "%candidate_299 = load i9 %candidate" [cluster/cluster.cpp:44]   --->   Operation 33 'load' 'candidate_299' <Predicate = true> <Delay = 0.00>
ST_2 : Operation 34 [1/1] (0.00ns)   --->   "%specpipeline_ln0 = specpipeline void @_ssdm_op_SpecPipeline, i32 4294967295, i32 0, i32 1, i32 0, void @p_str"   --->   Operation 34 'specpipeline' 'specpipeline_ln0' <Predicate = true> <Delay = 0.00>
ST_2 : Operation 35 [1/1] (1.66ns)   --->   "%icmp_ln42 = icmp_eq  i9 %candidate_299, i9 360" [cluster/cluster.cpp:42]   --->   Operation 35 'icmp' 'icmp_ln42' <Predicate = true> <Delay = 1.66> <CoreInst = "Cmp">   --->   Core 9 'Cmp' <Latency = 0> <II = 1> <Delay = 1.66> <FuncUnit> <Opcode : 'icmp'> <InPorts = 2> <OutPorts = 1>
ST_2 : Operation 36 [1/1] (0.00ns)   --->   "%empty_408 = speclooptripcount i32 @_ssdm_op_SpecLoopTripCount, i64 360, i64 360, i64 360"   --->   Operation 36 'speclooptripcount' 'empty_408' <Predicate = true> <Delay = 0.00>
ST_2 : Operation 37 [1/1] (1.82ns)   --->   "%add_ln42 = add i9 %candidate_299, i9 1" [cluster/cluster.cpp:42]   --->   Operation 37 'add' 'add_ln42' <Predicate = true> <Delay = 1.82> <CoreInst = "Adder">   --->   Core 1 'Adder' <Latency = 0> <II = 1> <Delay = 1.82> <FuncUnit> <Opcode : 'add' 'sub'> <InPorts = 2> <OutPorts = 1>
ST_2 : Operation 38 [1/1] (0.00ns)   --->   "%br_ln42 = br i1 %icmp_ln42, void %for.body19.152.split, void %for.end56.152.exitStub" [cluster/cluster.cpp:42]   --->   Operation 38 'br' 'br_ln42' <Predicate = true> <Delay = 0.00>
ST_2 : Operation 39 [1/1] (0.00ns)   --->   "%trunc_ln44_151_cast = zext i9 %candidate_299" [cluster/cluster.cpp:44]   --->   Operation 39 'zext' 'trunc_ln44_151_cast' <Predicate = (!icmp_ln42)> <Delay = 0.00>
ST_2 : Operation 40 [1/1] (0.00ns)   --->   "%grouped_addr = getelementptr i1 %grouped, i64 0, i64 %trunc_ln44_151_cast" [cluster/cluster.cpp:43]   --->   Operation 40 'getelementptr' 'grouped_addr' <Predicate = (!icmp_ln42)> <Delay = 0.00>
ST_2 : Operation 41 [2/2] (2.32ns)   --->   "%grouped_load = load i9 %grouped_addr" [cluster/cluster.cpp:43]   --->   Operation 41 'load' 'grouped_load' <Predicate = (!icmp_ln42)> <Delay = 2.32> <CoreInst = "RAM">   --->   Core 82 'RAM' <Latency = 1> <II = 1> <Delay = 2.32> <Storage> <Opcode : 'load' 'store'> <Ports = 2> <Width = 1> <Depth = 360> <RAM>
ST_2 : Operation 42 [1/1] (0.00ns)   --->   "%p_load5 = load i32 %empty"   --->   Operation 42 'load' 'p_load5' <Predicate = (icmp_ln42)> <Delay = 0.00>
ST_2 : Operation 43 [1/1] (0.00ns)   --->   "%write_ln0 = write void @_ssdm_op_Write.ap_auto.i32P0A, i32 %p_out, i32 %p_load5"   --->   Operation 43 'write' 'write_ln0' <Predicate = (icmp_ln42)> <Delay = 0.00>
ST_2 : Operation 44 [1/1] (0.00ns)   --->   "%ret_ln0 = ret"   --->   Operation 44 'ret' 'ret_ln0' <Predicate = (icmp_ln42)> <Delay = 0.00>

State 3 <SV = 2> <Delay = 3.30>
ST_3 : Operation 45 [1/1] (0.00ns)   --->   "%specloopname_ln42 = specloopname void @_ssdm_op_SpecLoopName, void @empty_9" [cluster/cluster.cpp:42]   --->   Operation 45 'specloopname' 'specloopname_ln42' <Predicate = true> <Delay = 0.00>
ST_3 : Operation 46 [1/2] (2.32ns)   --->   "%grouped_load = load i9 %grouped_addr" [cluster/cluster.cpp:43]   --->   Operation 46 'load' 'grouped_load' <Predicate = true> <Delay = 2.32> <CoreInst = "RAM">   --->   Core 82 'RAM' <Latency = 1> <II = 1> <Delay = 2.32> <Storage> <Opcode : 'load' 'store'> <Ports = 2> <Width = 1> <Depth = 360> <RAM>
ST_3 : Operation 47 [1/1] (1.66ns)   --->   "%icmp_ln43 = icmp_eq  i9 %candidate_299, i9 152" [cluster/cluster.cpp:43]   --->   Operation 47 'icmp' 'icmp_ln43' <Predicate = true> <Delay = 1.66> <CoreInst = "Cmp">   --->   Core 9 'Cmp' <Latency = 0> <II = 1> <Delay = 1.66> <FuncUnit> <Opcode : 'icmp'> <InPorts = 2> <OutPorts = 1>
ST_3 : Operation 48 [1/1] (0.97ns)   --->   "%or_ln43 = or i1 %grouped_load, i1 %icmp_ln43" [cluster/cluster.cpp:43]   --->   Operation 48 'or' 'or_ln43' <Predicate = true> <Delay = 0.97> <CoreInst = "LogicGate">   --->   Core 74 'LogicGate' <Latency = 0> <II = 1> <Delay = 0.97> <FuncUnit> <Opcode : 'and' 'or' 'xor'> <InPorts = 2> <OutPorts = 1>
ST_3 : Operation 49 [1/1] (0.00ns)   --->   "%br_ln43 = br i1 %or_ln43, void %if.then23.152, void %for.inc54.152" [cluster/cluster.cpp:43]   --->   Operation 49 'br' 'br_ln43' <Predicate = true> <Delay = 0.00>
ST_3 : Operation 50 [1/1] (0.00ns)   --->   "%distances_addr = getelementptr i32 %distances, i64 0, i64 %trunc_ln44_151_cast" [cluster/cluster.cpp:50]   --->   Operation 50 'getelementptr' 'distances_addr' <Predicate = (!or_ln43)> <Delay = 0.00>
ST_3 : Operation 51 [2/2] (3.25ns)   --->   "%distances_load = load i9 %distances_addr" [cluster/cluster.cpp:50]   --->   Operation 51 'load' 'distances_load' <Predicate = (!or_ln43)> <Delay = 3.25> <CoreInst = "RAM">   --->   Core 82 'RAM' <Latency = 1> <II = 1> <Delay = 3.25> <Storage> <Opcode : 'load' 'store'> <Ports = 2> <Width = 32> <Depth = 360> <RAM>

State 4 <SV = 3> <Delay = 5.80>
ST_4 : Operation 52 [1/1] (1.82ns)   --->   "%add_ln44 = add i9 %candidate_299, i9 360" [cluster/cluster.cpp:44]   --->   Operation 52 'add' 'add_ln44' <Predicate = true> <Delay = 1.82> <CoreInst = "Adder">   --->   Core 1 'Adder' <Latency = 0> <II = 1> <Delay = 1.82> <FuncUnit> <Opcode : 'add' 'sub'> <InPorts = 2> <OutPorts = 1>
ST_4 : Operation 53 [1/1] (1.82ns)   --->   "%neg2349 = sub i9 152, i9 %candidate_299" [cluster/cluster.cpp:44]   --->   Operation 53 'sub' 'neg2349' <Predicate = true> <Delay = 1.82> <CoreInst = "Adder">   --->   Core 1 'Adder' <Latency = 0> <II = 1> <Delay = 1.82> <FuncUnit> <Opcode : 'add' 'sub'> <InPorts = 2> <OutPorts = 1>
ST_4 : Operation 54 [1/1] (1.66ns)   --->   "%abscond2350 = icmp_sgt  i9 %add_ln44, i9 0" [cluster/cluster.cpp:44]   --->   Operation 54 'icmp' 'abscond2350' <Predicate = true> <Delay = 1.66> <CoreInst = "Cmp">   --->   Core 9 'Cmp' <Latency = 0> <II = 1> <Delay = 1.66> <FuncUnit> <Opcode : 'icmp'> <InPorts = 2> <OutPorts = 1>
ST_4 : Operation 55 [1/1] (0.96ns)   --->   "%delta_angle = select i1 %abscond2350, i9 %add_ln44, i9 %neg2349" [cluster/cluster.cpp:44]   --->   Operation 55 'select' 'delta_angle' <Predicate = true> <Delay = 0.96> <CoreInst = "Sel">   --->   Core 73 'Sel' <Latency = 0> <II = 1> <Delay = 0.96> <FuncUnit> <Opcode : 'select'> <InPorts = 3> <OutPorts = 1>
ST_4 : Operation 56 [1/2] (3.25ns)   --->   "%distances_load = load i9 %distances_addr" [cluster/cluster.cpp:50]   --->   Operation 56 'load' 'distances_load' <Predicate = true> <Delay = 3.25> <CoreInst = "RAM">   --->   Core 82 'RAM' <Latency = 1> <II = 1> <Delay = 3.25> <Storage> <Opcode : 'load' 'store'> <Ports = 2> <Width = 32> <Depth = 360> <RAM>
ST_4 : Operation 57 [1/1] (2.55ns)   --->   "%sub_ln50 = sub i32 %distances_load_304_read, i32 %distances_load" [cluster/cluster.cpp:50]   --->   Operation 57 'sub' 'sub_ln50' <Predicate = true> <Delay = 2.55> <CoreInst = "Adder">   --->   Core 1 'Adder' <Latency = 0> <II = 1> <Delay = 2.55> <FuncUnit> <Opcode : 'add' 'sub'> <InPorts = 2> <OutPorts = 1>

State 5 <SV = 4> <Delay = 6.85>
ST_5 : Operation 58 [1/1] (1.66ns)   --->   "%icmp_ln45 = icmp_sgt  i9 %delta_angle, i9 180" [cluster/cluster.cpp:45]   --->   Operation 58 'icmp' 'icmp_ln45' <Predicate = true> <Delay = 1.66> <CoreInst = "Cmp">   --->   Core 9 'Cmp' <Latency = 0> <II = 1> <Delay = 1.66> <FuncUnit> <Opcode : 'icmp'> <InPorts = 2> <OutPorts = 1>
ST_5 : Operation 59 [1/1] (1.82ns)   --->   "%sub_ln46 = sub i9 360, i9 %delta_angle" [cluster/cluster.cpp:46]   --->   Operation 59 'sub' 'sub_ln46' <Predicate = true> <Delay = 1.82> <CoreInst = "Adder">   --->   Core 1 'Adder' <Latency = 0> <II = 1> <Delay = 1.82> <FuncUnit> <Opcode : 'add' 'sub'> <InPorts = 2> <OutPorts = 1>
ST_5 : Operation 60 [1/1] (0.96ns)   --->   "%delta_angle_271 = select i1 %icmp_ln45, i9 %sub_ln46, i9 %delta_angle" [cluster/cluster.cpp:45]   --->   Operation 60 'select' 'delta_angle_271' <Predicate = true> <Delay = 0.96> <CoreInst = "Sel">   --->   Core 73 'Sel' <Latency = 0> <II = 1> <Delay = 0.96> <FuncUnit> <Opcode : 'select'> <InPorts = 3> <OutPorts = 1>
ST_5 : Operation 61 [1/1] (0.00ns)   --->   "%sext_ln44 = sext i9 %delta_angle_271" [cluster/cluster.cpp:44]   --->   Operation 61 'sext' 'sext_ln44' <Predicate = true> <Delay = 0.00>
ST_5 : Operation 62 [2/2] (4.06ns)   --->   "%tmp_349 = call i31 @pow, i32 %sext_ln44, i6 %log_apfixed_reduce_log_inverse_lut_table_array_V, i82 %log_apfixed_reduce_log0_lut_table_ap_fixed_0_5_64_array_V, i78 %log_apfixed_reduce_log_lut_table_ap_fixed_4_4_16_array_V, i75 %log_apfixed_reduce_log_lut_table_ap_fixed_7_6_64_array_V, i70 %log_apfixed_reduce_log_lut_table_ap_fixed_12_6_64_array_V, i65 %log_apfixed_reduce_log_lut_table_ap_fixed_17_6_64_array_V, i60 %log_apfixed_reduce_log_lut_table_ap_fixed_22_6_64_array_V, i32 %f_x_msb_4_table_V, i16 %f_x_msb_5_table_V, i51 %f_x_msb_3_table_V, i64 %f_x_msb_2_table_V, i68 %exp_x_msb_1_table_V" [cluster/cluster.cpp:50]   --->   Operation 62 'call' 'tmp_349' <Predicate = true> <Delay = 4.06> <CoreType = "Generic">   --->   Core 0 '' <Latency = 0> <II = 1> <Delay = 1.00> <Generic> <Opcode : >
ST_5 : Operation 63 [2/2] (4.06ns)   --->   "%tmp_350 = call i31 @pow, i32 %sub_ln50, i6 %log_apfixed_reduce_log_inverse_lut_table_array_V, i82 %log_apfixed_reduce_log0_lut_table_ap_fixed_0_5_64_array_V, i78 %log_apfixed_reduce_log_lut_table_ap_fixed_4_4_16_array_V, i75 %log_apfixed_reduce_log_lut_table_ap_fixed_7_6_64_array_V, i70 %log_apfixed_reduce_log_lut_table_ap_fixed_12_6_64_array_V, i65 %log_apfixed_reduce_log_lut_table_ap_fixed_17_6_64_array_V, i60 %log_apfixed_reduce_log_lut_table_ap_fixed_22_6_64_array_V, i32 %f_x_msb_4_table_V, i16 %f_x_msb_5_table_V, i51 %f_x_msb_3_table_V, i64 %f_x_msb_2_table_V, i68 %exp_x_msb_1_table_V" [cluster/cluster.cpp:50]   --->   Operation 63 'call' 'tmp_350' <Predicate = true> <Delay = 4.06> <CoreType = "Generic">   --->   Core 0 '' <Latency = 0> <II = 1> <Delay = 1.00> <Generic> <Opcode : >

State 6 <SV = 5> <Delay = 6.80>
ST_6 : Operation 64 [1/2] (6.80ns)   --->   "%tmp_349 = call i31 @pow, i32 %sext_ln44, i6 %log_apfixed_reduce_log_inverse_lut_table_array_V, i82 %log_apfixed_reduce_log0_lut_table_ap_fixed_0_5_64_array_V, i78 %log_apfixed_reduce_log_lut_table_ap_fixed_4_4_16_array_V, i75 %log_apfixed_reduce_log_lut_table_ap_fixed_7_6_64_array_V, i70 %log_apfixed_reduce_log_lut_table_ap_fixed_12_6_64_array_V, i65 %log_apfixed_reduce_log_lut_table_ap_fixed_17_6_64_array_V, i60 %log_apfixed_reduce_log_lut_table_ap_fixed_22_6_64_array_V, i32 %f_x_msb_4_table_V, i16 %f_x_msb_5_table_V, i51 %f_x_msb_3_table_V, i64 %f_x_msb_2_table_V, i68 %exp_x_msb_1_table_V" [cluster/cluster.cpp:50]   --->   Operation 64 'call' 'tmp_349' <Predicate = true> <Delay = 6.80> <CoreType = "Generic">   --->   Core 0 '' <Latency = 0> <II = 1> <Delay = 1.00> <Generic> <Opcode : >
ST_6 : Operation 65 [1/2] (6.80ns)   --->   "%tmp_350 = call i31 @pow, i32 %sub_ln50, i6 %log_apfixed_reduce_log_inverse_lut_table_array_V, i82 %log_apfixed_reduce_log0_lut_table_ap_fixed_0_5_64_array_V, i78 %log_apfixed_reduce_log_lut_table_ap_fixed_4_4_16_array_V, i75 %log_apfixed_reduce_log_lut_table_ap_fixed_7_6_64_array_V, i70 %log_apfixed_reduce_log_lut_table_ap_fixed_12_6_64_array_V, i65 %log_apfixed_reduce_log_lut_table_ap_fixed_17_6_64_array_V, i60 %log_apfixed_reduce_log_lut_table_ap_fixed_22_6_64_array_V, i32 %f_x_msb_4_table_V, i16 %f_x_msb_5_table_V, i51 %f_x_msb_3_table_V, i64 %f_x_msb_2_table_V, i68 %exp_x_msb_1_table_V" [cluster/cluster.cpp:50]   --->   Operation 65 'call' 'tmp_350' <Predicate = true> <Delay = 6.80> <CoreType = "Generic">   --->   Core 0 '' <Latency = 0> <II = 1> <Delay = 1.00> <Generic> <Opcode : >

State 7 <SV = 6> <Delay = 2.52>
ST_7 : Operation 66 [1/1] (0.00ns)   --->   "%zext_ln50 = zext i31 %tmp_349" [cluster/cluster.cpp:50]   --->   Operation 66 'zext' 'zext_ln50' <Predicate = true> <Delay = 0.00>
ST_7 : Operation 67 [1/1] (0.00ns)   --->   "%zext_ln50_273 = zext i31 %tmp_350" [cluster/cluster.cpp:50]   --->   Operation 67 'zext' 'zext_ln50_273' <Predicate = true> <Delay = 0.00>
ST_7 : Operation 68 [1/1] (2.52ns)   --->   "%xf_V = add i32 %zext_ln50_273, i32 %zext_ln50" [cluster/cluster.cpp:50]   --->   Operation 68 'add' 'xf_V' <Predicate = true> <Delay = 2.52> <CoreInst = "Adder">   --->   Core 1 'Adder' <Latency = 0> <II = 1> <Delay = 2.52> <FuncUnit> <Opcode : 'add' 'sub'> <InPorts = 2> <OutPorts = 1>

State 8 <SV = 7> <Delay = 7.12>
ST_8 : Operation 69 [9/9] (7.12ns)   --->   "%p_Val2_s = call i16 @sqrt_fixed<32, 32>, i32 %xf_V" [C:\scratch\2022.2\hls_product\608\2022.2\src\shared\hls\clib/hlsmath/include\hls_sqrt_apfixed.h:381]   --->   Operation 69 'call' 'p_Val2_s' <Predicate = true> <Delay = 7.12> <CoreType = "Generic">   --->   Core 0 '' <Latency = 0> <II = 1> <Delay = 1.00> <Generic> <Opcode : >

State 9 <SV = 8> <Delay = 7.15>
ST_9 : Operation 70 [8/9] (7.15ns)   --->   "%p_Val2_s = call i16 @sqrt_fixed<32, 32>, i32 %xf_V" [C:\scratch\2022.2\hls_product\608\2022.2\src\shared\hls\clib/hlsmath/include\hls_sqrt_apfixed.h:381]   --->   Operation 70 'call' 'p_Val2_s' <Predicate = true> <Delay = 7.15> <CoreType = "Generic">   --->   Core 0 '' <Latency = 0> <II = 1> <Delay = 1.00> <Generic> <Opcode : >

State 10 <SV = 9> <Delay = 7.15>
ST_10 : Operation 71 [7/9] (7.15ns)   --->   "%p_Val2_s = call i16 @sqrt_fixed<32, 32>, i32 %xf_V" [C:\scratch\2022.2\hls_product\608\2022.2\src\shared\hls\clib/hlsmath/include\hls_sqrt_apfixed.h:381]   --->   Operation 71 'call' 'p_Val2_s' <Predicate = true> <Delay = 7.15> <CoreType = "Generic">   --->   Core 0 '' <Latency = 0> <II = 1> <Delay = 1.00> <Generic> <Opcode : >

State 11 <SV = 10> <Delay = 7.15>
ST_11 : Operation 72 [6/9] (7.15ns)   --->   "%p_Val2_s = call i16 @sqrt_fixed<32, 32>, i32 %xf_V" [C:\scratch\2022.2\hls_product\608\2022.2\src\shared\hls\clib/hlsmath/include\hls_sqrt_apfixed.h:381]   --->   Operation 72 'call' 'p_Val2_s' <Predicate = true> <Delay = 7.15> <CoreType = "Generic">   --->   Core 0 '' <Latency = 0> <II = 1> <Delay = 1.00> <Generic> <Opcode : >

State 12 <SV = 11> <Delay = 7.15>
ST_12 : Operation 73 [5/9] (7.15ns)   --->   "%p_Val2_s = call i16 @sqrt_fixed<32, 32>, i32 %xf_V" [C:\scratch\2022.2\hls_product\608\2022.2\src\shared\hls\clib/hlsmath/include\hls_sqrt_apfixed.h:381]   --->   Operation 73 'call' 'p_Val2_s' <Predicate = true> <Delay = 7.15> <CoreType = "Generic">   --->   Core 0 '' <Latency = 0> <II = 1> <Delay = 1.00> <Generic> <Opcode : >

State 13 <SV = 12> <Delay = 7.15>
ST_13 : Operation 74 [4/9] (7.15ns)   --->   "%p_Val2_s = call i16 @sqrt_fixed<32, 32>, i32 %xf_V" [C:\scratch\2022.2\hls_product\608\2022.2\src\shared\hls\clib/hlsmath/include\hls_sqrt_apfixed.h:381]   --->   Operation 74 'call' 'p_Val2_s' <Predicate = true> <Delay = 7.15> <CoreType = "Generic">   --->   Core 0 '' <Latency = 0> <II = 1> <Delay = 1.00> <Generic> <Opcode : >

State 14 <SV = 13> <Delay = 7.15>
ST_14 : Operation 75 [3/9] (7.15ns)   --->   "%p_Val2_s = call i16 @sqrt_fixed<32, 32>, i32 %xf_V" [C:\scratch\2022.2\hls_product\608\2022.2\src\shared\hls\clib/hlsmath/include\hls_sqrt_apfixed.h:381]   --->   Operation 75 'call' 'p_Val2_s' <Predicate = true> <Delay = 7.15> <CoreType = "Generic">   --->   Core 0 '' <Latency = 0> <II = 1> <Delay = 1.00> <Generic> <Opcode : >

State 15 <SV = 14> <Delay = 7.15>
ST_15 : Operation 76 [2/9] (7.15ns)   --->   "%p_Val2_s = call i16 @sqrt_fixed<32, 32>, i32 %xf_V" [C:\scratch\2022.2\hls_product\608\2022.2\src\shared\hls\clib/hlsmath/include\hls_sqrt_apfixed.h:381]   --->   Operation 76 'call' 'p_Val2_s' <Predicate = true> <Delay = 7.15> <CoreType = "Generic">   --->   Core 0 '' <Latency = 0> <II = 1> <Delay = 1.00> <Generic> <Opcode : >

State 16 <SV = 15> <Delay = 6.54>
ST_16 : Operation 77 [1/9] (6.54ns)   --->   "%p_Val2_s = call i16 @sqrt_fixed<32, 32>, i32 %xf_V" [C:\scratch\2022.2\hls_product\608\2022.2\src\shared\hls\clib/hlsmath/include\hls_sqrt_apfixed.h:381]   --->   Operation 77 'call' 'p_Val2_s' <Predicate = true> <Delay = 6.54> <CoreType = "Generic">   --->   Core 0 '' <Latency = 0> <II = 1> <Delay = 1.00> <Generic> <Opcode : >

State 17 <SV = 16> <Delay = 6.41>
ST_17 : Operation 78 [1/1] (0.00ns)   --->   "%zext_ln987 = zext i16 %p_Val2_s"   --->   Operation 78 'zext' 'zext_ln987' <Predicate = true> <Delay = 0.00>
ST_17 : Operation 79 [6/6] (6.41ns)   --->   "%euclidean_distance = sitofp i32 %zext_ln987" [cluster/cluster.cpp:50]   --->   Operation 79 'sitofp' 'euclidean_distance' <Predicate = true> <Delay = 6.41> <CoreInst = "Int2Float">   --->   Core 62 'Int2Float' <Latency = 5> <II = 1> <Delay = 6.41> <FuncUnit> <Opcode : 'sitofp' 'uitofp'> <InPorts = 1> <OutPorts = 1>

State 18 <SV = 17> <Delay = 6.41>
ST_18 : Operation 80 [5/6] (6.41ns)   --->   "%euclidean_distance = sitofp i32 %zext_ln987" [cluster/cluster.cpp:50]   --->   Operation 80 'sitofp' 'euclidean_distance' <Predicate = true> <Delay = 6.41> <CoreInst = "Int2Float">   --->   Core 62 'Int2Float' <Latency = 5> <II = 1> <Delay = 6.41> <FuncUnit> <Opcode : 'sitofp' 'uitofp'> <InPorts = 1> <OutPorts = 1>

State 19 <SV = 18> <Delay = 6.41>
ST_19 : Operation 81 [4/6] (6.41ns)   --->   "%euclidean_distance = sitofp i32 %zext_ln987" [cluster/cluster.cpp:50]   --->   Operation 81 'sitofp' 'euclidean_distance' <Predicate = true> <Delay = 6.41> <CoreInst = "Int2Float">   --->   Core 62 'Int2Float' <Latency = 5> <II = 1> <Delay = 6.41> <FuncUnit> <Opcode : 'sitofp' 'uitofp'> <InPorts = 1> <OutPorts = 1>

State 20 <SV = 19> <Delay = 6.41>
ST_20 : Operation 82 [3/6] (6.41ns)   --->   "%euclidean_distance = sitofp i32 %zext_ln987" [cluster/cluster.cpp:50]   --->   Operation 82 'sitofp' 'euclidean_distance' <Predicate = true> <Delay = 6.41> <CoreInst = "Int2Float">   --->   Core 62 'Int2Float' <Latency = 5> <II = 1> <Delay = 6.41> <FuncUnit> <Opcode : 'sitofp' 'uitofp'> <InPorts = 1> <OutPorts = 1>

State 21 <SV = 20> <Delay = 6.41>
ST_21 : Operation 83 [2/6] (6.41ns)   --->   "%euclidean_distance = sitofp i32 %zext_ln987" [cluster/cluster.cpp:50]   --->   Operation 83 'sitofp' 'euclidean_distance' <Predicate = true> <Delay = 6.41> <CoreInst = "Int2Float">   --->   Core 62 'Int2Float' <Latency = 5> <II = 1> <Delay = 6.41> <FuncUnit> <Opcode : 'sitofp' 'uitofp'> <InPorts = 1> <OutPorts = 1>

State 22 <SV = 21> <Delay = 6.41>
ST_22 : Operation 84 [1/6] (6.41ns)   --->   "%euclidean_distance = sitofp i32 %zext_ln987" [cluster/cluster.cpp:50]   --->   Operation 84 'sitofp' 'euclidean_distance' <Predicate = true> <Delay = 6.41> <CoreInst = "Int2Float">   --->   Core 62 'Int2Float' <Latency = 5> <II = 1> <Delay = 6.41> <FuncUnit> <Opcode : 'sitofp' 'uitofp'> <InPorts = 1> <OutPorts = 1>

State 23 <SV = 22> <Delay = 5.43>
ST_23 : Operation 85 [1/1] (0.00ns)   --->   "%bitcast_ln53 = bitcast i32 %euclidean_distance" [cluster/cluster.cpp:53]   --->   Operation 85 'bitcast' 'bitcast_ln53' <Predicate = true> <Delay = 0.00>
ST_23 : Operation 86 [1/1] (0.00ns)   --->   "%tmp_s = partselect i8 @_ssdm_op_PartSelect.i8.i32.i32.i32, i32 %bitcast_ln53, i32 23, i32 30" [cluster/cluster.cpp:53]   --->   Operation 86 'partselect' 'tmp_s' <Predicate = true> <Delay = 0.00>
ST_23 : Operation 87 [1/1] (0.00ns)   --->   "%trunc_ln53 = trunc i32 %bitcast_ln53" [cluster/cluster.cpp:53]   --->   Operation 87 'trunc' 'trunc_ln53' <Predicate = true> <Delay = 0.00>
ST_23 : Operation 88 [1/1] (1.55ns)   --->   "%icmp_ln53 = icmp_ne  i8 %tmp_s, i8 255" [cluster/cluster.cpp:53]   --->   Operation 88 'icmp' 'icmp_ln53' <Predicate = true> <Delay = 1.55> <CoreInst = "Cmp">   --->   Core 9 'Cmp' <Latency = 0> <II = 1> <Delay = 1.55> <FuncUnit> <Opcode : 'icmp'> <InPorts = 2> <OutPorts = 1>
ST_23 : Operation 89 [1/1] (2.44ns)   --->   "%icmp_ln53_273 = icmp_eq  i23 %trunc_ln53, i23 0" [cluster/cluster.cpp:53]   --->   Operation 89 'icmp' 'icmp_ln53_273' <Predicate = true> <Delay = 2.44> <CoreInst = "Cmp">   --->   Core 9 'Cmp' <Latency = 0> <II = 1> <Delay = 2.44> <FuncUnit> <Opcode : 'icmp'> <InPorts = 2> <OutPorts = 1>
ST_23 : Operation 90 [2/2] (5.43ns)   --->   "%tmp_645 = fcmp_olt  i32 %euclidean_distance, i32 200" [cluster/cluster.cpp:53]   --->   Operation 90 'fcmp' 'tmp_645' <Predicate = true> <Delay = 5.43> <CoreInst = "FCompare">   --->   Core 19 'FCompare' <Latency = 1> <II = 1> <Delay = 5.43> <FuncUnit> <Opcode : 'fcmp'> <InPorts = 2> <OutPorts = 1>

State 24 <SV = 23> <Delay = 6.40>
ST_24 : Operation 91 [1/1] (0.00ns) (grouped into LUT with out node and_ln53)   --->   "%or_ln53 = or i1 %icmp_ln53_273, i1 %icmp_ln53" [cluster/cluster.cpp:53]   --->   Operation 91 'or' 'or_ln53' <Predicate = true> <Delay = 0.00> <CoreInst = "LogicGate">   --->   Core 74 'LogicGate' <Latency = 0> <II = 1> <Delay = 0.97> <FuncUnit> <Opcode : 'and' 'or' 'xor'> <InPorts = 2> <OutPorts = 1>
ST_24 : Operation 92 [1/2] (5.43ns)   --->   "%tmp_645 = fcmp_olt  i32 %euclidean_distance, i32 200" [cluster/cluster.cpp:53]   --->   Operation 92 'fcmp' 'tmp_645' <Predicate = true> <Delay = 5.43> <CoreInst = "FCompare">   --->   Core 19 'FCompare' <Latency = 1> <II = 1> <Delay = 5.43> <FuncUnit> <Opcode : 'fcmp'> <InPorts = 2> <OutPorts = 1>
ST_24 : Operation 93 [1/1] (0.97ns) (out node of the LUT)   --->   "%and_ln53 = and i1 %or_ln53, i1 %tmp_645" [cluster/cluster.cpp:53]   --->   Operation 93 'and' 'and_ln53' <Predicate = true> <Delay = 0.97> <CoreInst = "LogicGate">   --->   Core 74 'LogicGate' <Latency = 0> <II = 1> <Delay = 0.97> <FuncUnit> <Opcode : 'and' 'or' 'xor'> <InPorts = 2> <OutPorts = 1>
ST_24 : Operation 94 [1/1] (0.00ns)   --->   "%br_ln53 = br i1 %and_ln53, void %for.inc54.152, void %if.then37.152" [cluster/cluster.cpp:53]   --->   Operation 94 'br' 'br_ln53' <Predicate = true> <Delay = 0.00>

State 25 <SV = 24> <Delay = 5.36>
ST_25 : Operation 95 [1/1] (0.00ns)   --->   "%p_load = load i32 %empty" [cluster/cluster.cpp:54]   --->   Operation 95 'load' 'p_load' <Predicate = (!or_ln43 & and_ln53)> <Delay = 0.00>
ST_25 : Operation 96 [1/1] (0.00ns)   --->   "%trunc_ln54 = trunc i32 %p_load" [cluster/cluster.cpp:54]   --->   Operation 96 'trunc' 'trunc_ln54' <Predicate = (!or_ln43 & and_ln53)> <Delay = 0.00>
ST_25 : Operation 97 [1/1] (2.10ns)   --->   "%add_ln54 = add i17 %mul_ln37_150_read, i17 %trunc_ln54" [cluster/cluster.cpp:54]   --->   Operation 97 'add' 'add_ln54' <Predicate = (!or_ln43 & and_ln53)> <Delay = 2.10> <CoreInst = "Adder">   --->   Core 1 'Adder' <Latency = 0> <II = 1> <Delay = 2.10> <FuncUnit> <Opcode : 'add' 'sub'> <InPorts = 2> <OutPorts = 1>
ST_25 : Operation 98 [1/1] (0.00ns)   --->   "%zext_ln54 = zext i17 %add_ln54" [cluster/cluster.cpp:54]   --->   Operation 98 'zext' 'zext_ln54' <Predicate = (!or_ln43 & and_ln53)> <Delay = 0.00>
ST_25 : Operation 99 [1/1] (0.00ns)   --->   "%clusters_members_addr = getelementptr i9 %clusters_members, i64 0, i64 %zext_ln54" [cluster/cluster.cpp:54]   --->   Operation 99 'getelementptr' 'clusters_members_addr' <Predicate = (!or_ln43 & and_ln53)> <Delay = 0.00>
ST_25 : Operation 100 [1/1] (3.25ns)   --->   "%store_ln54 = store i9 %candidate_299, i17 %clusters_members_addr" [cluster/cluster.cpp:54]   --->   Operation 100 'store' 'store_ln54' <Predicate = (!or_ln43 & and_ln53)> <Delay = 3.25> <CoreInst = "RAM">   --->   Core 82 'RAM' <Latency = 1> <II = 1> <Delay = 3.25> <Storage> <Opcode : 'load' 'store'> <Ports = 2> <Width = 9> <Depth = 129600> <RAM>
ST_25 : Operation 101 [1/1] (2.55ns)   --->   "%add_ln55 = add i32 %p_load, i32 1" [cluster/cluster.cpp:55]   --->   Operation 101 'add' 'add_ln55' <Predicate = (!or_ln43 & and_ln53)> <Delay = 2.55> <CoreInst = "Adder">   --->   Core 1 'Adder' <Latency = 0> <II = 1> <Delay = 2.55> <FuncUnit> <Opcode : 'add' 'sub'> <InPorts = 2> <OutPorts = 1>
ST_25 : Operation 102 [1/1] (2.32ns)   --->   "%store_ln56 = store i1 1, i9 %grouped_addr" [cluster/cluster.cpp:56]   --->   Operation 102 'store' 'store_ln56' <Predicate = (!or_ln43 & and_ln53)> <Delay = 2.32> <CoreInst = "RAM">   --->   Core 82 'RAM' <Latency = 1> <II = 1> <Delay = 2.32> <Storage> <Opcode : 'load' 'store'> <Ports = 2> <Width = 1> <Depth = 360> <RAM>
ST_25 : Operation 103 [1/1] (1.58ns)   --->   "%store_ln57 = store i32 %add_ln55, i32 %empty" [cluster/cluster.cpp:57]   --->   Operation 103 'store' 'store_ln57' <Predicate = (!or_ln43 & and_ln53)> <Delay = 1.58>
ST_25 : Operation 104 [1/1] (0.00ns)   --->   "%br_ln57 = br void %for.inc54.152" [cluster/cluster.cpp:57]   --->   Operation 104 'br' 'br_ln57' <Predicate = (!or_ln43 & and_ln53)> <Delay = 0.00>
ST_25 : Operation 105 [1/1] (1.58ns)   --->   "%store_ln42 = store i9 %add_ln42, i9 %candidate" [cluster/cluster.cpp:42]   --->   Operation 105 'store' 'store_ln42' <Predicate = true> <Delay = 1.58>
ST_25 : Operation 106 [1/1] (0.00ns)   --->   "%br_ln42 = br void %for.body19.152" [cluster/cluster.cpp:42]   --->   Operation 106 'br' 'br_ln42' <Predicate = true> <Delay = 0.00>


============================================================
+ Verbose Summary: Binding
============================================================
STG Binding: 
---------------- STG Properties BEGIN ----------------
- Is combinational: 0
- Is one-state seq: 0
- Is datapath-only: 0
- Is pipelined: 0
- Is top level: 0
Port [ Return ] is wired: 1; IO mode=ap_ctrl_hs:ce=0
Port [ grouped]:  wired=1; compound=1; hidden=0; nouse=0; global=0; static=0; extern=0; dir=2; type=1; pingpong=0; private_global=0; MemPort=[23]; IO mode=ap_memory:ce=0
Port [ distances]:  wired=1; compound=1; hidden=0; nouse=0; global=0; static=0; extern=0; dir=0; type=1; pingpong=0; private_global=0; MemPort=[13]; IO mode=ap_memory:ce=0
Port [ distances_load_304]:  wired=1; compound=0; hidden=0; nouse=0; global=0; static=0; extern=0; dir=0; type=0; pingpong=0; private_global=0; IO mode=ap_none:ce=0
Port [ mul_ln37_150]:  wired=1; compound=0; hidden=0; nouse=0; global=0; static=0; extern=0; dir=0; type=0; pingpong=0; private_global=0; IO mode=ap_none:ce=0
Port [ clusters_members]:  wired=1; compound=1; hidden=0; nouse=0; global=0; static=0; extern=0; dir=1; type=1; pingpong=0; private_global=0; MemPort=[03]; IO mode=ap_memory:ce=0
Port [ p_out]:  wired=1; compound=0; hidden=0; nouse=0; global=0; static=0; extern=0; dir=1; type=0; pingpong=0; private_global=0; IO mode=ap_vld:ce=0
Port [ log_apfixed_reduce_log_inverse_lut_table_array_V]:  wired=0; compound=1; hidden=1; nouse=1; global=1; static=1; extern=0; dir=0; type=1; pingpong=0; private_global=0; MemPort=[1]; IO mode=ap_memory:ce=0
Port [ log_apfixed_reduce_log0_lut_table_ap_fixed_0_5_64_array_V]:  wired=0; compound=1; hidden=1; nouse=1; global=1; static=1; extern=0; dir=0; type=1; pingpong=0; private_global=0; MemPort=[1]; IO mode=ap_memory:ce=0
Port [ log_apfixed_reduce_log_lut_table_ap_fixed_4_4_16_array_V]:  wired=0; compound=1; hidden=1; nouse=1; global=1; static=1; extern=0; dir=0; type=1; pingpong=0; private_global=0; MemPort=[1]; IO mode=ap_memory:ce=0
Port [ log_apfixed_reduce_log_lut_table_ap_fixed_7_6_64_array_V]:  wired=0; compound=1; hidden=1; nouse=1; global=1; static=1; extern=0; dir=0; type=1; pingpong=0; private_global=0; MemPort=[1]; IO mode=ap_memory:ce=0
Port [ log_apfixed_reduce_log_lut_table_ap_fixed_12_6_64_array_V]:  wired=0; compound=1; hidden=1; nouse=1; global=1; static=1; extern=0; dir=0; type=1; pingpong=0; private_global=0; MemPort=[1]; IO mode=ap_memory:ce=0
Port [ log_apfixed_reduce_log_lut_table_ap_fixed_17_6_64_array_V]:  wired=0; compound=1; hidden=1; nouse=1; global=1; static=1; extern=0; dir=0; type=1; pingpong=0; private_global=0; MemPort=[1]; IO mode=ap_memory:ce=0
Port [ log_apfixed_reduce_log_lut_table_ap_fixed_22_6_64_array_V]:  wired=0; compound=1; hidden=1; nouse=1; global=1; static=1; extern=0; dir=0; type=1; pingpong=0; private_global=0; MemPort=[1]; IO mode=ap_memory:ce=0
Port [ f_x_msb_4_table_V]:  wired=0; compound=1; hidden=1; nouse=1; global=1; static=1; extern=0; dir=0; type=1; pingpong=0; private_global=0; MemPort=[1]; IO mode=ap_memory:ce=0
Port [ f_x_msb_5_table_V]:  wired=0; compound=1; hidden=1; nouse=1; global=1; static=1; extern=0; dir=0; type=1; pingpong=0; private_global=0; MemPort=[1]; IO mode=ap_memory:ce=0
Port [ f_x_msb_3_table_V]:  wired=0; compound=1; hidden=1; nouse=1; global=1; static=1; extern=0; dir=0; type=1; pingpong=0; private_global=0; MemPort=[1]; IO mode=ap_memory:ce=0
Port [ f_x_msb_2_table_V]:  wired=0; compound=1; hidden=1; nouse=1; global=1; static=1; extern=0; dir=0; type=1; pingpong=0; private_global=0; MemPort=[1]; IO mode=ap_memory:ce=0
Port [ exp_x_msb_1_table_V]:  wired=0; compound=1; hidden=1; nouse=1; global=1; static=1; extern=0; dir=0; type=1; pingpong=0; private_global=0; MemPort=[1]; IO mode=ap_memory:ce=0
---------------- STG Properties END ------------------

---------------- Datapath Model BEGIN ----------------

<LifeTime>
<method=bitvector/>
candidate               (alloca           ) [ 01111111111111111111111111]
empty                   (alloca           ) [ 01111111111111111111111111]
mul_ln37_150_read       (read             ) [ 00111111111111111111111111]
distances_load_304_read (read             ) [ 00111111111111111111111111]
store_ln0               (store            ) [ 00000000000000000000000000]
store_ln0               (store            ) [ 00000000000000000000000000]
br_ln0                  (br               ) [ 00000000000000000000000000]
candidate_299           (load             ) [ 00011111111111111111111111]
specpipeline_ln0        (specpipeline     ) [ 00000000000000000000000000]
icmp_ln42               (icmp             ) [ 00111111111111111111111111]
empty_408               (speclooptripcount) [ 00000000000000000000000000]
add_ln42                (add              ) [ 00011111111111111111111111]
br_ln42                 (br               ) [ 00000000000000000000000000]
trunc_ln44_151_cast     (zext             ) [ 00010000000000000000000000]
grouped_addr            (getelementptr    ) [ 00011111111111111111111111]
p_load5                 (load             ) [ 00000000000000000000000000]
write_ln0               (write            ) [ 00000000000000000000000000]
ret_ln0                 (ret              ) [ 00000000000000000000000000]
specloopname_ln42       (specloopname     ) [ 00000000000000000000000000]
grouped_load            (load             ) [ 00000000000000000000000000]
icmp_ln43               (icmp             ) [ 00000000000000000000000000]
or_ln43                 (or               ) [ 00111111111111111111111111]
br_ln43                 (br               ) [ 00000000000000000000000000]
distances_addr          (getelementptr    ) [ 00001000000000000000000000]
add_ln44                (add              ) [ 00000000000000000000000000]
neg2349                 (sub              ) [ 00000000000000000000000000]
abscond2350             (icmp             ) [ 00000000000000000000000000]
delta_angle             (select           ) [ 00000100000000000000000000]
distances_load          (load             ) [ 00000000000000000000000000]
sub_ln50                (sub              ) [ 00000110000000000000000000]
icmp_ln45               (icmp             ) [ 00000000000000000000000000]
sub_ln46                (sub              ) [ 00000000000000000000000000]
delta_angle_271         (select           ) [ 00000000000000000000000000]
sext_ln44               (sext             ) [ 00000010000000000000000000]
tmp_349                 (call             ) [ 00000001000000000000000000]
tmp_350                 (call             ) [ 00000001000000000000000000]
zext_ln50               (zext             ) [ 00000000000000000000000000]
zext_ln50_273           (zext             ) [ 00000000000000000000000000]
xf_V                    (add              ) [ 00000000111111111000000000]
p_Val2_s                (call             ) [ 00000000000000000100000000]
zext_ln987              (zext             ) [ 00000000000000000011111000]
euclidean_distance      (sitofp           ) [ 00000000000000000000000110]
bitcast_ln53            (bitcast          ) [ 00000000000000000000000000]
tmp_s                   (partselect       ) [ 00000000000000000000000000]
trunc_ln53              (trunc            ) [ 00000000000000000000000000]
icmp_ln53               (icmp             ) [ 00000000000000000000000010]
icmp_ln53_273           (icmp             ) [ 00000000000000000000000010]
or_ln53                 (or               ) [ 00000000000000000000000000]
tmp_645                 (fcmp             ) [ 00000000000000000000000000]
and_ln53                (and              ) [ 00110000000000000000000001]
br_ln53                 (br               ) [ 00000000000000000000000000]
p_load                  (load             ) [ 00000000000000000000000000]
trunc_ln54              (trunc            ) [ 00000000000000000000000000]
add_ln54                (add              ) [ 00000000000000000000000000]
zext_ln54               (zext             ) [ 00000000000000000000000000]
clusters_members_addr   (getelementptr    ) [ 00000000000000000000000000]
store_ln54              (store            ) [ 00000000000000000000000000]
add_ln55                (add              ) [ 00000000000000000000000000]
store_ln56              (store            ) [ 00000000000000000000000000]
store_ln57              (store            ) [ 00000000000000000000000000]
br_ln57                 (br               ) [ 00000000000000000000000000]
store_ln42              (store            ) [ 00000000000000000000000000]
br_ln42                 (br               ) [ 00000000000000000000000000]
</LifeTime>

<model>

<comp_list>
<comp id="0" class="1000" name="grouped">
<pin_list>
<pin id="1" dir="1" index="0" bw="1" slack="0"/>
</pin_list>
<bind>
<StgValue><ssdm name="grouped"/><MemPortTyVec>2 3 </MemPortTyVec>
</StgValue>
</bind>
</comp>

<comp id="2" class="1000" name="distances">
<pin_list>
<pin id="3" dir="1" index="0" bw="1" slack="0"/>
</pin_list>
<bind>
<StgValue><ssdm name="distances"/><MemPortTyVec>1 3 </MemPortTyVec>
</StgValue>
</bind>
</comp>

<comp id="4" class="1000" name="distances_load_304">
<pin_list>
<pin id="5" dir="1" index="0" bw="1" slack="0"/>
</pin_list>
<bind>
<StgValue><ssdm name="distances_load_304"/></StgValue>
</bind>
</comp>

<comp id="6" class="1000" name="mul_ln37_150">
<pin_list>
<pin id="7" dir="1" index="0" bw="1" slack="0"/>
</pin_list>
<bind>
<StgValue><ssdm name="mul_ln37_150"/></StgValue>
</bind>
</comp>

<comp id="8" class="1000" name="clusters_members">
<pin_list>
<pin id="9" dir="1" index="0" bw="1" slack="0"/>
</pin_list>
<bind>
<StgValue><ssdm name="clusters_members"/><MemPortTyVec>0 3 </MemPortTyVec>
</StgValue>
</bind>
</comp>

<comp id="10" class="1000" name="p_out">
<pin_list>
<pin id="11" dir="1" index="0" bw="1" slack="0"/>
</pin_list>
<bind>
<StgValue><ssdm name="p_out"/></StgValue>
</bind>
</comp>

<comp id="12" class="1000" name="log_apfixed_reduce_log_inverse_lut_table_array_V">
<pin_list>
<pin id="13" dir="1" index="0" bw="1" slack="0"/>
</pin_list>
<bind>
<StgValue><ssdm name="log_apfixed_reduce_log_inverse_lut_table_array_V"/><MemPortTyVec>1 </MemPortTyVec>
</StgValue>
</bind>
</comp>

<comp id="14" class="1000" name="log_apfixed_reduce_log0_lut_table_ap_fixed_0_5_64_array_V">
<pin_list>
<pin id="15" dir="1" index="0" bw="1" slack="0"/>
</pin_list>
<bind>
<StgValue><ssdm name="log_apfixed_reduce_log0_lut_table_ap_fixed_0_5_64_array_V"/><MemPortTyVec>1 </MemPortTyVec>
</StgValue>
</bind>
</comp>

<comp id="16" class="1000" name="log_apfixed_reduce_log_lut_table_ap_fixed_4_4_16_array_V">
<pin_list>
<pin id="17" dir="1" index="0" bw="1" slack="0"/>
</pin_list>
<bind>
<StgValue><ssdm name="log_apfixed_reduce_log_lut_table_ap_fixed_4_4_16_array_V"/><MemPortTyVec>1 </MemPortTyVec>
</StgValue>
</bind>
</comp>

<comp id="18" class="1000" name="log_apfixed_reduce_log_lut_table_ap_fixed_7_6_64_array_V">
<pin_list>
<pin id="19" dir="1" index="0" bw="1" slack="0"/>
</pin_list>
<bind>
<StgValue><ssdm name="log_apfixed_reduce_log_lut_table_ap_fixed_7_6_64_array_V"/><MemPortTyVec>1 </MemPortTyVec>
</StgValue>
</bind>
</comp>

<comp id="20" class="1000" name="log_apfixed_reduce_log_lut_table_ap_fixed_12_6_64_array_V">
<pin_list>
<pin id="21" dir="1" index="0" bw="1" slack="0"/>
</pin_list>
<bind>
<StgValue><ssdm name="log_apfixed_reduce_log_lut_table_ap_fixed_12_6_64_array_V"/><MemPortTyVec>1 </MemPortTyVec>
</StgValue>
</bind>
</comp>

<comp id="22" class="1000" name="log_apfixed_reduce_log_lut_table_ap_fixed_17_6_64_array_V">
<pin_list>
<pin id="23" dir="1" index="0" bw="1" slack="0"/>
</pin_list>
<bind>
<StgValue><ssdm name="log_apfixed_reduce_log_lut_table_ap_fixed_17_6_64_array_V"/><MemPortTyVec>1 </MemPortTyVec>
</StgValue>
</bind>
</comp>

<comp id="24" class="1000" name="log_apfixed_reduce_log_lut_table_ap_fixed_22_6_64_array_V">
<pin_list>
<pin id="25" dir="1" index="0" bw="1" slack="0"/>
</pin_list>
<bind>
<StgValue><ssdm name="log_apfixed_reduce_log_lut_table_ap_fixed_22_6_64_array_V"/><MemPortTyVec>1 </MemPortTyVec>
</StgValue>
</bind>
</comp>

<comp id="26" class="1000" name="f_x_msb_4_table_V">
<pin_list>
<pin id="27" dir="1" index="0" bw="1" slack="0"/>
</pin_list>
<bind>
<StgValue><ssdm name="f_x_msb_4_table_V"/><MemPortTyVec>1 </MemPortTyVec>
</StgValue>
</bind>
</comp>

<comp id="28" class="1000" name="f_x_msb_5_table_V">
<pin_list>
<pin id="29" dir="1" index="0" bw="1" slack="0"/>
</pin_list>
<bind>
<StgValue><ssdm name="f_x_msb_5_table_V"/><MemPortTyVec>1 </MemPortTyVec>
</StgValue>
</bind>
</comp>

<comp id="30" class="1000" name="f_x_msb_3_table_V">
<pin_list>
<pin id="31" dir="1" index="0" bw="1" slack="0"/>
</pin_list>
<bind>
<StgValue><ssdm name="f_x_msb_3_table_V"/><MemPortTyVec>1 </MemPortTyVec>
</StgValue>
</bind>
</comp>

<comp id="32" class="1000" name="f_x_msb_2_table_V">
<pin_list>
<pin id="33" dir="1" index="0" bw="1" slack="0"/>
</pin_list>
<bind>
<StgValue><ssdm name="f_x_msb_2_table_V"/><MemPortTyVec>1 </MemPortTyVec>
</StgValue>
</bind>
</comp>

<comp id="34" class="1000" name="exp_x_msb_1_table_V">
<pin_list>
<pin id="35" dir="1" index="0" bw="1" slack="0"/>
</pin_list>
<bind>
<StgValue><ssdm name="exp_x_msb_1_table_V"/><MemPortTyVec>1 </MemPortTyVec>
</StgValue>
</bind>
</comp>

<comp id="36" class="1001" name="const_36">
<pin_list>
<pin id="37" dir="1" index="0" bw="1" slack="0"/>
</pin_list>
<bind>
<StgValue><ssdm name=""/></StgValue>
</bind>
</comp>

<comp id="38" class="1001" name="const_38">
<pin_list>
<pin id="39" dir="1" index="0" bw="1" slack="0"/>
</pin_list>
<bind>
<StgValue><ssdm name="_ssdm_op_Read.ap_auto.i17"/></StgValue>
</bind>
</comp>

<comp id="40" class="1001" name="const_40">
<pin_list>
<pin id="41" dir="1" index="0" bw="1" slack="0"/>
</pin_list>
<bind>
<StgValue><ssdm name="_ssdm_op_Read.ap_auto.i32"/></StgValue>
</bind>
</comp>

<comp id="42" class="1001" name="const_42">
<pin_list>
<pin id="43" dir="1" index="0" bw="1" slack="0"/>
</pin_list>
<bind>
<StgValue><ssdm name=""/></StgValue>
</bind>
</comp>

<comp id="44" class="1001" name="const_44">
<pin_list>
<pin id="45" dir="1" index="0" bw="1" slack="2147483647"/>
</pin_list>
<bind>
<StgValue><ssdm name="_ssdm_op_SpecPipeline"/></StgValue>
</bind>
</comp>

<comp id="46" class="1001" name="const_46">
<pin_list>
<pin id="47" dir="1" index="0" bw="1" slack="2147483647"/>
</pin_list>
<bind>
<StgValue><ssdm name=""/></StgValue>
</bind>
</comp>

<comp id="48" class="1001" name="const_48">
<pin_list>
<pin id="49" dir="1" index="0" bw="1" slack="2147483647"/>
</pin_list>
<bind>
<StgValue><ssdm name=""/></StgValue>
</bind>
</comp>

<comp id="50" class="1001" name="const_50">
<pin_list>
<pin id="51" dir="1" index="0" bw="1" slack="2147483647"/>
</pin_list>
<bind>
<StgValue><ssdm name="p_str"/></StgValue>
</bind>
</comp>

<comp id="52" class="1001" name="const_52">
<pin_list>
<pin id="53" dir="1" index="0" bw="1" slack="0"/>
</pin_list>
<bind>
<StgValue><ssdm name=""/></StgValue>
</bind>
</comp>

<comp id="54" class="1001" name="const_54">
<pin_list>
<pin id="55" dir="1" index="0" bw="1" slack="2147483647"/>
</pin_list>
<bind>
<StgValue><ssdm name="_ssdm_op_SpecLoopTripCount"/></StgValue>
</bind>
</comp>

<comp id="56" class="1001" name="const_56">
<pin_list>
<pin id="57" dir="1" index="0" bw="1" slack="2147483647"/>
</pin_list>
<bind>
<StgValue><ssdm name=""/></StgValue>
</bind>
</comp>

<comp id="58" class="1001" name="const_58">
<pin_list>
<pin id="59" dir="1" index="0" bw="1" slack="0"/>
</pin_list>
<bind>
<StgValue><ssdm name=""/></StgValue>
</bind>
</comp>

<comp id="60" class="1001" name="const_60">
<pin_list>
<pin id="61" dir="1" index="0" bw="1" slack="0"/>
</pin_list>
<bind>
<StgValue><ssdm name=""/></StgValue>
</bind>
</comp>

<comp id="62" class="1001" name="const_62">
<pin_list>
<pin id="63" dir="1" index="0" bw="1" slack="0"/>
</pin_list>
<bind>
<StgValue><ssdm name="_ssdm_op_Write.ap_auto.i32P0A"/></StgValue>
</bind>
</comp>

<comp id="64" class="1001" name="const_64">
<pin_list>
<pin id="65" dir="1" index="0" bw="1" slack="2147483647"/>
</pin_list>
<bind>
<StgValue><ssdm name="_ssdm_op_SpecLoopName"/></StgValue>
</bind>
</comp>

<comp id="66" class="1001" name="const_66">
<pin_list>
<pin id="67" dir="1" index="0" bw="1" slack="2147483647"/>
</pin_list>
<bind>
<StgValue><ssdm name="empty_9"/></StgValue>
</bind>
</comp>

<comp id="68" class="1001" name="const_68">
<pin_list>
<pin id="69" dir="1" index="0" bw="1" slack="0"/>
</pin_list>
<bind>
<StgValue><ssdm name=""/></StgValue>
</bind>
</comp>

<comp id="70" class="1001" name="const_70">
<pin_list>
<pin id="71" dir="1" index="0" bw="1" slack="0"/>
</pin_list>
<bind>
<StgValue><ssdm name=""/></StgValue>
</bind>
</comp>

<comp id="72" class="1001" name="const_72">
<pin_list>
<pin id="73" dir="1" index="0" bw="1" slack="0"/>
</pin_list>
<bind>
<StgValue><ssdm name="pow"/></StgValue>
</bind>
</comp>

<comp id="74" class="1001" name="const_74">
<pin_list>
<pin id="75" dir="1" index="0" bw="1" slack="0"/>
</pin_list>
<bind>
<StgValue><ssdm name="sqrt_fixed<32, 32>"/></StgValue>
</bind>
</comp>

<comp id="76" class="1001" name="const_76">
<pin_list>
<pin id="77" dir="1" index="0" bw="1" slack="0"/>
</pin_list>
<bind>
<StgValue><ssdm name="_ssdm_op_PartSelect.i8.i32.i32.i32"/></StgValue>
</bind>
</comp>

<comp id="78" class="1001" name="const_78">
<pin_list>
<pin id="79" dir="1" index="0" bw="1" slack="0"/>
</pin_list>
<bind>
<StgValue><ssdm name=""/></StgValue>
</bind>
</comp>

<comp id="80" class="1001" name="const_80">
<pin_list>
<pin id="81" dir="1" index="0" bw="1" slack="0"/>
</pin_list>
<bind>
<StgValue><ssdm name=""/></StgValue>
</bind>
</comp>

<comp id="82" class="1001" name="const_82">
<pin_list>
<pin id="83" dir="1" index="0" bw="1" slack="0"/>
</pin_list>
<bind>
<StgValue><ssdm name=""/></StgValue>
</bind>
</comp>

<comp id="84" class="1001" name="const_84">
<pin_list>
<pin id="85" dir="1" index="0" bw="1" slack="0"/>
</pin_list>
<bind>
<StgValue><ssdm name=""/></StgValue>
</bind>
</comp>

<comp id="86" class="1001" name="const_86">
<pin_list>
<pin id="87" dir="1" index="0" bw="1" slack="0"/>
</pin_list>
<bind>
<StgValue><ssdm name=""/></StgValue>
</bind>
</comp>

<comp id="88" class="1001" name="const_88">
<pin_list>
<pin id="89" dir="1" index="0" bw="1" slack="0"/>
</pin_list>
<bind>
<StgValue><ssdm name=""/></StgValue>
</bind>
</comp>

<comp id="90" class="1004" name="candidate_fu_90">
<pin_list>
<pin id="91" dir="0" index="0" bw="1" slack="0"/>
<pin id="92" dir="1" index="1" bw="9" slack="0"/>
</pin_list>
<bind>
<opcode="alloca(26) " fcode="alloca"/>
<opset="candidate/1 "/>
</bind>
</comp>

<comp id="94" class="1004" name="empty_fu_94">
<pin_list>
<pin id="95" dir="0" index="0" bw="1" slack="0"/>
<pin id="96" dir="1" index="1" bw="32" slack="0"/>
</pin_list>
<bind>
<opcode="alloca(26) " fcode="alloca"/>
<opset="empty/1 "/>
</bind>
</comp>

<comp id="98" class="1004" name="mul_ln37_150_read_read_fu_98">
<pin_list>
<pin id="99" dir="0" index="0" bw="17" slack="0"/>
<pin id="100" dir="0" index="1" bw="17" slack="0"/>
<pin id="101" dir="1" index="2" bw="17" slack="24"/>
</pin_list>
<bind>
<opcode="read(1150) " fcode="read"/>
<opset="mul_ln37_150_read/1 "/>
</bind>
</comp>

<comp id="104" class="1004" name="distances_load_304_read_read_fu_104">
<pin_list>
<pin id="105" dir="0" index="0" bw="32" slack="0"/>
<pin id="106" dir="0" index="1" bw="32" slack="0"/>
<pin id="107" dir="1" index="2" bw="32" slack="3"/>
</pin_list>
<bind>
<opcode="read(1150) " fcode="read"/>
<opset="distances_load_304_read/1 "/>
</bind>
</comp>

<comp id="110" class="1004" name="write_ln0_write_fu_110">
<pin_list>
<pin id="111" dir="0" index="0" bw="0" slack="0"/>
<pin id="112" dir="0" index="1" bw="32" slack="0"/>
<pin id="113" dir="0" index="2" bw="32" slack="0"/>
<pin id="114" dir="1" index="3" bw="0" slack="2147483647"/>
</pin_list>
<bind>
<opcode="write(1151) " fcode="write"/>
<opset="write_ln0/2 "/>
</bind>
</comp>

<comp id="117" class="1004" name="grouped_addr_gep_fu_117">
<pin_list>
<pin id="118" dir="0" index="0" bw="1" slack="0"/>
<pin id="119" dir="0" index="1" bw="1" slack="0"/>
<pin id="120" dir="0" index="2" bw="9" slack="0"/>
<pin id="121" dir="1" index="3" bw="9" slack="0"/>
</pin_list>
<bind>
<opcode="getelementptr(29) " fcode="getelementptr"/>
<opset="grouped_addr/2 "/>
</bind>
</comp>

<comp id="124" class="1004" name="grp_access_fu_124">
<pin_list>
<pin id="125" dir="0" index="0" bw="9" slack="0"/>
<pin id="126" dir="0" index="1" bw="1" slack="0"/>
<pin id="127" dir="0" index="2" bw="0" slack="2147483647"/>
<pin id="128" dir="1" index="3" bw="1" slack="0"/>
</pin_list>
<bind>
<opcode="load(27) store(28) " fcode="store"/>
<opset="grouped_load/2 store_ln56/25 "/>
</bind>
</comp>

<comp id="130" class="1004" name="distances_addr_gep_fu_130">
<pin_list>
<pin id="131" dir="0" index="0" bw="32" slack="0"/>
<pin id="132" dir="0" index="1" bw="1" slack="0"/>
<pin id="133" dir="0" index="2" bw="9" slack="1"/>
<pin id="134" dir="1" index="3" bw="9" slack="0"/>
</pin_list>
<bind>
<opcode="getelementptr(29) " fcode="getelementptr"/>
<opset="distances_addr/3 "/>
</bind>
</comp>

<comp id="137" class="1004" name="grp_access_fu_137">
<pin_list>
<pin id="138" dir="0" index="0" bw="9" slack="0"/>
<pin id="139" dir="0" index="1" bw="32" slack="2147483647"/>
<pin id="140" dir="0" index="2" bw="0" slack="2147483647"/>
<pin id="141" dir="1" index="3" bw="32" slack="0"/>
</pin_list>
<bind>
<opcode="load(27) " fcode="load"/>
<opset="distances_load/3 "/>
</bind>
</comp>

<comp id="143" class="1004" name="clusters_members_addr_gep_fu_143">
<pin_list>
<pin id="144" dir="0" index="0" bw="9" slack="0"/>
<pin id="145" dir="0" index="1" bw="1" slack="0"/>
<pin id="146" dir="0" index="2" bw="17" slack="0"/>
<pin id="147" dir="1" index="3" bw="17" slack="0"/>
</pin_list>
<bind>
<opcode="getelementptr(29) " fcode="getelementptr"/>
<opset="clusters_members_addr/25 "/>
</bind>
</comp>

<comp id="150" class="1004" name="store_ln54_access_fu_150">
<pin_list>
<pin id="151" dir="0" index="0" bw="17" slack="0"/>
<pin id="152" dir="0" index="1" bw="9" slack="2147483647"/>
<pin id="153" dir="0" index="2" bw="0" slack="2147483647"/>
<pin id="154" dir="1" index="3" bw="9" slack="2147483647"/>
</pin_list>
<bind>
<opcode="store(28) " fcode="store"/>
<opset="store_ln54/25 "/>
</bind>
</comp>

<comp id="157" class="1004" name="grp_pow_fu_157">
<pin_list>
<pin id="158" dir="0" index="0" bw="31" slack="0"/>
<pin id="159" dir="0" index="1" bw="9" slack="0"/>
<pin id="160" dir="0" index="2" bw="6" slack="0"/>
<pin id="161" dir="0" index="3" bw="82" slack="0"/>
<pin id="162" dir="0" index="4" bw="78" slack="0"/>
<pin id="163" dir="0" index="5" bw="75" slack="0"/>
<pin id="164" dir="0" index="6" bw="70" slack="0"/>
<pin id="165" dir="0" index="7" bw="65" slack="0"/>
<pin id="166" dir="0" index="8" bw="60" slack="0"/>
<pin id="167" dir="0" index="9" bw="32" slack="0"/>
<pin id="168" dir="0" index="10" bw="16" slack="0"/>
<pin id="169" dir="0" index="11" bw="51" slack="0"/>
<pin id="170" dir="0" index="12" bw="64" slack="0"/>
<pin id="171" dir="0" index="13" bw="68" slack="0"/>
<pin id="172" dir="1" index="14" bw="31" slack="1"/>
</pin_list>
<bind>
<opcode="call(48) " fcode="call"/>
<opset="tmp_349/5 "/>
</bind>
</comp>

<comp id="186" class="1004" name="grp_pow_fu_186">
<pin_list>
<pin id="187" dir="0" index="0" bw="31" slack="0"/>
<pin id="188" dir="0" index="1" bw="32" slack="1"/>
<pin id="189" dir="0" index="2" bw="6" slack="0"/>
<pin id="190" dir="0" index="3" bw="82" slack="0"/>
<pin id="191" dir="0" index="4" bw="78" slack="0"/>
<pin id="192" dir="0" index="5" bw="75" slack="0"/>
<pin id="193" dir="0" index="6" bw="70" slack="0"/>
<pin id="194" dir="0" index="7" bw="65" slack="0"/>
<pin id="195" dir="0" index="8" bw="60" slack="0"/>
<pin id="196" dir="0" index="9" bw="32" slack="0"/>
<pin id="197" dir="0" index="10" bw="16" slack="0"/>
<pin id="198" dir="0" index="11" bw="51" slack="0"/>
<pin id="199" dir="0" index="12" bw="64" slack="0"/>
<pin id="200" dir="0" index="13" bw="68" slack="0"/>
<pin id="201" dir="1" index="14" bw="31" slack="1"/>
</pin_list>
<bind>
<opcode="call(48) " fcode="call"/>
<opset="tmp_350/5 "/>
</bind>
</comp>

<comp id="215" class="1004" name="grp_sqrt_fixed_32_32_s_fu_215">
<pin_list>
<pin id="216" dir="0" index="0" bw="16" slack="0"/>
<pin id="217" dir="0" index="1" bw="32" slack="1"/>
<pin id="218" dir="1" index="2" bw="16" slack="1"/>
</pin_list>
<bind>
<opcode="call(48) " fcode="call"/>
<opset="p_Val2_s/8 "/>
</bind>
</comp>

<comp id="220" class="1004" name="grp_fu_220">
<pin_list>
<pin id="221" dir="0" index="0" bw="16" slack="0"/>
<pin id="222" dir="1" index="1" bw="32" slack="1"/>
</pin_list>
<bind>
<opcode="sitofp(39) " fcode="sitofp"/>
<opset="euclidean_distance/17 "/>
</bind>
</comp>

<comp id="223" class="1004" name="grp_fu_223">
<pin_list>
<pin id="224" dir="0" index="0" bw="32" slack="1"/>
<pin id="225" dir="0" index="1" bw="32" slack="0"/>
<pin id="226" dir="1" index="2" bw="1" slack="0"/>
</pin_list>
<bind>
<opcode="fcmp(46) " fcode="fcmp"/>
<opset="tmp_645/23 "/>
</bind>
</comp>

<comp id="228" class="1004" name="grp_load_fu_228">
<pin_list>
<pin id="229" dir="0" index="0" bw="32" slack="1"/>
<pin id="230" dir="1" index="1" bw="32" slack="0"/>
</pin_list>
<bind>
<opcode="load(27) " fcode="load"/>
<opset="p_load5/2 p_load/25 "/>
</bind>
</comp>

<comp id="232" class="1004" name="store_ln0_store_fu_232">
<pin_list>
<pin id="233" dir="0" index="0" bw="1" slack="0"/>
<pin id="234" dir="0" index="1" bw="32" slack="0"/>
<pin id="235" dir="1" index="2" bw="0" slack="2147483647"/>
</pin_list>
<bind>
<opcode="store(28) " fcode="store"/>
<opset="store_ln0/1 "/>
</bind>
</comp>

<comp id="237" class="1004" name="store_ln0_store_fu_237">
<pin_list>
<pin id="238" dir="0" index="0" bw="1" slack="0"/>
<pin id="239" dir="0" index="1" bw="9" slack="0"/>
<pin id="240" dir="1" index="2" bw="0" slack="2147483647"/>
</pin_list>
<bind>
<opcode="store(28) " fcode="store"/>
<opset="store_ln0/1 "/>
</bind>
</comp>

<comp id="242" class="1004" name="candidate_299_load_fu_242">
<pin_list>
<pin id="243" dir="0" index="0" bw="9" slack="1"/>
<pin id="244" dir="1" index="1" bw="9" slack="0"/>
</pin_list>
<bind>
<opcode="load(27) " fcode="load"/>
<opset="candidate_299/2 "/>
</bind>
</comp>

<comp id="245" class="1004" name="icmp_ln42_fu_245">
<pin_list>
<pin id="246" dir="0" index="0" bw="9" slack="0"/>
<pin id="247" dir="0" index="1" bw="9" slack="0"/>
<pin id="248" dir="1" index="2" bw="1" slack="2147483647"/>
</pin_list>
<bind>
<opcode="icmp(45) " fcode="icmp"/>
<opset="icmp_ln42/2 "/>
</bind>
</comp>

<comp id="251" class="1004" name="add_ln42_fu_251">
<pin_list>
<pin id="252" dir="0" index="0" bw="9" slack="0"/>
<pin id="253" dir="0" index="1" bw="1" slack="0"/>
<pin id="254" dir="1" index="2" bw="9" slack="23"/>
</pin_list>
<bind>
<opcode="add(8) " fcode="add"/>
<opset="add_ln42/2 "/>
</bind>
</comp>

<comp id="257" class="1004" name="trunc_ln44_151_cast_fu_257">
<pin_list>
<pin id="258" dir="0" index="0" bw="9" slack="0"/>
<pin id="259" dir="1" index="1" bw="64" slack="0"/>
</pin_list>
<bind>
<opcode="zext(34) " fcode="zext"/>
<opset="trunc_ln44_151_cast/2 "/>
</bind>
</comp>

<comp id="262" class="1004" name="icmp_ln43_fu_262">
<pin_list>
<pin id="263" dir="0" index="0" bw="9" slack="2147483647"/>
<pin id="264" dir="0" index="1" bw="9" slack="0"/>
<pin id="265" dir="1" index="2" bw="1" slack="0"/>
</pin_list>
<bind>
<opcode="icmp(45) " fcode="icmp"/>
<opset="icmp_ln43/3 "/>
</bind>
</comp>

<comp id="267" class="1004" name="or_ln43_fu_267">
<pin_list>
<pin id="268" dir="0" index="0" bw="1" slack="0"/>
<pin id="269" dir="0" index="1" bw="1" slack="0"/>
<pin id="270" dir="1" index="2" bw="1" slack="22"/>
</pin_list>
<bind>
<opcode="or(24) " fcode="or"/>
<opset="or_ln43/3 "/>
</bind>
</comp>

<comp id="273" class="1004" name="add_ln44_fu_273">
<pin_list>
<pin id="274" dir="0" index="0" bw="9" slack="2147483647"/>
<pin id="275" dir="0" index="1" bw="9" slack="0"/>
<pin id="276" dir="1" index="2" bw="9" slack="0"/>
</pin_list>
<bind>
<opcode="add(8) " fcode="add"/>
<opset="add_ln44/4 "/>
</bind>
</comp>

<comp id="278" class="1004" name="neg2349_fu_278">
<pin_list>
<pin id="279" dir="0" index="0" bw="9" slack="0"/>
<pin id="280" dir="0" index="1" bw="9" slack="2147483647"/>
<pin id="281" dir="1" index="2" bw="9" slack="0"/>
</pin_list>
<bind>
<opcode="sub(10) " fcode="sub"/>
<opset="neg2349/4 "/>
</bind>
</comp>

<comp id="283" class="1004" name="abscond2350_fu_283">
<pin_list>
<pin id="284" dir="0" index="0" bw="9" slack="0"/>
<pin id="285" dir="0" index="1" bw="1" slack="0"/>
<pin id="286" dir="1" index="2" bw="1" slack="0"/>
</pin_list>
<bind>
<opcode="icmp(45) " fcode="icmp"/>
<opset="abscond2350/4 "/>
</bind>
</comp>

<comp id="289" class="1004" name="delta_angle_fu_289">
<pin_list>
<pin id="290" dir="0" index="0" bw="1" slack="0"/>
<pin id="291" dir="0" index="1" bw="9" slack="0"/>
<pin id="292" dir="0" index="2" bw="9" slack="0"/>
<pin id="293" dir="1" index="3" bw="9" slack="1"/>
</pin_list>
<bind>
<opcode="select(49) " fcode="select"/>
<opset="delta_angle/4 "/>
</bind>
</comp>

<comp id="297" class="1004" name="sub_ln50_fu_297">
<pin_list>
<pin id="298" dir="0" index="0" bw="32" slack="3"/>
<pin id="299" dir="0" index="1" bw="32" slack="0"/>
<pin id="300" dir="1" index="2" bw="32" slack="1"/>
</pin_list>
<bind>
<opcode="sub(10) " fcode="sub"/>
<opset="sub_ln50/4 "/>
</bind>
</comp>

<comp id="302" class="1004" name="icmp_ln45_fu_302">
<pin_list>
<pin id="303" dir="0" index="0" bw="9" slack="1"/>
<pin id="304" dir="0" index="1" bw="9" slack="0"/>
<pin id="305" dir="1" index="2" bw="1" slack="0"/>
</pin_list>
<bind>
<opcode="icmp(45) " fcode="icmp"/>
<opset="icmp_ln45/5 "/>
</bind>
</comp>

<comp id="307" class="1004" name="sub_ln46_fu_307">
<pin_list>
<pin id="308" dir="0" index="0" bw="9" slack="0"/>
<pin id="309" dir="0" index="1" bw="9" slack="1"/>
<pin id="310" dir="1" index="2" bw="9" slack="0"/>
</pin_list>
<bind>
<opcode="sub(10) " fcode="sub"/>
<opset="sub_ln46/5 "/>
</bind>
</comp>

<comp id="312" class="1004" name="delta_angle_271_fu_312">
<pin_list>
<pin id="313" dir="0" index="0" bw="1" slack="0"/>
<pin id="314" dir="0" index="1" bw="9" slack="0"/>
<pin id="315" dir="0" index="2" bw="9" slack="1"/>
<pin id="316" dir="1" index="3" bw="9" slack="0"/>
</pin_list>
<bind>
<opcode="select(49) " fcode="select"/>
<opset="delta_angle_271/5 "/>
</bind>
</comp>

<comp id="319" class="1004" name="sext_ln44_fu_319">
<pin_list>
<pin id="320" dir="0" index="0" bw="9" slack="0"/>
<pin id="321" dir="1" index="1" bw="32" slack="0"/>
</pin_list>
<bind>
<opcode="sext(35) " fcode="sext"/>
<opset="sext_ln44/5 "/>
</bind>
</comp>

<comp id="324" class="1004" name="zext_ln50_fu_324">
<pin_list>
<pin id="325" dir="0" index="0" bw="31" slack="1"/>
<pin id="326" dir="1" index="1" bw="32" slack="0"/>
</pin_list>
<bind>
<opcode="zext(34) " fcode="zext"/>
<opset="zext_ln50/7 "/>
</bind>
</comp>

<comp id="327" class="1004" name="zext_ln50_273_fu_327">
<pin_list>
<pin id="328" dir="0" index="0" bw="31" slack="1"/>
<pin id="329" dir="1" index="1" bw="32" slack="0"/>
</pin_list>
<bind>
<opcode="zext(34) " fcode="zext"/>
<opset="zext_ln50_273/7 "/>
</bind>
</comp>

<comp id="330" class="1004" name="xf_V_fu_330">
<pin_list>
<pin id="331" dir="0" index="0" bw="31" slack="0"/>
<pin id="332" dir="0" index="1" bw="31" slack="0"/>
<pin id="333" dir="1" index="2" bw="32" slack="1"/>
</pin_list>
<bind>
<opcode="add(8) " fcode="add"/>
<opset="xf_V/7 "/>
</bind>
</comp>

<comp id="336" class="1004" name="zext_ln987_fu_336">
<pin_list>
<pin id="337" dir="0" index="0" bw="16" slack="1"/>
<pin id="338" dir="1" index="1" bw="32" slack="0"/>
</pin_list>
<bind>
<opcode="zext(34) " fcode="zext"/>
<opset="zext_ln987/17 "/>
</bind>
</comp>

<comp id="340" class="1004" name="bitcast_ln53_fu_340">
<pin_list>
<pin id="341" dir="0" index="0" bw="32" slack="1"/>
<pin id="342" dir="1" index="1" bw="32" slack="0"/>
</pin_list>
<bind>
<opcode="bitcast(44) " fcode="bitcast"/>
<opset="bitcast_ln53/23 "/>
</bind>
</comp>

<comp id="343" class="1004" name="tmp_s_fu_343">
<pin_list>
<pin id="344" dir="0" index="0" bw="8" slack="0"/>
<pin id="345" dir="0" index="1" bw="32" slack="0"/>
<pin id="346" dir="0" index="2" bw="6" slack="0"/>
<pin id="347" dir="0" index="3" bw="6" slack="0"/>
<pin id="348" dir="1" index="4" bw="8" slack="0"/>
</pin_list>
<bind>
<opcode="partselect(1002) " fcode="partselect"/>
<opset="tmp_s/23 "/>
</bind>
</comp>

<comp id="353" class="1004" name="trunc_ln53_fu_353">
<pin_list>
<pin id="354" dir="0" index="0" bw="32" slack="0"/>
<pin id="355" dir="1" index="1" bw="23" slack="0"/>
</pin_list>
<bind>
<opcode="trunc(33) " fcode="trunc"/>
<opset="trunc_ln53/23 "/>
</bind>
</comp>

<comp id="357" class="1004" name="icmp_ln53_fu_357">
<pin_list>
<pin id="358" dir="0" index="0" bw="8" slack="0"/>
<pin id="359" dir="0" index="1" bw="1" slack="0"/>
<pin id="360" dir="1" index="2" bw="1" slack="1"/>
</pin_list>
<bind>
<opcode="icmp(45) " fcode="icmp"/>
<opset="icmp_ln53/23 "/>
</bind>
</comp>

<comp id="363" class="1004" name="icmp_ln53_273_fu_363">
<pin_list>
<pin id="364" dir="0" index="0" bw="23" slack="0"/>
<pin id="365" dir="0" index="1" bw="1" slack="0"/>
<pin id="366" dir="1" index="2" bw="1" slack="1"/>
</pin_list>
<bind>
<opcode="icmp(45) " fcode="icmp"/>
<opset="icmp_ln53_273/23 "/>
</bind>
</comp>

<comp id="369" class="1004" name="or_ln53_fu_369">
<pin_list>
<pin id="370" dir="0" index="0" bw="1" slack="1"/>
<pin id="371" dir="0" index="1" bw="1" slack="1"/>
<pin id="372" dir="1" index="2" bw="1" slack="0"/>
</pin_list>
<bind>
<opcode="or(24) " fcode="or"/>
<opset="or_ln53/24 "/>
</bind>
</comp>

<comp id="373" class="1004" name="and_ln53_fu_373">
<pin_list>
<pin id="374" dir="0" index="0" bw="1" slack="0"/>
<pin id="375" dir="0" index="1" bw="1" slack="0"/>
<pin id="376" dir="1" index="2" bw="1" slack="1"/>
</pin_list>
<bind>
<opcode="and(23) " fcode="and"/>
<opset="and_ln53/24 "/>
</bind>
</comp>

<comp id="379" class="1004" name="trunc_ln54_fu_379">
<pin_list>
<pin id="380" dir="0" index="0" bw="32" slack="0"/>
<pin id="381" dir="1" index="1" bw="17" slack="0"/>
</pin_list>
<bind>
<opcode="trunc(33) " fcode="trunc"/>
<opset="trunc_ln54/25 "/>
</bind>
</comp>

<comp id="383" class="1004" name="add_ln54_fu_383">
<pin_list>
<pin id="384" dir="0" index="0" bw="17" slack="24"/>
<pin id="385" dir="0" index="1" bw="17" slack="0"/>
<pin id="386" dir="1" index="2" bw="17" slack="0"/>
</pin_list>
<bind>
<opcode="add(8) " fcode="add"/>
<opset="add_ln54/25 "/>
</bind>
</comp>

<comp id="388" class="1004" name="zext_ln54_fu_388">
<pin_list>
<pin id="389" dir="0" index="0" bw="17" slack="0"/>
<pin id="390" dir="1" index="1" bw="64" slack="0"/>
</pin_list>
<bind>
<opcode="zext(34) " fcode="zext"/>
<opset="zext_ln54/25 "/>
</bind>
</comp>

<comp id="393" class="1004" name="add_ln55_fu_393">
<pin_list>
<pin id="394" dir="0" index="0" bw="32" slack="0"/>
<pin id="395" dir="0" index="1" bw="1" slack="0"/>
<pin id="396" dir="1" index="2" bw="32" slack="0"/>
</pin_list>
<bind>
<opcode="add(8) " fcode="add"/>
<opset="add_ln55/25 "/>
</bind>
</comp>

<comp id="399" class="1004" name="store_ln57_store_fu_399">
<pin_list>
<pin id="400" dir="0" index="0" bw="32" slack="0"/>
<pin id="401" dir="0" index="1" bw="32" slack="24"/>
<pin id="402" dir="1" index="2" bw="0" slack="2147483647"/>
</pin_list>
<bind>
<opcode="store(28) " fcode="store"/>
<opset="store_ln57/25 "/>
</bind>
</comp>

<comp id="404" class="1004" name="store_ln42_store_fu_404">
<pin_list>
<pin id="405" dir="0" index="0" bw="9" slack="23"/>
<pin id="406" dir="0" index="1" bw="9" slack="24"/>
<pin id="407" dir="1" index="2" bw="0" slack="2147483647"/>
</pin_list>
<bind>
<opcode="store(28) " fcode="store"/>
<opset="store_ln42/25 "/>
</bind>
</comp>

<comp id="408" class="1005" name="candidate_reg_408">
<pin_list>
<pin id="409" dir="0" index="0" bw="9" slack="0"/>
<pin id="410" dir="1" index="1" bw="9" slack="0"/>
</pin_list>
<bind>
<opset="candidate "/>
</bind>
</comp>

<comp id="415" class="1005" name="empty_reg_415">
<pin_list>
<pin id="416" dir="0" index="0" bw="32" slack="0"/>
<pin id="417" dir="1" index="1" bw="32" slack="0"/>
</pin_list>
<bind>
<opset="empty "/>
</bind>
</comp>

<comp id="422" class="1005" name="mul_ln37_150_read_reg_422">
<pin_list>
<pin id="423" dir="0" index="0" bw="17" slack="24"/>
<pin id="424" dir="1" index="1" bw="17" slack="24"/>
</pin_list>
<bind>
<opset="mul_ln37_150_read "/>
</bind>
</comp>

<comp id="427" class="1005" name="distances_load_304_read_reg_427">
<pin_list>
<pin id="428" dir="0" index="0" bw="32" slack="3"/>
<pin id="429" dir="1" index="1" bw="32" slack="3"/>
</pin_list>
<bind>
<opset="distances_load_304_read "/>
</bind>
</comp>

<comp id="438" class="1005" name="add_ln42_reg_438">
<pin_list>
<pin id="439" dir="0" index="0" bw="9" slack="23"/>
<pin id="440" dir="1" index="1" bw="9" slack="23"/>
</pin_list>
<bind>
<opset="add_ln42 "/>
</bind>
</comp>

<comp id="443" class="1005" name="trunc_ln44_151_cast_reg_443">
<pin_list>
<pin id="444" dir="0" index="0" bw="64" slack="1"/>
<pin id="445" dir="1" index="1" bw="64" slack="1"/>
</pin_list>
<bind>
<opset="trunc_ln44_151_cast "/>
</bind>
</comp>

<comp id="448" class="1005" name="grouped_addr_reg_448">
<pin_list>
<pin id="449" dir="0" index="0" bw="9" slack="1"/>
<pin id="450" dir="1" index="1" bw="9" slack="1"/>
</pin_list>
<bind>
<opset="grouped_addr "/>
</bind>
</comp>

<comp id="453" class="1005" name="or_ln43_reg_453">
<pin_list>
<pin id="454" dir="0" index="0" bw="1" slack="22"/>
<pin id="455" dir="1" index="1" bw="1" slack="2147483647"/>
</pin_list>
<bind>
<opset="or_ln43 "/>
</bind>
</comp>

<comp id="457" class="1005" name="distances_addr_reg_457">
<pin_list>
<pin id="458" dir="0" index="0" bw="9" slack="1"/>
<pin id="459" dir="1" index="1" bw="9" slack="1"/>
</pin_list>
<bind>
<opset="distances_addr "/>
</bind>
</comp>

<comp id="462" class="1005" name="delta_angle_reg_462">
<pin_list>
<pin id="463" dir="0" index="0" bw="9" slack="1"/>
<pin id="464" dir="1" index="1" bw="9" slack="1"/>
</pin_list>
<bind>
<opset="delta_angle "/>
</bind>
</comp>

<comp id="469" class="1005" name="sub_ln50_reg_469">
<pin_list>
<pin id="470" dir="0" index="0" bw="32" slack="1"/>
<pin id="471" dir="1" index="1" bw="32" slack="1"/>
</pin_list>
<bind>
<opset="sub_ln50 "/>
</bind>
</comp>

<comp id="474" class="1005" name="sext_ln44_reg_474">
<pin_list>
<pin id="475" dir="0" index="0" bw="32" slack="1"/>
<pin id="476" dir="1" index="1" bw="32" slack="1"/>
</pin_list>
<bind>
<opset="sext_ln44 "/>
</bind>
</comp>

<comp id="479" class="1005" name="tmp_349_reg_479">
<pin_list>
<pin id="480" dir="0" index="0" bw="31" slack="1"/>
<pin id="481" dir="1" index="1" bw="31" slack="1"/>
</pin_list>
<bind>
<opset="tmp_349 "/>
</bind>
</comp>

<comp id="484" class="1005" name="tmp_350_reg_484">
<pin_list>
<pin id="485" dir="0" index="0" bw="31" slack="1"/>
<pin id="486" dir="1" index="1" bw="31" slack="1"/>
</pin_list>
<bind>
<opset="tmp_350 "/>
</bind>
</comp>

<comp id="489" class="1005" name="xf_V_reg_489">
<pin_list>
<pin id="490" dir="0" index="0" bw="32" slack="1"/>
<pin id="491" dir="1" index="1" bw="32" slack="1"/>
</pin_list>
<bind>
<opset="xf_V "/>
</bind>
</comp>

<comp id="494" class="1005" name="p_Val2_s_reg_494">
<pin_list>
<pin id="495" dir="0" index="0" bw="16" slack="1"/>
<pin id="496" dir="1" index="1" bw="16" slack="1"/>
</pin_list>
<bind>
<opset="p_Val2_s "/>
</bind>
</comp>

<comp id="499" class="1005" name="zext_ln987_reg_499">
<pin_list>
<pin id="500" dir="0" index="0" bw="32" slack="1"/>
<pin id="501" dir="1" index="1" bw="32" slack="1"/>
</pin_list>
<bind>
<opset="zext_ln987 "/>
</bind>
</comp>

<comp id="504" class="1005" name="euclidean_distance_reg_504">
<pin_list>
<pin id="505" dir="0" index="0" bw="32" slack="1"/>
<pin id="506" dir="1" index="1" bw="32" slack="1"/>
</pin_list>
<bind>
<opset="euclidean_distance "/>
</bind>
</comp>

<comp id="510" class="1005" name="icmp_ln53_reg_510">
<pin_list>
<pin id="511" dir="0" index="0" bw="1" slack="1"/>
<pin id="512" dir="1" index="1" bw="1" slack="1"/>
</pin_list>
<bind>
<opset="icmp_ln53 "/>
</bind>
</comp>

<comp id="515" class="1005" name="icmp_ln53_273_reg_515">
<pin_list>
<pin id="516" dir="0" index="0" bw="1" slack="1"/>
<pin id="517" dir="1" index="1" bw="1" slack="1"/>
</pin_list>
<bind>
<opset="icmp_ln53_273 "/>
</bind>
</comp>

<comp id="520" class="1005" name="and_ln53_reg_520">
<pin_list>
<pin id="521" dir="0" index="0" bw="1" slack="1"/>
<pin id="522" dir="1" index="1" bw="1" slack="2147483647"/>
</pin_list>
<bind>
<opset="and_ln53 "/>
</bind>
</comp>

</comp_list>

<net_list>
<net id="93"><net_src comp="36" pin="0"/><net_sink comp="90" pin=0"/></net>

<net id="97"><net_src comp="36" pin="0"/><net_sink comp="94" pin=0"/></net>

<net id="102"><net_src comp="38" pin="0"/><net_sink comp="98" pin=0"/></net>

<net id="103"><net_src comp="6" pin="0"/><net_sink comp="98" pin=1"/></net>

<net id="108"><net_src comp="40" pin="0"/><net_sink comp="104" pin=0"/></net>

<net id="109"><net_src comp="4" pin="0"/><net_sink comp="104" pin=1"/></net>

<net id="115"><net_src comp="62" pin="0"/><net_sink comp="110" pin=0"/></net>

<net id="116"><net_src comp="10" pin="0"/><net_sink comp="110" pin=1"/></net>

<net id="122"><net_src comp="0" pin="0"/><net_sink comp="117" pin=0"/></net>

<net id="123"><net_src comp="60" pin="0"/><net_sink comp="117" pin=1"/></net>

<net id="129"><net_src comp="117" pin="3"/><net_sink comp="124" pin=0"/></net>

<net id="135"><net_src comp="2" pin="0"/><net_sink comp="130" pin=0"/></net>

<net id="136"><net_src comp="60" pin="0"/><net_sink comp="130" pin=1"/></net>

<net id="142"><net_src comp="130" pin="3"/><net_sink comp="137" pin=0"/></net>

<net id="148"><net_src comp="8" pin="0"/><net_sink comp="143" pin=0"/></net>

<net id="149"><net_src comp="60" pin="0"/><net_sink comp="143" pin=1"/></net>

<net id="155"><net_src comp="143" pin="3"/><net_sink comp="150" pin=0"/></net>

<net id="156"><net_src comp="88" pin="0"/><net_sink comp="124" pin=1"/></net>

<net id="173"><net_src comp="72" pin="0"/><net_sink comp="157" pin=0"/></net>

<net id="174"><net_src comp="12" pin="0"/><net_sink comp="157" pin=2"/></net>

<net id="175"><net_src comp="14" pin="0"/><net_sink comp="157" pin=3"/></net>

<net id="176"><net_src comp="16" pin="0"/><net_sink comp="157" pin=4"/></net>

<net id="177"><net_src comp="18" pin="0"/><net_sink comp="157" pin=5"/></net>

<net id="178"><net_src comp="20" pin="0"/><net_sink comp="157" pin=6"/></net>

<net id="179"><net_src comp="22" pin="0"/><net_sink comp="157" pin=7"/></net>

<net id="180"><net_src comp="24" pin="0"/><net_sink comp="157" pin=8"/></net>

<net id="181"><net_src comp="26" pin="0"/><net_sink comp="157" pin=9"/></net>

<net id="182"><net_src comp="28" pin="0"/><net_sink comp="157" pin=10"/></net>

<net id="183"><net_src comp="30" pin="0"/><net_sink comp="157" pin=11"/></net>

<net id="184"><net_src comp="32" pin="0"/><net_sink comp="157" pin=12"/></net>

<net id="185"><net_src comp="34" pin="0"/><net_sink comp="157" pin=13"/></net>

<net id="202"><net_src comp="72" pin="0"/><net_sink comp="186" pin=0"/></net>

<net id="203"><net_src comp="12" pin="0"/><net_sink comp="186" pin=2"/></net>

<net id="204"><net_src comp="14" pin="0"/><net_sink comp="186" pin=3"/></net>

<net id="205"><net_src comp="16" pin="0"/><net_sink comp="186" pin=4"/></net>

<net id="206"><net_src comp="18" pin="0"/><net_sink comp="186" pin=5"/></net>

<net id="207"><net_src comp="20" pin="0"/><net_sink comp="186" pin=6"/></net>

<net id="208"><net_src comp="22" pin="0"/><net_sink comp="186" pin=7"/></net>

<net id="209"><net_src comp="24" pin="0"/><net_sink comp="186" pin=8"/></net>

<net id="210"><net_src comp="26" pin="0"/><net_sink comp="186" pin=9"/></net>

<net id="211"><net_src comp="28" pin="0"/><net_sink comp="186" pin=10"/></net>

<net id="212"><net_src comp="30" pin="0"/><net_sink comp="186" pin=11"/></net>

<net id="213"><net_src comp="32" pin="0"/><net_sink comp="186" pin=12"/></net>

<net id="214"><net_src comp="34" pin="0"/><net_sink comp="186" pin=13"/></net>

<net id="219"><net_src comp="74" pin="0"/><net_sink comp="215" pin=0"/></net>

<net id="227"><net_src comp="86" pin="0"/><net_sink comp="223" pin=1"/></net>

<net id="231"><net_src comp="228" pin="1"/><net_sink comp="110" pin=2"/></net>

<net id="236"><net_src comp="36" pin="0"/><net_sink comp="232" pin=0"/></net>

<net id="241"><net_src comp="42" pin="0"/><net_sink comp="237" pin=0"/></net>

<net id="249"><net_src comp="242" pin="1"/><net_sink comp="245" pin=0"/></net>

<net id="250"><net_src comp="52" pin="0"/><net_sink comp="245" pin=1"/></net>

<net id="255"><net_src comp="242" pin="1"/><net_sink comp="251" pin=0"/></net>

<net id="256"><net_src comp="58" pin="0"/><net_sink comp="251" pin=1"/></net>

<net id="260"><net_src comp="242" pin="1"/><net_sink comp="257" pin=0"/></net>

<net id="261"><net_src comp="257" pin="1"/><net_sink comp="117" pin=2"/></net>

<net id="266"><net_src comp="68" pin="0"/><net_sink comp="262" pin=1"/></net>

<net id="271"><net_src comp="124" pin="3"/><net_sink comp="267" pin=0"/></net>

<net id="272"><net_src comp="262" pin="2"/><net_sink comp="267" pin=1"/></net>

<net id="277"><net_src comp="52" pin="0"/><net_sink comp="273" pin=1"/></net>

<net id="282"><net_src comp="68" pin="0"/><net_sink comp="278" pin=0"/></net>

<net id="287"><net_src comp="273" pin="2"/><net_sink comp="283" pin=0"/></net>

<net id="288"><net_src comp="42" pin="0"/><net_sink comp="283" pin=1"/></net>

<net id="294"><net_src comp="283" pin="2"/><net_sink comp="289" pin=0"/></net>

<net id="295"><net_src comp="273" pin="2"/><net_sink comp="289" pin=1"/></net>

<net id="296"><net_src comp="278" pin="2"/><net_sink comp="289" pin=2"/></net>

<net id="301"><net_src comp="137" pin="3"/><net_sink comp="297" pin=1"/></net>

<net id="306"><net_src comp="70" pin="0"/><net_sink comp="302" pin=1"/></net>

<net id="311"><net_src comp="52" pin="0"/><net_sink comp="307" pin=0"/></net>

<net id="317"><net_src comp="302" pin="2"/><net_sink comp="312" pin=0"/></net>

<net id="318"><net_src comp="307" pin="2"/><net_sink comp="312" pin=1"/></net>

<net id="322"><net_src comp="312" pin="3"/><net_sink comp="319" pin=0"/></net>

<net id="323"><net_src comp="319" pin="1"/><net_sink comp="157" pin=1"/></net>

<net id="334"><net_src comp="327" pin="1"/><net_sink comp="330" pin=0"/></net>

<net id="335"><net_src comp="324" pin="1"/><net_sink comp="330" pin=1"/></net>

<net id="339"><net_src comp="336" pin="1"/><net_sink comp="220" pin=0"/></net>

<net id="349"><net_src comp="76" pin="0"/><net_sink comp="343" pin=0"/></net>

<net id="350"><net_src comp="340" pin="1"/><net_sink comp="343" pin=1"/></net>

<net id="351"><net_src comp="78" pin="0"/><net_sink comp="343" pin=2"/></net>

<net id="352"><net_src comp="80" pin="0"/><net_sink comp="343" pin=3"/></net>

<net id="356"><net_src comp="340" pin="1"/><net_sink comp="353" pin=0"/></net>

<net id="361"><net_src comp="343" pin="4"/><net_sink comp="357" pin=0"/></net>

<net id="362"><net_src comp="82" pin="0"/><net_sink comp="357" pin=1"/></net>

<net id="367"><net_src comp="353" pin="1"/><net_sink comp="363" pin=0"/></net>

<net id="368"><net_src comp="84" pin="0"/><net_sink comp="363" pin=1"/></net>

<net id="377"><net_src comp="369" pin="2"/><net_sink comp="373" pin=0"/></net>

<net id="378"><net_src comp="223" pin="2"/><net_sink comp="373" pin=1"/></net>

<net id="382"><net_src comp="228" pin="1"/><net_sink comp="379" pin=0"/></net>

<net id="387"><net_src comp="379" pin="1"/><net_sink comp="383" pin=1"/></net>

<net id="391"><net_src comp="383" pin="2"/><net_sink comp="388" pin=0"/></net>

<net id="392"><net_src comp="388" pin="1"/><net_sink comp="143" pin=2"/></net>

<net id="397"><net_src comp="228" pin="1"/><net_sink comp="393" pin=0"/></net>

<net id="398"><net_src comp="36" pin="0"/><net_sink comp="393" pin=1"/></net>

<net id="403"><net_src comp="393" pin="2"/><net_sink comp="399" pin=0"/></net>

<net id="411"><net_src comp="90" pin="1"/><net_sink comp="408" pin=0"/></net>

<net id="412"><net_src comp="408" pin="1"/><net_sink comp="237" pin=1"/></net>

<net id="413"><net_src comp="408" pin="1"/><net_sink comp="242" pin=0"/></net>

<net id="414"><net_src comp="408" pin="1"/><net_sink comp="404" pin=1"/></net>

<net id="418"><net_src comp="94" pin="1"/><net_sink comp="415" pin=0"/></net>

<net id="419"><net_src comp="415" pin="1"/><net_sink comp="232" pin=1"/></net>

<net id="420"><net_src comp="415" pin="1"/><net_sink comp="228" pin=0"/></net>

<net id="421"><net_src comp="415" pin="1"/><net_sink comp="399" pin=1"/></net>

<net id="425"><net_src comp="98" pin="2"/><net_sink comp="422" pin=0"/></net>

<net id="426"><net_src comp="422" pin="1"/><net_sink comp="383" pin=0"/></net>

<net id="430"><net_src comp="104" pin="2"/><net_sink comp="427" pin=0"/></net>

<net id="431"><net_src comp="427" pin="1"/><net_sink comp="297" pin=0"/></net>

<net id="441"><net_src comp="251" pin="2"/><net_sink comp="438" pin=0"/></net>

<net id="442"><net_src comp="438" pin="1"/><net_sink comp="404" pin=0"/></net>

<net id="446"><net_src comp="257" pin="1"/><net_sink comp="443" pin=0"/></net>

<net id="447"><net_src comp="443" pin="1"/><net_sink comp="130" pin=2"/></net>

<net id="451"><net_src comp="117" pin="3"/><net_sink comp="448" pin=0"/></net>

<net id="452"><net_src comp="448" pin="1"/><net_sink comp="124" pin=0"/></net>

<net id="456"><net_src comp="267" pin="2"/><net_sink comp="453" pin=0"/></net>

<net id="460"><net_src comp="130" pin="3"/><net_sink comp="457" pin=0"/></net>

<net id="461"><net_src comp="457" pin="1"/><net_sink comp="137" pin=0"/></net>

<net id="465"><net_src comp="289" pin="3"/><net_sink comp="462" pin=0"/></net>

<net id="466"><net_src comp="462" pin="1"/><net_sink comp="302" pin=0"/></net>

<net id="467"><net_src comp="462" pin="1"/><net_sink comp="307" pin=1"/></net>

<net id="468"><net_src comp="462" pin="1"/><net_sink comp="312" pin=2"/></net>

<net id="472"><net_src comp="297" pin="2"/><net_sink comp="469" pin=0"/></net>

<net id="473"><net_src comp="469" pin="1"/><net_sink comp="186" pin=1"/></net>

<net id="477"><net_src comp="319" pin="1"/><net_sink comp="474" pin=0"/></net>

<net id="478"><net_src comp="474" pin="1"/><net_sink comp="157" pin=1"/></net>

<net id="482"><net_src comp="157" pin="14"/><net_sink comp="479" pin=0"/></net>

<net id="483"><net_src comp="479" pin="1"/><net_sink comp="324" pin=0"/></net>

<net id="487"><net_src comp="186" pin="14"/><net_sink comp="484" pin=0"/></net>

<net id="488"><net_src comp="484" pin="1"/><net_sink comp="327" pin=0"/></net>

<net id="492"><net_src comp="330" pin="2"/><net_sink comp="489" pin=0"/></net>

<net id="493"><net_src comp="489" pin="1"/><net_sink comp="215" pin=1"/></net>

<net id="497"><net_src comp="215" pin="2"/><net_sink comp="494" pin=0"/></net>

<net id="498"><net_src comp="494" pin="1"/><net_sink comp="336" pin=0"/></net>

<net id="502"><net_src comp="336" pin="1"/><net_sink comp="499" pin=0"/></net>

<net id="503"><net_src comp="499" pin="1"/><net_sink comp="220" pin=0"/></net>

<net id="507"><net_src comp="220" pin="1"/><net_sink comp="504" pin=0"/></net>

<net id="508"><net_src comp="504" pin="1"/><net_sink comp="340" pin=0"/></net>

<net id="509"><net_src comp="504" pin="1"/><net_sink comp="223" pin=0"/></net>

<net id="513"><net_src comp="357" pin="2"/><net_sink comp="510" pin=0"/></net>

<net id="514"><net_src comp="510" pin="1"/><net_sink comp="369" pin=1"/></net>

<net id="518"><net_src comp="363" pin="2"/><net_sink comp="515" pin=0"/></net>

<net id="519"><net_src comp="515" pin="1"/><net_sink comp="369" pin=0"/></net>

<net id="523"><net_src comp="373" pin="2"/><net_sink comp="520" pin=0"/></net>

</net_list>

</model> 
---------------- Datapath Model END ------------------

* FSMD analyzer results:
  - Output states:
	Port: grouped | {25 }
	Port: clusters_members | {25 }
	Port: p_out | {2 }
 - Input state : 
	Port: clusterOp_Pipeline_clusterOp_label1154 : grouped | {2 3 }
	Port: clusterOp_Pipeline_clusterOp_label1154 : distances | {3 4 }
	Port: clusterOp_Pipeline_clusterOp_label1154 : distances_load_304 | {1 }
	Port: clusterOp_Pipeline_clusterOp_label1154 : mul_ln37_150 | {1 }
	Port: clusterOp_Pipeline_clusterOp_label1154 : log_apfixed_reduce_log_inverse_lut_table_array_V | {5 6 }
	Port: clusterOp_Pipeline_clusterOp_label1154 : log_apfixed_reduce_log0_lut_table_ap_fixed_0_5_64_array_V | {5 6 }
	Port: clusterOp_Pipeline_clusterOp_label1154 : log_apfixed_reduce_log_lut_table_ap_fixed_4_4_16_array_V | {5 6 }
	Port: clusterOp_Pipeline_clusterOp_label1154 : log_apfixed_reduce_log_lut_table_ap_fixed_7_6_64_array_V | {5 6 }
	Port: clusterOp_Pipeline_clusterOp_label1154 : log_apfixed_reduce_log_lut_table_ap_fixed_12_6_64_array_V | {5 6 }
	Port: clusterOp_Pipeline_clusterOp_label1154 : log_apfixed_reduce_log_lut_table_ap_fixed_17_6_64_array_V | {5 6 }
	Port: clusterOp_Pipeline_clusterOp_label1154 : log_apfixed_reduce_log_lut_table_ap_fixed_22_6_64_array_V | {5 6 }
	Port: clusterOp_Pipeline_clusterOp_label1154 : f_x_msb_4_table_V | {5 6 }
	Port: clusterOp_Pipeline_clusterOp_label1154 : f_x_msb_5_table_V | {5 6 }
	Port: clusterOp_Pipeline_clusterOp_label1154 : f_x_msb_3_table_V | {5 6 }
	Port: clusterOp_Pipeline_clusterOp_label1154 : f_x_msb_2_table_V | {5 6 }
	Port: clusterOp_Pipeline_clusterOp_label1154 : exp_x_msb_1_table_V | {5 6 }
  - Chain level:
	State 1
		store_ln0 : 1
		store_ln0 : 1
	State 2
		icmp_ln42 : 1
		add_ln42 : 1
		br_ln42 : 2
		trunc_ln44_151_cast : 1
		grouped_addr : 2
		grouped_load : 3
		write_ln0 : 1
	State 3
		or_ln43 : 1
		br_ln43 : 1
		distances_load : 1
	State 4
		abscond2350 : 1
		delta_angle : 2
		sub_ln50 : 1
	State 5
		delta_angle_271 : 1
		sext_ln44 : 2
		tmp_349 : 3
	State 6
	State 7
		xf_V : 1
	State 8
	State 9
	State 10
	State 11
	State 12
	State 13
	State 14
	State 15
	State 16
	State 17
		euclidean_distance : 1
	State 18
	State 19
	State 20
	State 21
	State 22
	State 23
		tmp_s : 1
		trunc_ln53 : 1
		icmp_ln53 : 2
		icmp_ln53_273 : 2
	State 24
		and_ln53 : 1
		br_ln53 : 1
	State 25
		trunc_ln54 : 1
		add_ln54 : 2
		zext_ln54 : 3
		clusters_members_addr : 4
		store_ln54 : 5
		add_ln55 : 1
		store_ln57 : 2


============================================================
+ Verbose Summary: Datapath Resource usage 
============================================================

* Functional unit list:
|----------|-------------------------------------|---------|---------|---------|---------|
| Operation|           Functional Unit           |   DSP   |  Delay  |    FF   |   LUT   |
|----------|-------------------------------------|---------|---------|---------|---------|
|          |            grp_pow_fu_157           |    45   |  60.344 |  10726  |   5947  |
|   call   |            grp_pow_fu_186           |    45   |  60.344 |  10726  |   5947  |
|          |    grp_sqrt_fixed_32_32_s_fu_215    |    0    |    0    |   499   |   1320  |
|----------|-------------------------------------|---------|---------|---------|---------|
|          |           add_ln42_fu_251           |    0    |    0    |    0    |    14   |
|          |           add_ln44_fu_273           |    0    |    0    |    0    |    14   |
|    add   |             xf_V_fu_330             |    0    |    0    |    0    |    38   |
|          |           add_ln54_fu_383           |    0    |    0    |    0    |    24   |
|          |           add_ln55_fu_393           |    0    |    0    |    0    |    39   |
|----------|-------------------------------------|---------|---------|---------|---------|
|          |           icmp_ln42_fu_245          |    0    |    0    |    0    |    11   |
|          |           icmp_ln43_fu_262          |    0    |    0    |    0    |    11   |
|   icmp   |          abscond2350_fu_283         |    0    |    0    |    0    |    11   |
|          |           icmp_ln45_fu_302          |    0    |    0    |    0    |    11   |
|          |           icmp_ln53_fu_357          |    0    |    0    |    0    |    11   |
|          |         icmp_ln53_273_fu_363        |    0    |    0    |    0    |    15   |
|----------|-------------------------------------|---------|---------|---------|---------|
|          |            neg2349_fu_278           |    0    |    0    |    0    |    14   |
|    sub   |           sub_ln50_fu_297           |    0    |    0    |    0    |    39   |
|          |           sub_ln46_fu_307           |    0    |    0    |    0    |    14   |
|----------|-------------------------------------|---------|---------|---------|---------|
|  select  |          delta_angle_fu_289         |    0    |    0    |    0    |    9    |
|          |        delta_angle_271_fu_312       |    0    |    0    |    0    |    9    |
|----------|-------------------------------------|---------|---------|---------|---------|
|    or    |            or_ln43_fu_267           |    0    |    0    |    0    |    2    |
|          |            or_ln53_fu_369           |    0    |    0    |    0    |    2    |
|----------|-------------------------------------|---------|---------|---------|---------|
|    and   |           and_ln53_fu_373           |    0    |    0    |    0    |    2    |
|----------|-------------------------------------|---------|---------|---------|---------|
|   read   |     mul_ln37_150_read_read_fu_98    |    0    |    0    |    0    |    0    |
|          | distances_load_304_read_read_fu_104 |    0    |    0    |    0    |    0    |
|----------|-------------------------------------|---------|---------|---------|---------|
|   write  |        write_ln0_write_fu_110       |    0    |    0    |    0    |    0    |
|----------|-------------------------------------|---------|---------|---------|---------|
|  sitofp  |              grp_fu_220             |    0    |    0    |    0    |    0    |
|----------|-------------------------------------|---------|---------|---------|---------|
|   fcmp   |              grp_fu_223             |    0    |    0    |    0    |    0    |
|----------|-------------------------------------|---------|---------|---------|---------|
|          |      trunc_ln44_151_cast_fu_257     |    0    |    0    |    0    |    0    |
|          |           zext_ln50_fu_324          |    0    |    0    |    0    |    0    |
|   zext   |         zext_ln50_273_fu_327        |    0    |    0    |    0    |    0    |
|          |          zext_ln987_fu_336          |    0    |    0    |    0    |    0    |
|          |           zext_ln54_fu_388          |    0    |    0    |    0    |    0    |
|----------|-------------------------------------|---------|---------|---------|---------|
|   sext   |           sext_ln44_fu_319          |    0    |    0    |    0    |    0    |
|----------|-------------------------------------|---------|---------|---------|---------|
|partselect|             tmp_s_fu_343            |    0    |    0    |    0    |    0    |
|----------|-------------------------------------|---------|---------|---------|---------|
|   trunc  |          trunc_ln53_fu_353          |    0    |    0    |    0    |    0    |
|          |          trunc_ln54_fu_379          |    0    |    0    |    0    |    0    |
|----------|-------------------------------------|---------|---------|---------|---------|
|   Total  |                                     |    90   | 120.688 |  21951  |  13504  |
|----------|-------------------------------------|---------|---------|---------|---------|

Memories:
N/A

* Register list:
+-------------------------------+--------+
|                               |   FF   |
+-------------------------------+--------+
|        add_ln42_reg_438       |    9   |
|        and_ln53_reg_520       |    1   |
|       candidate_reg_408       |    9   |
|      delta_angle_reg_462      |    9   |
|     distances_addr_reg_457    |    9   |
|distances_load_304_read_reg_427|   32   |
|         empty_reg_415         |   32   |
|   euclidean_distance_reg_504  |   32   |
|      grouped_addr_reg_448     |    9   |
|     icmp_ln53_273_reg_515     |    1   |
|       icmp_ln53_reg_510       |    1   |
|   mul_ln37_150_read_reg_422   |   17   |
|        or_ln43_reg_453        |    1   |
|        p_Val2_s_reg_494       |   16   |
|       sext_ln44_reg_474       |   32   |
|        sub_ln50_reg_469       |   32   |
|        tmp_349_reg_479        |   31   |
|        tmp_350_reg_484        |   31   |
|  trunc_ln44_151_cast_reg_443  |   64   |
|          xf_V_reg_489         |   32   |
|       zext_ln987_reg_499      |   32   |
+-------------------------------+--------+
|             Total             |   432  |
+-------------------------------+--------+

* Multiplexer (MUX) list: 
|-------------------|------|------|------|--------||---------||---------|
|        Comp       |  Pin | Size |  BW  | S x BW ||  Delay  ||   LUT   |
|-------------------|------|------|------|--------||---------||---------|
| grp_access_fu_124 |  p0  |   2  |   9  |   18   ||    9    |
| grp_access_fu_137 |  p0  |   2  |   9  |   18   ||    9    |
|   grp_pow_fu_157  |  p1  |   2  |   9  |   18   ||    9    |
|     grp_fu_220    |  p0  |   2  |  16  |   32   ||    9    |
|-------------------|------|------|------|--------||---------||---------|
|       Total       |      |      |      |   86   ||  6.352  ||    36   |
|-------------------|------|------|------|--------||---------||---------|



* Summary:
+-----------+--------+--------+--------+--------+
|           |   DSP  |  Delay |   FF   |   LUT  |
+-----------+--------+--------+--------+--------+
|  Function |   90   |   120  |  21951 |  13504 |
|   Memory  |    -   |    -   |    -   |    -   |
|Multiplexer|    -   |    6   |    -   |   36   |
|  Register |    -   |    -   |   432  |    -   |
+-----------+--------+--------+--------+--------+
|   Total   |   90   |   127  |  22383 |  13540 |
+-----------+--------+--------+--------+--------+
