

================================================================
== Vitis HLS Report for 'clusterOp_Pipeline_clusterOp_label1312'
================================================================
* Date:           Thu Apr 27 03:50:27 2023

* Version:        2022.2 (Build 3670227 on Oct 13 2022)
* Project:        cluster
* Solution:       solution1 (Vivado IP Flow Target)
* Product family: zynq
* Target device:  xc7z020-clg400-1


================================================================
== Performance Estimates
================================================================
+ Timing: 
    * Summary: 
    +--------+----------+----------+------------+
    |  Clock |  Target  | Estimated| Uncertainty|
    +--------+----------+----------+------------+
    |ap_clk  |  10.00 ns|  7.289 ns|     2.70 ns|
    +--------+----------+----------+------------+

+ Latency: 
    * Summary: 
    +---------+---------+----------+----------+-----+-----+---------+
    |  Latency (cycles) |  Latency (absolute) |  Interval | Pipeline|
    |   min   |   max   |    min   |    max   | min | max |   Type  |
    +---------+---------+----------+----------+-----+-----+---------+
    |        ?|        ?|         ?|         ?|    ?|    ?|       no|
    +---------+---------+----------+----------+-----+-----+---------+

    + Detail: 
        * Instance: 
        N/A

        * Loop: 
        +--------------------+---------+---------+----------+-----------+-----------+------+----------+
        |                    |  Latency (cycles) | Iteration|  Initiation Interval  | Trip |          |
        |      Loop Name     |   min   |   max   |  Latency |  achieved |   target  | Count| Pipelined|
        +--------------------+---------+---------+----------+-----------+-----------+------+----------+
        |- clusterOp_label1  |        ?|        ?|         ?|          -|          -|   360|        no|
        +--------------------+---------+---------+----------+-----------+-----------+------+----------+

============================================================
+ Verbose Summary: Synthesis Manager
============================================================
InlineROM: 1
ExposeGlobal: 0
============================================================
+ Verbose Summary: CDFG Model
============================================================
IsTopModel: 0
ResetActiveHigh: 1
IsCombinational: 0
IsDatapathOnly: 0
HasWiredReturn: 1
HasMFsm: 0
HasVarLatency: 1
IsPipeline: 0
IsRtlPipelined: 0
IsInstanceOverlapped: 0
IsDontTouch: 0
HasImplIP: 0
IsGatedGlobalClock: 0


============================================================
+ Verbose Summary: Schedule
============================================================
* Number of FSM states : 25
* Pipeline : 0
* Dataflow Pipeline: 0

* FSM state transitions: 
1 --> 2 
2 --> 3 
3 --> 4 25 
4 --> 5 
5 --> 6 
6 --> 7 
7 --> 8 
8 --> 9 
9 --> 10 
10 --> 11 
11 --> 12 
12 --> 13 
13 --> 14 
14 --> 15 
15 --> 16 
16 --> 17 
17 --> 18 
18 --> 19 
19 --> 20 
20 --> 21 
21 --> 22 
22 --> 23 
23 --> 24 
24 --> 25 
25 --> 2 

* FSM state operations: 

State 1 <SV = 0> <Delay = 1.58>
ST_1 : Operation 26 [1/1] (0.00ns)   --->   "%candidate = alloca i32 1"   --->   Operation 26 'alloca' 'candidate' <Predicate = true> <Delay = 0.00>
ST_1 : Operation 27 [1/1] (0.00ns)   --->   "%empty = alloca i32 1"   --->   Operation 27 'alloca' 'empty' <Predicate = true> <Delay = 0.00>
ST_1 : Operation 28 [1/1] (0.00ns)   --->   "%mul_ln37_308_read = read i17 @_ssdm_op_Read.ap_auto.i17, i17 %mul_ln37_308"   --->   Operation 28 'read' 'mul_ln37_308_read' <Predicate = true> <Delay = 0.00>
ST_1 : Operation 29 [1/1] (0.00ns)   --->   "%distances_load_620_read = read i32 @_ssdm_op_Read.ap_auto.i32, i32 %distances_load_620"   --->   Operation 29 'read' 'distances_load_620_read' <Predicate = true> <Delay = 0.00>
ST_1 : Operation 30 [1/1] (1.58ns)   --->   "%store_ln0 = store i32 1, i32 %empty"   --->   Operation 30 'store' 'store_ln0' <Predicate = true> <Delay = 1.58>
ST_1 : Operation 31 [1/1] (1.58ns)   --->   "%store_ln0 = store i9 0, i9 %candidate"   --->   Operation 31 'store' 'store_ln0' <Predicate = true> <Delay = 1.58>
ST_1 : Operation 32 [1/1] (0.00ns)   --->   "%br_ln0 = br void %for.body19.310"   --->   Operation 32 'br' 'br_ln0' <Predicate = true> <Delay = 0.00>

State 2 <SV = 1> <Delay = 2.32>
ST_2 : Operation 33 [1/1] (0.00ns)   --->   "%candidate_124 = load i9 %candidate" [cluster/cluster.cpp:42]   --->   Operation 33 'load' 'candidate_124' <Predicate = true> <Delay = 0.00>
ST_2 : Operation 34 [1/1] (0.00ns)   --->   "%specpipeline_ln0 = specpipeline void @_ssdm_op_SpecPipeline, i32 4294967295, i32 0, i32 1, i32 0, void @p_str"   --->   Operation 34 'specpipeline' 'specpipeline_ln0' <Predicate = true> <Delay = 0.00>
ST_2 : Operation 35 [1/1] (1.66ns)   --->   "%icmp_ln42 = icmp_eq  i9 %candidate_124, i9 360" [cluster/cluster.cpp:42]   --->   Operation 35 'icmp' 'icmp_ln42' <Predicate = true> <Delay = 1.66> <CoreInst = "Cmp">   --->   Core 9 'Cmp' <Latency = 0> <II = 1> <Delay = 1.66> <FuncUnit> <Opcode : 'icmp'> <InPorts = 2> <OutPorts = 1>
ST_2 : Operation 36 [1/1] (0.00ns)   --->   "%empty_233 = speclooptripcount i32 @_ssdm_op_SpecLoopTripCount, i64 360, i64 360, i64 360"   --->   Operation 36 'speclooptripcount' 'empty_233' <Predicate = true> <Delay = 0.00>
ST_2 : Operation 37 [1/1] (1.82ns)   --->   "%add_ln42 = add i9 %candidate_124, i9 1" [cluster/cluster.cpp:42]   --->   Operation 37 'add' 'add_ln42' <Predicate = true> <Delay = 1.82> <CoreInst = "Adder">   --->   Core 1 'Adder' <Latency = 0> <II = 1> <Delay = 1.82> <FuncUnit> <Opcode : 'add' 'sub'> <InPorts = 2> <OutPorts = 1>
ST_2 : Operation 38 [1/1] (0.00ns)   --->   "%br_ln42 = br i1 %icmp_ln42, void %for.body19.310.split, void %for.end56.310.exitStub" [cluster/cluster.cpp:42]   --->   Operation 38 'br' 'br_ln42' <Predicate = true> <Delay = 0.00>
ST_2 : Operation 39 [1/1] (0.00ns)   --->   "%trunc_ln44_309_cast768 = zext i9 %candidate_124" [cluster/cluster.cpp:42]   --->   Operation 39 'zext' 'trunc_ln44_309_cast768' <Predicate = (!icmp_ln42)> <Delay = 0.00>
ST_2 : Operation 40 [1/1] (0.00ns)   --->   "%grouped_addr = getelementptr i1 %grouped, i64 0, i64 %trunc_ln44_309_cast768" [cluster/cluster.cpp:43]   --->   Operation 40 'getelementptr' 'grouped_addr' <Predicate = (!icmp_ln42)> <Delay = 0.00>
ST_2 : Operation 41 [2/2] (2.32ns)   --->   "%grouped_load = load i9 %grouped_addr" [cluster/cluster.cpp:43]   --->   Operation 41 'load' 'grouped_load' <Predicate = (!icmp_ln42)> <Delay = 2.32> <CoreInst = "RAM">   --->   Core 82 'RAM' <Latency = 1> <II = 1> <Delay = 2.32> <Storage> <Opcode : 'load' 'store'> <Ports = 2> <Width = 1> <Depth = 360> <RAM>
ST_2 : Operation 42 [1/1] (0.00ns)   --->   "%p_load5 = load i32 %empty"   --->   Operation 42 'load' 'p_load5' <Predicate = (icmp_ln42)> <Delay = 0.00>
ST_2 : Operation 43 [1/1] (0.00ns)   --->   "%write_ln0 = write void @_ssdm_op_Write.ap_auto.i32P0A, i32 %p_out, i32 %p_load5"   --->   Operation 43 'write' 'write_ln0' <Predicate = (icmp_ln42)> <Delay = 0.00>
ST_2 : Operation 44 [1/1] (0.00ns)   --->   "%ret_ln0 = ret"   --->   Operation 44 'ret' 'ret_ln0' <Predicate = (icmp_ln42)> <Delay = 0.00>

State 3 <SV = 2> <Delay = 3.30>
ST_3 : Operation 45 [1/1] (0.00ns)   --->   "%specloopname_ln42 = specloopname void @_ssdm_op_SpecLoopName, void @empty_9" [cluster/cluster.cpp:42]   --->   Operation 45 'specloopname' 'specloopname_ln42' <Predicate = true> <Delay = 0.00>
ST_3 : Operation 46 [1/2] (2.32ns)   --->   "%grouped_load = load i9 %grouped_addr" [cluster/cluster.cpp:43]   --->   Operation 46 'load' 'grouped_load' <Predicate = true> <Delay = 2.32> <CoreInst = "RAM">   --->   Core 82 'RAM' <Latency = 1> <II = 1> <Delay = 2.32> <Storage> <Opcode : 'load' 'store'> <Ports = 2> <Width = 1> <Depth = 360> <RAM>
ST_3 : Operation 47 [1/1] (1.66ns)   --->   "%icmp_ln43 = icmp_eq  i9 %candidate_124, i9 310" [cluster/cluster.cpp:43]   --->   Operation 47 'icmp' 'icmp_ln43' <Predicate = true> <Delay = 1.66> <CoreInst = "Cmp">   --->   Core 9 'Cmp' <Latency = 0> <II = 1> <Delay = 1.66> <FuncUnit> <Opcode : 'icmp'> <InPorts = 2> <OutPorts = 1>
ST_3 : Operation 48 [1/1] (0.97ns)   --->   "%or_ln43 = or i1 %grouped_load, i1 %icmp_ln43" [cluster/cluster.cpp:43]   --->   Operation 48 'or' 'or_ln43' <Predicate = true> <Delay = 0.97> <CoreInst = "LogicGate">   --->   Core 74 'LogicGate' <Latency = 0> <II = 1> <Delay = 0.97> <FuncUnit> <Opcode : 'and' 'or' 'xor'> <InPorts = 2> <OutPorts = 1>
ST_3 : Operation 49 [1/1] (0.00ns)   --->   "%br_ln43 = br i1 %or_ln43, void %if.then23.310, void %for.inc54.310" [cluster/cluster.cpp:43]   --->   Operation 49 'br' 'br_ln43' <Predicate = true> <Delay = 0.00>
ST_3 : Operation 50 [1/1] (0.00ns)   --->   "%distances_addr = getelementptr i32 %distances, i64 0, i64 %trunc_ln44_309_cast768" [cluster/cluster.cpp:50]   --->   Operation 50 'getelementptr' 'distances_addr' <Predicate = (!or_ln43)> <Delay = 0.00>
ST_3 : Operation 51 [2/2] (3.25ns)   --->   "%distances_load = load i9 %distances_addr" [cluster/cluster.cpp:50]   --->   Operation 51 'load' 'distances_load' <Predicate = (!or_ln43)> <Delay = 3.25> <CoreInst = "RAM">   --->   Core 82 'RAM' <Latency = 1> <II = 1> <Delay = 3.25> <Storage> <Opcode : 'load' 'store'> <Ports = 2> <Width = 32> <Depth = 360> <RAM>

State 4 <SV = 3> <Delay = 6.97>
ST_4 : Operation 52 [1/1] (0.00ns)   --->   "%zext_ln44 = zext i9 %candidate_124" [cluster/cluster.cpp:44]   --->   Operation 52 'zext' 'zext_ln44' <Predicate = true> <Delay = 0.00>
ST_4 : Operation 53 [1/1] (1.73ns)   --->   "%add_ln44 = add i10 %zext_ln44, i10 714" [cluster/cluster.cpp:44]   --->   Operation 53 'add' 'add_ln44' <Predicate = true> <Delay = 1.73> <CoreInst = "Adder">   --->   Core 1 'Adder' <Latency = 0> <II = 1> <Delay = 1.73> <FuncUnit> <Opcode : 'add' 'sub'> <InPorts = 2> <OutPorts = 1>
ST_4 : Operation 54 [1/1] (1.73ns)   --->   "%neg2823 = sub i10 310, i10 %zext_ln44" [cluster/cluster.cpp:44]   --->   Operation 54 'sub' 'neg2823' <Predicate = true> <Delay = 1.73> <CoreInst = "Adder">   --->   Core 1 'Adder' <Latency = 0> <II = 1> <Delay = 1.73> <FuncUnit> <Opcode : 'add' 'sub'> <InPorts = 2> <OutPorts = 1>
ST_4 : Operation 55 [1/1] (1.77ns)   --->   "%abscond2824 = icmp_sgt  i10 %add_ln44, i10 0" [cluster/cluster.cpp:44]   --->   Operation 55 'icmp' 'abscond2824' <Predicate = true> <Delay = 1.77> <CoreInst = "Cmp">   --->   Core 9 'Cmp' <Latency = 0> <II = 1> <Delay = 1.77> <FuncUnit> <Opcode : 'icmp'> <InPorts = 2> <OutPorts = 1>
ST_4 : Operation 56 [1/1] (0.68ns)   --->   "%delta_angle = select i1 %abscond2824, i10 %add_ln44, i10 %neg2823" [cluster/cluster.cpp:44]   --->   Operation 56 'select' 'delta_angle' <Predicate = true> <Delay = 0.68> <CoreInst = "Sel">   --->   Core 73 'Sel' <Latency = 0> <II = 1> <Delay = 0.68> <FuncUnit> <Opcode : 'select'> <InPorts = 3> <OutPorts = 1>
ST_4 : Operation 57 [1/1] (0.00ns)   --->   "%trunc_ln44 = trunc i10 %delta_angle" [cluster/cluster.cpp:44]   --->   Operation 57 'trunc' 'trunc_ln44' <Predicate = true> <Delay = 0.00>
ST_4 : Operation 58 [1/1] (1.77ns)   --->   "%icmp_ln45 = icmp_sgt  i10 %delta_angle, i10 180" [cluster/cluster.cpp:45]   --->   Operation 58 'icmp' 'icmp_ln45' <Predicate = true> <Delay = 1.77> <CoreInst = "Cmp">   --->   Core 9 'Cmp' <Latency = 0> <II = 1> <Delay = 1.77> <FuncUnit> <Opcode : 'icmp'> <InPorts = 2> <OutPorts = 1>
ST_4 : Operation 59 [1/1] (1.82ns)   --->   "%sub_ln46 = sub i9 360, i9 %trunc_ln44" [cluster/cluster.cpp:46]   --->   Operation 59 'sub' 'sub_ln46' <Predicate = true> <Delay = 1.82> <CoreInst = "Adder">   --->   Core 1 'Adder' <Latency = 0> <II = 1> <Delay = 1.82> <FuncUnit> <Opcode : 'add' 'sub'> <InPorts = 2> <OutPorts = 1>
ST_4 : Operation 60 [1/1] (0.96ns)   --->   "%delta_angle_115 = select i1 %icmp_ln45, i9 %sub_ln46, i9 %trunc_ln44" [cluster/cluster.cpp:45]   --->   Operation 60 'select' 'delta_angle_115' <Predicate = true> <Delay = 0.96> <CoreInst = "Sel">   --->   Core 73 'Sel' <Latency = 0> <II = 1> <Delay = 0.96> <FuncUnit> <Opcode : 'select'> <InPorts = 3> <OutPorts = 1>
ST_4 : Operation 61 [1/2] (3.25ns)   --->   "%distances_load = load i9 %distances_addr" [cluster/cluster.cpp:50]   --->   Operation 61 'load' 'distances_load' <Predicate = true> <Delay = 3.25> <CoreInst = "RAM">   --->   Core 82 'RAM' <Latency = 1> <II = 1> <Delay = 3.25> <Storage> <Opcode : 'load' 'store'> <Ports = 2> <Width = 32> <Depth = 360> <RAM>
ST_4 : Operation 62 [1/1] (2.55ns)   --->   "%sub_ln50 = sub i32 %distances_load_620_read, i32 %distances_load" [cluster/cluster.cpp:50]   --->   Operation 62 'sub' 'sub_ln50' <Predicate = true> <Delay = 2.55> <CoreInst = "Adder">   --->   Core 1 'Adder' <Latency = 0> <II = 1> <Delay = 2.55> <FuncUnit> <Opcode : 'add' 'sub'> <InPorts = 2> <OutPorts = 1>

State 5 <SV = 4> <Delay = 4.06>
ST_5 : Operation 63 [1/1] (0.00ns)   --->   "%sext_ln44 = sext i9 %delta_angle_115" [cluster/cluster.cpp:44]   --->   Operation 63 'sext' 'sext_ln44' <Predicate = true> <Delay = 0.00>
ST_5 : Operation 64 [2/2] (4.06ns)   --->   "%tmp_s = call i31 @pow, i32 %sext_ln44, i6 %log_apfixed_reduce_log_inverse_lut_table_array_V, i82 %log_apfixed_reduce_log0_lut_table_ap_fixed_0_5_64_array_V, i78 %log_apfixed_reduce_log_lut_table_ap_fixed_4_4_16_array_V, i75 %log_apfixed_reduce_log_lut_table_ap_fixed_7_6_64_array_V, i70 %log_apfixed_reduce_log_lut_table_ap_fixed_12_6_64_array_V, i65 %log_apfixed_reduce_log_lut_table_ap_fixed_17_6_64_array_V, i60 %log_apfixed_reduce_log_lut_table_ap_fixed_22_6_64_array_V, i32 %f_x_msb_4_table_V, i16 %f_x_msb_5_table_V, i51 %f_x_msb_3_table_V, i64 %f_x_msb_2_table_V, i68 %exp_x_msb_1_table_V" [cluster/cluster.cpp:50]   --->   Operation 64 'call' 'tmp_s' <Predicate = true> <Delay = 4.06> <CoreType = "Generic">   --->   Core 0 '' <Latency = 0> <II = 1> <Delay = 1.00> <Generic> <Opcode : >
ST_5 : Operation 65 [2/2] (4.06ns)   --->   "%tmp_344 = call i31 @pow, i32 %sub_ln50, i6 %log_apfixed_reduce_log_inverse_lut_table_array_V, i82 %log_apfixed_reduce_log0_lut_table_ap_fixed_0_5_64_array_V, i78 %log_apfixed_reduce_log_lut_table_ap_fixed_4_4_16_array_V, i75 %log_apfixed_reduce_log_lut_table_ap_fixed_7_6_64_array_V, i70 %log_apfixed_reduce_log_lut_table_ap_fixed_12_6_64_array_V, i65 %log_apfixed_reduce_log_lut_table_ap_fixed_17_6_64_array_V, i60 %log_apfixed_reduce_log_lut_table_ap_fixed_22_6_64_array_V, i32 %f_x_msb_4_table_V, i16 %f_x_msb_5_table_V, i51 %f_x_msb_3_table_V, i64 %f_x_msb_2_table_V, i68 %exp_x_msb_1_table_V" [cluster/cluster.cpp:50]   --->   Operation 65 'call' 'tmp_344' <Predicate = true> <Delay = 4.06> <CoreType = "Generic">   --->   Core 0 '' <Latency = 0> <II = 1> <Delay = 1.00> <Generic> <Opcode : >

State 6 <SV = 5> <Delay = 6.80>
ST_6 : Operation 66 [1/2] (6.80ns)   --->   "%tmp_s = call i31 @pow, i32 %sext_ln44, i6 %log_apfixed_reduce_log_inverse_lut_table_array_V, i82 %log_apfixed_reduce_log0_lut_table_ap_fixed_0_5_64_array_V, i78 %log_apfixed_reduce_log_lut_table_ap_fixed_4_4_16_array_V, i75 %log_apfixed_reduce_log_lut_table_ap_fixed_7_6_64_array_V, i70 %log_apfixed_reduce_log_lut_table_ap_fixed_12_6_64_array_V, i65 %log_apfixed_reduce_log_lut_table_ap_fixed_17_6_64_array_V, i60 %log_apfixed_reduce_log_lut_table_ap_fixed_22_6_64_array_V, i32 %f_x_msb_4_table_V, i16 %f_x_msb_5_table_V, i51 %f_x_msb_3_table_V, i64 %f_x_msb_2_table_V, i68 %exp_x_msb_1_table_V" [cluster/cluster.cpp:50]   --->   Operation 66 'call' 'tmp_s' <Predicate = true> <Delay = 6.80> <CoreType = "Generic">   --->   Core 0 '' <Latency = 0> <II = 1> <Delay = 1.00> <Generic> <Opcode : >
ST_6 : Operation 67 [1/2] (6.80ns)   --->   "%tmp_344 = call i31 @pow, i32 %sub_ln50, i6 %log_apfixed_reduce_log_inverse_lut_table_array_V, i82 %log_apfixed_reduce_log0_lut_table_ap_fixed_0_5_64_array_V, i78 %log_apfixed_reduce_log_lut_table_ap_fixed_4_4_16_array_V, i75 %log_apfixed_reduce_log_lut_table_ap_fixed_7_6_64_array_V, i70 %log_apfixed_reduce_log_lut_table_ap_fixed_12_6_64_array_V, i65 %log_apfixed_reduce_log_lut_table_ap_fixed_17_6_64_array_V, i60 %log_apfixed_reduce_log_lut_table_ap_fixed_22_6_64_array_V, i32 %f_x_msb_4_table_V, i16 %f_x_msb_5_table_V, i51 %f_x_msb_3_table_V, i64 %f_x_msb_2_table_V, i68 %exp_x_msb_1_table_V" [cluster/cluster.cpp:50]   --->   Operation 67 'call' 'tmp_344' <Predicate = true> <Delay = 6.80> <CoreType = "Generic">   --->   Core 0 '' <Latency = 0> <II = 1> <Delay = 1.00> <Generic> <Opcode : >

State 7 <SV = 6> <Delay = 2.52>
ST_7 : Operation 68 [1/1] (0.00ns)   --->   "%zext_ln50 = zext i31 %tmp_s" [cluster/cluster.cpp:50]   --->   Operation 68 'zext' 'zext_ln50' <Predicate = true> <Delay = 0.00>
ST_7 : Operation 69 [1/1] (0.00ns)   --->   "%zext_ln50_115 = zext i31 %tmp_344" [cluster/cluster.cpp:50]   --->   Operation 69 'zext' 'zext_ln50_115' <Predicate = true> <Delay = 0.00>
ST_7 : Operation 70 [1/1] (2.52ns)   --->   "%xf_V = add i32 %zext_ln50_115, i32 %zext_ln50" [cluster/cluster.cpp:50]   --->   Operation 70 'add' 'xf_V' <Predicate = true> <Delay = 2.52> <CoreInst = "Adder">   --->   Core 1 'Adder' <Latency = 0> <II = 1> <Delay = 2.52> <FuncUnit> <Opcode : 'add' 'sub'> <InPorts = 2> <OutPorts = 1>

State 8 <SV = 7> <Delay = 7.12>
ST_8 : Operation 71 [9/9] (7.12ns)   --->   "%p_Val2_s = call i16 @sqrt_fixed<32, 32>, i32 %xf_V" [C:\scratch\2022.2\hls_product\608\2022.2\src\shared\hls\clib/hlsmath/include\hls_sqrt_apfixed.h:381]   --->   Operation 71 'call' 'p_Val2_s' <Predicate = true> <Delay = 7.12> <CoreType = "Generic">   --->   Core 0 '' <Latency = 0> <II = 1> <Delay = 1.00> <Generic> <Opcode : >

State 9 <SV = 8> <Delay = 7.15>
ST_9 : Operation 72 [8/9] (7.15ns)   --->   "%p_Val2_s = call i16 @sqrt_fixed<32, 32>, i32 %xf_V" [C:\scratch\2022.2\hls_product\608\2022.2\src\shared\hls\clib/hlsmath/include\hls_sqrt_apfixed.h:381]   --->   Operation 72 'call' 'p_Val2_s' <Predicate = true> <Delay = 7.15> <CoreType = "Generic">   --->   Core 0 '' <Latency = 0> <II = 1> <Delay = 1.00> <Generic> <Opcode : >

State 10 <SV = 9> <Delay = 7.15>
ST_10 : Operation 73 [7/9] (7.15ns)   --->   "%p_Val2_s = call i16 @sqrt_fixed<32, 32>, i32 %xf_V" [C:\scratch\2022.2\hls_product\608\2022.2\src\shared\hls\clib/hlsmath/include\hls_sqrt_apfixed.h:381]   --->   Operation 73 'call' 'p_Val2_s' <Predicate = true> <Delay = 7.15> <CoreType = "Generic">   --->   Core 0 '' <Latency = 0> <II = 1> <Delay = 1.00> <Generic> <Opcode : >

State 11 <SV = 10> <Delay = 7.15>
ST_11 : Operation 74 [6/9] (7.15ns)   --->   "%p_Val2_s = call i16 @sqrt_fixed<32, 32>, i32 %xf_V" [C:\scratch\2022.2\hls_product\608\2022.2\src\shared\hls\clib/hlsmath/include\hls_sqrt_apfixed.h:381]   --->   Operation 74 'call' 'p_Val2_s' <Predicate = true> <Delay = 7.15> <CoreType = "Generic">   --->   Core 0 '' <Latency = 0> <II = 1> <Delay = 1.00> <Generic> <Opcode : >

State 12 <SV = 11> <Delay = 7.15>
ST_12 : Operation 75 [5/9] (7.15ns)   --->   "%p_Val2_s = call i16 @sqrt_fixed<32, 32>, i32 %xf_V" [C:\scratch\2022.2\hls_product\608\2022.2\src\shared\hls\clib/hlsmath/include\hls_sqrt_apfixed.h:381]   --->   Operation 75 'call' 'p_Val2_s' <Predicate = true> <Delay = 7.15> <CoreType = "Generic">   --->   Core 0 '' <Latency = 0> <II = 1> <Delay = 1.00> <Generic> <Opcode : >

State 13 <SV = 12> <Delay = 7.15>
ST_13 : Operation 76 [4/9] (7.15ns)   --->   "%p_Val2_s = call i16 @sqrt_fixed<32, 32>, i32 %xf_V" [C:\scratch\2022.2\hls_product\608\2022.2\src\shared\hls\clib/hlsmath/include\hls_sqrt_apfixed.h:381]   --->   Operation 76 'call' 'p_Val2_s' <Predicate = true> <Delay = 7.15> <CoreType = "Generic">   --->   Core 0 '' <Latency = 0> <II = 1> <Delay = 1.00> <Generic> <Opcode : >

State 14 <SV = 13> <Delay = 7.15>
ST_14 : Operation 77 [3/9] (7.15ns)   --->   "%p_Val2_s = call i16 @sqrt_fixed<32, 32>, i32 %xf_V" [C:\scratch\2022.2\hls_product\608\2022.2\src\shared\hls\clib/hlsmath/include\hls_sqrt_apfixed.h:381]   --->   Operation 77 'call' 'p_Val2_s' <Predicate = true> <Delay = 7.15> <CoreType = "Generic">   --->   Core 0 '' <Latency = 0> <II = 1> <Delay = 1.00> <Generic> <Opcode : >

State 15 <SV = 14> <Delay = 7.15>
ST_15 : Operation 78 [2/9] (7.15ns)   --->   "%p_Val2_s = call i16 @sqrt_fixed<32, 32>, i32 %xf_V" [C:\scratch\2022.2\hls_product\608\2022.2\src\shared\hls\clib/hlsmath/include\hls_sqrt_apfixed.h:381]   --->   Operation 78 'call' 'p_Val2_s' <Predicate = true> <Delay = 7.15> <CoreType = "Generic">   --->   Core 0 '' <Latency = 0> <II = 1> <Delay = 1.00> <Generic> <Opcode : >

State 16 <SV = 15> <Delay = 6.54>
ST_16 : Operation 79 [1/9] (6.54ns)   --->   "%p_Val2_s = call i16 @sqrt_fixed<32, 32>, i32 %xf_V" [C:\scratch\2022.2\hls_product\608\2022.2\src\shared\hls\clib/hlsmath/include\hls_sqrt_apfixed.h:381]   --->   Operation 79 'call' 'p_Val2_s' <Predicate = true> <Delay = 6.54> <CoreType = "Generic">   --->   Core 0 '' <Latency = 0> <II = 1> <Delay = 1.00> <Generic> <Opcode : >

State 17 <SV = 16> <Delay = 6.41>
ST_17 : Operation 80 [1/1] (0.00ns)   --->   "%zext_ln987 = zext i16 %p_Val2_s"   --->   Operation 80 'zext' 'zext_ln987' <Predicate = true> <Delay = 0.00>
ST_17 : Operation 81 [6/6] (6.41ns)   --->   "%euclidean_distance = sitofp i32 %zext_ln987" [cluster/cluster.cpp:50]   --->   Operation 81 'sitofp' 'euclidean_distance' <Predicate = true> <Delay = 6.41> <CoreInst = "Int2Float">   --->   Core 62 'Int2Float' <Latency = 5> <II = 1> <Delay = 6.41> <FuncUnit> <Opcode : 'sitofp' 'uitofp'> <InPorts = 1> <OutPorts = 1>

State 18 <SV = 17> <Delay = 6.41>
ST_18 : Operation 82 [5/6] (6.41ns)   --->   "%euclidean_distance = sitofp i32 %zext_ln987" [cluster/cluster.cpp:50]   --->   Operation 82 'sitofp' 'euclidean_distance' <Predicate = true> <Delay = 6.41> <CoreInst = "Int2Float">   --->   Core 62 'Int2Float' <Latency = 5> <II = 1> <Delay = 6.41> <FuncUnit> <Opcode : 'sitofp' 'uitofp'> <InPorts = 1> <OutPorts = 1>

State 19 <SV = 18> <Delay = 6.41>
ST_19 : Operation 83 [4/6] (6.41ns)   --->   "%euclidean_distance = sitofp i32 %zext_ln987" [cluster/cluster.cpp:50]   --->   Operation 83 'sitofp' 'euclidean_distance' <Predicate = true> <Delay = 6.41> <CoreInst = "Int2Float">   --->   Core 62 'Int2Float' <Latency = 5> <II = 1> <Delay = 6.41> <FuncUnit> <Opcode : 'sitofp' 'uitofp'> <InPorts = 1> <OutPorts = 1>

State 20 <SV = 19> <Delay = 6.41>
ST_20 : Operation 84 [3/6] (6.41ns)   --->   "%euclidean_distance = sitofp i32 %zext_ln987" [cluster/cluster.cpp:50]   --->   Operation 84 'sitofp' 'euclidean_distance' <Predicate = true> <Delay = 6.41> <CoreInst = "Int2Float">   --->   Core 62 'Int2Float' <Latency = 5> <II = 1> <Delay = 6.41> <FuncUnit> <Opcode : 'sitofp' 'uitofp'> <InPorts = 1> <OutPorts = 1>

State 21 <SV = 20> <Delay = 6.41>
ST_21 : Operation 85 [2/6] (6.41ns)   --->   "%euclidean_distance = sitofp i32 %zext_ln987" [cluster/cluster.cpp:50]   --->   Operation 85 'sitofp' 'euclidean_distance' <Predicate = true> <Delay = 6.41> <CoreInst = "Int2Float">   --->   Core 62 'Int2Float' <Latency = 5> <II = 1> <Delay = 6.41> <FuncUnit> <Opcode : 'sitofp' 'uitofp'> <InPorts = 1> <OutPorts = 1>

State 22 <SV = 21> <Delay = 6.41>
ST_22 : Operation 86 [1/6] (6.41ns)   --->   "%euclidean_distance = sitofp i32 %zext_ln987" [cluster/cluster.cpp:50]   --->   Operation 86 'sitofp' 'euclidean_distance' <Predicate = true> <Delay = 6.41> <CoreInst = "Int2Float">   --->   Core 62 'Int2Float' <Latency = 5> <II = 1> <Delay = 6.41> <FuncUnit> <Opcode : 'sitofp' 'uitofp'> <InPorts = 1> <OutPorts = 1>

State 23 <SV = 22> <Delay = 5.43>
ST_23 : Operation 87 [1/1] (0.00ns)   --->   "%bitcast_ln53 = bitcast i32 %euclidean_distance" [cluster/cluster.cpp:53]   --->   Operation 87 'bitcast' 'bitcast_ln53' <Predicate = true> <Delay = 0.00>
ST_23 : Operation 88 [1/1] (0.00ns)   --->   "%tmp_345 = partselect i8 @_ssdm_op_PartSelect.i8.i32.i32.i32, i32 %bitcast_ln53, i32 23, i32 30" [cluster/cluster.cpp:53]   --->   Operation 88 'partselect' 'tmp_345' <Predicate = true> <Delay = 0.00>
ST_23 : Operation 89 [1/1] (0.00ns)   --->   "%trunc_ln53 = trunc i32 %bitcast_ln53" [cluster/cluster.cpp:53]   --->   Operation 89 'trunc' 'trunc_ln53' <Predicate = true> <Delay = 0.00>
ST_23 : Operation 90 [1/1] (1.55ns)   --->   "%icmp_ln53 = icmp_ne  i8 %tmp_345, i8 255" [cluster/cluster.cpp:53]   --->   Operation 90 'icmp' 'icmp_ln53' <Predicate = true> <Delay = 1.55> <CoreInst = "Cmp">   --->   Core 9 'Cmp' <Latency = 0> <II = 1> <Delay = 1.55> <FuncUnit> <Opcode : 'icmp'> <InPorts = 2> <OutPorts = 1>
ST_23 : Operation 91 [1/1] (2.44ns)   --->   "%icmp_ln53_115 = icmp_eq  i23 %trunc_ln53, i23 0" [cluster/cluster.cpp:53]   --->   Operation 91 'icmp' 'icmp_ln53_115' <Predicate = true> <Delay = 2.44> <CoreInst = "Cmp">   --->   Core 9 'Cmp' <Latency = 0> <II = 1> <Delay = 2.44> <FuncUnit> <Opcode : 'icmp'> <InPorts = 2> <OutPorts = 1>
ST_23 : Operation 92 [2/2] (5.43ns)   --->   "%tmp_346 = fcmp_olt  i32 %euclidean_distance, i32 200" [cluster/cluster.cpp:53]   --->   Operation 92 'fcmp' 'tmp_346' <Predicate = true> <Delay = 5.43> <CoreInst = "FCompare">   --->   Core 19 'FCompare' <Latency = 1> <II = 1> <Delay = 5.43> <FuncUnit> <Opcode : 'fcmp'> <InPorts = 2> <OutPorts = 1>

State 24 <SV = 23> <Delay = 6.40>
ST_24 : Operation 93 [1/1] (0.00ns) (grouped into LUT with out node and_ln53)   --->   "%or_ln53 = or i1 %icmp_ln53_115, i1 %icmp_ln53" [cluster/cluster.cpp:53]   --->   Operation 93 'or' 'or_ln53' <Predicate = true> <Delay = 0.00> <CoreInst = "LogicGate">   --->   Core 74 'LogicGate' <Latency = 0> <II = 1> <Delay = 0.97> <FuncUnit> <Opcode : 'and' 'or' 'xor'> <InPorts = 2> <OutPorts = 1>
ST_24 : Operation 94 [1/2] (5.43ns)   --->   "%tmp_346 = fcmp_olt  i32 %euclidean_distance, i32 200" [cluster/cluster.cpp:53]   --->   Operation 94 'fcmp' 'tmp_346' <Predicate = true> <Delay = 5.43> <CoreInst = "FCompare">   --->   Core 19 'FCompare' <Latency = 1> <II = 1> <Delay = 5.43> <FuncUnit> <Opcode : 'fcmp'> <InPorts = 2> <OutPorts = 1>
ST_24 : Operation 95 [1/1] (0.97ns) (out node of the LUT)   --->   "%and_ln53 = and i1 %or_ln53, i1 %tmp_346" [cluster/cluster.cpp:53]   --->   Operation 95 'and' 'and_ln53' <Predicate = true> <Delay = 0.97> <CoreInst = "LogicGate">   --->   Core 74 'LogicGate' <Latency = 0> <II = 1> <Delay = 0.97> <FuncUnit> <Opcode : 'and' 'or' 'xor'> <InPorts = 2> <OutPorts = 1>
ST_24 : Operation 96 [1/1] (0.00ns)   --->   "%br_ln53 = br i1 %and_ln53, void %for.inc54.310, void %if.then37.310" [cluster/cluster.cpp:53]   --->   Operation 96 'br' 'br_ln53' <Predicate = true> <Delay = 0.00>

State 25 <SV = 24> <Delay = 5.36>
ST_25 : Operation 97 [1/1] (0.00ns)   --->   "%p_load = load i32 %empty" [cluster/cluster.cpp:54]   --->   Operation 97 'load' 'p_load' <Predicate = (!or_ln43 & and_ln53)> <Delay = 0.00>
ST_25 : Operation 98 [1/1] (0.00ns)   --->   "%trunc_ln54 = trunc i32 %p_load" [cluster/cluster.cpp:54]   --->   Operation 98 'trunc' 'trunc_ln54' <Predicate = (!or_ln43 & and_ln53)> <Delay = 0.00>
ST_25 : Operation 99 [1/1] (2.10ns)   --->   "%add_ln54 = add i17 %mul_ln37_308_read, i17 %trunc_ln54" [cluster/cluster.cpp:54]   --->   Operation 99 'add' 'add_ln54' <Predicate = (!or_ln43 & and_ln53)> <Delay = 2.10> <CoreInst = "Adder">   --->   Core 1 'Adder' <Latency = 0> <II = 1> <Delay = 2.10> <FuncUnit> <Opcode : 'add' 'sub'> <InPorts = 2> <OutPorts = 1>
ST_25 : Operation 100 [1/1] (0.00ns)   --->   "%zext_ln54 = zext i17 %add_ln54" [cluster/cluster.cpp:54]   --->   Operation 100 'zext' 'zext_ln54' <Predicate = (!or_ln43 & and_ln53)> <Delay = 0.00>
ST_25 : Operation 101 [1/1] (0.00ns)   --->   "%clusters_members_addr = getelementptr i9 %clusters_members, i64 0, i64 %zext_ln54" [cluster/cluster.cpp:54]   --->   Operation 101 'getelementptr' 'clusters_members_addr' <Predicate = (!or_ln43 & and_ln53)> <Delay = 0.00>
ST_25 : Operation 102 [1/1] (3.25ns)   --->   "%store_ln54 = store i9 %candidate_124, i17 %clusters_members_addr" [cluster/cluster.cpp:54]   --->   Operation 102 'store' 'store_ln54' <Predicate = (!or_ln43 & and_ln53)> <Delay = 3.25> <CoreInst = "RAM">   --->   Core 82 'RAM' <Latency = 1> <II = 1> <Delay = 3.25> <Storage> <Opcode : 'load' 'store'> <Ports = 2> <Width = 9> <Depth = 129600> <RAM>
ST_25 : Operation 103 [1/1] (2.55ns)   --->   "%add_ln55 = add i32 %p_load, i32 1" [cluster/cluster.cpp:55]   --->   Operation 103 'add' 'add_ln55' <Predicate = (!or_ln43 & and_ln53)> <Delay = 2.55> <CoreInst = "Adder">   --->   Core 1 'Adder' <Latency = 0> <II = 1> <Delay = 2.55> <FuncUnit> <Opcode : 'add' 'sub'> <InPorts = 2> <OutPorts = 1>
ST_25 : Operation 104 [1/1] (2.32ns)   --->   "%store_ln56 = store i1 1, i9 %grouped_addr" [cluster/cluster.cpp:56]   --->   Operation 104 'store' 'store_ln56' <Predicate = (!or_ln43 & and_ln53)> <Delay = 2.32> <CoreInst = "RAM">   --->   Core 82 'RAM' <Latency = 1> <II = 1> <Delay = 2.32> <Storage> <Opcode : 'load' 'store'> <Ports = 2> <Width = 1> <Depth = 360> <RAM>
ST_25 : Operation 105 [1/1] (1.58ns)   --->   "%store_ln57 = store i32 %add_ln55, i32 %empty" [cluster/cluster.cpp:57]   --->   Operation 105 'store' 'store_ln57' <Predicate = (!or_ln43 & and_ln53)> <Delay = 1.58>
ST_25 : Operation 106 [1/1] (0.00ns)   --->   "%br_ln57 = br void %for.inc54.310" [cluster/cluster.cpp:57]   --->   Operation 106 'br' 'br_ln57' <Predicate = (!or_ln43 & and_ln53)> <Delay = 0.00>
ST_25 : Operation 107 [1/1] (1.58ns)   --->   "%store_ln42 = store i9 %add_ln42, i9 %candidate" [cluster/cluster.cpp:42]   --->   Operation 107 'store' 'store_ln42' <Predicate = true> <Delay = 1.58>
ST_25 : Operation 108 [1/1] (0.00ns)   --->   "%br_ln42 = br void %for.body19.310" [cluster/cluster.cpp:42]   --->   Operation 108 'br' 'br_ln42' <Predicate = true> <Delay = 0.00>


============================================================
+ Verbose Summary: Timing violations
============================================================
Target clock period: 10ns, clock uncertainty: 2.7ns.

 <State 1>: 1.59ns
The critical path consists of the following:
	'alloca' operation ('empty') [20]  (0 ns)
	'store' operation ('store_ln0') of constant 1 on local variable 'empty' [23]  (1.59 ns)

 <State 2>: 2.32ns
The critical path consists of the following:
	'load' operation ('candidate', cluster/cluster.cpp:42) on local variable 'candidate' [27]  (0 ns)
	'getelementptr' operation ('grouped_addr', cluster/cluster.cpp:43) [36]  (0 ns)
	'load' operation ('grouped_load', cluster/cluster.cpp:43) on array 'grouped' [37]  (2.32 ns)

 <State 3>: 3.3ns
The critical path consists of the following:
	'load' operation ('grouped_load', cluster/cluster.cpp:43) on array 'grouped' [37]  (2.32 ns)
	'or' operation ('or_ln43', cluster/cluster.cpp:43) [39]  (0.978 ns)

 <State 4>: 6.98ns
The critical path consists of the following:
	'add' operation ('add_ln44', cluster/cluster.cpp:44) [43]  (1.73 ns)
	'icmp' operation ('abscond2824', cluster/cluster.cpp:44) [45]  (1.77 ns)
	'select' operation ('delta_angle', cluster/cluster.cpp:44) [46]  (0.687 ns)
	'sub' operation ('sub_ln46', cluster/cluster.cpp:46) [49]  (1.82 ns)
	'select' operation ('delta_angle', cluster/cluster.cpp:45) [50]  (0.968 ns)

 <State 5>: 4.06ns
The critical path consists of the following:
	'call' operation ('tmp_s', cluster/cluster.cpp:50) to 'pow' [52]  (4.06 ns)

 <State 6>: 6.8ns
The critical path consists of the following:
	'call' operation ('tmp_s', cluster/cluster.cpp:50) to 'pow' [52]  (6.8 ns)

 <State 7>: 2.52ns
The critical path consists of the following:
	'add' operation ('x', cluster/cluster.cpp:50) [59]  (2.52 ns)

 <State 8>: 7.12ns
The critical path consists of the following:
	'call' operation ('__Val2__', C:\scratch\2022.2\hls_product\608\2022.2\src\shared\hls\clib/hlsmath/include\hls_sqrt_apfixed.h:381) to 'sqrt_fixed<32, 32>' [60]  (7.12 ns)

 <State 9>: 7.15ns
The critical path consists of the following:
	'call' operation ('__Val2__', C:\scratch\2022.2\hls_product\608\2022.2\src\shared\hls\clib/hlsmath/include\hls_sqrt_apfixed.h:381) to 'sqrt_fixed<32, 32>' [60]  (7.15 ns)

 <State 10>: 7.15ns
The critical path consists of the following:
	'call' operation ('__Val2__', C:\scratch\2022.2\hls_product\608\2022.2\src\shared\hls\clib/hlsmath/include\hls_sqrt_apfixed.h:381) to 'sqrt_fixed<32, 32>' [60]  (7.15 ns)

 <State 11>: 7.15ns
The critical path consists of the following:
	'call' operation ('__Val2__', C:\scratch\2022.2\hls_product\608\2022.2\src\shared\hls\clib/hlsmath/include\hls_sqrt_apfixed.h:381) to 'sqrt_fixed<32, 32>' [60]  (7.15 ns)

 <State 12>: 7.15ns
The critical path consists of the following:
	'call' operation ('__Val2__', C:\scratch\2022.2\hls_product\608\2022.2\src\shared\hls\clib/hlsmath/include\hls_sqrt_apfixed.h:381) to 'sqrt_fixed<32, 32>' [60]  (7.15 ns)

 <State 13>: 7.15ns
The critical path consists of the following:
	'call' operation ('__Val2__', C:\scratch\2022.2\hls_product\608\2022.2\src\shared\hls\clib/hlsmath/include\hls_sqrt_apfixed.h:381) to 'sqrt_fixed<32, 32>' [60]  (7.15 ns)

 <State 14>: 7.15ns
The critical path consists of the following:
	'call' operation ('__Val2__', C:\scratch\2022.2\hls_product\608\2022.2\src\shared\hls\clib/hlsmath/include\hls_sqrt_apfixed.h:381) to 'sqrt_fixed<32, 32>' [60]  (7.15 ns)

 <State 15>: 7.15ns
The critical path consists of the following:
	'call' operation ('__Val2__', C:\scratch\2022.2\hls_product\608\2022.2\src\shared\hls\clib/hlsmath/include\hls_sqrt_apfixed.h:381) to 'sqrt_fixed<32, 32>' [60]  (7.15 ns)

 <State 16>: 6.54ns
The critical path consists of the following:
	'call' operation ('__Val2__', C:\scratch\2022.2\hls_product\608\2022.2\src\shared\hls\clib/hlsmath/include\hls_sqrt_apfixed.h:381) to 'sqrt_fixed<32, 32>' [60]  (6.54 ns)

 <State 17>: 6.41ns
The critical path consists of the following:
	'sitofp' operation ('euclidean_distance', cluster/cluster.cpp:50) [62]  (6.41 ns)

 <State 18>: 6.41ns
The critical path consists of the following:
	'sitofp' operation ('euclidean_distance', cluster/cluster.cpp:50) [62]  (6.41 ns)

 <State 19>: 6.41ns
The critical path consists of the following:
	'sitofp' operation ('euclidean_distance', cluster/cluster.cpp:50) [62]  (6.41 ns)

 <State 20>: 6.41ns
The critical path consists of the following:
	'sitofp' operation ('euclidean_distance', cluster/cluster.cpp:50) [62]  (6.41 ns)

 <State 21>: 6.41ns
The critical path consists of the following:
	'sitofp' operation ('euclidean_distance', cluster/cluster.cpp:50) [62]  (6.41 ns)

 <State 22>: 6.41ns
The critical path consists of the following:
	'sitofp' operation ('euclidean_distance', cluster/cluster.cpp:50) [62]  (6.41 ns)

 <State 23>: 5.43ns
The critical path consists of the following:
	'fcmp' operation ('tmp_346', cluster/cluster.cpp:53) [69]  (5.43 ns)

 <State 24>: 6.41ns
The critical path consists of the following:
	'fcmp' operation ('tmp_346', cluster/cluster.cpp:53) [69]  (5.43 ns)
	'and' operation ('and_ln53', cluster/cluster.cpp:53) [70]  (0.978 ns)

 <State 25>: 5.36ns
The critical path consists of the following:
	'load' operation ('p_load', cluster/cluster.cpp:54) on local variable 'empty' [73]  (0 ns)
	'add' operation ('add_ln54', cluster/cluster.cpp:54) [75]  (2.11 ns)
	'getelementptr' operation ('clusters_members_addr', cluster/cluster.cpp:54) [77]  (0 ns)
	'store' operation ('store_ln54', cluster/cluster.cpp:54) of variable 'candidate', cluster/cluster.cpp:42 on array 'clusters_members' [78]  (3.25 ns)


============================================================
+ Verbose Summary: Binding
============================================================
N/A
* FSMD analyzer results:
  - Output states:
 - Input state : 
  - Chain level:
	State 1
	State 2
	State 3
	State 4
	State 5
	State 6
	State 7
	State 8
	State 9
	State 10
	State 11
	State 12
	State 13
	State 14
	State 15
	State 16
	State 17
	State 18
	State 19
	State 20
	State 21
	State 22
	State 23
	State 24
	State 25


============================================================
+ Verbose Summary: Datapath Resource usage 
============================================================
N/A
