

================================================================
== Vitis HLS Report for 'dbscan_Pipeline_VITIS_LOOP_137_4'
================================================================
* Date:           Thu Apr 27 17:00:28 2023

* Version:        2022.2 (Build 3670227 on Oct 13 2022)
* Project:        cluster
* Solution:       solution1 (Vivado IP Flow Target)
* Product family: zynq
* Target device:  xc7z020-clg400-1


================================================================
== Performance Estimates
================================================================
+ Timing: 
    * Summary: 
    +--------+----------+----------+------------+
    |  Clock |  Target  | Estimated| Uncertainty|
    +--------+----------+----------+------------+
    |ap_clk  |  10.00 ns|  7.155 ns|     2.70 ns|
    +--------+----------+----------+------------+

+ Latency: 
    * Summary: 
    +---------+---------+----------+----------+-----+-----+---------+
    |  Latency (cycles) |  Latency (absolute) |  Interval | Pipeline|
    |   min   |   max   |    min   |    max   | min | max |   Type  |
    +---------+---------+----------+----------+-----+-----+---------+
    |      379|      379|  3.790 us|  3.790 us|  379|  379|       no|
    +---------+---------+----------+----------+-----+-----+---------+

    + Detail: 
        * Instance: 
        +-------------------------------+--------------------+---------+---------+-----------+-----------+-----+-----+---------+
        |                               |                    |  Latency (cycles) |   Latency (absolute)  |  Interval | Pipeline|
        |            Instance           |       Module       |   min   |   max   |    min    |    max    | min | max |   Type  |
        +-------------------------------+--------------------+---------+---------+-----------+-----------+-----+-----+---------+
        |grp_sqrt_fixed_32_32_s_fu_128  |sqrt_fixed_32_32_s  |        7|        7|  70.000 ns|  70.000 ns|    1|    1|      yes|
        +-------------------------------+--------------------+---------+---------+-----------+-----------+-----+-----+---------+

        * Loop: 
        +--------------------+---------+---------+----------+-----------+-----------+------+----------+
        |                    |  Latency (cycles) | Iteration|  Initiation Interval  | Trip |          |
        |      Loop Name     |   min   |   max   |  Latency |  achieved |   target  | Count| Pipelined|
        +--------------------+---------+---------+----------+-----------+-----------+------+----------+
        |- VITIS_LOOP_137_4  |      377|      377|        19|          1|          1|   360|       yes|
        +--------------------+---------+---------+----------+-----------+-----------+------+----------+



================================================================
== Utilization Estimates
================================================================
* Summary: 
+-----------------+---------+-----+--------+-------+-----+
|       Name      | BRAM_18K| DSP |   FF   |  LUT  | URAM|
+-----------------+---------+-----+--------+-------+-----+
|DSP              |        -|    2|       -|      -|    -|
|Expression       |        -|    -|       0|    200|    -|
|FIFO             |        -|    -|       -|      -|    -|
|Instance         |        -|    -|       -|      -|    -|
|Memory           |        -|    -|       -|      -|    -|
|Multiplexer      |        -|    -|       -|     45|    -|
|Register         |        -|    -|     404|     64|    -|
+-----------------+---------+-----+--------+-------+-----+
|Total            |        0|    2|     404|    309|    0|
+-----------------+---------+-----+--------+-------+-----+
|Available        |      280|  220|  106400|  53200|    0|
+-----------------+---------+-----+--------+-------+-----+
|Utilization (%)  |        0|   ~0|      ~0|     ~0|    0|
+-----------------+---------+-----+--------+-------+-----+

+ Detail: 
    * Instance: 
    N/A

    * DSP: 
    +-----------------------------------+-------------------------------+--------------+
    |              Instance             |             Module            |  Expression  |
    +-----------------------------------+-------------------------------+--------------+
    |mac_muladd_16s_16s_32s_32_4_1_U29  |mac_muladd_16s_16s_32s_32_4_1  |  i0 + i1 * i1|
    |mul_mul_16s_16s_32_4_1_U28         |mul_mul_16s_16s_32_4_1         |       i0 * i0|
    +-----------------------------------+-------------------------------+--------------+

    * Memory: 
    N/A

    * FIFO: 
    N/A

    * Expression: 
    +--------------------------------+----------+----+---+----+------------+------------+
    |          Variable Name         | Operation| DSP| FF| LUT| Bitwidth P0| Bitwidth P1|
    +--------------------------------+----------+----+---+----+------------+------------+
    |add_ln137_fu_152_p2             |         +|   0|  0|  14|           9|           1|
    |add_ln145_fu_235_p2             |         +|   0|  0|  39|          32|           1|
    |sub_ln97_fu_192_p2              |         -|   0|  0|  39|          32|          32|
    |sub_ln98_fu_206_p2              |         -|   0|  0|  39|          32|          32|
    |icmp_ln137_fu_146_p2            |      icmp|   0|  0|  11|           9|           9|
    |icmp_ln138_fu_165_p2            |      icmp|   0|  0|  11|           9|           9|
    |icmp_ln144_fu_230_p2            |      icmp|   0|  0|  13|          16|          10|
    |new_neighbor_count_1_fu_241_p3  |    select|   0|  0|  32|           1|          32|
    |ap_enable_pp0                   |       xor|   0|  0|   2|           1|           2|
    +--------------------------------+----------+----+---+----+------------+------------+
    |Total                           |          |   0|  0| 200|         141|         128|
    +--------------------------------+----------+----+---+----+------------+------------+

    * Multiplexer: 
    +--------------------------+----+-----------+-----+-----------+
    |           Name           | LUT| Input Size| Bits| Total Bits|
    +--------------------------+----+-----------+-----+-----------+
    |ap_done_int               |   9|          2|    1|          2|
    |ap_enable_reg_pp0_iter1   |   9|          2|    1|          2|
    |ap_sig_allocacmp_l_1      |   9|          2|    9|         18|
    |l_fu_56                   |   9|          2|    9|         18|
    |new_neighbor_count_fu_60  |   9|          2|   32|         64|
    +--------------------------+----+-----------+-----+-----------+
    |Total                     |  45|         10|   52|        104|
    +--------------------------+----+-----------+-----+-----------+

    * Register: 
    +-----------------------------------+----+----+-----+-----------+
    |                Name               | FF | LUT| Bits| Const Bits|
    +-----------------------------------+----+----+-----+-----------+
    |ap_CS_fsm                          |   1|   0|    1|          0|
    |ap_done_reg                        |   1|   0|    1|          0|
    |ap_enable_reg_pp0_iter1            |   1|   0|    1|          0|
    |ap_enable_reg_pp0_iter10           |   1|   0|    1|          0|
    |ap_enable_reg_pp0_iter11           |   1|   0|    1|          0|
    |ap_enable_reg_pp0_iter12           |   1|   0|    1|          0|
    |ap_enable_reg_pp0_iter13           |   1|   0|    1|          0|
    |ap_enable_reg_pp0_iter14           |   1|   0|    1|          0|
    |ap_enable_reg_pp0_iter15           |   1|   0|    1|          0|
    |ap_enable_reg_pp0_iter16           |   1|   0|    1|          0|
    |ap_enable_reg_pp0_iter17           |   1|   0|    1|          0|
    |ap_enable_reg_pp0_iter18           |   1|   0|    1|          0|
    |ap_enable_reg_pp0_iter2            |   1|   0|    1|          0|
    |ap_enable_reg_pp0_iter3            |   1|   0|    1|          0|
    |ap_enable_reg_pp0_iter4            |   1|   0|    1|          0|
    |ap_enable_reg_pp0_iter5            |   1|   0|    1|          0|
    |ap_enable_reg_pp0_iter6            |   1|   0|    1|          0|
    |ap_enable_reg_pp0_iter7            |   1|   0|    1|          0|
    |ap_enable_reg_pp0_iter8            |   1|   0|    1|          0|
    |ap_enable_reg_pp0_iter9            |   1|   0|    1|          0|
    |ap_loop_exit_ready_pp0_iter10_reg  |   1|   0|    1|          0|
    |ap_loop_exit_ready_pp0_iter11_reg  |   1|   0|    1|          0|
    |ap_loop_exit_ready_pp0_iter12_reg  |   1|   0|    1|          0|
    |ap_loop_exit_ready_pp0_iter13_reg  |   1|   0|    1|          0|
    |ap_loop_exit_ready_pp0_iter14_reg  |   1|   0|    1|          0|
    |ap_loop_exit_ready_pp0_iter15_reg  |   1|   0|    1|          0|
    |ap_loop_exit_ready_pp0_iter16_reg  |   1|   0|    1|          0|
    |ap_loop_exit_ready_pp0_iter17_reg  |   1|   0|    1|          0|
    |ap_loop_exit_ready_pp0_iter1_reg   |   1|   0|    1|          0|
    |ap_loop_exit_ready_pp0_iter2_reg   |   1|   0|    1|          0|
    |ap_loop_exit_ready_pp0_iter3_reg   |   1|   0|    1|          0|
    |ap_loop_exit_ready_pp0_iter4_reg   |   1|   0|    1|          0|
    |ap_loop_exit_ready_pp0_iter5_reg   |   1|   0|    1|          0|
    |ap_loop_exit_ready_pp0_iter6_reg   |   1|   0|    1|          0|
    |ap_loop_exit_ready_pp0_iter7_reg   |   1|   0|    1|          0|
    |ap_loop_exit_ready_pp0_iter8_reg   |   1|   0|    1|          0|
    |ap_loop_exit_ready_pp0_iter9_reg   |   1|   0|    1|          0|
    |cos_values_load_reg_331            |  18|   0|   18|          0|
    |data_load_reg_320                  |  32|   0|   32|          0|
    |dx_reg_356                         |  16|   0|   16|          0|
    |icmp_ln137_reg_297                 |   1|   0|    1|          0|
    |icmp_ln138_reg_301                 |   1|   0|    1|          0|
    |l_fu_56                            |   9|   0|    9|          0|
    |mul_ln97_reg_346                   |  32|   0|   32|          0|
    |mul_ln98_reg_351                   |  32|   0|   32|          0|
    |new_neighbor_count_fu_60           |  32|   0|   32|          0|
    |p_Val2_s_reg_383                   |  16|   0|   16|          0|
    |sin_values_load_reg_326            |  18|   0|   18|          0|
    |xf_V_reg_378                       |  32|   0|   32|          0|
    |icmp_ln137_reg_297                 |  64|  32|    1|          0|
    |icmp_ln138_reg_301                 |  64|  32|    1|          0|
    +-----------------------------------+----+----+-----+-----------+
    |Total                              | 404|  64|  278|          0|
    +-----------------------------------+----+----+-----+-----------+



================================================================
== Interface
================================================================
* Summary: 
+---------------------------------------+-----+-----+------------+----------------------------------+--------------+
|               RTL Ports               | Dir | Bits|  Protocol  |           Source Object          |    C Type    |
+---------------------------------------+-----+-----+------------+----------------------------------+--------------+
|ap_clk                                 |   in|    1|  ap_ctrl_hs|  dbscan_Pipeline_VITIS_LOOP_137_4|  return value|
|ap_rst                                 |   in|    1|  ap_ctrl_hs|  dbscan_Pipeline_VITIS_LOOP_137_4|  return value|
|ap_start                               |   in|    1|  ap_ctrl_hs|  dbscan_Pipeline_VITIS_LOOP_137_4|  return value|
|ap_done                                |  out|    1|  ap_ctrl_hs|  dbscan_Pipeline_VITIS_LOOP_137_4|  return value|
|ap_idle                                |  out|    1|  ap_ctrl_hs|  dbscan_Pipeline_VITIS_LOOP_137_4|  return value|
|ap_ready                               |  out|    1|  ap_ctrl_hs|  dbscan_Pipeline_VITIS_LOOP_137_4|  return value|
|grp_fu_335_p_din0                      |  out|   18|  ap_ctrl_hs|  dbscan_Pipeline_VITIS_LOOP_137_4|  return value|
|grp_fu_335_p_din1                      |  out|   32|  ap_ctrl_hs|  dbscan_Pipeline_VITIS_LOOP_137_4|  return value|
|grp_fu_335_p_dout0                     |   in|   32|  ap_ctrl_hs|  dbscan_Pipeline_VITIS_LOOP_137_4|  return value|
|grp_fu_335_p_ce                        |  out|    1|  ap_ctrl_hs|  dbscan_Pipeline_VITIS_LOOP_137_4|  return value|
|grp_fu_345_p_din0                      |  out|   18|  ap_ctrl_hs|  dbscan_Pipeline_VITIS_LOOP_137_4|  return value|
|grp_fu_345_p_din1                      |  out|   32|  ap_ctrl_hs|  dbscan_Pipeline_VITIS_LOOP_137_4|  return value|
|grp_fu_345_p_dout0                     |   in|   32|  ap_ctrl_hs|  dbscan_Pipeline_VITIS_LOOP_137_4|  return value|
|grp_fu_345_p_ce                        |  out|    1|  ap_ctrl_hs|  dbscan_Pipeline_VITIS_LOOP_137_4|  return value|
|grp_sqrt_fixed_32_32_s_fu_664_p_din1   |  out|   32|  ap_ctrl_hs|  dbscan_Pipeline_VITIS_LOOP_137_4|  return value|
|grp_sqrt_fixed_32_32_s_fu_664_p_dout0  |   in|   16|  ap_ctrl_hs|  dbscan_Pipeline_VITIS_LOOP_137_4|  return value|
|neighbor_id                            |   in|    9|     ap_none|                       neighbor_id|        scalar|
|data_address0                          |  out|    9|   ap_memory|                              data|         array|
|data_ce0                               |  out|    1|   ap_memory|                              data|         array|
|data_q0                                |   in|   32|   ap_memory|                              data|         array|
|mul_ln97_2                             |   in|   32|     ap_none|                        mul_ln97_2|        scalar|
|mul_ln98_2                             |   in|   32|     ap_none|                        mul_ln98_2|        scalar|
|new_neighbor_count_out                 |  out|   32|      ap_vld|            new_neighbor_count_out|       pointer|
|new_neighbor_count_out_ap_vld          |  out|    1|      ap_vld|            new_neighbor_count_out|       pointer|
|sin_values_address0                    |  out|    9|   ap_memory|                        sin_values|         array|
|sin_values_ce0                         |  out|    1|   ap_memory|                        sin_values|         array|
|sin_values_q0                          |   in|   18|   ap_memory|                        sin_values|         array|
|cos_values_address0                    |  out|    9|   ap_memory|                        cos_values|         array|
|cos_values_ce0                         |  out|    1|   ap_memory|                        cos_values|         array|
|cos_values_q0                          |   in|   18|   ap_memory|                        cos_values|         array|
+---------------------------------------+-----+-----+------------+----------------------------------+--------------+

============================================================
+ Verbose Summary: Synthesis Manager
============================================================
InlineROM: 1
ExposeGlobal: 0
============================================================
+ Verbose Summary: CDFG Model
============================================================
IsTopModel: 0
ResetActiveHigh: 1
IsCombinational: 2
IsDatapathOnly: 2
HasWiredReturn: 1
HasMFsm: 2
HasVarLatency: 1
IsPipeline: 0
IsRtlPipelined: 0
IsInstanceOverlapped: 0
IsDontTouch: 0
HasImplIP: 0
IsGatedGlobalClock: 0

+ Individual pipeline summary: 
  * Pipeline-0: initiation interval (II) = 1, depth = 19


============================================================
+ Verbose Summary: Schedule
============================================================
* Number of FSM states : 19
* Pipeline : 1
  Pipeline-0 : II = 1, D = 19, States = { 1 2 3 4 5 6 7 8 9 10 11 12 13 14 15 16 17 18 19 }
* Dataflow Pipeline: 0

* FSM state transitions: 
1 --> 2 
2 --> 3 
3 --> 4 
4 --> 5 
5 --> 6 
6 --> 7 
7 --> 8 
8 --> 9 
9 --> 10 
10 --> 11 
11 --> 12 
12 --> 13 
13 --> 14 
14 --> 15 
15 --> 16 
16 --> 17 
17 --> 18 
18 --> 19 
19 --> 

* FSM state operations: 

State 1 <SV = 0> <Delay = 3.41>
ST_1 : Operation 22 [1/1] (0.00ns)   --->   "%l = alloca i32 1"   --->   Operation 22 'alloca' 'l' <Predicate = true> <Delay = 0.00>
ST_1 : Operation 23 [1/1] (0.00ns)   --->   "%new_neighbor_count = alloca i32 1"   --->   Operation 23 'alloca' 'new_neighbor_count' <Predicate = true> <Delay = 0.00>
ST_1 : Operation 24 [1/1] (0.00ns)   --->   "%mul_ln98_2_read = read i32 @_ssdm_op_Read.ap_auto.i32, i32 %mul_ln98_2"   --->   Operation 24 'read' 'mul_ln98_2_read' <Predicate = true> <Delay = 0.00>
ST_1 : Operation 25 [1/1] (0.00ns)   --->   "%mul_ln97_2_read = read i32 @_ssdm_op_Read.ap_auto.i32, i32 %mul_ln97_2"   --->   Operation 25 'read' 'mul_ln97_2_read' <Predicate = true> <Delay = 0.00>
ST_1 : Operation 26 [1/1] (0.00ns)   --->   "%neighbor_id_read = read i9 @_ssdm_op_Read.ap_auto.i9, i9 %neighbor_id"   --->   Operation 26 'read' 'neighbor_id_read' <Predicate = true> <Delay = 0.00>
ST_1 : Operation 27 [1/1] (1.58ns)   --->   "%store_ln0 = store i32 0, i32 %new_neighbor_count"   --->   Operation 27 'store' 'store_ln0' <Predicate = true> <Delay = 1.58>
ST_1 : Operation 28 [1/1] (1.58ns)   --->   "%store_ln0 = store i9 0, i9 %l"   --->   Operation 28 'store' 'store_ln0' <Predicate = true> <Delay = 1.58>
ST_1 : Operation 29 [1/1] (0.00ns)   --->   "%br_ln0 = br void %for.body35"   --->   Operation 29 'br' 'br_ln0' <Predicate = true> <Delay = 0.00>
ST_1 : Operation 30 [1/1] (0.00ns)   --->   "%l_1 = load i9 %l" [cluster2.cpp:137]   --->   Operation 30 'load' 'l_1' <Predicate = true> <Delay = 0.00>
ST_1 : Operation 31 [1/1] (0.00ns)   --->   "%specpipeline_ln0 = specpipeline void @_ssdm_op_SpecPipeline, i32 4294967295, i32 0, i32 1, i32 0, void @p_str"   --->   Operation 31 'specpipeline' 'specpipeline_ln0' <Predicate = true> <Delay = 0.00>
ST_1 : Operation 32 [1/1] (1.66ns)   --->   "%icmp_ln137 = icmp_eq  i9 %l_1, i9 360" [cluster2.cpp:137]   --->   Operation 32 'icmp' 'icmp_ln137' <Predicate = true> <Delay = 1.66> <CoreInst = "Cmp">   --->   Core 9 'Cmp' <Latency = 0> <II = 1> <Delay = 1.66> <FuncUnit> <Opcode : 'icmp'> <InPorts = 2> <OutPorts = 1>
ST_1 : Operation 33 [1/1] (0.00ns)   --->   "%empty = speclooptripcount i32 @_ssdm_op_SpecLoopTripCount, i64 360, i64 360, i64 360"   --->   Operation 33 'speclooptripcount' 'empty' <Predicate = true> <Delay = 0.00>
ST_1 : Operation 34 [1/1] (1.82ns)   --->   "%add_ln137 = add i9 %l_1, i9 1" [cluster2.cpp:137]   --->   Operation 34 'add' 'add_ln137' <Predicate = true> <Delay = 1.82> <CoreInst = "Adder">   --->   Core 1 'Adder' <Latency = 0> <II = 1> <Delay = 1.82> <FuncUnit> <Opcode : 'add' 'sub'> <InPorts = 2> <OutPorts = 1>
ST_1 : Operation 35 [1/1] (0.00ns)   --->   "%br_ln137 = br i1 %icmp_ln137, void %for.body35.split, void %for.end47.exitStub" [cluster2.cpp:137]   --->   Operation 35 'br' 'br_ln137' <Predicate = true> <Delay = 0.00>
ST_1 : Operation 36 [1/1] (0.00ns)   --->   "%l_cast = zext i9 %l_1" [cluster2.cpp:137]   --->   Operation 36 'zext' 'l_cast' <Predicate = (!icmp_ln137)> <Delay = 0.00>
ST_1 : Operation 37 [1/1] (0.00ns)   --->   "%specloopname_ln136 = specloopname void @_ssdm_op_SpecLoopName, void @empty_7" [cluster2.cpp:136]   --->   Operation 37 'specloopname' 'specloopname_ln136' <Predicate = (!icmp_ln137)> <Delay = 0.00>
ST_1 : Operation 38 [1/1] (1.66ns)   --->   "%icmp_ln138 = icmp_eq  i9 %l_1, i9 %neighbor_id_read" [cluster2.cpp:138]   --->   Operation 38 'icmp' 'icmp_ln138' <Predicate = (!icmp_ln137)> <Delay = 1.66> <CoreInst = "Cmp">   --->   Core 9 'Cmp' <Latency = 0> <II = 1> <Delay = 1.66> <FuncUnit> <Opcode : 'icmp'> <InPorts = 2> <OutPorts = 1>
ST_1 : Operation 39 [1/1] (0.00ns)   --->   "%br_ln138 = br i1 %icmp_ln138, void %if.end38, void %for.inc45" [cluster2.cpp:138]   --->   Operation 39 'br' 'br_ln138' <Predicate = (!icmp_ln137)> <Delay = 0.00>
ST_1 : Operation 40 [1/1] (0.00ns)   --->   "%data_addr = getelementptr i32 %data, i64 0, i64 %l_cast" [cluster2.cpp:97]   --->   Operation 40 'getelementptr' 'data_addr' <Predicate = (!icmp_ln137 & !icmp_ln138)> <Delay = 0.00>
ST_1 : Operation 41 [2/2] (3.25ns)   --->   "%data_load = load i9 %data_addr" [cluster2.cpp:97]   --->   Operation 41 'load' 'data_load' <Predicate = (!icmp_ln137 & !icmp_ln138)> <Delay = 3.25> <CoreInst = "RAM">   --->   Core 82 'RAM' <Latency = 1> <II = 1> <Delay = 3.25> <Storage> <Opcode : 'load' 'store'> <Ports = 2> <Width = 32> <Depth = 360> <RAM>
ST_1 : Operation 42 [1/1] (0.00ns)   --->   "%sin_values_addr = getelementptr i18 %sin_values, i64 0, i64 %l_cast" [cluster2.cpp:97]   --->   Operation 42 'getelementptr' 'sin_values_addr' <Predicate = (!icmp_ln137 & !icmp_ln138)> <Delay = 0.00>
ST_1 : Operation 43 [2/2] (3.25ns)   --->   "%sin_values_load = load i9 %sin_values_addr" [cluster2.cpp:97]   --->   Operation 43 'load' 'sin_values_load' <Predicate = (!icmp_ln137 & !icmp_ln138)> <Delay = 3.25> <CoreInst = "ROM">   --->   Core 95 'ROM' <Latency = 1> <II = 1> <Delay = 3.25> <Storage> <Opcode : 'load'> <Ports = 0> <Width = 18> <Depth = 360> <ROM>
ST_1 : Operation 44 [1/1] (0.00ns)   --->   "%cos_values_addr = getelementptr i18 %cos_values, i64 0, i64 %l_cast" [cluster2.cpp:98]   --->   Operation 44 'getelementptr' 'cos_values_addr' <Predicate = (!icmp_ln137 & !icmp_ln138)> <Delay = 0.00>
ST_1 : Operation 45 [2/2] (3.25ns)   --->   "%cos_values_load = load i9 %cos_values_addr" [cluster2.cpp:98]   --->   Operation 45 'load' 'cos_values_load' <Predicate = (!icmp_ln137 & !icmp_ln138)> <Delay = 3.25> <CoreInst = "ROM">   --->   Core 95 'ROM' <Latency = 1> <II = 1> <Delay = 3.25> <Storage> <Opcode : 'load'> <Ports = 0> <Width = 18> <Depth = 360> <ROM>
ST_1 : Operation 46 [1/1] (1.58ns)   --->   "%store_ln137 = store i9 %add_ln137, i9 %l" [cluster2.cpp:137]   --->   Operation 46 'store' 'store_ln137' <Predicate = (!icmp_ln137)> <Delay = 1.58>
ST_1 : Operation 47 [1/1] (0.00ns)   --->   "%br_ln137 = br void %for.body35" [cluster2.cpp:137]   --->   Operation 47 'br' 'br_ln137' <Predicate = (!icmp_ln137)> <Delay = 0.00>

State 2 <SV = 1> <Delay = 3.25>
ST_2 : Operation 48 [1/2] (3.25ns)   --->   "%data_load = load i9 %data_addr" [cluster2.cpp:97]   --->   Operation 48 'load' 'data_load' <Predicate = (!icmp_ln138)> <Delay = 3.25> <CoreInst = "RAM">   --->   Core 82 'RAM' <Latency = 1> <II = 1> <Delay = 3.25> <Storage> <Opcode : 'load' 'store'> <Ports = 2> <Width = 32> <Depth = 360> <RAM>
ST_2 : Operation 49 [1/2] (3.25ns)   --->   "%sin_values_load = load i9 %sin_values_addr" [cluster2.cpp:97]   --->   Operation 49 'load' 'sin_values_load' <Predicate = (!icmp_ln138)> <Delay = 3.25> <CoreInst = "ROM">   --->   Core 95 'ROM' <Latency = 1> <II = 1> <Delay = 3.25> <Storage> <Opcode : 'load'> <Ports = 0> <Width = 18> <Depth = 360> <ROM>
ST_2 : Operation 50 [1/2] (3.25ns)   --->   "%cos_values_load = load i9 %cos_values_addr" [cluster2.cpp:98]   --->   Operation 50 'load' 'cos_values_load' <Predicate = (!icmp_ln138)> <Delay = 3.25> <CoreInst = "ROM">   --->   Core 95 'ROM' <Latency = 1> <II = 1> <Delay = 3.25> <Storage> <Opcode : 'load'> <Ports = 0> <Width = 18> <Depth = 360> <ROM>

State 3 <SV = 2> <Delay = 6.91>
ST_3 : Operation 51 [1/1] (0.00ns)   --->   "%sext_ln97 = sext i18 %sin_values_load" [cluster2.cpp:97]   --->   Operation 51 'sext' 'sext_ln97' <Predicate = (!icmp_ln138)> <Delay = 0.00>
ST_3 : Operation 52 [2/2] (6.91ns)   --->   "%mul_ln97 = mul i32 %sext_ln97, i32 %data_load" [cluster2.cpp:97]   --->   Operation 52 'mul' 'mul_ln97' <Predicate = (!icmp_ln138)> <Delay = 6.91> <CoreInst = "Multiplier">   --->   Core 3 'Multiplier' <Latency = 1> <II = 1> <Delay = 6.91> <FuncUnit> <Opcode : 'mul'> <InPorts = 2> <OutPorts = 1>
ST_3 : Operation 53 [1/1] (0.00ns)   --->   "%sext_ln98 = sext i18 %cos_values_load" [cluster2.cpp:98]   --->   Operation 53 'sext' 'sext_ln98' <Predicate = (!icmp_ln138)> <Delay = 0.00>
ST_3 : Operation 54 [2/2] (6.91ns)   --->   "%mul_ln98 = mul i32 %sext_ln98, i32 %data_load" [cluster2.cpp:98]   --->   Operation 54 'mul' 'mul_ln98' <Predicate = (!icmp_ln138)> <Delay = 6.91> <CoreInst = "Multiplier">   --->   Core 3 'Multiplier' <Latency = 1> <II = 1> <Delay = 6.91> <FuncUnit> <Opcode : 'mul'> <InPorts = 2> <OutPorts = 1>

State 4 <SV = 3> <Delay = 6.91>
ST_4 : Operation 55 [1/2] (6.91ns)   --->   "%mul_ln97 = mul i32 %sext_ln97, i32 %data_load" [cluster2.cpp:97]   --->   Operation 55 'mul' 'mul_ln97' <Predicate = (!icmp_ln138)> <Delay = 6.91> <CoreInst = "Multiplier">   --->   Core 3 'Multiplier' <Latency = 1> <II = 1> <Delay = 6.91> <FuncUnit> <Opcode : 'mul'> <InPorts = 2> <OutPorts = 1>
ST_4 : Operation 56 [1/2] (6.91ns)   --->   "%mul_ln98 = mul i32 %sext_ln98, i32 %data_load" [cluster2.cpp:98]   --->   Operation 56 'mul' 'mul_ln98' <Predicate = (!icmp_ln138)> <Delay = 6.91> <CoreInst = "Multiplier">   --->   Core 3 'Multiplier' <Latency = 1> <II = 1> <Delay = 6.91> <FuncUnit> <Opcode : 'mul'> <InPorts = 2> <OutPorts = 1>

State 5 <SV = 4> <Delay = 4.70>
ST_5 : Operation 57 [1/1] (2.55ns)   --->   "%sub_ln97 = sub i32 %mul_ln97_2_read, i32 %mul_ln97" [cluster2.cpp:97]   --->   Operation 57 'sub' 'sub_ln97' <Predicate = (!icmp_ln138)> <Delay = 2.55> <CoreInst = "Adder">   --->   Core 1 'Adder' <Latency = 0> <II = 1> <Delay = 2.55> <FuncUnit> <Opcode : 'add' 'sub'> <InPorts = 2> <OutPorts = 1>
ST_5 : Operation 58 [1/1] (0.00ns)   --->   "%dx = partselect i16 @_ssdm_op_PartSelect.i16.i32.i32.i32, i32 %sub_ln97, i32 16, i32 31" [cluster2.cpp:97]   --->   Operation 58 'partselect' 'dx' <Predicate = (!icmp_ln138)> <Delay = 0.00>
ST_5 : Operation 59 [1/1] (2.55ns)   --->   "%sub_ln98 = sub i32 %mul_ln98_2_read, i32 %mul_ln98" [cluster2.cpp:98]   --->   Operation 59 'sub' 'sub_ln98' <Predicate = (!icmp_ln138)> <Delay = 2.55> <CoreInst = "Adder">   --->   Core 1 'Adder' <Latency = 0> <II = 1> <Delay = 2.55> <FuncUnit> <Opcode : 'add' 'sub'> <InPorts = 2> <OutPorts = 1>
ST_5 : Operation 60 [1/1] (0.00ns)   --->   "%dy = partselect i16 @_ssdm_op_PartSelect.i16.i32.i32.i32, i32 %sub_ln98, i32 16, i32 31" [cluster2.cpp:98]   --->   Operation 60 'partselect' 'dy' <Predicate = (!icmp_ln138)> <Delay = 0.00>
ST_5 : Operation 61 [1/1] (0.00ns)   --->   "%sext_ln98_1 = sext i16 %dy" [cluster2.cpp:98]   --->   Operation 61 'sext' 'sext_ln98_1' <Predicate = (!icmp_ln138)> <Delay = 0.00>
ST_5 : Operation 62 [4/4] (2.15ns) (root node of the DSP)   --->   "%mul_ln99_1 = mul i32 %sext_ln98_1, i32 %sext_ln98_1" [cluster2.cpp:99]   --->   Operation 62 'mul' 'mul_ln99_1' <Predicate = (!icmp_ln138)> <Delay = 2.15> <CoreInst = "DSP48">   --->   Core 119 'DSP48' <Latency = 3> <II = 1> <Delay = 2.15> <IPBlock> <Opcode : 'mul' 'add' 'sub' 'select'> <InPorts = 0> <OutPorts = 1> <Sync> <CReg>

State 6 <SV = 5> <Delay = 2.15>
ST_6 : Operation 63 [1/1] (0.00ns)   --->   "%sext_ln97_1 = sext i16 %dx" [cluster2.cpp:97]   --->   Operation 63 'sext' 'sext_ln97_1' <Predicate = (!icmp_ln138)> <Delay = 0.00>
ST_6 : Operation 64 [3/3] (1.05ns) (grouped into DSP with root node xf_V)   --->   "%mul_ln99 = mul i32 %sext_ln97_1, i32 %sext_ln97_1" [cluster2.cpp:99]   --->   Operation 64 'mul' 'mul_ln99' <Predicate = (!icmp_ln138)> <Delay = 1.05> <CoreInst = "DSP48">   --->   Core 119 'DSP48' <Latency = 3> <II = 1> <Delay = 2.15> <IPBlock> <Opcode : 'mul' 'add' 'sub' 'select'> <InPorts = 0> <OutPorts = 1> <Sync> <CReg>
ST_6 : Operation 65 [3/4] (2.15ns) (root node of the DSP)   --->   "%mul_ln99_1 = mul i32 %sext_ln98_1, i32 %sext_ln98_1" [cluster2.cpp:99]   --->   Operation 65 'mul' 'mul_ln99_1' <Predicate = (!icmp_ln138)> <Delay = 2.15> <CoreInst = "DSP48">   --->   Core 119 'DSP48' <Latency = 3> <II = 1> <Delay = 2.15> <IPBlock> <Opcode : 'mul' 'add' 'sub' 'select'> <InPorts = 0> <OutPorts = 1> <Sync> <CReg>

State 7 <SV = 6> <Delay = 2.15>
ST_7 : Operation 66 [2/3] (1.05ns) (grouped into DSP with root node xf_V)   --->   "%mul_ln99 = mul i32 %sext_ln97_1, i32 %sext_ln97_1" [cluster2.cpp:99]   --->   Operation 66 'mul' 'mul_ln99' <Predicate = (!icmp_ln138)> <Delay = 1.05> <CoreInst = "DSP48">   --->   Core 119 'DSP48' <Latency = 3> <II = 1> <Delay = 2.15> <IPBlock> <Opcode : 'mul' 'add' 'sub' 'select'> <InPorts = 0> <OutPorts = 1> <Sync> <CReg>
ST_7 : Operation 67 [2/4] (2.15ns) (root node of the DSP)   --->   "%mul_ln99_1 = mul i32 %sext_ln98_1, i32 %sext_ln98_1" [cluster2.cpp:99]   --->   Operation 67 'mul' 'mul_ln99_1' <Predicate = (!icmp_ln138)> <Delay = 2.15> <CoreInst = "DSP48">   --->   Core 119 'DSP48' <Latency = 3> <II = 1> <Delay = 2.15> <IPBlock> <Opcode : 'mul' 'add' 'sub' 'select'> <InPorts = 0> <OutPorts = 1> <Sync> <CReg>

State 8 <SV = 7> <Delay = 2.10>
ST_8 : Operation 68 [1/3] (0.00ns) (grouped into DSP with root node xf_V)   --->   "%mul_ln99 = mul i32 %sext_ln97_1, i32 %sext_ln97_1" [cluster2.cpp:99]   --->   Operation 68 'mul' 'mul_ln99' <Predicate = (!icmp_ln138)> <Delay = 0.00> <CoreInst = "DSP48">   --->   Core 119 'DSP48' <Latency = 3> <II = 1> <Delay = 2.15> <IPBlock> <Opcode : 'mul' 'add' 'sub' 'select'> <InPorts = 0> <OutPorts = 1> <Sync> <CReg>
ST_8 : Operation 69 [1/4] (0.00ns) (root node of the DSP)   --->   "%mul_ln99_1 = mul i32 %sext_ln98_1, i32 %sext_ln98_1" [cluster2.cpp:99]   --->   Operation 69 'mul' 'mul_ln99_1' <Predicate = (!icmp_ln138)> <Delay = 0.00> <CoreInst = "DSP48">   --->   Core 119 'DSP48' <Latency = 3> <II = 1> <Delay = 2.15> <IPBlock> <Opcode : 'mul' 'add' 'sub' 'select'> <InPorts = 0> <OutPorts = 1> <Sync> <CReg>
ST_8 : Operation 70 [2/2] (2.10ns) (root node of the DSP)   --->   "%xf_V = add i32 %mul_ln99_1, i32 %mul_ln99" [cluster2.cpp:99]   --->   Operation 70 'add' 'xf_V' <Predicate = (!icmp_ln138)> <Delay = 2.10> <CoreInst = "DSP48">   --->   Core 119 'DSP48' <Latency = 3> <II = 1> <Delay = 2.15> <IPBlock> <Opcode : 'mul' 'add' 'sub' 'select'> <InPorts = 0> <OutPorts = 1> <Sync> <CReg>

State 9 <SV = 8> <Delay = 2.10>
ST_9 : Operation 71 [1/2] (2.10ns) (root node of the DSP)   --->   "%xf_V = add i32 %mul_ln99_1, i32 %mul_ln99" [cluster2.cpp:99]   --->   Operation 71 'add' 'xf_V' <Predicate = (!icmp_ln138)> <Delay = 2.10> <CoreInst = "DSP48">   --->   Core 119 'DSP48' <Latency = 3> <II = 1> <Delay = 2.15> <IPBlock> <Opcode : 'mul' 'add' 'sub' 'select'> <InPorts = 0> <OutPorts = 1> <Sync> <CReg>

State 10 <SV = 9> <Delay = 7.12>
ST_10 : Operation 72 [9/9] (7.12ns)   --->   "%p_Val2_s = call i16 @sqrt_fixed<32, 32>, i32 %xf_V" [C:\scratch\2022.2\hls_product\608\2022.2\src\shared\hls\clib/hlsmath/include\hls_sqrt_apfixed.h:381]   --->   Operation 72 'call' 'p_Val2_s' <Predicate = (!icmp_ln138)> <Delay = 7.12> <CoreType = "Generic">   --->   Core 0 '' <Latency = 0> <II = 1> <Delay = 1.00> <Generic> <Opcode : >

State 11 <SV = 10> <Delay = 7.15>
ST_11 : Operation 73 [8/9] (7.15ns)   --->   "%p_Val2_s = call i16 @sqrt_fixed<32, 32>, i32 %xf_V" [C:\scratch\2022.2\hls_product\608\2022.2\src\shared\hls\clib/hlsmath/include\hls_sqrt_apfixed.h:381]   --->   Operation 73 'call' 'p_Val2_s' <Predicate = (!icmp_ln138)> <Delay = 7.15> <CoreType = "Generic">   --->   Core 0 '' <Latency = 0> <II = 1> <Delay = 1.00> <Generic> <Opcode : >

State 12 <SV = 11> <Delay = 7.15>
ST_12 : Operation 74 [7/9] (7.15ns)   --->   "%p_Val2_s = call i16 @sqrt_fixed<32, 32>, i32 %xf_V" [C:\scratch\2022.2\hls_product\608\2022.2\src\shared\hls\clib/hlsmath/include\hls_sqrt_apfixed.h:381]   --->   Operation 74 'call' 'p_Val2_s' <Predicate = (!icmp_ln138)> <Delay = 7.15> <CoreType = "Generic">   --->   Core 0 '' <Latency = 0> <II = 1> <Delay = 1.00> <Generic> <Opcode : >

State 13 <SV = 12> <Delay = 7.15>
ST_13 : Operation 75 [6/9] (7.15ns)   --->   "%p_Val2_s = call i16 @sqrt_fixed<32, 32>, i32 %xf_V" [C:\scratch\2022.2\hls_product\608\2022.2\src\shared\hls\clib/hlsmath/include\hls_sqrt_apfixed.h:381]   --->   Operation 75 'call' 'p_Val2_s' <Predicate = (!icmp_ln138)> <Delay = 7.15> <CoreType = "Generic">   --->   Core 0 '' <Latency = 0> <II = 1> <Delay = 1.00> <Generic> <Opcode : >

State 14 <SV = 13> <Delay = 7.15>
ST_14 : Operation 76 [5/9] (7.15ns)   --->   "%p_Val2_s = call i16 @sqrt_fixed<32, 32>, i32 %xf_V" [C:\scratch\2022.2\hls_product\608\2022.2\src\shared\hls\clib/hlsmath/include\hls_sqrt_apfixed.h:381]   --->   Operation 76 'call' 'p_Val2_s' <Predicate = (!icmp_ln138)> <Delay = 7.15> <CoreType = "Generic">   --->   Core 0 '' <Latency = 0> <II = 1> <Delay = 1.00> <Generic> <Opcode : >

State 15 <SV = 14> <Delay = 7.15>
ST_15 : Operation 77 [4/9] (7.15ns)   --->   "%p_Val2_s = call i16 @sqrt_fixed<32, 32>, i32 %xf_V" [C:\scratch\2022.2\hls_product\608\2022.2\src\shared\hls\clib/hlsmath/include\hls_sqrt_apfixed.h:381]   --->   Operation 77 'call' 'p_Val2_s' <Predicate = (!icmp_ln138)> <Delay = 7.15> <CoreType = "Generic">   --->   Core 0 '' <Latency = 0> <II = 1> <Delay = 1.00> <Generic> <Opcode : >

State 16 <SV = 15> <Delay = 7.15>
ST_16 : Operation 78 [3/9] (7.15ns)   --->   "%p_Val2_s = call i16 @sqrt_fixed<32, 32>, i32 %xf_V" [C:\scratch\2022.2\hls_product\608\2022.2\src\shared\hls\clib/hlsmath/include\hls_sqrt_apfixed.h:381]   --->   Operation 78 'call' 'p_Val2_s' <Predicate = (!icmp_ln138)> <Delay = 7.15> <CoreType = "Generic">   --->   Core 0 '' <Latency = 0> <II = 1> <Delay = 1.00> <Generic> <Opcode : >

State 17 <SV = 16> <Delay = 7.15>
ST_17 : Operation 79 [2/9] (7.15ns)   --->   "%p_Val2_s = call i16 @sqrt_fixed<32, 32>, i32 %xf_V" [C:\scratch\2022.2\hls_product\608\2022.2\src\shared\hls\clib/hlsmath/include\hls_sqrt_apfixed.h:381]   --->   Operation 79 'call' 'p_Val2_s' <Predicate = (!icmp_ln138)> <Delay = 7.15> <CoreType = "Generic">   --->   Core 0 '' <Latency = 0> <II = 1> <Delay = 1.00> <Generic> <Opcode : >

State 18 <SV = 17> <Delay = 6.54>
ST_18 : Operation 80 [1/9] (6.54ns)   --->   "%p_Val2_s = call i16 @sqrt_fixed<32, 32>, i32 %xf_V" [C:\scratch\2022.2\hls_product\608\2022.2\src\shared\hls\clib/hlsmath/include\hls_sqrt_apfixed.h:381]   --->   Operation 80 'call' 'p_Val2_s' <Predicate = (!icmp_ln138)> <Delay = 6.54> <CoreType = "Generic">   --->   Core 0 '' <Latency = 0> <II = 1> <Delay = 1.00> <Generic> <Opcode : >
ST_18 : Operation 87 [1/1] (0.00ns)   --->   "%new_neighbor_count_load_1 = load i32 %new_neighbor_count"   --->   Operation 87 'load' 'new_neighbor_count_load_1' <Predicate = (icmp_ln137)> <Delay = 0.00>
ST_18 : Operation 88 [1/1] (0.00ns)   --->   "%write_ln0 = write void @_ssdm_op_Write.ap_auto.i32P0A, i32 %new_neighbor_count_out, i32 %new_neighbor_count_load_1"   --->   Operation 88 'write' 'write_ln0' <Predicate = (icmp_ln137)> <Delay = 0.00>
ST_18 : Operation 89 [1/1] (0.00ns)   --->   "%ret_ln0 = ret"   --->   Operation 89 'ret' 'ret_ln0' <Predicate = (icmp_ln137)> <Delay = 0.00>

State 19 <SV = 18> <Delay = 4.83>
ST_19 : Operation 81 [1/1] (0.00ns)   --->   "%new_neighbor_count_load = load i32 %new_neighbor_count" [cluster2.cpp:145]   --->   Operation 81 'load' 'new_neighbor_count_load' <Predicate = (!icmp_ln138)> <Delay = 0.00>
ST_19 : Operation 82 [1/1] (2.42ns)   --->   "%icmp_ln144 = icmp_ult  i16 %p_Val2_s, i16 551" [cluster2.cpp:144]   --->   Operation 82 'icmp' 'icmp_ln144' <Predicate = (!icmp_ln138)> <Delay = 2.42> <CoreInst = "Cmp">   --->   Core 9 'Cmp' <Latency = 0> <II = 1> <Delay = 2.42> <FuncUnit> <Opcode : 'icmp'> <InPorts = 2> <OutPorts = 1>
ST_19 : Operation 83 [1/1] (2.55ns)   --->   "%add_ln145 = add i32 %new_neighbor_count_load, i32 1" [cluster2.cpp:145]   --->   Operation 83 'add' 'add_ln145' <Predicate = (!icmp_ln138)> <Delay = 2.55> <CoreInst = "Adder">   --->   Core 1 'Adder' <Latency = 0> <II = 1> <Delay = 2.55> <FuncUnit> <Opcode : 'add' 'sub'> <InPorts = 2> <OutPorts = 1>
ST_19 : Operation 84 [1/1] (0.69ns)   --->   "%new_neighbor_count_1 = select i1 %icmp_ln144, i32 %add_ln145, i32 %new_neighbor_count_load" [cluster2.cpp:144]   --->   Operation 84 'select' 'new_neighbor_count_1' <Predicate = (!icmp_ln138)> <Delay = 0.69> <CoreInst = "Sel">   --->   Core 73 'Sel' <Latency = 0> <II = 1> <Delay = 0.69> <FuncUnit> <Opcode : 'select'> <InPorts = 3> <OutPorts = 1>
ST_19 : Operation 85 [1/1] (1.58ns)   --->   "%store_ln147 = store i32 %new_neighbor_count_1, i32 %new_neighbor_count" [cluster2.cpp:147]   --->   Operation 85 'store' 'store_ln147' <Predicate = (!icmp_ln138)> <Delay = 1.58>
ST_19 : Operation 86 [1/1] (0.00ns)   --->   "%br_ln147 = br void %for.inc45" [cluster2.cpp:147]   --->   Operation 86 'br' 'br_ln147' <Predicate = (!icmp_ln138)> <Delay = 0.00>


============================================================
+ Verbose Summary: Binding
============================================================
STG Binding: 
---------------- STG Properties BEGIN ----------------
- Is combinational: 0
- Is one-state seq: 0
- Is datapath-only: 0
- Is pipelined: 0
- Is top level: 0
Port [ Return ] is wired: 1; IO mode=ap_ctrl_hs:ce=0
Port [ neighbor_id]:  wired=1; compound=0; hidden=0; nouse=0; global=0; static=0; extern=0; dir=0; type=0; pingpong=0; private_global=0; IO mode=ap_none:ce=0
Port [ data]:  wired=1; compound=1; hidden=0; nouse=0; global=0; static=0; extern=0; dir=0; type=1; pingpong=0; private_global=0; MemPort=[13]; IO mode=ap_memory:ce=0
Port [ mul_ln97_2]:  wired=1; compound=0; hidden=0; nouse=0; global=0; static=0; extern=0; dir=0; type=0; pingpong=0; private_global=0; IO mode=ap_none:ce=0
Port [ mul_ln98_2]:  wired=1; compound=0; hidden=0; nouse=0; global=0; static=0; extern=0; dir=0; type=0; pingpong=0; private_global=0; IO mode=ap_none:ce=0
Port [ new_neighbor_count_out]:  wired=1; compound=0; hidden=0; nouse=0; global=0; static=0; extern=0; dir=1; type=0; pingpong=0; private_global=0; IO mode=ap_vld:ce=0
Port [ sin_values]:  wired=1; compound=1; hidden=0; nouse=0; global=1; static=1; extern=0; dir=0; type=1; pingpong=0; private_global=0; MemPort=[1]; IO mode=ap_memory:ce=0
Port [ cos_values]:  wired=1; compound=1; hidden=0; nouse=0; global=1; static=1; extern=0; dir=0; type=1; pingpong=0; private_global=0; MemPort=[1]; IO mode=ap_memory:ce=0
---------------- STG Properties END ------------------

---------------- Datapath Model BEGIN ----------------

<LifeTime>
<method=bitvector/>
l                         (alloca           ) [ 01000000000000000000]
new_neighbor_count        (alloca           ) [ 01111111111111111111]
mul_ln98_2_read           (read             ) [ 01111100000000000000]
mul_ln97_2_read           (read             ) [ 01111100000000000000]
neighbor_id_read          (read             ) [ 00000000000000000000]
store_ln0                 (store            ) [ 00000000000000000000]
store_ln0                 (store            ) [ 00000000000000000000]
br_ln0                    (br               ) [ 00000000000000000000]
l_1                       (load             ) [ 00000000000000000000]
specpipeline_ln0          (specpipeline     ) [ 00000000000000000000]
icmp_ln137                (icmp             ) [ 01111111111111111110]
empty                     (speclooptripcount) [ 00000000000000000000]
add_ln137                 (add              ) [ 00000000000000000000]
br_ln137                  (br               ) [ 00000000000000000000]
l_cast                    (zext             ) [ 00000000000000000000]
specloopname_ln136        (specloopname     ) [ 00000000000000000000]
icmp_ln138                (icmp             ) [ 01111111111111111111]
br_ln138                  (br               ) [ 00000000000000000000]
data_addr                 (getelementptr    ) [ 01100000000000000000]
sin_values_addr           (getelementptr    ) [ 01100000000000000000]
cos_values_addr           (getelementptr    ) [ 01100000000000000000]
store_ln137               (store            ) [ 00000000000000000000]
br_ln137                  (br               ) [ 00000000000000000000]
data_load                 (load             ) [ 01011000000000000000]
sin_values_load           (load             ) [ 01010000000000000000]
cos_values_load           (load             ) [ 01010000000000000000]
sext_ln97                 (sext             ) [ 01001000000000000000]
sext_ln98                 (sext             ) [ 01001000000000000000]
mul_ln97                  (mul              ) [ 01000100000000000000]
mul_ln98                  (mul              ) [ 01000100000000000000]
sub_ln97                  (sub              ) [ 00000000000000000000]
dx                        (partselect       ) [ 01000010000000000000]
sub_ln98                  (sub              ) [ 00000000000000000000]
dy                        (partselect       ) [ 00000000000000000000]
sext_ln98_1               (sext             ) [ 01000011100000000000]
sext_ln97_1               (sext             ) [ 01000001100000000000]
mul_ln99                  (mul              ) [ 01000000010000000000]
mul_ln99_1                (mul              ) [ 01000000010000000000]
xf_V                      (add              ) [ 01000000001111111110]
p_Val2_s                  (call             ) [ 01000000000000000001]
new_neighbor_count_load   (load             ) [ 00000000000000000000]
icmp_ln144                (icmp             ) [ 00000000000000000000]
add_ln145                 (add              ) [ 00000000000000000000]
new_neighbor_count_1      (select           ) [ 00000000000000000000]
store_ln147               (store            ) [ 00000000000000000000]
br_ln147                  (br               ) [ 00000000000000000000]
new_neighbor_count_load_1 (load             ) [ 00000000000000000000]
write_ln0                 (write            ) [ 00000000000000000000]
ret_ln0                   (ret              ) [ 00000000000000000000]
</LifeTime>

<model>

<comp_list>
<comp id="0" class="1000" name="neighbor_id">
<pin_list>
<pin id="1" dir="1" index="0" bw="1" slack="0"/>
</pin_list>
<bind>
<StgValue><ssdm name="neighbor_id"/></StgValue>
</bind>
</comp>

<comp id="2" class="1000" name="data">
<pin_list>
<pin id="3" dir="1" index="0" bw="1" slack="0"/>
</pin_list>
<bind>
<StgValue><ssdm name="data"/><MemPortTyVec>1 3 </MemPortTyVec>
</StgValue>
</bind>
</comp>

<comp id="4" class="1000" name="mul_ln97_2">
<pin_list>
<pin id="5" dir="1" index="0" bw="1" slack="0"/>
</pin_list>
<bind>
<StgValue><ssdm name="mul_ln97_2"/></StgValue>
</bind>
</comp>

<comp id="6" class="1000" name="mul_ln98_2">
<pin_list>
<pin id="7" dir="1" index="0" bw="1" slack="0"/>
</pin_list>
<bind>
<StgValue><ssdm name="mul_ln98_2"/></StgValue>
</bind>
</comp>

<comp id="8" class="1000" name="new_neighbor_count_out">
<pin_list>
<pin id="9" dir="1" index="0" bw="1" slack="0"/>
</pin_list>
<bind>
<StgValue><ssdm name="new_neighbor_count_out"/></StgValue>
</bind>
</comp>

<comp id="10" class="1000" name="sin_values">
<pin_list>
<pin id="11" dir="1" index="0" bw="1" slack="0"/>
</pin_list>
<bind>
<StgValue><ssdm name="sin_values"/><MemPortTyVec>1 </MemPortTyVec>
</StgValue>
</bind>
</comp>

<comp id="12" class="1000" name="cos_values">
<pin_list>
<pin id="13" dir="1" index="0" bw="1" slack="0"/>
</pin_list>
<bind>
<StgValue><ssdm name="cos_values"/><MemPortTyVec>1 </MemPortTyVec>
</StgValue>
</bind>
</comp>

<comp id="14" class="1001" name="const_14">
<pin_list>
<pin id="15" dir="1" index="0" bw="1" slack="0"/>
</pin_list>
<bind>
<StgValue><ssdm name=""/></StgValue>
</bind>
</comp>

<comp id="16" class="1001" name="const_16">
<pin_list>
<pin id="17" dir="1" index="0" bw="1" slack="0"/>
</pin_list>
<bind>
<StgValue><ssdm name="_ssdm_op_Read.ap_auto.i32"/></StgValue>
</bind>
</comp>

<comp id="18" class="1001" name="const_18">
<pin_list>
<pin id="19" dir="1" index="0" bw="1" slack="0"/>
</pin_list>
<bind>
<StgValue><ssdm name="_ssdm_op_Read.ap_auto.i9"/></StgValue>
</bind>
</comp>

<comp id="20" class="1001" name="const_20">
<pin_list>
<pin id="21" dir="1" index="0" bw="1" slack="0"/>
</pin_list>
<bind>
<StgValue><ssdm name=""/></StgValue>
</bind>
</comp>

<comp id="22" class="1001" name="const_22">
<pin_list>
<pin id="23" dir="1" index="0" bw="1" slack="0"/>
</pin_list>
<bind>
<StgValue><ssdm name=""/></StgValue>
</bind>
</comp>

<comp id="24" class="1001" name="const_24">
<pin_list>
<pin id="25" dir="1" index="0" bw="1" slack="2147483647"/>
</pin_list>
<bind>
<StgValue><ssdm name="_ssdm_op_SpecPipeline"/></StgValue>
</bind>
</comp>

<comp id="26" class="1001" name="const_26">
<pin_list>
<pin id="27" dir="1" index="0" bw="1" slack="2147483647"/>
</pin_list>
<bind>
<StgValue><ssdm name=""/></StgValue>
</bind>
</comp>

<comp id="28" class="1001" name="const_28">
<pin_list>
<pin id="29" dir="1" index="0" bw="1" slack="2147483647"/>
</pin_list>
<bind>
<StgValue><ssdm name="p_str"/></StgValue>
</bind>
</comp>

<comp id="30" class="1001" name="const_30">
<pin_list>
<pin id="31" dir="1" index="0" bw="1" slack="0"/>
</pin_list>
<bind>
<StgValue><ssdm name=""/></StgValue>
</bind>
</comp>

<comp id="32" class="1001" name="const_32">
<pin_list>
<pin id="33" dir="1" index="0" bw="1" slack="2147483647"/>
</pin_list>
<bind>
<StgValue><ssdm name="_ssdm_op_SpecLoopTripCount"/></StgValue>
</bind>
</comp>

<comp id="34" class="1001" name="const_34">
<pin_list>
<pin id="35" dir="1" index="0" bw="1" slack="2147483647"/>
</pin_list>
<bind>
<StgValue><ssdm name=""/></StgValue>
</bind>
</comp>

<comp id="36" class="1001" name="const_36">
<pin_list>
<pin id="37" dir="1" index="0" bw="1" slack="0"/>
</pin_list>
<bind>
<StgValue><ssdm name=""/></StgValue>
</bind>
</comp>

<comp id="38" class="1001" name="const_38">
<pin_list>
<pin id="39" dir="1" index="0" bw="1" slack="2147483647"/>
</pin_list>
<bind>
<StgValue><ssdm name="_ssdm_op_SpecLoopName"/></StgValue>
</bind>
</comp>

<comp id="40" class="1001" name="const_40">
<pin_list>
<pin id="41" dir="1" index="0" bw="1" slack="2147483647"/>
</pin_list>
<bind>
<StgValue><ssdm name="empty_7"/></StgValue>
</bind>
</comp>

<comp id="42" class="1001" name="const_42">
<pin_list>
<pin id="43" dir="1" index="0" bw="1" slack="0"/>
</pin_list>
<bind>
<StgValue><ssdm name=""/></StgValue>
</bind>
</comp>

<comp id="44" class="1001" name="const_44">
<pin_list>
<pin id="45" dir="1" index="0" bw="1" slack="0"/>
</pin_list>
<bind>
<StgValue><ssdm name="_ssdm_op_PartSelect.i16.i32.i32.i32"/></StgValue>
</bind>
</comp>

<comp id="46" class="1001" name="const_46">
<pin_list>
<pin id="47" dir="1" index="0" bw="1" slack="0"/>
</pin_list>
<bind>
<StgValue><ssdm name=""/></StgValue>
</bind>
</comp>

<comp id="48" class="1001" name="const_48">
<pin_list>
<pin id="49" dir="1" index="0" bw="1" slack="0"/>
</pin_list>
<bind>
<StgValue><ssdm name=""/></StgValue>
</bind>
</comp>

<comp id="50" class="1001" name="const_50">
<pin_list>
<pin id="51" dir="1" index="0" bw="1" slack="0"/>
</pin_list>
<bind>
<StgValue><ssdm name="sqrt_fixed<32, 32>"/></StgValue>
</bind>
</comp>

<comp id="52" class="1001" name="const_52">
<pin_list>
<pin id="53" dir="1" index="0" bw="1" slack="0"/>
</pin_list>
<bind>
<StgValue><ssdm name=""/></StgValue>
</bind>
</comp>

<comp id="54" class="1001" name="const_54">
<pin_list>
<pin id="55" dir="1" index="0" bw="1" slack="0"/>
</pin_list>
<bind>
<StgValue><ssdm name="_ssdm_op_Write.ap_auto.i32P0A"/></StgValue>
</bind>
</comp>

<comp id="56" class="1004" name="l_fu_56">
<pin_list>
<pin id="57" dir="0" index="0" bw="1" slack="0"/>
<pin id="58" dir="1" index="1" bw="9" slack="0"/>
</pin_list>
<bind>
<opcode="alloca(26) " fcode="alloca"/>
<opset="l/1 "/>
</bind>
</comp>

<comp id="60" class="1004" name="new_neighbor_count_fu_60">
<pin_list>
<pin id="61" dir="0" index="0" bw="1" slack="0"/>
<pin id="62" dir="1" index="1" bw="32" slack="0"/>
</pin_list>
<bind>
<opcode="alloca(26) " fcode="alloca"/>
<opset="new_neighbor_count/1 "/>
</bind>
</comp>

<comp id="64" class="1004" name="mul_ln98_2_read_read_fu_64">
<pin_list>
<pin id="65" dir="0" index="0" bw="32" slack="0"/>
<pin id="66" dir="0" index="1" bw="32" slack="0"/>
<pin id="67" dir="1" index="2" bw="32" slack="4"/>
</pin_list>
<bind>
<opcode="read(1150) " fcode="read"/>
<opset="mul_ln98_2_read/1 "/>
</bind>
</comp>

<comp id="70" class="1004" name="mul_ln97_2_read_read_fu_70">
<pin_list>
<pin id="71" dir="0" index="0" bw="32" slack="0"/>
<pin id="72" dir="0" index="1" bw="32" slack="0"/>
<pin id="73" dir="1" index="2" bw="32" slack="4"/>
</pin_list>
<bind>
<opcode="read(1150) " fcode="read"/>
<opset="mul_ln97_2_read/1 "/>
</bind>
</comp>

<comp id="76" class="1004" name="neighbor_id_read_read_fu_76">
<pin_list>
<pin id="77" dir="0" index="0" bw="9" slack="0"/>
<pin id="78" dir="0" index="1" bw="9" slack="0"/>
<pin id="79" dir="1" index="2" bw="9" slack="0"/>
</pin_list>
<bind>
<opcode="read(1150) " fcode="read"/>
<opset="neighbor_id_read/1 "/>
</bind>
</comp>

<comp id="82" class="1004" name="write_ln0_write_fu_82">
<pin_list>
<pin id="83" dir="0" index="0" bw="0" slack="0"/>
<pin id="84" dir="0" index="1" bw="32" slack="0"/>
<pin id="85" dir="0" index="2" bw="32" slack="0"/>
<pin id="86" dir="1" index="3" bw="0" slack="2147483647"/>
</pin_list>
<bind>
<opcode="write(1151) " fcode="write"/>
<opset="write_ln0/18 "/>
</bind>
</comp>

<comp id="89" class="1004" name="data_addr_gep_fu_89">
<pin_list>
<pin id="90" dir="0" index="0" bw="32" slack="0"/>
<pin id="91" dir="0" index="1" bw="1" slack="0"/>
<pin id="92" dir="0" index="2" bw="9" slack="0"/>
<pin id="93" dir="1" index="3" bw="9" slack="0"/>
</pin_list>
<bind>
<opcode="getelementptr(29) " fcode="getelementptr"/>
<opset="data_addr/1 "/>
</bind>
</comp>

<comp id="96" class="1004" name="grp_access_fu_96">
<pin_list>
<pin id="97" dir="0" index="0" bw="9" slack="0"/>
<pin id="98" dir="0" index="1" bw="32" slack="2147483647"/>
<pin id="99" dir="0" index="2" bw="0" slack="2147483647"/>
<pin id="100" dir="1" index="3" bw="32" slack="1"/>
</pin_list>
<bind>
<opcode="load(27) " fcode="load"/>
<opset="data_load/1 "/>
</bind>
</comp>

<comp id="102" class="1004" name="sin_values_addr_gep_fu_102">
<pin_list>
<pin id="103" dir="0" index="0" bw="18" slack="0"/>
<pin id="104" dir="0" index="1" bw="1" slack="0"/>
<pin id="105" dir="0" index="2" bw="9" slack="0"/>
<pin id="106" dir="1" index="3" bw="9" slack="0"/>
</pin_list>
<bind>
<opcode="getelementptr(29) " fcode="getelementptr"/>
<opset="sin_values_addr/1 "/>
</bind>
</comp>

<comp id="109" class="1004" name="grp_access_fu_109">
<pin_list>
<pin id="110" dir="0" index="0" bw="9" slack="0"/>
<pin id="111" dir="0" index="1" bw="18" slack="2147483647"/>
<pin id="112" dir="0" index="2" bw="0" slack="2147483647"/>
<pin id="113" dir="1" index="3" bw="18" slack="1"/>
</pin_list>
<bind>
<opcode="load(27) " fcode="load"/>
<opset="sin_values_load/1 "/>
</bind>
</comp>

<comp id="115" class="1004" name="cos_values_addr_gep_fu_115">
<pin_list>
<pin id="116" dir="0" index="0" bw="18" slack="0"/>
<pin id="117" dir="0" index="1" bw="1" slack="0"/>
<pin id="118" dir="0" index="2" bw="9" slack="0"/>
<pin id="119" dir="1" index="3" bw="9" slack="0"/>
</pin_list>
<bind>
<opcode="getelementptr(29) " fcode="getelementptr"/>
<opset="cos_values_addr/1 "/>
</bind>
</comp>

<comp id="122" class="1004" name="grp_access_fu_122">
<pin_list>
<pin id="123" dir="0" index="0" bw="9" slack="0"/>
<pin id="124" dir="0" index="1" bw="18" slack="2147483647"/>
<pin id="125" dir="0" index="2" bw="0" slack="2147483647"/>
<pin id="126" dir="1" index="3" bw="18" slack="1"/>
</pin_list>
<bind>
<opcode="load(27) " fcode="load"/>
<opset="cos_values_load/1 "/>
</bind>
</comp>

<comp id="128" class="1004" name="grp_sqrt_fixed_32_32_s_fu_128">
<pin_list>
<pin id="129" dir="0" index="0" bw="16" slack="0"/>
<pin id="130" dir="0" index="1" bw="32" slack="1"/>
<pin id="131" dir="1" index="2" bw="16" slack="1"/>
</pin_list>
<bind>
<opcode="call(48) " fcode="call"/>
<opset="p_Val2_s/10 "/>
</bind>
</comp>

<comp id="133" class="1004" name="store_ln0_store_fu_133">
<pin_list>
<pin id="134" dir="0" index="0" bw="1" slack="0"/>
<pin id="135" dir="0" index="1" bw="32" slack="0"/>
<pin id="136" dir="1" index="2" bw="0" slack="2147483647"/>
</pin_list>
<bind>
<opcode="store(28) " fcode="store"/>
<opset="store_ln0/1 "/>
</bind>
</comp>

<comp id="138" class="1004" name="store_ln0_store_fu_138">
<pin_list>
<pin id="139" dir="0" index="0" bw="1" slack="0"/>
<pin id="140" dir="0" index="1" bw="9" slack="0"/>
<pin id="141" dir="1" index="2" bw="0" slack="2147483647"/>
</pin_list>
<bind>
<opcode="store(28) " fcode="store"/>
<opset="store_ln0/1 "/>
</bind>
</comp>

<comp id="143" class="1004" name="l_1_load_fu_143">
<pin_list>
<pin id="144" dir="0" index="0" bw="9" slack="0"/>
<pin id="145" dir="1" index="1" bw="9" slack="0"/>
</pin_list>
<bind>
<opcode="load(27) " fcode="load"/>
<opset="l_1/1 "/>
</bind>
</comp>

<comp id="146" class="1004" name="icmp_ln137_fu_146">
<pin_list>
<pin id="147" dir="0" index="0" bw="9" slack="0"/>
<pin id="148" dir="0" index="1" bw="9" slack="0"/>
<pin id="149" dir="1" index="2" bw="1" slack="17"/>
</pin_list>
<bind>
<opcode="icmp(45) " fcode="icmp"/>
<opset="icmp_ln137/1 "/>
</bind>
</comp>

<comp id="152" class="1004" name="add_ln137_fu_152">
<pin_list>
<pin id="153" dir="0" index="0" bw="9" slack="0"/>
<pin id="154" dir="0" index="1" bw="1" slack="0"/>
<pin id="155" dir="1" index="2" bw="9" slack="0"/>
</pin_list>
<bind>
<opcode="add(8) " fcode="add"/>
<opset="add_ln137/1 "/>
</bind>
</comp>

<comp id="158" class="1004" name="l_cast_fu_158">
<pin_list>
<pin id="159" dir="0" index="0" bw="9" slack="0"/>
<pin id="160" dir="1" index="1" bw="64" slack="0"/>
</pin_list>
<bind>
<opcode="zext(34) " fcode="zext"/>
<opset="l_cast/1 "/>
</bind>
</comp>

<comp id="165" class="1004" name="icmp_ln138_fu_165">
<pin_list>
<pin id="166" dir="0" index="0" bw="9" slack="0"/>
<pin id="167" dir="0" index="1" bw="9" slack="0"/>
<pin id="168" dir="1" index="2" bw="1" slack="1"/>
</pin_list>
<bind>
<opcode="icmp(45) " fcode="icmp"/>
<opset="icmp_ln138/1 "/>
</bind>
</comp>

<comp id="171" class="1004" name="store_ln137_store_fu_171">
<pin_list>
<pin id="172" dir="0" index="0" bw="9" slack="0"/>
<pin id="173" dir="0" index="1" bw="9" slack="0"/>
<pin id="174" dir="1" index="2" bw="0" slack="2147483647"/>
</pin_list>
<bind>
<opcode="store(28) " fcode="store"/>
<opset="store_ln137/1 "/>
</bind>
</comp>

<comp id="176" class="1004" name="sext_ln97_fu_176">
<pin_list>
<pin id="177" dir="0" index="0" bw="18" slack="1"/>
<pin id="178" dir="1" index="1" bw="32" slack="0"/>
</pin_list>
<bind>
<opcode="sext(35) " fcode="sext"/>
<opset="sext_ln97/3 "/>
</bind>
</comp>

<comp id="179" class="1004" name="grp_fu_179">
<pin_list>
<pin id="180" dir="0" index="0" bw="18" slack="0"/>
<pin id="181" dir="0" index="1" bw="32" slack="1"/>
<pin id="182" dir="1" index="2" bw="32" slack="1"/>
</pin_list>
<bind>
<opcode="mul(12) " fcode="mul"/>
<opset="mul_ln97/3 "/>
</bind>
</comp>

<comp id="184" class="1004" name="sext_ln98_fu_184">
<pin_list>
<pin id="185" dir="0" index="0" bw="18" slack="1"/>
<pin id="186" dir="1" index="1" bw="32" slack="0"/>
</pin_list>
<bind>
<opcode="sext(35) " fcode="sext"/>
<opset="sext_ln98/3 "/>
</bind>
</comp>

<comp id="187" class="1004" name="grp_fu_187">
<pin_list>
<pin id="188" dir="0" index="0" bw="18" slack="0"/>
<pin id="189" dir="0" index="1" bw="32" slack="1"/>
<pin id="190" dir="1" index="2" bw="32" slack="1"/>
</pin_list>
<bind>
<opcode="mul(12) " fcode="mul"/>
<opset="mul_ln98/3 "/>
</bind>
</comp>

<comp id="192" class="1004" name="sub_ln97_fu_192">
<pin_list>
<pin id="193" dir="0" index="0" bw="32" slack="4"/>
<pin id="194" dir="0" index="1" bw="32" slack="1"/>
<pin id="195" dir="1" index="2" bw="32" slack="0"/>
</pin_list>
<bind>
<opcode="sub(10) " fcode="sub"/>
<opset="sub_ln97/5 "/>
</bind>
</comp>

<comp id="196" class="1004" name="dx_fu_196">
<pin_list>
<pin id="197" dir="0" index="0" bw="16" slack="0"/>
<pin id="198" dir="0" index="1" bw="32" slack="0"/>
<pin id="199" dir="0" index="2" bw="6" slack="0"/>
<pin id="200" dir="0" index="3" bw="6" slack="0"/>
<pin id="201" dir="1" index="4" bw="16" slack="1"/>
</pin_list>
<bind>
<opcode="partselect(1002) " fcode="partselect"/>
<opset="dx/5 "/>
</bind>
</comp>

<comp id="206" class="1004" name="sub_ln98_fu_206">
<pin_list>
<pin id="207" dir="0" index="0" bw="32" slack="4"/>
<pin id="208" dir="0" index="1" bw="32" slack="1"/>
<pin id="209" dir="1" index="2" bw="32" slack="0"/>
</pin_list>
<bind>
<opcode="sub(10) " fcode="sub"/>
<opset="sub_ln98/5 "/>
</bind>
</comp>

<comp id="210" class="1004" name="dy_fu_210">
<pin_list>
<pin id="211" dir="0" index="0" bw="16" slack="0"/>
<pin id="212" dir="0" index="1" bw="32" slack="0"/>
<pin id="213" dir="0" index="2" bw="6" slack="0"/>
<pin id="214" dir="0" index="3" bw="6" slack="0"/>
<pin id="215" dir="1" index="4" bw="16" slack="0"/>
</pin_list>
<bind>
<opcode="partselect(1002) " fcode="partselect"/>
<opset="dy/5 "/>
</bind>
</comp>

<comp id="220" class="1004" name="sext_ln98_1_fu_220">
<pin_list>
<pin id="221" dir="0" index="0" bw="16" slack="0"/>
<pin id="222" dir="1" index="1" bw="32" slack="0"/>
</pin_list>
<bind>
<opcode="sext(35) " fcode="sext"/>
<opset="sext_ln98_1/5 "/>
</bind>
</comp>

<comp id="224" class="1004" name="sext_ln97_1_fu_224">
<pin_list>
<pin id="225" dir="0" index="0" bw="16" slack="1"/>
<pin id="226" dir="1" index="1" bw="32" slack="0"/>
</pin_list>
<bind>
<opcode="sext(35) " fcode="sext"/>
<opset="sext_ln97_1/6 "/>
</bind>
</comp>

<comp id="227" class="1004" name="new_neighbor_count_load_load_fu_227">
<pin_list>
<pin id="228" dir="0" index="0" bw="32" slack="18"/>
<pin id="229" dir="1" index="1" bw="32" slack="0"/>
</pin_list>
<bind>
<opcode="load(27) " fcode="load"/>
<opset="new_neighbor_count_load/19 "/>
</bind>
</comp>

<comp id="230" class="1004" name="icmp_ln144_fu_230">
<pin_list>
<pin id="231" dir="0" index="0" bw="16" slack="1"/>
<pin id="232" dir="0" index="1" bw="16" slack="0"/>
<pin id="233" dir="1" index="2" bw="1" slack="0"/>
</pin_list>
<bind>
<opcode="icmp(45) " fcode="icmp"/>
<opset="icmp_ln144/19 "/>
</bind>
</comp>

<comp id="235" class="1004" name="add_ln145_fu_235">
<pin_list>
<pin id="236" dir="0" index="0" bw="32" slack="0"/>
<pin id="237" dir="0" index="1" bw="1" slack="0"/>
<pin id="238" dir="1" index="2" bw="32" slack="0"/>
</pin_list>
<bind>
<opcode="add(8) " fcode="add"/>
<opset="add_ln145/19 "/>
</bind>
</comp>

<comp id="241" class="1004" name="new_neighbor_count_1_fu_241">
<pin_list>
<pin id="242" dir="0" index="0" bw="1" slack="0"/>
<pin id="243" dir="0" index="1" bw="32" slack="0"/>
<pin id="244" dir="0" index="2" bw="32" slack="0"/>
<pin id="245" dir="1" index="3" bw="32" slack="0"/>
</pin_list>
<bind>
<opcode="select(49) " fcode="select"/>
<opset="new_neighbor_count_1/19 "/>
</bind>
</comp>

<comp id="249" class="1004" name="store_ln147_store_fu_249">
<pin_list>
<pin id="250" dir="0" index="0" bw="32" slack="0"/>
<pin id="251" dir="0" index="1" bw="32" slack="18"/>
<pin id="252" dir="1" index="2" bw="0" slack="2147483647"/>
</pin_list>
<bind>
<opcode="store(28) " fcode="store"/>
<opset="store_ln147/19 "/>
</bind>
</comp>

<comp id="254" class="1004" name="new_neighbor_count_load_1_load_fu_254">
<pin_list>
<pin id="255" dir="0" index="0" bw="32" slack="17"/>
<pin id="256" dir="1" index="1" bw="32" slack="0"/>
</pin_list>
<bind>
<opcode="load(27) " fcode="load"/>
<opset="new_neighbor_count_load_1/18 "/>
</bind>
</comp>

<comp id="258" class="1007" name="grp_fu_258">
<pin_list>
<pin id="259" dir="0" index="0" bw="16" slack="0"/>
<pin id="260" dir="0" index="1" bw="16" slack="0"/>
<pin id="261" dir="1" index="2" bw="32" slack="0"/>
</pin_list>
<bind>
<opcode="mul(12) " fcode="mul"/>
<opset="mul_ln99_1/5 "/>
</bind>
</comp>

<comp id="264" class="1007" name="grp_fu_264">
<pin_list>
<pin id="265" dir="0" index="0" bw="16" slack="0"/>
<pin id="266" dir="0" index="1" bw="16" slack="0"/>
<pin id="267" dir="0" index="2" bw="32" slack="0"/>
<pin id="268" dir="1" index="3" bw="32" slack="1"/>
</pin_list>
<bind>
<opcode="muladd(1172) " fcode="muladd"/>
<opset="mul_ln99/6 xf_V/8 "/>
</bind>
</comp>

<comp id="272" class="1005" name="l_reg_272">
<pin_list>
<pin id="273" dir="0" index="0" bw="9" slack="0"/>
<pin id="274" dir="1" index="1" bw="9" slack="0"/>
</pin_list>
<bind>
<opset="l "/>
</bind>
</comp>

<comp id="279" class="1005" name="new_neighbor_count_reg_279">
<pin_list>
<pin id="280" dir="0" index="0" bw="32" slack="0"/>
<pin id="281" dir="1" index="1" bw="32" slack="0"/>
</pin_list>
<bind>
<opset="new_neighbor_count "/>
</bind>
</comp>

<comp id="287" class="1005" name="mul_ln98_2_read_reg_287">
<pin_list>
<pin id="288" dir="0" index="0" bw="32" slack="4"/>
<pin id="289" dir="1" index="1" bw="32" slack="4"/>
</pin_list>
<bind>
<opset="mul_ln98_2_read "/>
</bind>
</comp>

<comp id="292" class="1005" name="mul_ln97_2_read_reg_292">
<pin_list>
<pin id="293" dir="0" index="0" bw="32" slack="4"/>
<pin id="294" dir="1" index="1" bw="32" slack="4"/>
</pin_list>
<bind>
<opset="mul_ln97_2_read "/>
</bind>
</comp>

<comp id="297" class="1005" name="icmp_ln137_reg_297">
<pin_list>
<pin id="298" dir="0" index="0" bw="1" slack="17"/>
<pin id="299" dir="1" index="1" bw="1" slack="2147483647"/>
</pin_list>
<bind>
<opset="icmp_ln137 "/>
</bind>
</comp>

<comp id="301" class="1005" name="icmp_ln138_reg_301">
<pin_list>
<pin id="302" dir="0" index="0" bw="1" slack="1"/>
<pin id="303" dir="1" index="1" bw="1" slack="2147483647"/>
</pin_list>
<bind>
<opset="icmp_ln138 "/>
</bind>
</comp>

<comp id="305" class="1005" name="data_addr_reg_305">
<pin_list>
<pin id="306" dir="0" index="0" bw="9" slack="1"/>
<pin id="307" dir="1" index="1" bw="9" slack="1"/>
</pin_list>
<bind>
<opset="data_addr "/>
</bind>
</comp>

<comp id="310" class="1005" name="sin_values_addr_reg_310">
<pin_list>
<pin id="311" dir="0" index="0" bw="9" slack="1"/>
<pin id="312" dir="1" index="1" bw="9" slack="1"/>
</pin_list>
<bind>
<opset="sin_values_addr "/>
</bind>
</comp>

<comp id="315" class="1005" name="cos_values_addr_reg_315">
<pin_list>
<pin id="316" dir="0" index="0" bw="9" slack="1"/>
<pin id="317" dir="1" index="1" bw="9" slack="1"/>
</pin_list>
<bind>
<opset="cos_values_addr "/>
</bind>
</comp>

<comp id="320" class="1005" name="data_load_reg_320">
<pin_list>
<pin id="321" dir="0" index="0" bw="32" slack="1"/>
<pin id="322" dir="1" index="1" bw="32" slack="1"/>
</pin_list>
<bind>
<opset="data_load "/>
</bind>
</comp>

<comp id="326" class="1005" name="sin_values_load_reg_326">
<pin_list>
<pin id="327" dir="0" index="0" bw="18" slack="1"/>
<pin id="328" dir="1" index="1" bw="18" slack="1"/>
</pin_list>
<bind>
<opset="sin_values_load "/>
</bind>
</comp>

<comp id="331" class="1005" name="cos_values_load_reg_331">
<pin_list>
<pin id="332" dir="0" index="0" bw="18" slack="1"/>
<pin id="333" dir="1" index="1" bw="18" slack="1"/>
</pin_list>
<bind>
<opset="cos_values_load "/>
</bind>
</comp>

<comp id="336" class="1005" name="sext_ln97_reg_336">
<pin_list>
<pin id="337" dir="0" index="0" bw="32" slack="1"/>
<pin id="338" dir="1" index="1" bw="32" slack="1"/>
</pin_list>
<bind>
<opset="sext_ln97 "/>
</bind>
</comp>

<comp id="341" class="1005" name="sext_ln98_reg_341">
<pin_list>
<pin id="342" dir="0" index="0" bw="32" slack="1"/>
<pin id="343" dir="1" index="1" bw="32" slack="1"/>
</pin_list>
<bind>
<opset="sext_ln98 "/>
</bind>
</comp>

<comp id="346" class="1005" name="mul_ln97_reg_346">
<pin_list>
<pin id="347" dir="0" index="0" bw="32" slack="1"/>
<pin id="348" dir="1" index="1" bw="32" slack="1"/>
</pin_list>
<bind>
<opset="mul_ln97 "/>
</bind>
</comp>

<comp id="351" class="1005" name="mul_ln98_reg_351">
<pin_list>
<pin id="352" dir="0" index="0" bw="32" slack="1"/>
<pin id="353" dir="1" index="1" bw="32" slack="1"/>
</pin_list>
<bind>
<opset="mul_ln98 "/>
</bind>
</comp>

<comp id="356" class="1005" name="dx_reg_356">
<pin_list>
<pin id="357" dir="0" index="0" bw="16" slack="1"/>
<pin id="358" dir="1" index="1" bw="16" slack="1"/>
</pin_list>
<bind>
<opset="dx "/>
</bind>
</comp>

<comp id="361" class="1005" name="sext_ln98_1_reg_361">
<pin_list>
<pin id="362" dir="0" index="0" bw="32" slack="1"/>
<pin id="363" dir="1" index="1" bw="32" slack="1"/>
</pin_list>
<bind>
<opset="sext_ln98_1 "/>
</bind>
</comp>

<comp id="367" class="1005" name="sext_ln97_1_reg_367">
<pin_list>
<pin id="368" dir="0" index="0" bw="32" slack="1"/>
<pin id="369" dir="1" index="1" bw="32" slack="1"/>
</pin_list>
<bind>
<opset="sext_ln97_1 "/>
</bind>
</comp>

<comp id="373" class="1005" name="mul_ln99_1_reg_373">
<pin_list>
<pin id="374" dir="0" index="0" bw="32" slack="1"/>
<pin id="375" dir="1" index="1" bw="32" slack="1"/>
</pin_list>
<bind>
<opset="mul_ln99_1 "/>
</bind>
</comp>

<comp id="378" class="1005" name="xf_V_reg_378">
<pin_list>
<pin id="379" dir="0" index="0" bw="32" slack="1"/>
<pin id="380" dir="1" index="1" bw="32" slack="1"/>
</pin_list>
<bind>
<opset="xf_V "/>
</bind>
</comp>

<comp id="383" class="1005" name="p_Val2_s_reg_383">
<pin_list>
<pin id="384" dir="0" index="0" bw="16" slack="1"/>
<pin id="385" dir="1" index="1" bw="16" slack="1"/>
</pin_list>
<bind>
<opset="p_Val2_s "/>
</bind>
</comp>

</comp_list>

<net_list>
<net id="59"><net_src comp="14" pin="0"/><net_sink comp="56" pin=0"/></net>

<net id="63"><net_src comp="14" pin="0"/><net_sink comp="60" pin=0"/></net>

<net id="68"><net_src comp="16" pin="0"/><net_sink comp="64" pin=0"/></net>

<net id="69"><net_src comp="6" pin="0"/><net_sink comp="64" pin=1"/></net>

<net id="74"><net_src comp="16" pin="0"/><net_sink comp="70" pin=0"/></net>

<net id="75"><net_src comp="4" pin="0"/><net_sink comp="70" pin=1"/></net>

<net id="80"><net_src comp="18" pin="0"/><net_sink comp="76" pin=0"/></net>

<net id="81"><net_src comp="0" pin="0"/><net_sink comp="76" pin=1"/></net>

<net id="87"><net_src comp="54" pin="0"/><net_sink comp="82" pin=0"/></net>

<net id="88"><net_src comp="8" pin="0"/><net_sink comp="82" pin=1"/></net>

<net id="94"><net_src comp="2" pin="0"/><net_sink comp="89" pin=0"/></net>

<net id="95"><net_src comp="42" pin="0"/><net_sink comp="89" pin=1"/></net>

<net id="101"><net_src comp="89" pin="3"/><net_sink comp="96" pin=0"/></net>

<net id="107"><net_src comp="10" pin="0"/><net_sink comp="102" pin=0"/></net>

<net id="108"><net_src comp="42" pin="0"/><net_sink comp="102" pin=1"/></net>

<net id="114"><net_src comp="102" pin="3"/><net_sink comp="109" pin=0"/></net>

<net id="120"><net_src comp="12" pin="0"/><net_sink comp="115" pin=0"/></net>

<net id="121"><net_src comp="42" pin="0"/><net_sink comp="115" pin=1"/></net>

<net id="127"><net_src comp="115" pin="3"/><net_sink comp="122" pin=0"/></net>

<net id="132"><net_src comp="50" pin="0"/><net_sink comp="128" pin=0"/></net>

<net id="137"><net_src comp="20" pin="0"/><net_sink comp="133" pin=0"/></net>

<net id="142"><net_src comp="22" pin="0"/><net_sink comp="138" pin=0"/></net>

<net id="150"><net_src comp="143" pin="1"/><net_sink comp="146" pin=0"/></net>

<net id="151"><net_src comp="30" pin="0"/><net_sink comp="146" pin=1"/></net>

<net id="156"><net_src comp="143" pin="1"/><net_sink comp="152" pin=0"/></net>

<net id="157"><net_src comp="36" pin="0"/><net_sink comp="152" pin=1"/></net>

<net id="161"><net_src comp="143" pin="1"/><net_sink comp="158" pin=0"/></net>

<net id="162"><net_src comp="158" pin="1"/><net_sink comp="89" pin=2"/></net>

<net id="163"><net_src comp="158" pin="1"/><net_sink comp="102" pin=2"/></net>

<net id="164"><net_src comp="158" pin="1"/><net_sink comp="115" pin=2"/></net>

<net id="169"><net_src comp="143" pin="1"/><net_sink comp="165" pin=0"/></net>

<net id="170"><net_src comp="76" pin="2"/><net_sink comp="165" pin=1"/></net>

<net id="175"><net_src comp="152" pin="2"/><net_sink comp="171" pin=0"/></net>

<net id="183"><net_src comp="176" pin="1"/><net_sink comp="179" pin=0"/></net>

<net id="191"><net_src comp="184" pin="1"/><net_sink comp="187" pin=0"/></net>

<net id="202"><net_src comp="44" pin="0"/><net_sink comp="196" pin=0"/></net>

<net id="203"><net_src comp="192" pin="2"/><net_sink comp="196" pin=1"/></net>

<net id="204"><net_src comp="46" pin="0"/><net_sink comp="196" pin=2"/></net>

<net id="205"><net_src comp="48" pin="0"/><net_sink comp="196" pin=3"/></net>

<net id="216"><net_src comp="44" pin="0"/><net_sink comp="210" pin=0"/></net>

<net id="217"><net_src comp="206" pin="2"/><net_sink comp="210" pin=1"/></net>

<net id="218"><net_src comp="46" pin="0"/><net_sink comp="210" pin=2"/></net>

<net id="219"><net_src comp="48" pin="0"/><net_sink comp="210" pin=3"/></net>

<net id="223"><net_src comp="210" pin="4"/><net_sink comp="220" pin=0"/></net>

<net id="234"><net_src comp="52" pin="0"/><net_sink comp="230" pin=1"/></net>

<net id="239"><net_src comp="227" pin="1"/><net_sink comp="235" pin=0"/></net>

<net id="240"><net_src comp="14" pin="0"/><net_sink comp="235" pin=1"/></net>

<net id="246"><net_src comp="230" pin="2"/><net_sink comp="241" pin=0"/></net>

<net id="247"><net_src comp="235" pin="2"/><net_sink comp="241" pin=1"/></net>

<net id="248"><net_src comp="227" pin="1"/><net_sink comp="241" pin=2"/></net>

<net id="253"><net_src comp="241" pin="3"/><net_sink comp="249" pin=0"/></net>

<net id="257"><net_src comp="254" pin="1"/><net_sink comp="82" pin=2"/></net>

<net id="262"><net_src comp="220" pin="1"/><net_sink comp="258" pin=0"/></net>

<net id="263"><net_src comp="220" pin="1"/><net_sink comp="258" pin=1"/></net>

<net id="269"><net_src comp="224" pin="1"/><net_sink comp="264" pin=0"/></net>

<net id="270"><net_src comp="224" pin="1"/><net_sink comp="264" pin=1"/></net>

<net id="271"><net_src comp="258" pin="2"/><net_sink comp="264" pin=2"/></net>

<net id="275"><net_src comp="56" pin="1"/><net_sink comp="272" pin=0"/></net>

<net id="276"><net_src comp="272" pin="1"/><net_sink comp="138" pin=1"/></net>

<net id="277"><net_src comp="272" pin="1"/><net_sink comp="143" pin=0"/></net>

<net id="278"><net_src comp="272" pin="1"/><net_sink comp="171" pin=1"/></net>

<net id="282"><net_src comp="60" pin="1"/><net_sink comp="279" pin=0"/></net>

<net id="283"><net_src comp="279" pin="1"/><net_sink comp="133" pin=1"/></net>

<net id="284"><net_src comp="279" pin="1"/><net_sink comp="227" pin=0"/></net>

<net id="285"><net_src comp="279" pin="1"/><net_sink comp="249" pin=1"/></net>

<net id="286"><net_src comp="279" pin="1"/><net_sink comp="254" pin=0"/></net>

<net id="290"><net_src comp="64" pin="2"/><net_sink comp="287" pin=0"/></net>

<net id="291"><net_src comp="287" pin="1"/><net_sink comp="206" pin=0"/></net>

<net id="295"><net_src comp="70" pin="2"/><net_sink comp="292" pin=0"/></net>

<net id="296"><net_src comp="292" pin="1"/><net_sink comp="192" pin=0"/></net>

<net id="300"><net_src comp="146" pin="2"/><net_sink comp="297" pin=0"/></net>

<net id="304"><net_src comp="165" pin="2"/><net_sink comp="301" pin=0"/></net>

<net id="308"><net_src comp="89" pin="3"/><net_sink comp="305" pin=0"/></net>

<net id="309"><net_src comp="305" pin="1"/><net_sink comp="96" pin=0"/></net>

<net id="313"><net_src comp="102" pin="3"/><net_sink comp="310" pin=0"/></net>

<net id="314"><net_src comp="310" pin="1"/><net_sink comp="109" pin=0"/></net>

<net id="318"><net_src comp="115" pin="3"/><net_sink comp="315" pin=0"/></net>

<net id="319"><net_src comp="315" pin="1"/><net_sink comp="122" pin=0"/></net>

<net id="323"><net_src comp="96" pin="3"/><net_sink comp="320" pin=0"/></net>

<net id="324"><net_src comp="320" pin="1"/><net_sink comp="179" pin=1"/></net>

<net id="325"><net_src comp="320" pin="1"/><net_sink comp="187" pin=1"/></net>

<net id="329"><net_src comp="109" pin="3"/><net_sink comp="326" pin=0"/></net>

<net id="330"><net_src comp="326" pin="1"/><net_sink comp="176" pin=0"/></net>

<net id="334"><net_src comp="122" pin="3"/><net_sink comp="331" pin=0"/></net>

<net id="335"><net_src comp="331" pin="1"/><net_sink comp="184" pin=0"/></net>

<net id="339"><net_src comp="176" pin="1"/><net_sink comp="336" pin=0"/></net>

<net id="340"><net_src comp="336" pin="1"/><net_sink comp="179" pin=0"/></net>

<net id="344"><net_src comp="184" pin="1"/><net_sink comp="341" pin=0"/></net>

<net id="345"><net_src comp="341" pin="1"/><net_sink comp="187" pin=0"/></net>

<net id="349"><net_src comp="179" pin="2"/><net_sink comp="346" pin=0"/></net>

<net id="350"><net_src comp="346" pin="1"/><net_sink comp="192" pin=1"/></net>

<net id="354"><net_src comp="187" pin="2"/><net_sink comp="351" pin=0"/></net>

<net id="355"><net_src comp="351" pin="1"/><net_sink comp="206" pin=1"/></net>

<net id="359"><net_src comp="196" pin="4"/><net_sink comp="356" pin=0"/></net>

<net id="360"><net_src comp="356" pin="1"/><net_sink comp="224" pin=0"/></net>

<net id="364"><net_src comp="220" pin="1"/><net_sink comp="361" pin=0"/></net>

<net id="365"><net_src comp="361" pin="1"/><net_sink comp="258" pin=0"/></net>

<net id="366"><net_src comp="361" pin="1"/><net_sink comp="258" pin=1"/></net>

<net id="370"><net_src comp="224" pin="1"/><net_sink comp="367" pin=0"/></net>

<net id="371"><net_src comp="367" pin="1"/><net_sink comp="264" pin=0"/></net>

<net id="372"><net_src comp="367" pin="1"/><net_sink comp="264" pin=1"/></net>

<net id="376"><net_src comp="258" pin="2"/><net_sink comp="373" pin=0"/></net>

<net id="377"><net_src comp="373" pin="1"/><net_sink comp="264" pin=0"/></net>

<net id="381"><net_src comp="264" pin="3"/><net_sink comp="378" pin=0"/></net>

<net id="382"><net_src comp="378" pin="1"/><net_sink comp="128" pin=1"/></net>

<net id="386"><net_src comp="128" pin="2"/><net_sink comp="383" pin=0"/></net>

<net id="387"><net_src comp="383" pin="1"/><net_sink comp="230" pin=0"/></net>

</net_list>

</model> 
---------------- Datapath Model END ------------------

* FSMD analyzer results:
  - Output states:
	Port: data | {}
	Port: new_neighbor_count_out | {18 }
	Port: sin_values | {}
	Port: cos_values | {}
 - Input state : 
	Port: dbscan_Pipeline_VITIS_LOOP_137_4 : neighbor_id | {1 }
	Port: dbscan_Pipeline_VITIS_LOOP_137_4 : data | {1 2 }
	Port: dbscan_Pipeline_VITIS_LOOP_137_4 : mul_ln97_2 | {1 }
	Port: dbscan_Pipeline_VITIS_LOOP_137_4 : mul_ln98_2 | {1 }
	Port: dbscan_Pipeline_VITIS_LOOP_137_4 : sin_values | {1 2 }
	Port: dbscan_Pipeline_VITIS_LOOP_137_4 : cos_values | {1 2 }
  - Chain level:
	State 1
		store_ln0 : 1
		store_ln0 : 1
		l_1 : 1
		icmp_ln137 : 2
		add_ln137 : 2
		br_ln137 : 3
		l_cast : 2
		icmp_ln138 : 2
		br_ln138 : 3
		data_addr : 3
		data_load : 4
		sin_values_addr : 3
		sin_values_load : 4
		cos_values_addr : 3
		cos_values_load : 4
		store_ln137 : 3
	State 2
	State 3
		mul_ln97 : 1
		mul_ln98 : 1
	State 4
	State 5
		dx : 1
		dy : 1
		sext_ln98_1 : 2
		mul_ln99_1 : 3
	State 6
		mul_ln99 : 1
	State 7
	State 8
		xf_V : 1
	State 9
	State 10
	State 11
	State 12
	State 13
	State 14
	State 15
	State 16
	State 17
	State 18
		write_ln0 : 1
	State 19
		add_ln145 : 1
		new_neighbor_count_1 : 2
		store_ln147 : 3


============================================================
+ Verbose Summary: Datapath Resource usage 
============================================================

* Functional unit list:
|----------|-------------------------------|---------|---------|---------|
| Operation|        Functional Unit        |   DSP   |    FF   |   LUT   |
|----------|-------------------------------|---------|---------|---------|
|   call   | grp_sqrt_fixed_32_32_s_fu_128 |    0    |   499   |   1320  |
|----------|-------------------------------|---------|---------|---------|
|          |           grp_fu_179          |    2    |   165   |    50   |
|    mul   |           grp_fu_187          |    2    |   165   |    50   |
|          |           grp_fu_258          |    1    |    0    |    0    |
|----------|-------------------------------|---------|---------|---------|
|    sub   |        sub_ln97_fu_192        |    0    |    0    |    39   |
|          |        sub_ln98_fu_206        |    0    |    0    |    39   |
|----------|-------------------------------|---------|---------|---------|
|    add   |        add_ln137_fu_152       |    0    |    0    |    14   |
|          |        add_ln145_fu_235       |    0    |    0    |    39   |
|----------|-------------------------------|---------|---------|---------|
|          |       icmp_ln137_fu_146       |    0    |    0    |    11   |
|   icmp   |       icmp_ln138_fu_165       |    0    |    0    |    11   |
|          |       icmp_ln144_fu_230       |    0    |    0    |    13   |
|----------|-------------------------------|---------|---------|---------|
|  select  |  new_neighbor_count_1_fu_241  |    0    |    0    |    32   |
|----------|-------------------------------|---------|---------|---------|
|  muladd  |           grp_fu_264          |    1    |    0    |    0    |
|----------|-------------------------------|---------|---------|---------|
|          |   mul_ln98_2_read_read_fu_64  |    0    |    0    |    0    |
|   read   |   mul_ln97_2_read_read_fu_70  |    0    |    0    |    0    |
|          |  neighbor_id_read_read_fu_76  |    0    |    0    |    0    |
|----------|-------------------------------|---------|---------|---------|
|   write  |     write_ln0_write_fu_82     |    0    |    0    |    0    |
|----------|-------------------------------|---------|---------|---------|
|   zext   |         l_cast_fu_158         |    0    |    0    |    0    |
|----------|-------------------------------|---------|---------|---------|
|          |        sext_ln97_fu_176       |    0    |    0    |    0    |
|   sext   |        sext_ln98_fu_184       |    0    |    0    |    0    |
|          |       sext_ln98_1_fu_220      |    0    |    0    |    0    |
|          |       sext_ln97_1_fu_224      |    0    |    0    |    0    |
|----------|-------------------------------|---------|---------|---------|
|partselect|           dx_fu_196           |    0    |    0    |    0    |
|          |           dy_fu_210           |    0    |    0    |    0    |
|----------|-------------------------------|---------|---------|---------|
|   Total  |                               |    6    |   829   |   1618  |
|----------|-------------------------------|---------|---------|---------|

Memories:
N/A

* Register list:
+--------------------------+--------+
|                          |   FF   |
+--------------------------+--------+
|  cos_values_addr_reg_315 |    9   |
|  cos_values_load_reg_331 |   18   |
|     data_addr_reg_305    |    9   |
|     data_load_reg_320    |   32   |
|        dx_reg_356        |   16   |
|    icmp_ln137_reg_297    |    1   |
|    icmp_ln138_reg_301    |    1   |
|         l_reg_272        |    9   |
|  mul_ln97_2_read_reg_292 |   32   |
|     mul_ln97_reg_346     |   32   |
|  mul_ln98_2_read_reg_287 |   32   |
|     mul_ln98_reg_351     |   32   |
|    mul_ln99_1_reg_373    |   32   |
|new_neighbor_count_reg_279|   32   |
|     p_Val2_s_reg_383     |   16   |
|    sext_ln97_1_reg_367   |   32   |
|     sext_ln97_reg_336    |   32   |
|    sext_ln98_1_reg_361   |   32   |
|     sext_ln98_reg_341    |   32   |
|  sin_values_addr_reg_310 |    9   |
|  sin_values_load_reg_326 |   18   |
|       xf_V_reg_378       |   32   |
+--------------------------+--------+
|           Total          |   490  |
+--------------------------+--------+

* Multiplexer (MUX) list: 
|-------------------|------|------|------|--------||---------||---------|
|        Comp       |  Pin | Size |  BW  | S x BW ||  Delay  ||   LUT   |
|-------------------|------|------|------|--------||---------||---------|
|  grp_access_fu_96 |  p0  |   2  |   9  |   18   ||    9    |
| grp_access_fu_109 |  p0  |   2  |   9  |   18   ||    9    |
| grp_access_fu_122 |  p0  |   2  |   9  |   18   ||    9    |
|     grp_fu_179    |  p0  |   2  |  18  |   36   ||    9    |
|     grp_fu_187    |  p0  |   2  |  18  |   36   ||    9    |
|     grp_fu_258    |  p0  |   2  |  16  |   32   ||    9    |
|     grp_fu_258    |  p1  |   2  |  16  |   32   ||    9    |
|     grp_fu_264    |  p0  |   3  |  16  |   48   ||    14   |
|     grp_fu_264    |  p1  |   2  |  16  |   32   ||    9    |
|-------------------|------|------|------|--------||---------||---------|
|       Total       |      |      |      |   270  || 14.4113 ||    86   |
|-------------------|------|------|------|--------||---------||---------|



* Summary:
+-----------+--------+--------+--------+--------+
|           |   DSP  |  Delay |   FF   |   LUT  |
+-----------+--------+--------+--------+--------+
|  Function |    6   |    -   |   829  |  1618  |
|   Memory  |    -   |    -   |    -   |    -   |
|Multiplexer|    -   |   14   |    -   |   86   |
|  Register |    -   |    -   |   490  |    -   |
+-----------+--------+--------+--------+--------+
|   Total   |    6   |   14   |  1319  |  1704  |
+-----------+--------+--------+--------+--------+
