

================================================================
== Vitis HLS Report for 'dbscan'
================================================================
* Date:           Thu Apr 27 17:00:26 2023

* Version:        2022.2 (Build 3670227 on Oct 13 2022)
* Project:        cluster
* Solution:       solution1 (Vivado IP Flow Target)
* Product family: zynq
* Target device:  xc7z020-clg400-1


================================================================
== Performance Estimates
================================================================
+ Timing: 
    * Summary: 
    +--------+----------+----------+------------+
    |  Clock |  Target  | Estimated| Uncertainty|
    +--------+----------+----------+------------+
    |ap_clk  |  10.00 ns|  7.155 ns|     2.70 ns|
    +--------+----------+----------+------------+

+ Latency: 
    * Summary: 
    +---------+---------+-----------+----------+------+-----+---------+
    |  Latency (cycles) |  Latency (absolute)  |  Interval  | Pipeline|
    |   min   |   max   |    min    |    max   |  min | max |   Type  |
    +---------+---------+-----------+----------+------+-----+---------+
    |     1081|        ?|  10.810 us|         ?|  1081|    ?|       no|
    +---------+---------+-----------+----------+------+-----+---------+

    + Detail: 
        * Instance: 
        N/A

        * Loop: 
        +---------------------+---------+---------+----------+-----------+-----------+--------+----------+
        |                     |  Latency (cycles) | Iteration|  Initiation Interval  |  Trip  |          |
        |      Loop Name      |   min   |   max   |  Latency |  achieved |   target  |  Count | Pipelined|
        +---------------------+---------+---------+----------+-----------+-----------+--------+----------+
        |- VITIS_LOOP_103_1   |     1080|        ?|     3 ~ ?|          -|          -|     360|        no|
        | + VITIS_LOOP_130_3  |       40|        ?|   4 ~ 388|          -|          -|  10 ~ ?|        no|
        +---------------------+---------+---------+----------+-----------+-----------+--------+----------+

============================================================
+ Verbose Summary: Synthesis Manager
============================================================
InlineROM: 1
ExposeGlobal: 0
============================================================
+ Verbose Summary: CDFG Model
============================================================
IsTopModel: 0
ResetActiveHigh: 1
IsCombinational: 0
IsDatapathOnly: 0
HasWiredReturn: 1
HasMFsm: 0
HasVarLatency: 1
IsPipeline: 0
IsRtlPipelined: 0
IsInstanceOverlapped: 0
IsDontTouch: 0
HasImplIP: 0
IsGatedGlobalClock: 0


============================================================
+ Verbose Summary: Schedule
============================================================
* Number of FSM states : 21
* Pipeline : 0
* Dataflow Pipeline: 0

* FSM state transitions: 
1 --> 2 
2 --> 3 
3 --> 4 13 
4 --> 5 
5 --> 6 
6 --> 7 
7 --> 8 
8 --> 9 
9 --> 10 13 
10 --> 11 
11 --> 12 
12 --> 13 
13 --> 14 2 
14 --> 15 
15 --> 16 21 
16 --> 17 
17 --> 18 
18 --> 19 
19 --> 20 
20 --> 21 
21 --> 13 

* FSM state operations: 

State 1 <SV = 0> <Delay = 1.58>
ST_1 : Operation 22 [1/1] (0.00ns)   --->   "%i = alloca i32 1"   --->   Operation 22 'alloca' 'i' <Predicate = true> <Delay = 0.00>
ST_1 : Operation 23 [1/1] (0.00ns)   --->   "%cluster_count_0 = alloca i32 1"   --->   Operation 23 'alloca' 'cluster_count_0' <Predicate = true> <Delay = 0.00>
ST_1 : Operation 24 [1/1] (0.00ns)   --->   "%new_neighbor_count_loc = alloca i64 1"   --->   Operation 24 'alloca' 'new_neighbor_count_loc' <Predicate = true> <Delay = 0.00>
ST_1 : Operation 25 [1/1] (0.00ns)   --->   "%neighbor_count_loc = alloca i64 1"   --->   Operation 25 'alloca' 'neighbor_count_loc' <Predicate = true> <Delay = 0.00>
ST_1 : Operation 26 [1/1] (0.00ns)   --->   "%neighbors = alloca i64 1" [cluster2.cpp:111]   --->   Operation 26 'alloca' 'neighbors' <Predicate = true> <Delay = 0.00> <CoreInst = "RAM">   --->   Core 82 'RAM' <Latency = 1> <II = 1> <Delay = 3.25> <Storage> <Opcode : 'load' 'store'> <Ports = 2> <Width = 9> <Depth = 360> <RAM>
ST_1 : Operation 27 [1/1] (1.58ns)   --->   "%store_ln103 = store i32 0, i32 %cluster_count_0" [cluster2.cpp:103]   --->   Operation 27 'store' 'store_ln103' <Predicate = true> <Delay = 1.58>
ST_1 : Operation 28 [1/1] (1.58ns)   --->   "%store_ln103 = store i9 0, i9 %i" [cluster2.cpp:103]   --->   Operation 28 'store' 'store_ln103' <Predicate = true> <Delay = 1.58>
ST_1 : Operation 29 [1/1] (0.00ns)   --->   "%br_ln103 = br void %for.body" [cluster2.cpp:103]   --->   Operation 29 'br' 'br_ln103' <Predicate = true> <Delay = 0.00>

State 2 <SV = 1> <Delay = 2.32>
ST_2 : Operation 30 [1/1] (0.00ns)   --->   "%i_1 = load i9 %i" [cluster2.cpp:103]   --->   Operation 30 'load' 'i_1' <Predicate = true> <Delay = 0.00>
ST_2 : Operation 31 [1/1] (1.66ns)   --->   "%icmp_ln103 = icmp_eq  i9 %i_1, i9 360" [cluster2.cpp:103]   --->   Operation 31 'icmp' 'icmp_ln103' <Predicate = true> <Delay = 1.66> <CoreInst = "Cmp">   --->   Core 9 'Cmp' <Latency = 0> <II = 1> <Delay = 1.66> <FuncUnit> <Opcode : 'icmp'> <InPorts = 2> <OutPorts = 1>
ST_2 : Operation 32 [1/1] (0.00ns)   --->   "%empty = speclooptripcount i32 @_ssdm_op_SpecLoopTripCount, i64 360, i64 360, i64 360"   --->   Operation 32 'speclooptripcount' 'empty' <Predicate = true> <Delay = 0.00>
ST_2 : Operation 33 [1/1] (1.82ns)   --->   "%add_ln103 = add i9 %i_1, i9 1" [cluster2.cpp:103]   --->   Operation 33 'add' 'add_ln103' <Predicate = true> <Delay = 1.82> <CoreInst = "Adder">   --->   Core 1 'Adder' <Latency = 0> <II = 1> <Delay = 1.82> <FuncUnit> <Opcode : 'add' 'sub'> <InPorts = 2> <OutPorts = 1>
ST_2 : Operation 34 [1/1] (0.00ns)   --->   "%br_ln103 = br i1 %icmp_ln103, void %for.body.split, void %for.end64" [cluster2.cpp:103]   --->   Operation 34 'br' 'br_ln103' <Predicate = true> <Delay = 0.00>
ST_2 : Operation 35 [1/1] (0.00ns)   --->   "%zext_ln103 = zext i9 %i_1" [cluster2.cpp:103]   --->   Operation 35 'zext' 'zext_ln103' <Predicate = (!icmp_ln103)> <Delay = 0.00>
ST_2 : Operation 36 [1/1] (0.00ns)   --->   "%visited_addr = getelementptr i1 %visited, i64 0, i64 %zext_ln103" [cluster2.cpp:104]   --->   Operation 36 'getelementptr' 'visited_addr' <Predicate = (!icmp_ln103)> <Delay = 0.00>
ST_2 : Operation 37 [2/2] (2.32ns)   --->   "%visited_load = load i9 %visited_addr" [cluster2.cpp:104]   --->   Operation 37 'load' 'visited_load' <Predicate = (!icmp_ln103)> <Delay = 2.32> <CoreInst = "RAM">   --->   Core 82 'RAM' <Latency = 1> <II = 1> <Delay = 2.32> <Storage> <Opcode : 'load' 'store'> <Ports = 2> <Width = 1> <Depth = 360> <RAM>
ST_2 : Operation 38 [1/1] (0.00ns)   --->   "%cluster_count_0_load_1 = load i32 %cluster_count_0" [cluster2.cpp:158]   --->   Operation 38 'load' 'cluster_count_0_load_1' <Predicate = (icmp_ln103)> <Delay = 0.00>
ST_2 : Operation 39 [1/1] (0.00ns)   --->   "%ret_ln158 = ret i32 %cluster_count_0_load_1" [cluster2.cpp:158]   --->   Operation 39 'ret' 'ret_ln158' <Predicate = (icmp_ln103)> <Delay = 0.00>

State 3 <SV = 2> <Delay = 4.64>
ST_3 : Operation 40 [1/1] (0.00ns)   --->   "%cluster_count_0_load_2 = load i32 %cluster_count_0" [cluster2.cpp:103]   --->   Operation 40 'load' 'cluster_count_0_load_2' <Predicate = true> <Delay = 0.00>
ST_3 : Operation 41 [1/1] (0.00ns)   --->   "%trunc_ln103 = trunc i32 %cluster_count_0_load_2" [cluster2.cpp:103]   --->   Operation 41 'trunc' 'trunc_ln103' <Predicate = true> <Delay = 0.00>
ST_3 : Operation 42 [1/1] (0.00ns)   --->   "%specloopname_ln103 = specloopname void @_ssdm_op_SpecLoopName, void @empty_9" [cluster2.cpp:103]   --->   Operation 42 'specloopname' 'specloopname_ln103' <Predicate = true> <Delay = 0.00>
ST_3 : Operation 43 [1/2] (2.32ns)   --->   "%visited_load = load i9 %visited_addr" [cluster2.cpp:104]   --->   Operation 43 'load' 'visited_load' <Predicate = true> <Delay = 2.32> <CoreInst = "RAM">   --->   Core 82 'RAM' <Latency = 1> <II = 1> <Delay = 2.32> <Storage> <Opcode : 'load' 'store'> <Ports = 2> <Width = 1> <Depth = 360> <RAM>
ST_3 : Operation 44 [1/1] (0.00ns)   --->   "%br_ln104 = br i1 %visited_load, void %VITIS_LOOP_113_2, void %for.inc62" [cluster2.cpp:104]   --->   Operation 44 'br' 'br_ln104' <Predicate = true> <Delay = 0.00>
ST_3 : Operation 45 [1/1] (2.32ns)   --->   "%store_ln108 = store i1 1, i9 %visited_addr" [cluster2.cpp:108]   --->   Operation 45 'store' 'store_ln108' <Predicate = (!visited_load)> <Delay = 2.32> <CoreInst = "RAM">   --->   Core 82 'RAM' <Latency = 1> <II = 1> <Delay = 2.32> <Storage> <Opcode : 'load' 'store'> <Ports = 2> <Width = 1> <Depth = 360> <RAM>
ST_3 : Operation 46 [1/1] (0.00ns)   --->   "%data_addr = getelementptr i32 %data, i64 0, i64 %zext_ln103" [cluster2.cpp:103]   --->   Operation 46 'getelementptr' 'data_addr' <Predicate = (!visited_load)> <Delay = 0.00>
ST_3 : Operation 47 [1/1] (0.00ns)   --->   "%sin_values_addr = getelementptr i18 %sin_values, i64 0, i64 %zext_ln103" [cluster2.cpp:103]   --->   Operation 47 'getelementptr' 'sin_values_addr' <Predicate = (!visited_load)> <Delay = 0.00>
ST_3 : Operation 48 [1/1] (0.00ns)   --->   "%cos_values_addr = getelementptr i18 %cos_values, i64 0, i64 %zext_ln103" [cluster2.cpp:103]   --->   Operation 48 'getelementptr' 'cos_values_addr' <Predicate = (!visited_load)> <Delay = 0.00>
ST_3 : Operation 49 [2/2] (3.25ns)   --->   "%data_load = load i9 %data_addr" [cluster2.cpp:97]   --->   Operation 49 'load' 'data_load' <Predicate = (!visited_load)> <Delay = 3.25> <CoreInst = "RAM">   --->   Core 82 'RAM' <Latency = 1> <II = 1> <Delay = 3.25> <Storage> <Opcode : 'load' 'store'> <Ports = 2> <Width = 32> <Depth = 360> <RAM>
ST_3 : Operation 50 [2/2] (3.25ns)   --->   "%sin_values_load = load i9 %sin_values_addr" [cluster2.cpp:97]   --->   Operation 50 'load' 'sin_values_load' <Predicate = (!visited_load)> <Delay = 3.25> <CoreInst = "ROM">   --->   Core 95 'ROM' <Latency = 1> <II = 1> <Delay = 3.25> <Storage> <Opcode : 'load'> <Ports = 0> <Width = 18> <Depth = 360> <ROM>
ST_3 : Operation 51 [2/2] (3.25ns)   --->   "%cos_values_load = load i9 %cos_values_addr" [cluster2.cpp:98]   --->   Operation 51 'load' 'cos_values_load' <Predicate = (!visited_load)> <Delay = 3.25> <CoreInst = "ROM">   --->   Core 95 'ROM' <Latency = 1> <II = 1> <Delay = 3.25> <Storage> <Opcode : 'load'> <Ports = 0> <Width = 18> <Depth = 360> <ROM>

State 4 <SV = 3> <Delay = 3.25>
ST_4 : Operation 52 [1/2] (3.25ns)   --->   "%data_load = load i9 %data_addr" [cluster2.cpp:97]   --->   Operation 52 'load' 'data_load' <Predicate = true> <Delay = 3.25> <CoreInst = "RAM">   --->   Core 82 'RAM' <Latency = 1> <II = 1> <Delay = 3.25> <Storage> <Opcode : 'load' 'store'> <Ports = 2> <Width = 32> <Depth = 360> <RAM>
ST_4 : Operation 53 [1/2] (3.25ns)   --->   "%sin_values_load = load i9 %sin_values_addr" [cluster2.cpp:97]   --->   Operation 53 'load' 'sin_values_load' <Predicate = true> <Delay = 3.25> <CoreInst = "ROM">   --->   Core 95 'ROM' <Latency = 1> <II = 1> <Delay = 3.25> <Storage> <Opcode : 'load'> <Ports = 0> <Width = 18> <Depth = 360> <ROM>
ST_4 : Operation 54 [1/2] (3.25ns)   --->   "%cos_values_load = load i9 %cos_values_addr" [cluster2.cpp:98]   --->   Operation 54 'load' 'cos_values_load' <Predicate = true> <Delay = 3.25> <CoreInst = "ROM">   --->   Core 95 'ROM' <Latency = 1> <II = 1> <Delay = 3.25> <Storage> <Opcode : 'load'> <Ports = 0> <Width = 18> <Depth = 360> <ROM>

State 5 <SV = 4> <Delay = 6.91>
ST_5 : Operation 55 [1/1] (0.00ns)   --->   "%sext_ln97 = sext i18 %sin_values_load" [cluster2.cpp:97]   --->   Operation 55 'sext' 'sext_ln97' <Predicate = true> <Delay = 0.00>
ST_5 : Operation 56 [2/2] (6.91ns)   --->   "%mul_ln97 = mul i32 %sext_ln97, i32 %data_load" [cluster2.cpp:97]   --->   Operation 56 'mul' 'mul_ln97' <Predicate = true> <Delay = 6.91> <CoreInst = "Multiplier">   --->   Core 3 'Multiplier' <Latency = 1> <II = 1> <Delay = 6.91> <FuncUnit> <Opcode : 'mul'> <InPorts = 2> <OutPorts = 1>
ST_5 : Operation 57 [1/1] (0.00ns)   --->   "%sext_ln98 = sext i18 %cos_values_load" [cluster2.cpp:98]   --->   Operation 57 'sext' 'sext_ln98' <Predicate = true> <Delay = 0.00>
ST_5 : Operation 58 [2/2] (6.91ns)   --->   "%mul_ln98 = mul i32 %sext_ln98, i32 %data_load" [cluster2.cpp:98]   --->   Operation 58 'mul' 'mul_ln98' <Predicate = true> <Delay = 6.91> <CoreInst = "Multiplier">   --->   Core 3 'Multiplier' <Latency = 1> <II = 1> <Delay = 6.91> <FuncUnit> <Opcode : 'mul'> <InPorts = 2> <OutPorts = 1>

State 6 <SV = 5> <Delay = 6.91>
ST_6 : Operation 59 [1/2] (6.91ns)   --->   "%mul_ln97 = mul i32 %sext_ln97, i32 %data_load" [cluster2.cpp:97]   --->   Operation 59 'mul' 'mul_ln97' <Predicate = true> <Delay = 6.91> <CoreInst = "Multiplier">   --->   Core 3 'Multiplier' <Latency = 1> <II = 1> <Delay = 6.91> <FuncUnit> <Opcode : 'mul'> <InPorts = 2> <OutPorts = 1>
ST_6 : Operation 60 [1/2] (6.91ns)   --->   "%mul_ln98 = mul i32 %sext_ln98, i32 %data_load" [cluster2.cpp:98]   --->   Operation 60 'mul' 'mul_ln98' <Predicate = true> <Delay = 6.91> <CoreInst = "Multiplier">   --->   Core 3 'Multiplier' <Latency = 1> <II = 1> <Delay = 6.91> <FuncUnit> <Opcode : 'mul'> <InPorts = 2> <OutPorts = 1>

State 7 <SV = 6> <Delay = 1.66>
ST_7 : Operation 61 [2/2] (1.66ns)   --->   "%call_ln103 = call void @dbscan_Pipeline_VITIS_LOOP_113_2, i9 %i_1, i32 %data, i32 %mul_ln97, i32 %mul_ln98, i9 %neighbors, i32 %neighbor_count_loc, i18 %sin_values, i18 %cos_values" [cluster2.cpp:103]   --->   Operation 61 'call' 'call_ln103' <Predicate = true> <Delay = 1.66> <CoreType = "Generic">   --->   Core 0 '' <Latency = 0> <II = 1> <Delay = 1.00> <Generic> <Opcode : >

State 8 <SV = 7> <Delay = 0.00>
ST_8 : Operation 62 [1/2] (0.00ns)   --->   "%call_ln103 = call void @dbscan_Pipeline_VITIS_LOOP_113_2, i9 %i_1, i32 %data, i32 %mul_ln97, i32 %mul_ln98, i9 %neighbors, i32 %neighbor_count_loc, i18 %sin_values, i18 %cos_values" [cluster2.cpp:103]   --->   Operation 62 'call' 'call_ln103' <Predicate = true> <Delay = 0.00> <CoreType = "Generic">   --->   Core 0 '' <Latency = 0> <II = 1> <Delay = 1.00> <Generic> <Opcode : >

State 9 <SV = 8> <Delay = 2.47>
ST_9 : Operation 63 [1/1] (0.00ns)   --->   "%neighbor_count_loc_load = load i32 %neighbor_count_loc"   --->   Operation 63 'load' 'neighbor_count_loc_load' <Predicate = true> <Delay = 0.00>
ST_9 : Operation 64 [1/1] (2.47ns)   --->   "%icmp_ln125 = icmp_sgt  i32 %neighbor_count_loc_load, i32 9" [cluster2.cpp:125]   --->   Operation 64 'icmp' 'icmp_ln125' <Predicate = true> <Delay = 2.47> <CoreInst = "Cmp">   --->   Core 9 'Cmp' <Latency = 0> <II = 1> <Delay = 2.47> <FuncUnit> <Opcode : 'icmp'> <InPorts = 2> <OutPorts = 1>
ST_9 : Operation 65 [1/1] (0.00ns)   --->   "%br_ln125 = br i1 %icmp_ln125, void %for.inc62, void %VITIS_LOOP_130_3" [cluster2.cpp:125]   --->   Operation 65 'br' 'br_ln125' <Predicate = true> <Delay = 0.00>
ST_9 : Operation 66 [1/1] (0.00ns)   --->   "%cluster_count_0_load = load i32 %cluster_count_0" [cluster2.cpp:150]   --->   Operation 66 'load' 'cluster_count_0_load' <Predicate = (icmp_ln125)> <Delay = 0.00>
ST_9 : Operation 67 [1/1] (0.00ns)   --->   "%trunc_ln150 = trunc i32 %cluster_count_0_load" [cluster2.cpp:150]   --->   Operation 67 'trunc' 'trunc_ln150' <Predicate = (icmp_ln125)> <Delay = 0.00>
ST_9 : Operation 68 [4/4] (2.15ns) (root node of the DSP)   --->   "%mul_ln150 = mul i17 %trunc_ln150, i17 360" [cluster2.cpp:150]   --->   Operation 68 'mul' 'mul_ln150' <Predicate = (icmp_ln125)> <Delay = 2.15> <CoreInst = "DSP48">   --->   Core 119 'DSP48' <Latency = 3> <II = 1> <Delay = 2.15> <IPBlock> <Opcode : 'mul' 'add' 'sub' 'select'> <InPorts = 0> <OutPorts = 1> <Sync> <CReg>
ST_9 : Operation 69 [1/1] (0.00ns)   --->   "%trunc_ln130 = trunc i32 %neighbor_count_loc_load" [cluster2.cpp:130]   --->   Operation 69 'trunc' 'trunc_ln130' <Predicate = (icmp_ln125)> <Delay = 0.00>

State 10 <SV = 9> <Delay = 2.15>
ST_10 : Operation 70 [3/4] (2.15ns) (root node of the DSP)   --->   "%mul_ln150 = mul i17 %trunc_ln150, i17 360" [cluster2.cpp:150]   --->   Operation 70 'mul' 'mul_ln150' <Predicate = true> <Delay = 2.15> <CoreInst = "DSP48">   --->   Core 119 'DSP48' <Latency = 3> <II = 1> <Delay = 2.15> <IPBlock> <Opcode : 'mul' 'add' 'sub' 'select'> <InPorts = 0> <OutPorts = 1> <Sync> <CReg>

State 11 <SV = 10> <Delay = 2.15>
ST_11 : Operation 71 [2/4] (2.15ns) (root node of the DSP)   --->   "%mul_ln150 = mul i17 %trunc_ln150, i17 360" [cluster2.cpp:150]   --->   Operation 71 'mul' 'mul_ln150' <Predicate = true> <Delay = 2.15> <CoreInst = "DSP48">   --->   Core 119 'DSP48' <Latency = 3> <II = 1> <Delay = 2.15> <IPBlock> <Opcode : 'mul' 'add' 'sub' 'select'> <InPorts = 0> <OutPorts = 1> <Sync> <CReg>

State 12 <SV = 11> <Delay = 3.25>
ST_12 : Operation 72 [1/1] (2.55ns)   --->   "%add_ln126 = add i32 %cluster_count_0_load, i32 1" [cluster2.cpp:126]   --->   Operation 72 'add' 'add_ln126' <Predicate = true> <Delay = 2.55> <CoreInst = "Adder">   --->   Core 1 'Adder' <Latency = 0> <II = 1> <Delay = 2.55> <FuncUnit> <Opcode : 'add' 'sub'> <InPorts = 2> <OutPorts = 1>
ST_12 : Operation 73 [1/1] (0.00ns)   --->   "%zext_ln126 = zext i32 %cluster_count_0_load" [cluster2.cpp:126]   --->   Operation 73 'zext' 'zext_ln126' <Predicate = true> <Delay = 0.00>
ST_12 : Operation 74 [1/4] (0.00ns) (root node of the DSP)   --->   "%mul_ln150 = mul i17 %trunc_ln150, i17 360" [cluster2.cpp:150]   --->   Operation 74 'mul' 'mul_ln150' <Predicate = true> <Delay = 0.00> <CoreInst = "DSP48">   --->   Core 119 'DSP48' <Latency = 3> <II = 1> <Delay = 2.15> <IPBlock> <Opcode : 'mul' 'add' 'sub' 'select'> <InPorts = 0> <OutPorts = 1> <Sync> <CReg>
ST_12 : Operation 75 [1/1] (0.00ns)   --->   "%clusters_id_addr = getelementptr i5 %clusters_id, i64 0, i64 %zext_ln126" [cluster2.cpp:127]   --->   Operation 75 'getelementptr' 'clusters_id_addr' <Predicate = true> <Delay = 0.00>
ST_12 : Operation 76 [1/1] (3.25ns)   --->   "%store_ln127 = store i5 %trunc_ln103, i9 %clusters_id_addr" [cluster2.cpp:127]   --->   Operation 76 'store' 'store_ln127' <Predicate = true> <Delay = 3.25> <CoreInst = "RAM">   --->   Core 82 'RAM' <Latency = 1> <II = 1> <Delay = 3.25> <Storage> <Opcode : 'load' 'store'> <Ports = 2> <Width = 5> <Depth = 360> <RAM>
ST_12 : Operation 77 [1/1] (0.00ns)   --->   "%clusters_member_count_addr = getelementptr i32 %clusters_member_count, i64 0, i64 %zext_ln126" [cluster2.cpp:128]   --->   Operation 77 'getelementptr' 'clusters_member_count_addr' <Predicate = true> <Delay = 0.00>
ST_12 : Operation 78 [1/1] (1.58ns)   --->   "%br_ln130 = br void %for.body24" [cluster2.cpp:130]   --->   Operation 78 'br' 'br_ln130' <Predicate = true> <Delay = 1.58>

State 13 <SV = 12> <Delay = 5.72>
ST_13 : Operation 79 [1/1] (0.00ns)   --->   "%k = phi i31 0, void %VITIS_LOOP_130_3, i31 %add_ln130, void %for.inc58" [cluster2.cpp:130]   --->   Operation 79 'phi' 'k' <Predicate = (!visited_load & icmp_ln125)> <Delay = 0.00>
ST_13 : Operation 80 [1/1] (0.00ns)   --->   "%inc5139 = phi i32 0, void %VITIS_LOOP_130_3, i32 %inc512, void %for.inc58" [cluster2.cpp:150]   --->   Operation 80 'phi' 'inc5139' <Predicate = (!visited_load & icmp_ln125)> <Delay = 0.00>
ST_13 : Operation 81 [1/1] (2.47ns)   --->   "%icmp_ln130 = icmp_eq  i31 %k, i31 %trunc_ln130" [cluster2.cpp:130]   --->   Operation 81 'icmp' 'icmp_ln130' <Predicate = (!visited_load & icmp_ln125)> <Delay = 2.47> <CoreInst = "Cmp">   --->   Core 9 'Cmp' <Latency = 0> <II = 1> <Delay = 2.47> <FuncUnit> <Opcode : 'icmp'> <InPorts = 2> <OutPorts = 1>
ST_13 : Operation 82 [1/1] (0.00ns)   --->   "%empty_71 = speclooptripcount i32 @_ssdm_op_SpecLoopTripCount, i64 10, i64 18446744073709551615, i64 0"   --->   Operation 82 'speclooptripcount' 'empty_71' <Predicate = (!visited_load & icmp_ln125)> <Delay = 0.00>
ST_13 : Operation 83 [1/1] (2.52ns)   --->   "%add_ln130 = add i31 %k, i31 1" [cluster2.cpp:130]   --->   Operation 83 'add' 'add_ln130' <Predicate = (!visited_load & icmp_ln125)> <Delay = 2.52> <CoreInst = "Adder">   --->   Core 1 'Adder' <Latency = 0> <II = 1> <Delay = 2.52> <FuncUnit> <Opcode : 'add' 'sub'> <InPorts = 2> <OutPorts = 1>
ST_13 : Operation 84 [1/1] (0.00ns)   --->   "%br_ln130 = br i1 %icmp_ln130, void %for.body24.split, void %for.end60" [cluster2.cpp:130]   --->   Operation 84 'br' 'br_ln130' <Predicate = (!visited_load & icmp_ln125)> <Delay = 0.00>
ST_13 : Operation 85 [1/1] (0.00ns)   --->   "%zext_ln130 = zext i31 %k" [cluster2.cpp:130]   --->   Operation 85 'zext' 'zext_ln130' <Predicate = (!visited_load & icmp_ln125 & !icmp_ln130)> <Delay = 0.00>
ST_13 : Operation 86 [1/1] (0.00ns)   --->   "%neighbors_addr = getelementptr i9 %neighbors, i64 0, i64 %zext_ln130" [cluster2.cpp:131]   --->   Operation 86 'getelementptr' 'neighbors_addr' <Predicate = (!visited_load & icmp_ln125 & !icmp_ln130)> <Delay = 0.00>
ST_13 : Operation 87 [2/2] (3.25ns)   --->   "%neighbor_id = load i9 %neighbors_addr" [cluster2.cpp:133]   --->   Operation 87 'load' 'neighbor_id' <Predicate = (!visited_load & icmp_ln125 & !icmp_ln130)> <Delay = 3.25> <CoreInst = "RAM">   --->   Core 82 'RAM' <Latency = 1> <II = 1> <Delay = 3.25> <Storage> <Opcode : 'load' 'store'> <Ports = 2> <Width = 9> <Depth = 360> <RAM>
ST_13 : Operation 88 [1/1] (3.25ns)   --->   "%store_ln150 = store i32 %inc5139, i9 %clusters_member_count_addr" [cluster2.cpp:150]   --->   Operation 88 'store' 'store_ln150' <Predicate = (!visited_load & icmp_ln125 & icmp_ln130)> <Delay = 3.25> <CoreInst = "RAM">   --->   Core 82 'RAM' <Latency = 1> <II = 1> <Delay = 3.25> <Storage> <Opcode : 'load' 'store'> <Ports = 2> <Width = 32> <Depth = 360> <RAM>
ST_13 : Operation 89 [1/1] (1.58ns)   --->   "%store_ln156 = store i32 %add_ln126, i32 %cluster_count_0" [cluster2.cpp:156]   --->   Operation 89 'store' 'store_ln156' <Predicate = (!visited_load & icmp_ln125 & icmp_ln130)> <Delay = 1.58>
ST_13 : Operation 90 [1/1] (0.00ns)   --->   "%br_ln156 = br void %for.inc62" [cluster2.cpp:156]   --->   Operation 90 'br' 'br_ln156' <Predicate = (!visited_load & icmp_ln125 & icmp_ln130)> <Delay = 0.00>
ST_13 : Operation 91 [1/1] (1.58ns)   --->   "%store_ln103 = store i9 %add_ln103, i9 %i" [cluster2.cpp:103]   --->   Operation 91 'store' 'store_ln103' <Predicate = (icmp_ln130) | (!icmp_ln125) | (visited_load)> <Delay = 1.58>
ST_13 : Operation 92 [1/1] (0.00ns)   --->   "%br_ln103 = br void %for.body" [cluster2.cpp:103]   --->   Operation 92 'br' 'br_ln103' <Predicate = (icmp_ln130) | (!icmp_ln125) | (visited_load)> <Delay = 0.00>

State 14 <SV = 13> <Delay = 5.57>
ST_14 : Operation 93 [1/2] (3.25ns)   --->   "%neighbor_id = load i9 %neighbors_addr" [cluster2.cpp:133]   --->   Operation 93 'load' 'neighbor_id' <Predicate = true> <Delay = 3.25> <CoreInst = "RAM">   --->   Core 82 'RAM' <Latency = 1> <II = 1> <Delay = 3.25> <Storage> <Opcode : 'load' 'store'> <Ports = 2> <Width = 9> <Depth = 360> <RAM>
ST_14 : Operation 94 [1/1] (0.00ns)   --->   "%zext_ln133 = zext i9 %neighbor_id" [cluster2.cpp:133]   --->   Operation 94 'zext' 'zext_ln133' <Predicate = true> <Delay = 0.00>
ST_14 : Operation 95 [1/1] (0.00ns)   --->   "%visited_addr_1 = getelementptr i1 %visited, i64 0, i64 %zext_ln133" [cluster2.cpp:133]   --->   Operation 95 'getelementptr' 'visited_addr_1' <Predicate = true> <Delay = 0.00>
ST_14 : Operation 96 [2/2] (2.32ns)   --->   "%visited_load_1 = load i9 %visited_addr_1" [cluster2.cpp:133]   --->   Operation 96 'load' 'visited_load_1' <Predicate = true> <Delay = 2.32> <CoreInst = "RAM">   --->   Core 82 'RAM' <Latency = 1> <II = 1> <Delay = 2.32> <Storage> <Opcode : 'load' 'store'> <Ports = 2> <Width = 1> <Depth = 360> <RAM>

State 15 <SV = 14> <Delay = 4.64>
ST_15 : Operation 97 [1/1] (0.00ns)   --->   "%specloopname_ln130 = specloopname void @_ssdm_op_SpecLoopName, void @empty_8" [cluster2.cpp:130]   --->   Operation 97 'specloopname' 'specloopname_ln130' <Predicate = true> <Delay = 0.00>
ST_15 : Operation 98 [1/2] (2.32ns)   --->   "%visited_load_1 = load i9 %visited_addr_1" [cluster2.cpp:133]   --->   Operation 98 'load' 'visited_load_1' <Predicate = true> <Delay = 2.32> <CoreInst = "RAM">   --->   Core 82 'RAM' <Latency = 1> <II = 1> <Delay = 2.32> <Storage> <Opcode : 'load' 'store'> <Ports = 2> <Width = 1> <Depth = 360> <RAM>
ST_15 : Operation 99 [1/1] (1.58ns)   --->   "%br_ln133 = br i1 %visited_load_1, void %VITIS_LOOP_137_4, void %for.inc58" [cluster2.cpp:133]   --->   Operation 99 'br' 'br_ln133' <Predicate = true> <Delay = 1.58>
ST_15 : Operation 100 [1/1] (2.32ns)   --->   "%store_ln134 = store i1 1, i9 %visited_addr_1" [cluster2.cpp:134]   --->   Operation 100 'store' 'store_ln134' <Predicate = (!visited_load_1)> <Delay = 2.32> <CoreInst = "RAM">   --->   Core 82 'RAM' <Latency = 1> <II = 1> <Delay = 2.32> <Storage> <Opcode : 'load' 'store'> <Ports = 2> <Width = 1> <Depth = 360> <RAM>
ST_15 : Operation 101 [1/1] (0.00ns)   --->   "%data_addr_1 = getelementptr i32 %data, i64 0, i64 %zext_ln133" [cluster2.cpp:133]   --->   Operation 101 'getelementptr' 'data_addr_1' <Predicate = (!visited_load_1)> <Delay = 0.00>
ST_15 : Operation 102 [1/1] (0.00ns)   --->   "%sin_values_addr_1 = getelementptr i18 %sin_values, i64 0, i64 %zext_ln133" [cluster2.cpp:133]   --->   Operation 102 'getelementptr' 'sin_values_addr_1' <Predicate = (!visited_load_1)> <Delay = 0.00>
ST_15 : Operation 103 [1/1] (0.00ns)   --->   "%cos_values_addr_1 = getelementptr i18 %cos_values, i64 0, i64 %zext_ln133" [cluster2.cpp:133]   --->   Operation 103 'getelementptr' 'cos_values_addr_1' <Predicate = (!visited_load_1)> <Delay = 0.00>
ST_15 : Operation 104 [2/2] (3.25ns)   --->   "%data_load_1 = load i9 %data_addr_1" [cluster2.cpp:97]   --->   Operation 104 'load' 'data_load_1' <Predicate = (!visited_load_1)> <Delay = 3.25> <CoreInst = "RAM">   --->   Core 82 'RAM' <Latency = 1> <II = 1> <Delay = 3.25> <Storage> <Opcode : 'load' 'store'> <Ports = 2> <Width = 32> <Depth = 360> <RAM>
ST_15 : Operation 105 [2/2] (3.25ns)   --->   "%sin_values_load_1 = load i9 %sin_values_addr_1" [cluster2.cpp:97]   --->   Operation 105 'load' 'sin_values_load_1' <Predicate = (!visited_load_1)> <Delay = 3.25> <CoreInst = "ROM">   --->   Core 95 'ROM' <Latency = 1> <II = 1> <Delay = 3.25> <Storage> <Opcode : 'load'> <Ports = 0> <Width = 18> <Depth = 360> <ROM>
ST_15 : Operation 106 [2/2] (3.25ns)   --->   "%cos_values_load_1 = load i9 %cos_values_addr_1" [cluster2.cpp:98]   --->   Operation 106 'load' 'cos_values_load_1' <Predicate = (!visited_load_1)> <Delay = 3.25> <CoreInst = "ROM">   --->   Core 95 'ROM' <Latency = 1> <II = 1> <Delay = 3.25> <Storage> <Opcode : 'load'> <Ports = 0> <Width = 18> <Depth = 360> <ROM>

State 16 <SV = 15> <Delay = 3.25>
ST_16 : Operation 107 [1/2] (3.25ns)   --->   "%data_load_1 = load i9 %data_addr_1" [cluster2.cpp:97]   --->   Operation 107 'load' 'data_load_1' <Predicate = true> <Delay = 3.25> <CoreInst = "RAM">   --->   Core 82 'RAM' <Latency = 1> <II = 1> <Delay = 3.25> <Storage> <Opcode : 'load' 'store'> <Ports = 2> <Width = 32> <Depth = 360> <RAM>
ST_16 : Operation 108 [1/2] (3.25ns)   --->   "%sin_values_load_1 = load i9 %sin_values_addr_1" [cluster2.cpp:97]   --->   Operation 108 'load' 'sin_values_load_1' <Predicate = true> <Delay = 3.25> <CoreInst = "ROM">   --->   Core 95 'ROM' <Latency = 1> <II = 1> <Delay = 3.25> <Storage> <Opcode : 'load'> <Ports = 0> <Width = 18> <Depth = 360> <ROM>
ST_16 : Operation 109 [1/2] (3.25ns)   --->   "%cos_values_load_1 = load i9 %cos_values_addr_1" [cluster2.cpp:98]   --->   Operation 109 'load' 'cos_values_load_1' <Predicate = true> <Delay = 3.25> <CoreInst = "ROM">   --->   Core 95 'ROM' <Latency = 1> <II = 1> <Delay = 3.25> <Storage> <Opcode : 'load'> <Ports = 0> <Width = 18> <Depth = 360> <ROM>

State 17 <SV = 16> <Delay = 6.91>
ST_17 : Operation 110 [1/1] (0.00ns)   --->   "%sext_ln97_2 = sext i18 %sin_values_load_1" [cluster2.cpp:97]   --->   Operation 110 'sext' 'sext_ln97_2' <Predicate = true> <Delay = 0.00>
ST_17 : Operation 111 [2/2] (6.91ns)   --->   "%mul_ln97_2 = mul i32 %sext_ln97_2, i32 %data_load_1" [cluster2.cpp:97]   --->   Operation 111 'mul' 'mul_ln97_2' <Predicate = true> <Delay = 6.91> <CoreInst = "Multiplier">   --->   Core 3 'Multiplier' <Latency = 1> <II = 1> <Delay = 6.91> <FuncUnit> <Opcode : 'mul'> <InPorts = 2> <OutPorts = 1>
ST_17 : Operation 112 [1/1] (0.00ns)   --->   "%sext_ln98_2 = sext i18 %cos_values_load_1" [cluster2.cpp:98]   --->   Operation 112 'sext' 'sext_ln98_2' <Predicate = true> <Delay = 0.00>
ST_17 : Operation 113 [2/2] (6.91ns)   --->   "%mul_ln98_2 = mul i32 %sext_ln98_2, i32 %data_load_1" [cluster2.cpp:98]   --->   Operation 113 'mul' 'mul_ln98_2' <Predicate = true> <Delay = 6.91> <CoreInst = "Multiplier">   --->   Core 3 'Multiplier' <Latency = 1> <II = 1> <Delay = 6.91> <FuncUnit> <Opcode : 'mul'> <InPorts = 2> <OutPorts = 1>

State 18 <SV = 17> <Delay = 6.91>
ST_18 : Operation 114 [1/2] (6.91ns)   --->   "%mul_ln97_2 = mul i32 %sext_ln97_2, i32 %data_load_1" [cluster2.cpp:97]   --->   Operation 114 'mul' 'mul_ln97_2' <Predicate = true> <Delay = 6.91> <CoreInst = "Multiplier">   --->   Core 3 'Multiplier' <Latency = 1> <II = 1> <Delay = 6.91> <FuncUnit> <Opcode : 'mul'> <InPorts = 2> <OutPorts = 1>
ST_18 : Operation 115 [1/2] (6.91ns)   --->   "%mul_ln98_2 = mul i32 %sext_ln98_2, i32 %data_load_1" [cluster2.cpp:98]   --->   Operation 115 'mul' 'mul_ln98_2' <Predicate = true> <Delay = 6.91> <CoreInst = "Multiplier">   --->   Core 3 'Multiplier' <Latency = 1> <II = 1> <Delay = 6.91> <FuncUnit> <Opcode : 'mul'> <InPorts = 2> <OutPorts = 1>

State 19 <SV = 18> <Delay = 1.66>
ST_19 : Operation 116 [2/2] (1.66ns)   --->   "%call_ln133 = call void @dbscan_Pipeline_VITIS_LOOP_137_4, i9 %neighbor_id, i32 %data, i32 %mul_ln97_2, i32 %mul_ln98_2, i32 %new_neighbor_count_loc, i18 %sin_values, i18 %cos_values" [cluster2.cpp:133]   --->   Operation 116 'call' 'call_ln133' <Predicate = true> <Delay = 1.66> <CoreType = "Generic">   --->   Core 0 '' <Latency = 0> <II = 1> <Delay = 1.00> <Generic> <Opcode : >

State 20 <SV = 19> <Delay = 0.00>
ST_20 : Operation 117 [1/2] (0.00ns)   --->   "%call_ln133 = call void @dbscan_Pipeline_VITIS_LOOP_137_4, i9 %neighbor_id, i32 %data, i32 %mul_ln97_2, i32 %mul_ln98_2, i32 %new_neighbor_count_loc, i18 %sin_values, i18 %cos_values" [cluster2.cpp:133]   --->   Operation 117 'call' 'call_ln133' <Predicate = true> <Delay = 0.00> <CoreType = "Generic">   --->   Core 0 '' <Latency = 0> <II = 1> <Delay = 1.00> <Generic> <Opcode : >

State 21 <SV = 20> <Delay = 5.72>
ST_21 : Operation 118 [1/1] (0.00ns)   --->   "%new_neighbor_count_loc_load = load i32 %new_neighbor_count_loc"   --->   Operation 118 'load' 'new_neighbor_count_loc_load' <Predicate = (!visited_load_1)> <Delay = 0.00>
ST_21 : Operation 119 [1/1] (2.47ns)   --->   "%icmp_ln149 = icmp_sgt  i32 %new_neighbor_count_loc_load, i32 9" [cluster2.cpp:149]   --->   Operation 119 'icmp' 'icmp_ln149' <Predicate = (!visited_load_1)> <Delay = 2.47> <CoreInst = "Cmp">   --->   Core 9 'Cmp' <Latency = 0> <II = 1> <Delay = 2.47> <FuncUnit> <Opcode : 'icmp'> <InPorts = 2> <OutPorts = 1>
ST_21 : Operation 120 [1/1] (0.00ns)   --->   "%br_ln149 = br i1 %icmp_ln149, void %if.else, void %if.then49" [cluster2.cpp:149]   --->   Operation 120 'br' 'br_ln149' <Predicate = (!visited_load_1)> <Delay = 0.00>
ST_21 : Operation 121 [1/1] (2.32ns)   --->   "%store_ln152 = store i1 0, i9 %visited_addr_1" [cluster2.cpp:152]   --->   Operation 121 'store' 'store_ln152' <Predicate = (!visited_load_1 & !icmp_ln149)> <Delay = 2.32> <CoreInst = "RAM">   --->   Core 82 'RAM' <Latency = 1> <II = 1> <Delay = 2.32> <Storage> <Opcode : 'load' 'store'> <Ports = 2> <Width = 1> <Depth = 360> <RAM>
ST_21 : Operation 122 [1/1] (1.58ns)   --->   "%br_ln0 = br void %for.inc58"   --->   Operation 122 'br' 'br_ln0' <Predicate = (!visited_load_1 & !icmp_ln149)> <Delay = 1.58>
ST_21 : Operation 123 [1/1] (2.55ns)   --->   "%add_ln150 = add i32 %inc5139, i32 1" [cluster2.cpp:150]   --->   Operation 123 'add' 'add_ln150' <Predicate = (!visited_load_1 & icmp_ln149)> <Delay = 2.55> <CoreInst = "Adder">   --->   Core 1 'Adder' <Latency = 0> <II = 1> <Delay = 2.55> <FuncUnit> <Opcode : 'add' 'sub'> <InPorts = 2> <OutPorts = 1>
ST_21 : Operation 124 [1/1] (0.00ns)   --->   "%trunc_ln150_1 = trunc i32 %inc5139" [cluster2.cpp:150]   --->   Operation 124 'trunc' 'trunc_ln150_1' <Predicate = (!visited_load_1 & icmp_ln149)> <Delay = 0.00>
ST_21 : Operation 125 [1/1] (2.10ns)   --->   "%add_ln150_1 = add i17 %mul_ln150, i17 %trunc_ln150_1" [cluster2.cpp:150]   --->   Operation 125 'add' 'add_ln150_1' <Predicate = (!visited_load_1 & icmp_ln149)> <Delay = 2.10> <CoreInst = "Adder">   --->   Core 1 'Adder' <Latency = 0> <II = 1> <Delay = 2.10> <FuncUnit> <Opcode : 'add' 'sub'> <InPorts = 2> <OutPorts = 1>
ST_21 : Operation 126 [1/1] (0.00ns)   --->   "%zext_ln150 = zext i17 %add_ln150_1" [cluster2.cpp:150]   --->   Operation 126 'zext' 'zext_ln150' <Predicate = (!visited_load_1 & icmp_ln149)> <Delay = 0.00>
ST_21 : Operation 127 [1/1] (0.00ns)   --->   "%clusters_members_addr = getelementptr i9 %clusters_members, i64 0, i64 %zext_ln150" [cluster2.cpp:150]   --->   Operation 127 'getelementptr' 'clusters_members_addr' <Predicate = (!visited_load_1 & icmp_ln149)> <Delay = 0.00>
ST_21 : Operation 128 [1/1] (3.25ns)   --->   "%store_ln150 = store i9 %neighbor_id, i17 %clusters_members_addr" [cluster2.cpp:150]   --->   Operation 128 'store' 'store_ln150' <Predicate = (!visited_load_1 & icmp_ln149)> <Delay = 3.25> <CoreInst = "RAM">   --->   Core 82 'RAM' <Latency = 1> <II = 1> <Delay = 3.25> <Storage> <Opcode : 'load' 'store'> <Ports = 2> <Width = 9> <Depth = 129600> <RAM>
ST_21 : Operation 129 [1/1] (1.58ns)   --->   "%br_ln151 = br void %for.inc58" [cluster2.cpp:151]   --->   Operation 129 'br' 'br_ln151' <Predicate = (!visited_load_1 & icmp_ln149)> <Delay = 1.58>
ST_21 : Operation 130 [1/1] (0.00ns)   --->   "%inc512 = phi i32 %add_ln150, void %if.then49, i32 %inc5139, void %if.else, i32 %inc5139, void %for.body24.split" [cluster2.cpp:150]   --->   Operation 130 'phi' 'inc512' <Predicate = true> <Delay = 0.00>
ST_21 : Operation 131 [1/1] (0.00ns)   --->   "%br_ln130 = br void %for.body24" [cluster2.cpp:130]   --->   Operation 131 'br' 'br_ln130' <Predicate = true> <Delay = 0.00>


============================================================
+ Verbose Summary: Timing violations
============================================================
Target clock period: 10ns, clock uncertainty: 2.7ns.

 <State 1>: 1.59ns
The critical path consists of the following:
	'alloca' operation ('cluster_count_0') [9]  (0 ns)
	'store' operation ('store_ln103', cluster2.cpp:103) of constant 0 on local variable 'cluster_count_0' [13]  (1.59 ns)

 <State 2>: 2.32ns
The critical path consists of the following:
	'load' operation ('i', cluster2.cpp:103) on local variable 'i' [17]  (0 ns)
	'getelementptr' operation ('visited_addr', cluster2.cpp:104) [27]  (0 ns)
	'load' operation ('visited_load', cluster2.cpp:104) on array 'visited' [28]  (2.32 ns)

 <State 3>: 4.64ns
The critical path consists of the following:
	'getelementptr' operation ('data_addr', cluster2.cpp:103) [32]  (0 ns)
	'load' operation ('data_load', cluster2.cpp:97) on array 'data' [35]  (3.25 ns)
	blocking operation 1.39 ns on control path)

 <State 4>: 3.25ns
The critical path consists of the following:
	'load' operation ('data_load', cluster2.cpp:97) on array 'data' [35]  (3.25 ns)

 <State 5>: 6.91ns
The critical path consists of the following:
	'mul' operation ('mul_ln97', cluster2.cpp:97) [38]  (6.91 ns)

 <State 6>: 6.91ns
The critical path consists of the following:
	'mul' operation ('mul_ln97', cluster2.cpp:97) [38]  (6.91 ns)

 <State 7>: 1.66ns
The critical path consists of the following:
	'call' operation ('call_ln103', cluster2.cpp:103) to 'dbscan_Pipeline_VITIS_LOOP_113_2' [42]  (1.66 ns)

 <State 8>: 0ns
The critical path consists of the following:

 <State 9>: 2.47ns
The critical path consists of the following:
	'load' operation ('neighbor_count_loc_load') on local variable 'neighbor_count_loc' [43]  (0 ns)
	'icmp' operation ('icmp_ln125', cluster2.cpp:125) [44]  (2.47 ns)

 <State 10>: 2.15ns
The critical path consists of the following:
	'mul' operation of DSP[51] ('mul_ln150', cluster2.cpp:150) [51]  (2.15 ns)

 <State 11>: 2.15ns
The critical path consists of the following:
	'mul' operation of DSP[51] ('mul_ln150', cluster2.cpp:150) [51]  (2.15 ns)

 <State 12>: 3.25ns
The critical path consists of the following:
	'getelementptr' operation ('clusters_id_addr', cluster2.cpp:127) [52]  (0 ns)
	'store' operation ('store_ln127', cluster2.cpp:127) of variable 'trunc_ln103', cluster2.cpp:103 on array 'clusters_id' [53]  (3.25 ns)

 <State 13>: 5.72ns
The critical path consists of the following:
	'phi' operation ('inc5139', cluster2.cpp:150) with incoming values : ('add_ln150', cluster2.cpp:150) [59]  (0 ns)
	'store' operation ('store_ln150', cluster2.cpp:150) of variable 'inc5139', cluster2.cpp:150 on array 'clusters_member_count' [104]  (3.25 ns)
	blocking operation 2.47 ns on control path)

 <State 14>: 5.58ns
The critical path consists of the following:
	'load' operation ('neighbor_id', cluster2.cpp:133) on array 'neighbors', cluster2.cpp:111 [68]  (3.25 ns)
	'getelementptr' operation ('visited_addr_1', cluster2.cpp:133) [70]  (0 ns)
	'load' operation ('visited_load_1', cluster2.cpp:133) on array 'visited' [71]  (2.32 ns)

 <State 15>: 4.64ns
The critical path consists of the following:
	'load' operation ('visited_load_1', cluster2.cpp:133) on array 'visited' [71]  (2.32 ns)
	multiplexor before 'phi' operation ('inc512', cluster2.cpp:150) with incoming values : ('add_ln150', cluster2.cpp:150) [101]  (1.59 ns)
	blocking operation 0.734 ns on control path)

 <State 16>: 3.25ns
The critical path consists of the following:
	'load' operation ('data_load_1', cluster2.cpp:97) on array 'data' [78]  (3.25 ns)

 <State 17>: 6.91ns
The critical path consists of the following:
	'mul' operation ('mul_ln97_2', cluster2.cpp:97) [81]  (6.91 ns)

 <State 18>: 6.91ns
The critical path consists of the following:
	'mul' operation ('mul_ln97_2', cluster2.cpp:97) [81]  (6.91 ns)

 <State 19>: 1.66ns
The critical path consists of the following:
	'call' operation ('call_ln133', cluster2.cpp:133) to 'dbscan_Pipeline_VITIS_LOOP_137_4' [85]  (1.66 ns)

 <State 20>: 0ns
The critical path consists of the following:

 <State 21>: 5.73ns
The critical path consists of the following:
	'add' operation ('add_ln150_1', cluster2.cpp:150) [95]  (2.11 ns)
	'getelementptr' operation ('clusters_members_addr', cluster2.cpp:150) [97]  (0 ns)
	'store' operation ('store_ln150', cluster2.cpp:150) of variable 'neighbor_id', cluster2.cpp:133 on array 'clusters_members' [98]  (3.25 ns)
	blocking operation 0.366 ns on control path)


============================================================
+ Verbose Summary: Binding
============================================================
N/A
* FSMD analyzer results:
  - Output states:
 - Input state : 
  - Chain level:
	State 1
	State 2
	State 3
	State 4
	State 5
	State 6
	State 7
	State 8
	State 9
	State 10
	State 11
	State 12
	State 13
	State 14
	State 15
	State 16
	State 17
	State 18
	State 19
	State 20
	State 21


============================================================
+ Verbose Summary: Datapath Resource usage 
============================================================
N/A
