

================================================================
== Vitis HLS Report for 'pow_32_32_s'
================================================================
* Date:           Mon Mar 27 01:29:29 2023

* Version:        2022.2 (Build 3670227 on Oct 13 2022)
* Project:        cluster
* Solution:       solution1 (Vivado IP Flow Target)
* Product family: zynq
* Target device:  xc7z020-clg400-1


================================================================
== Performance Estimates
================================================================
+ Timing: 
    * Summary: 
    +--------+----------+----------+------------+
    |  Clock |  Target  | Estimated| Uncertainty|
    +--------+----------+----------+------------+
    |ap_clk  |  10.00 ns|  7.289 ns|     2.70 ns|
    +--------+----------+----------+------------+

+ Latency: 
    * Summary: 
    +---------+---------+----------+----------+-----+-----+---------+
    |  Latency (cycles) |  Latency (absolute) |  Interval | Pipeline|
    |   min   |   max   |    min   |    max   | min | max |   Type  |
    +---------+---------+----------+----------+-----+-----+---------+
    |        ?|        ?|         ?|         ?|    ?|    ?|       no|
    +---------+---------+----------+----------+-----+-----+---------+

    + Detail: 
        * Instance: 
        N/A

        * Loop: 
        N/A

============================================================
+ Verbose Summary: Synthesis Manager
============================================================
InlineROM: 1
ExposeGlobal: 0
============================================================
+ Verbose Summary: CDFG Model
============================================================
IsTopModel: 0
ResetActiveHigh: 1
IsCombinational: 0
IsDatapathOnly: 0
HasWiredReturn: 1
HasMFsm: 0
HasVarLatency: 1
IsPipeline: 0
IsRtlPipelined: 0
IsInstanceOverlapped: 0
IsDontTouch: 0
HasImplIP: 0
IsGatedGlobalClock: 0


============================================================
+ Verbose Summary: Schedule
============================================================
* Number of FSM states : 26
* Pipeline : 0
* Dataflow Pipeline: 0

* FSM state transitions: 
1 --> 2 26 
2 --> 3 
3 --> 4 
4 --> 5 
5 --> 6 
6 --> 7 
7 --> 8 
8 --> 9 
9 --> 10 
10 --> 11 
11 --> 12 
12 --> 13 
13 --> 14 
14 --> 15 
15 --> 16 
16 --> 17 
17 --> 18 
18 --> 19 
19 --> 20 
20 --> 21 
21 --> 22 
22 --> 23 
23 --> 24 
24 --> 25 
25 --> 26 
26 --> 

* FSM state operations: 

State 1 <SV = 0> <Delay = 4.06>
ST_1 : Operation 27 [1/1] (0.00ns)   --->   "%x_read = read i32 @_ssdm_op_Read.ap_auto.i32, i32 %x"   --->   Operation 27 'read' 'x_read' <Predicate = true> <Delay = 0.00>
ST_1 : Operation 28 [1/1] (2.47ns)   --->   "%icmp_ln1653 = icmp_eq  i32 %x_read, i32 0"   --->   Operation 28 'icmp' 'icmp_ln1653' <Predicate = true> <Delay = 2.47> <CoreInst = "Cmp">   --->   Core 9 'Cmp' <Latency = 0> <II = 1> <Delay = 2.47> <FuncUnit> <Opcode : 'icmp'> <InPorts = 2> <OutPorts = 1>
ST_1 : Operation 29 [1/1] (1.58ns)   --->   "%br_ln65 = br i1 %icmp_ln1653, void %if.else9, void %cleanup" [C:\scratch\2022.2\hls_product\608\2022.2\src\shared\hls\clib/hlsmath/include\hls_pow_apfixed.h:65]   --->   Operation 29 'br' 'br_ln65' <Predicate = true> <Delay = 1.58>
ST_1 : Operation 30 [1/1] (0.00ns)   --->   "%p_Result_97 = bitselect i1 @_ssdm_op_BitSelect.i1.i32.i32, i32 %x_read, i32 31"   --->   Operation 30 'bitselect' 'p_Result_97' <Predicate = (!icmp_ln1653)> <Delay = 0.00>
ST_1 : Operation 31 [1/1] (0.00ns)   --->   "%sext_ln813 = sext i32 %x_read"   --->   Operation 31 'sext' 'sext_ln813' <Predicate = (!icmp_ln1653)> <Delay = 0.00>
ST_1 : Operation 32 [1/1] (2.55ns)   --->   "%p_Val2_s = sub i33 0, i33 %sext_ln813"   --->   Operation 32 'sub' 'p_Val2_s' <Predicate = (!icmp_ln1653)> <Delay = 2.55> <CoreInst = "Adder">   --->   Core 1 'Adder' <Latency = 0> <II = 1> <Delay = 2.55> <FuncUnit> <Opcode : 'add' 'sub'> <InPorts = 2> <OutPorts = 1>
ST_1 : Operation 33 [1/1] (0.00ns)   --->   "%p_Result_s = bitset i33 @_ssdm_op_BitSet.i33.i33.i32.i1, i33 %p_Val2_s, i32 32, i1 0"   --->   Operation 33 'bitset' 'p_Result_s' <Predicate = (!icmp_ln1653)> <Delay = 0.00>
ST_1 : Operation 34 [1/1] (0.80ns)   --->   "%select_ln180 = select i1 %p_Result_97, i33 %p_Result_s, i33 %sext_ln813" [C:\scratch\2022.2\hls_product\608\2022.2\src\shared\hls\clib/hlsmath/include/hls_round_copysign_apfixed.h:180]   --->   Operation 34 'select' 'select_ln180' <Predicate = (!icmp_ln1653)> <Delay = 0.80> <CoreInst = "Sel">   --->   Core 73 'Sel' <Latency = 0> <II = 1> <Delay = 0.80> <FuncUnit> <Opcode : 'select'> <InPorts = 3> <OutPorts = 1>

State 2 <SV = 1> <Delay = 4.85>
ST_2 : Operation 35 [1/1] (0.00ns)   --->   "%x_l_V = bitconcatenate i99 @_ssdm_op_BitConcatenate.i99.i33.i66, i33 %select_ln180, i66 0"   --->   Operation 35 'bitconcatenate' 'x_l_V' <Predicate = true> <Delay = 0.00>
ST_2 : Operation 36 [2/2] (4.85ns)   --->   "%ln_x_V = call i72 @log<99, 33>, i99 %x_l_V, i6 %log_apfixed_reduce_log_inverse_lut_table_array_V, i82 %log_apfixed_reduce_log0_lut_table_ap_fixed_0_5_64_array_V, i78 %log_apfixed_reduce_log_lut_table_ap_fixed_4_4_16_array_V, i75 %log_apfixed_reduce_log_lut_table_ap_fixed_7_6_64_array_V, i70 %log_apfixed_reduce_log_lut_table_ap_fixed_12_6_64_array_V, i65 %log_apfixed_reduce_log_lut_table_ap_fixed_17_6_64_array_V, i60 %log_apfixed_reduce_log_lut_table_ap_fixed_22_6_64_array_V"   --->   Operation 36 'call' 'ln_x_V' <Predicate = true> <Delay = 4.85> <CoreType = "Generic">   --->   Core 0 '' <Latency = 0> <II = 1> <Delay = 1.00> <Generic> <Opcode : >

State 3 <SV = 2> <Delay = 5.37>
ST_3 : Operation 37 [1/2] (1.58ns)   --->   "%ln_x_V = call i72 @log<99, 33>, i99 %x_l_V, i6 %log_apfixed_reduce_log_inverse_lut_table_array_V, i82 %log_apfixed_reduce_log0_lut_table_ap_fixed_0_5_64_array_V, i78 %log_apfixed_reduce_log_lut_table_ap_fixed_4_4_16_array_V, i75 %log_apfixed_reduce_log_lut_table_ap_fixed_7_6_64_array_V, i70 %log_apfixed_reduce_log_lut_table_ap_fixed_12_6_64_array_V, i65 %log_apfixed_reduce_log_lut_table_ap_fixed_17_6_64_array_V, i60 %log_apfixed_reduce_log_lut_table_ap_fixed_22_6_64_array_V"   --->   Operation 37 'call' 'ln_x_V' <Predicate = true> <Delay = 1.58> <CoreType = "Generic">   --->   Core 0 '' <Latency = 0> <II = 1> <Delay = 1.00> <Generic> <Opcode : >
ST_3 : Operation 38 [1/1] (0.00ns)   --->   "%mul_y_ln_s_V = partselect i41 @_ssdm_op_PartSelect.i41.i72.i32.i32, i72 %ln_x_V, i32 31, i32 71"   --->   Operation 38 'partselect' 'mul_y_ln_s_V' <Predicate = true> <Delay = 0.00>
ST_3 : Operation 39 [24/24] (3.78ns)   --->   "%exp_r_V = call i31 @exp_core<32, 32, 66>, i41 %mul_y_ln_s_V, i32 %f_x_msb_4_table_V, i16 %f_x_msb_5_table_V, i51 %f_x_msb_3_table_V, i64 %f_x_msb_2_table_V, i68 %exp_x_msb_1_table_V" [C:\scratch\2022.2\hls_product\608\2022.2\src\shared\hls\clib/hlsmath/include\hls_pow_apfixed.h:145]   --->   Operation 39 'call' 'exp_r_V' <Predicate = true> <Delay = 3.78> <CoreType = "Generic">   --->   Core 0 '' <Latency = 0> <II = 1> <Delay = 1.00> <Generic> <Opcode : >

State 4 <SV = 3> <Delay = 7.21>
ST_4 : Operation 40 [23/24] (7.21ns)   --->   "%exp_r_V = call i31 @exp_core<32, 32, 66>, i41 %mul_y_ln_s_V, i32 %f_x_msb_4_table_V, i16 %f_x_msb_5_table_V, i51 %f_x_msb_3_table_V, i64 %f_x_msb_2_table_V, i68 %exp_x_msb_1_table_V" [C:\scratch\2022.2\hls_product\608\2022.2\src\shared\hls\clib/hlsmath/include\hls_pow_apfixed.h:145]   --->   Operation 40 'call' 'exp_r_V' <Predicate = true> <Delay = 7.21> <CoreType = "Generic">   --->   Core 0 '' <Latency = 0> <II = 1> <Delay = 1.00> <Generic> <Opcode : >

State 5 <SV = 4> <Delay = 7.21>
ST_5 : Operation 41 [22/24] (7.21ns)   --->   "%exp_r_V = call i31 @exp_core<32, 32, 66>, i41 %mul_y_ln_s_V, i32 %f_x_msb_4_table_V, i16 %f_x_msb_5_table_V, i51 %f_x_msb_3_table_V, i64 %f_x_msb_2_table_V, i68 %exp_x_msb_1_table_V" [C:\scratch\2022.2\hls_product\608\2022.2\src\shared\hls\clib/hlsmath/include\hls_pow_apfixed.h:145]   --->   Operation 41 'call' 'exp_r_V' <Predicate = true> <Delay = 7.21> <CoreType = "Generic">   --->   Core 0 '' <Latency = 0> <II = 1> <Delay = 1.00> <Generic> <Opcode : >

State 6 <SV = 5> <Delay = 7.21>
ST_6 : Operation 42 [21/24] (7.21ns)   --->   "%exp_r_V = call i31 @exp_core<32, 32, 66>, i41 %mul_y_ln_s_V, i32 %f_x_msb_4_table_V, i16 %f_x_msb_5_table_V, i51 %f_x_msb_3_table_V, i64 %f_x_msb_2_table_V, i68 %exp_x_msb_1_table_V" [C:\scratch\2022.2\hls_product\608\2022.2\src\shared\hls\clib/hlsmath/include\hls_pow_apfixed.h:145]   --->   Operation 42 'call' 'exp_r_V' <Predicate = true> <Delay = 7.21> <CoreType = "Generic">   --->   Core 0 '' <Latency = 0> <II = 1> <Delay = 1.00> <Generic> <Opcode : >

State 7 <SV = 6> <Delay = 7.21>
ST_7 : Operation 43 [20/24] (7.21ns)   --->   "%exp_r_V = call i31 @exp_core<32, 32, 66>, i41 %mul_y_ln_s_V, i32 %f_x_msb_4_table_V, i16 %f_x_msb_5_table_V, i51 %f_x_msb_3_table_V, i64 %f_x_msb_2_table_V, i68 %exp_x_msb_1_table_V" [C:\scratch\2022.2\hls_product\608\2022.2\src\shared\hls\clib/hlsmath/include\hls_pow_apfixed.h:145]   --->   Operation 43 'call' 'exp_r_V' <Predicate = true> <Delay = 7.21> <CoreType = "Generic">   --->   Core 0 '' <Latency = 0> <II = 1> <Delay = 1.00> <Generic> <Opcode : >

State 8 <SV = 7> <Delay = 7.21>
ST_8 : Operation 44 [19/24] (7.21ns)   --->   "%exp_r_V = call i31 @exp_core<32, 32, 66>, i41 %mul_y_ln_s_V, i32 %f_x_msb_4_table_V, i16 %f_x_msb_5_table_V, i51 %f_x_msb_3_table_V, i64 %f_x_msb_2_table_V, i68 %exp_x_msb_1_table_V" [C:\scratch\2022.2\hls_product\608\2022.2\src\shared\hls\clib/hlsmath/include\hls_pow_apfixed.h:145]   --->   Operation 44 'call' 'exp_r_V' <Predicate = true> <Delay = 7.21> <CoreType = "Generic">   --->   Core 0 '' <Latency = 0> <II = 1> <Delay = 1.00> <Generic> <Opcode : >

State 9 <SV = 8> <Delay = 7.21>
ST_9 : Operation 45 [18/24] (7.21ns)   --->   "%exp_r_V = call i31 @exp_core<32, 32, 66>, i41 %mul_y_ln_s_V, i32 %f_x_msb_4_table_V, i16 %f_x_msb_5_table_V, i51 %f_x_msb_3_table_V, i64 %f_x_msb_2_table_V, i68 %exp_x_msb_1_table_V" [C:\scratch\2022.2\hls_product\608\2022.2\src\shared\hls\clib/hlsmath/include\hls_pow_apfixed.h:145]   --->   Operation 45 'call' 'exp_r_V' <Predicate = true> <Delay = 7.21> <CoreType = "Generic">   --->   Core 0 '' <Latency = 0> <II = 1> <Delay = 1.00> <Generic> <Opcode : >

State 10 <SV = 9> <Delay = 7.21>
ST_10 : Operation 46 [17/24] (7.21ns)   --->   "%exp_r_V = call i31 @exp_core<32, 32, 66>, i41 %mul_y_ln_s_V, i32 %f_x_msb_4_table_V, i16 %f_x_msb_5_table_V, i51 %f_x_msb_3_table_V, i64 %f_x_msb_2_table_V, i68 %exp_x_msb_1_table_V" [C:\scratch\2022.2\hls_product\608\2022.2\src\shared\hls\clib/hlsmath/include\hls_pow_apfixed.h:145]   --->   Operation 46 'call' 'exp_r_V' <Predicate = true> <Delay = 7.21> <CoreType = "Generic">   --->   Core 0 '' <Latency = 0> <II = 1> <Delay = 1.00> <Generic> <Opcode : >

State 11 <SV = 10> <Delay = 7.21>
ST_11 : Operation 47 [16/24] (7.21ns)   --->   "%exp_r_V = call i31 @exp_core<32, 32, 66>, i41 %mul_y_ln_s_V, i32 %f_x_msb_4_table_V, i16 %f_x_msb_5_table_V, i51 %f_x_msb_3_table_V, i64 %f_x_msb_2_table_V, i68 %exp_x_msb_1_table_V" [C:\scratch\2022.2\hls_product\608\2022.2\src\shared\hls\clib/hlsmath/include\hls_pow_apfixed.h:145]   --->   Operation 47 'call' 'exp_r_V' <Predicate = true> <Delay = 7.21> <CoreType = "Generic">   --->   Core 0 '' <Latency = 0> <II = 1> <Delay = 1.00> <Generic> <Opcode : >

State 12 <SV = 11> <Delay = 7.21>
ST_12 : Operation 48 [15/24] (7.21ns)   --->   "%exp_r_V = call i31 @exp_core<32, 32, 66>, i41 %mul_y_ln_s_V, i32 %f_x_msb_4_table_V, i16 %f_x_msb_5_table_V, i51 %f_x_msb_3_table_V, i64 %f_x_msb_2_table_V, i68 %exp_x_msb_1_table_V" [C:\scratch\2022.2\hls_product\608\2022.2\src\shared\hls\clib/hlsmath/include\hls_pow_apfixed.h:145]   --->   Operation 48 'call' 'exp_r_V' <Predicate = true> <Delay = 7.21> <CoreType = "Generic">   --->   Core 0 '' <Latency = 0> <II = 1> <Delay = 1.00> <Generic> <Opcode : >

State 13 <SV = 12> <Delay = 7.21>
ST_13 : Operation 49 [14/24] (7.21ns)   --->   "%exp_r_V = call i31 @exp_core<32, 32, 66>, i41 %mul_y_ln_s_V, i32 %f_x_msb_4_table_V, i16 %f_x_msb_5_table_V, i51 %f_x_msb_3_table_V, i64 %f_x_msb_2_table_V, i68 %exp_x_msb_1_table_V" [C:\scratch\2022.2\hls_product\608\2022.2\src\shared\hls\clib/hlsmath/include\hls_pow_apfixed.h:145]   --->   Operation 49 'call' 'exp_r_V' <Predicate = true> <Delay = 7.21> <CoreType = "Generic">   --->   Core 0 '' <Latency = 0> <II = 1> <Delay = 1.00> <Generic> <Opcode : >

State 14 <SV = 13> <Delay = 7.21>
ST_14 : Operation 50 [13/24] (7.21ns)   --->   "%exp_r_V = call i31 @exp_core<32, 32, 66>, i41 %mul_y_ln_s_V, i32 %f_x_msb_4_table_V, i16 %f_x_msb_5_table_V, i51 %f_x_msb_3_table_V, i64 %f_x_msb_2_table_V, i68 %exp_x_msb_1_table_V" [C:\scratch\2022.2\hls_product\608\2022.2\src\shared\hls\clib/hlsmath/include\hls_pow_apfixed.h:145]   --->   Operation 50 'call' 'exp_r_V' <Predicate = true> <Delay = 7.21> <CoreType = "Generic">   --->   Core 0 '' <Latency = 0> <II = 1> <Delay = 1.00> <Generic> <Opcode : >

State 15 <SV = 14> <Delay = 7.21>
ST_15 : Operation 51 [12/24] (7.21ns)   --->   "%exp_r_V = call i31 @exp_core<32, 32, 66>, i41 %mul_y_ln_s_V, i32 %f_x_msb_4_table_V, i16 %f_x_msb_5_table_V, i51 %f_x_msb_3_table_V, i64 %f_x_msb_2_table_V, i68 %exp_x_msb_1_table_V" [C:\scratch\2022.2\hls_product\608\2022.2\src\shared\hls\clib/hlsmath/include\hls_pow_apfixed.h:145]   --->   Operation 51 'call' 'exp_r_V' <Predicate = true> <Delay = 7.21> <CoreType = "Generic">   --->   Core 0 '' <Latency = 0> <II = 1> <Delay = 1.00> <Generic> <Opcode : >

State 16 <SV = 15> <Delay = 7.21>
ST_16 : Operation 52 [11/24] (7.21ns)   --->   "%exp_r_V = call i31 @exp_core<32, 32, 66>, i41 %mul_y_ln_s_V, i32 %f_x_msb_4_table_V, i16 %f_x_msb_5_table_V, i51 %f_x_msb_3_table_V, i64 %f_x_msb_2_table_V, i68 %exp_x_msb_1_table_V" [C:\scratch\2022.2\hls_product\608\2022.2\src\shared\hls\clib/hlsmath/include\hls_pow_apfixed.h:145]   --->   Operation 52 'call' 'exp_r_V' <Predicate = true> <Delay = 7.21> <CoreType = "Generic">   --->   Core 0 '' <Latency = 0> <II = 1> <Delay = 1.00> <Generic> <Opcode : >

State 17 <SV = 16> <Delay = 7.21>
ST_17 : Operation 53 [10/24] (7.21ns)   --->   "%exp_r_V = call i31 @exp_core<32, 32, 66>, i41 %mul_y_ln_s_V, i32 %f_x_msb_4_table_V, i16 %f_x_msb_5_table_V, i51 %f_x_msb_3_table_V, i64 %f_x_msb_2_table_V, i68 %exp_x_msb_1_table_V" [C:\scratch\2022.2\hls_product\608\2022.2\src\shared\hls\clib/hlsmath/include\hls_pow_apfixed.h:145]   --->   Operation 53 'call' 'exp_r_V' <Predicate = true> <Delay = 7.21> <CoreType = "Generic">   --->   Core 0 '' <Latency = 0> <II = 1> <Delay = 1.00> <Generic> <Opcode : >

State 18 <SV = 17> <Delay = 7.21>
ST_18 : Operation 54 [9/24] (7.21ns)   --->   "%exp_r_V = call i31 @exp_core<32, 32, 66>, i41 %mul_y_ln_s_V, i32 %f_x_msb_4_table_V, i16 %f_x_msb_5_table_V, i51 %f_x_msb_3_table_V, i64 %f_x_msb_2_table_V, i68 %exp_x_msb_1_table_V" [C:\scratch\2022.2\hls_product\608\2022.2\src\shared\hls\clib/hlsmath/include\hls_pow_apfixed.h:145]   --->   Operation 54 'call' 'exp_r_V' <Predicate = true> <Delay = 7.21> <CoreType = "Generic">   --->   Core 0 '' <Latency = 0> <II = 1> <Delay = 1.00> <Generic> <Opcode : >

State 19 <SV = 18> <Delay = 7.21>
ST_19 : Operation 55 [8/24] (7.21ns)   --->   "%exp_r_V = call i31 @exp_core<32, 32, 66>, i41 %mul_y_ln_s_V, i32 %f_x_msb_4_table_V, i16 %f_x_msb_5_table_V, i51 %f_x_msb_3_table_V, i64 %f_x_msb_2_table_V, i68 %exp_x_msb_1_table_V" [C:\scratch\2022.2\hls_product\608\2022.2\src\shared\hls\clib/hlsmath/include\hls_pow_apfixed.h:145]   --->   Operation 55 'call' 'exp_r_V' <Predicate = true> <Delay = 7.21> <CoreType = "Generic">   --->   Core 0 '' <Latency = 0> <II = 1> <Delay = 1.00> <Generic> <Opcode : >

State 20 <SV = 19> <Delay = 7.21>
ST_20 : Operation 56 [7/24] (7.21ns)   --->   "%exp_r_V = call i31 @exp_core<32, 32, 66>, i41 %mul_y_ln_s_V, i32 %f_x_msb_4_table_V, i16 %f_x_msb_5_table_V, i51 %f_x_msb_3_table_V, i64 %f_x_msb_2_table_V, i68 %exp_x_msb_1_table_V" [C:\scratch\2022.2\hls_product\608\2022.2\src\shared\hls\clib/hlsmath/include\hls_pow_apfixed.h:145]   --->   Operation 56 'call' 'exp_r_V' <Predicate = true> <Delay = 7.21> <CoreType = "Generic">   --->   Core 0 '' <Latency = 0> <II = 1> <Delay = 1.00> <Generic> <Opcode : >

State 21 <SV = 20> <Delay = 7.21>
ST_21 : Operation 57 [6/24] (7.21ns)   --->   "%exp_r_V = call i31 @exp_core<32, 32, 66>, i41 %mul_y_ln_s_V, i32 %f_x_msb_4_table_V, i16 %f_x_msb_5_table_V, i51 %f_x_msb_3_table_V, i64 %f_x_msb_2_table_V, i68 %exp_x_msb_1_table_V" [C:\scratch\2022.2\hls_product\608\2022.2\src\shared\hls\clib/hlsmath/include\hls_pow_apfixed.h:145]   --->   Operation 57 'call' 'exp_r_V' <Predicate = true> <Delay = 7.21> <CoreType = "Generic">   --->   Core 0 '' <Latency = 0> <II = 1> <Delay = 1.00> <Generic> <Opcode : >

State 22 <SV = 21> <Delay = 7.21>
ST_22 : Operation 58 [5/24] (7.21ns)   --->   "%exp_r_V = call i31 @exp_core<32, 32, 66>, i41 %mul_y_ln_s_V, i32 %f_x_msb_4_table_V, i16 %f_x_msb_5_table_V, i51 %f_x_msb_3_table_V, i64 %f_x_msb_2_table_V, i68 %exp_x_msb_1_table_V" [C:\scratch\2022.2\hls_product\608\2022.2\src\shared\hls\clib/hlsmath/include\hls_pow_apfixed.h:145]   --->   Operation 58 'call' 'exp_r_V' <Predicate = true> <Delay = 7.21> <CoreType = "Generic">   --->   Core 0 '' <Latency = 0> <II = 1> <Delay = 1.00> <Generic> <Opcode : >

State 23 <SV = 22> <Delay = 7.21>
ST_23 : Operation 59 [4/24] (7.21ns)   --->   "%exp_r_V = call i31 @exp_core<32, 32, 66>, i41 %mul_y_ln_s_V, i32 %f_x_msb_4_table_V, i16 %f_x_msb_5_table_V, i51 %f_x_msb_3_table_V, i64 %f_x_msb_2_table_V, i68 %exp_x_msb_1_table_V" [C:\scratch\2022.2\hls_product\608\2022.2\src\shared\hls\clib/hlsmath/include\hls_pow_apfixed.h:145]   --->   Operation 59 'call' 'exp_r_V' <Predicate = true> <Delay = 7.21> <CoreType = "Generic">   --->   Core 0 '' <Latency = 0> <II = 1> <Delay = 1.00> <Generic> <Opcode : >

State 24 <SV = 23> <Delay = 7.21>
ST_24 : Operation 60 [3/24] (7.21ns)   --->   "%exp_r_V = call i31 @exp_core<32, 32, 66>, i41 %mul_y_ln_s_V, i32 %f_x_msb_4_table_V, i16 %f_x_msb_5_table_V, i51 %f_x_msb_3_table_V, i64 %f_x_msb_2_table_V, i68 %exp_x_msb_1_table_V" [C:\scratch\2022.2\hls_product\608\2022.2\src\shared\hls\clib/hlsmath/include\hls_pow_apfixed.h:145]   --->   Operation 60 'call' 'exp_r_V' <Predicate = true> <Delay = 7.21> <CoreType = "Generic">   --->   Core 0 '' <Latency = 0> <II = 1> <Delay = 1.00> <Generic> <Opcode : >

State 25 <SV = 24> <Delay = 7.21>
ST_25 : Operation 61 [2/24] (7.21ns)   --->   "%exp_r_V = call i31 @exp_core<32, 32, 66>, i41 %mul_y_ln_s_V, i32 %f_x_msb_4_table_V, i16 %f_x_msb_5_table_V, i51 %f_x_msb_3_table_V, i64 %f_x_msb_2_table_V, i68 %exp_x_msb_1_table_V" [C:\scratch\2022.2\hls_product\608\2022.2\src\shared\hls\clib/hlsmath/include\hls_pow_apfixed.h:145]   --->   Operation 61 'call' 'exp_r_V' <Predicate = true> <Delay = 7.21> <CoreType = "Generic">   --->   Core 0 '' <Latency = 0> <II = 1> <Delay = 1.00> <Generic> <Opcode : >

State 26 <SV = 25> <Delay = 6.80>
ST_26 : Operation 62 [1/24] (5.21ns)   --->   "%exp_r_V = call i31 @exp_core<32, 32, 66>, i41 %mul_y_ln_s_V, i32 %f_x_msb_4_table_V, i16 %f_x_msb_5_table_V, i51 %f_x_msb_3_table_V, i64 %f_x_msb_2_table_V, i68 %exp_x_msb_1_table_V" [C:\scratch\2022.2\hls_product\608\2022.2\src\shared\hls\clib/hlsmath/include\hls_pow_apfixed.h:145]   --->   Operation 62 'call' 'exp_r_V' <Predicate = (!icmp_ln1653)> <Delay = 5.21> <CoreType = "Generic">   --->   Core 0 '' <Latency = 0> <II = 1> <Delay = 1.00> <Generic> <Opcode : >
ST_26 : Operation 63 [1/1] (1.58ns)   --->   "%br_ln0 = br void %cleanup"   --->   Operation 63 'br' 'br_ln0' <Predicate = (!icmp_ln1653)> <Delay = 1.58>
ST_26 : Operation 64 [1/1] (0.00ns)   --->   "%this_V_write_assign = phi i31 %exp_r_V, void %if.else9, i31 0, void %entry"   --->   Operation 64 'phi' 'this_V_write_assign' <Predicate = true> <Delay = 0.00>
ST_26 : Operation 65 [1/1] (0.00ns)   --->   "%ret_ln190 = ret i31 %this_V_write_assign" [C:\scratch\2022.2\hls_product\608\2022.2\src\shared\hls\clib/hlsmath/include\hls_pow_apfixed.h:190]   --->   Operation 65 'ret' 'ret_ln190' <Predicate = true> <Delay = 0.00>


============================================================
+ Verbose Summary: Timing violations
============================================================
Target clock period: 10ns, clock uncertainty: 2.7ns.

 <State 1>: 4.06ns
The critical path consists of the following:
	wire read operation ('x_read') on port 'x' [14]  (0 ns)
	'icmp' operation ('icmp_ln1653') [15]  (2.47 ns)
	multiplexor before 'phi' operation ('exp_r.V') with incoming values : ('exp_r.V', C:\scratch\2022.2\hls_product\608\2022.2\src\shared\hls\clib/hlsmath/include\hls_pow_apfixed.h:145) [29]  (1.59 ns)

 <State 2>: 4.86ns
The critical path consists of the following:
	'call' operation ('ln_x.V') to 'log<99, 33>' [24]  (4.86 ns)

 <State 3>: 5.37ns
The critical path consists of the following:
	'call' operation ('ln_x.V') to 'log<99, 33>' [24]  (1.59 ns)
	'call' operation ('exp_r.V', C:\scratch\2022.2\hls_product\608\2022.2\src\shared\hls\clib/hlsmath/include\hls_pow_apfixed.h:145) to 'exp_core<32, 32, 66>' [26]  (3.79 ns)

 <State 4>: 7.21ns
The critical path consists of the following:
	'call' operation ('exp_r.V', C:\scratch\2022.2\hls_product\608\2022.2\src\shared\hls\clib/hlsmath/include\hls_pow_apfixed.h:145) to 'exp_core<32, 32, 66>' [26]  (7.21 ns)

 <State 5>: 7.21ns
The critical path consists of the following:
	'call' operation ('exp_r.V', C:\scratch\2022.2\hls_product\608\2022.2\src\shared\hls\clib/hlsmath/include\hls_pow_apfixed.h:145) to 'exp_core<32, 32, 66>' [26]  (7.21 ns)

 <State 6>: 7.21ns
The critical path consists of the following:
	'call' operation ('exp_r.V', C:\scratch\2022.2\hls_product\608\2022.2\src\shared\hls\clib/hlsmath/include\hls_pow_apfixed.h:145) to 'exp_core<32, 32, 66>' [26]  (7.21 ns)

 <State 7>: 7.21ns
The critical path consists of the following:
	'call' operation ('exp_r.V', C:\scratch\2022.2\hls_product\608\2022.2\src\shared\hls\clib/hlsmath/include\hls_pow_apfixed.h:145) to 'exp_core<32, 32, 66>' [26]  (7.21 ns)

 <State 8>: 7.21ns
The critical path consists of the following:
	'call' operation ('exp_r.V', C:\scratch\2022.2\hls_product\608\2022.2\src\shared\hls\clib/hlsmath/include\hls_pow_apfixed.h:145) to 'exp_core<32, 32, 66>' [26]  (7.21 ns)

 <State 9>: 7.21ns
The critical path consists of the following:
	'call' operation ('exp_r.V', C:\scratch\2022.2\hls_product\608\2022.2\src\shared\hls\clib/hlsmath/include\hls_pow_apfixed.h:145) to 'exp_core<32, 32, 66>' [26]  (7.21 ns)

 <State 10>: 7.21ns
The critical path consists of the following:
	'call' operation ('exp_r.V', C:\scratch\2022.2\hls_product\608\2022.2\src\shared\hls\clib/hlsmath/include\hls_pow_apfixed.h:145) to 'exp_core<32, 32, 66>' [26]  (7.21 ns)

 <State 11>: 7.21ns
The critical path consists of the following:
	'call' operation ('exp_r.V', C:\scratch\2022.2\hls_product\608\2022.2\src\shared\hls\clib/hlsmath/include\hls_pow_apfixed.h:145) to 'exp_core<32, 32, 66>' [26]  (7.21 ns)

 <State 12>: 7.21ns
The critical path consists of the following:
	'call' operation ('exp_r.V', C:\scratch\2022.2\hls_product\608\2022.2\src\shared\hls\clib/hlsmath/include\hls_pow_apfixed.h:145) to 'exp_core<32, 32, 66>' [26]  (7.21 ns)

 <State 13>: 7.21ns
The critical path consists of the following:
	'call' operation ('exp_r.V', C:\scratch\2022.2\hls_product\608\2022.2\src\shared\hls\clib/hlsmath/include\hls_pow_apfixed.h:145) to 'exp_core<32, 32, 66>' [26]  (7.21 ns)

 <State 14>: 7.21ns
The critical path consists of the following:
	'call' operation ('exp_r.V', C:\scratch\2022.2\hls_product\608\2022.2\src\shared\hls\clib/hlsmath/include\hls_pow_apfixed.h:145) to 'exp_core<32, 32, 66>' [26]  (7.21 ns)

 <State 15>: 7.21ns
The critical path consists of the following:
	'call' operation ('exp_r.V', C:\scratch\2022.2\hls_product\608\2022.2\src\shared\hls\clib/hlsmath/include\hls_pow_apfixed.h:145) to 'exp_core<32, 32, 66>' [26]  (7.21 ns)

 <State 16>: 7.21ns
The critical path consists of the following:
	'call' operation ('exp_r.V', C:\scratch\2022.2\hls_product\608\2022.2\src\shared\hls\clib/hlsmath/include\hls_pow_apfixed.h:145) to 'exp_core<32, 32, 66>' [26]  (7.21 ns)

 <State 17>: 7.21ns
The critical path consists of the following:
	'call' operation ('exp_r.V', C:\scratch\2022.2\hls_product\608\2022.2\src\shared\hls\clib/hlsmath/include\hls_pow_apfixed.h:145) to 'exp_core<32, 32, 66>' [26]  (7.21 ns)

 <State 18>: 7.21ns
The critical path consists of the following:
	'call' operation ('exp_r.V', C:\scratch\2022.2\hls_product\608\2022.2\src\shared\hls\clib/hlsmath/include\hls_pow_apfixed.h:145) to 'exp_core<32, 32, 66>' [26]  (7.21 ns)

 <State 19>: 7.21ns
The critical path consists of the following:
	'call' operation ('exp_r.V', C:\scratch\2022.2\hls_product\608\2022.2\src\shared\hls\clib/hlsmath/include\hls_pow_apfixed.h:145) to 'exp_core<32, 32, 66>' [26]  (7.21 ns)

 <State 20>: 7.21ns
The critical path consists of the following:
	'call' operation ('exp_r.V', C:\scratch\2022.2\hls_product\608\2022.2\src\shared\hls\clib/hlsmath/include\hls_pow_apfixed.h:145) to 'exp_core<32, 32, 66>' [26]  (7.21 ns)

 <State 21>: 7.21ns
The critical path consists of the following:
	'call' operation ('exp_r.V', C:\scratch\2022.2\hls_product\608\2022.2\src\shared\hls\clib/hlsmath/include\hls_pow_apfixed.h:145) to 'exp_core<32, 32, 66>' [26]  (7.21 ns)

 <State 22>: 7.21ns
The critical path consists of the following:
	'call' operation ('exp_r.V', C:\scratch\2022.2\hls_product\608\2022.2\src\shared\hls\clib/hlsmath/include\hls_pow_apfixed.h:145) to 'exp_core<32, 32, 66>' [26]  (7.21 ns)

 <State 23>: 7.21ns
The critical path consists of the following:
	'call' operation ('exp_r.V', C:\scratch\2022.2\hls_product\608\2022.2\src\shared\hls\clib/hlsmath/include\hls_pow_apfixed.h:145) to 'exp_core<32, 32, 66>' [26]  (7.21 ns)

 <State 24>: 7.21ns
The critical path consists of the following:
	'call' operation ('exp_r.V', C:\scratch\2022.2\hls_product\608\2022.2\src\shared\hls\clib/hlsmath/include\hls_pow_apfixed.h:145) to 'exp_core<32, 32, 66>' [26]  (7.21 ns)

 <State 25>: 7.21ns
The critical path consists of the following:
	'call' operation ('exp_r.V', C:\scratch\2022.2\hls_product\608\2022.2\src\shared\hls\clib/hlsmath/include\hls_pow_apfixed.h:145) to 'exp_core<32, 32, 66>' [26]  (7.21 ns)

 <State 26>: 6.8ns
The critical path consists of the following:
	'call' operation ('exp_r.V', C:\scratch\2022.2\hls_product\608\2022.2\src\shared\hls\clib/hlsmath/include\hls_pow_apfixed.h:145) to 'exp_core<32, 32, 66>' [26]  (5.21 ns)
	multiplexor before 'phi' operation ('exp_r.V') with incoming values : ('exp_r.V', C:\scratch\2022.2\hls_product\608\2022.2\src\shared\hls\clib/hlsmath/include\hls_pow_apfixed.h:145) [29]  (1.59 ns)
	'phi' operation ('exp_r.V') with incoming values : ('exp_r.V', C:\scratch\2022.2\hls_product\608\2022.2\src\shared\hls\clib/hlsmath/include\hls_pow_apfixed.h:145) [29]  (0 ns)


============================================================
+ Verbose Summary: Binding
============================================================
N/A
* FSMD analyzer results:
  - Output states:
 - Input state : 
  - Chain level:
	State 1
	State 2
	State 3
	State 4
	State 5
	State 6
	State 7
	State 8
	State 9
	State 10
	State 11
	State 12
	State 13
	State 14
	State 15
	State 16
	State 17
	State 18
	State 19
	State 20
	State 21
	State 22
	State 23
	State 24
	State 25
	State 26


============================================================
+ Verbose Summary: Datapath Resource usage 
============================================================
N/A
