

================================================================
== Vitis HLS Report for 'clusterOp2_Pipeline_1'
================================================================
* Date:           Thu Apr 27 06:55:41 2023

* Version:        2022.2 (Build 3670227 on Oct 13 2022)
* Project:        cluster
* Solution:       solution1 (Vivado IP Flow Target)
* Product family: zynq
* Target device:  xc7z020-clg400-1


================================================================
== Performance Estimates
================================================================
+ Timing: 
    * Summary: 
    +--------+----------+----------+------------+
    |  Clock |  Target  | Estimated| Uncertainty|
    +--------+----------+----------+------------+
    |ap_clk  |  10.00 ns|  3.983 ns|     2.70 ns|
    +--------+----------+----------+------------+

+ Latency: 
    * Summary: 
    +---------+---------+----------+----------+-----+-----+---------+
    |  Latency (cycles) |  Latency (absolute) |  Interval | Pipeline|
    |   min   |   max   |    min   |    max   | min | max |   Type  |
    +---------+---------+----------+----------+-----+-----+---------+
    |      362|      362|  3.620 us|  3.620 us|  362|  362|       no|
    +---------+---------+----------+----------+-----+-----+---------+

    + Detail: 
        * Instance: 
        N/A

        * Loop: 
        +----------+---------+---------+----------+-----------+-----------+------+----------+
        |          |  Latency (cycles) | Iteration|  Initiation Interval  | Trip |          |
        | Loop Name|   min   |   max   |  Latency |  achieved |   target  | Count| Pipelined|
        +----------+---------+---------+----------+-----------+-----------+------+----------+
        |- Loop 1  |      360|      360|         1|          1|          1|   360|       yes|
        +----------+---------+---------+----------+-----------+-----------+------+----------+



================================================================
== Utilization Estimates
================================================================
* Summary: 
+-----------------+---------+-----+--------+-------+-----+
|       Name      | BRAM_18K| DSP |   FF   |  LUT  | URAM|
+-----------------+---------+-----+--------+-------+-----+
|DSP              |        -|    -|       -|      -|    -|
|Expression       |        -|    -|       0|     25|    -|
|FIFO             |        -|    -|       -|      -|    -|
|Instance         |        -|    -|       -|      -|    -|
|Memory           |        -|    -|       -|      -|    -|
|Multiplexer      |        -|    -|       -|     27|    -|
|Register         |        -|    -|      11|      -|    -|
+-----------------+---------+-----+--------+-------+-----+
|Total            |        0|    0|      11|     52|    0|
+-----------------+---------+-----+--------+-------+-----+
|Available        |      280|  220|  106400|  53200|    0|
+-----------------+---------+-----+--------+-------+-----+
|Utilization (%)  |        0|    0|      ~0|     ~0|    0|
+-----------------+---------+-----+--------+-------+-----+

+ Detail: 
    * Instance: 
    N/A

    * DSP: 
    N/A

    * Memory: 
    N/A

    * FIFO: 
    N/A

    * Expression: 
    +-----------------------+----------+----+---+----+------------+------------+
    |     Variable Name     | Operation| DSP| FF| LUT| Bitwidth P0| Bitwidth P1|
    +-----------------------+----------+----+---+----+------------+------------+
    |empty_74_fu_58_p2      |         +|   0|  0|  14|           9|           1|
    |exitcond3764_fu_52_p2  |      icmp|   0|  0|  11|           9|           9|
    +-----------------------+----------+----+---+----+------------+------------+
    |Total                  |          |   0|  0|  25|          18|          10|
    +-----------------------+----------+----+---+----+------------+------------+

    * Multiplexer: 
    +-------------------------+----+-----------+-----+-----------+
    |           Name          | LUT| Input Size| Bits| Total Bits|
    +-------------------------+----+-----------+-----+-----------+
    |ap_done_int              |   9|          2|    1|          2|
    |ap_sig_allocacmp_p_load  |   9|          2|    9|         18|
    |empty_fu_26              |   9|          2|    9|         18|
    +-------------------------+----+-----------+-----+-----------+
    |Total                    |  27|          6|   19|         38|
    +-------------------------+----+-----------+-----+-----------+

    * Register: 
    +-------------+---+----+-----+-----------+
    |     Name    | FF| LUT| Bits| Const Bits|
    +-------------+---+----+-----+-----------+
    |ap_CS_fsm    |  1|   0|    1|          0|
    |ap_done_reg  |  1|   0|    1|          0|
    |empty_fu_26  |  9|   0|    9|          0|
    +-------------+---+----+-----+-----------+
    |Total        | 11|   0|   11|          0|
    +-------------+---+----+-----+-----------+



================================================================
== Interface
================================================================
* Summary: 
+------------------+-----+-----+------------+-----------------------+--------------+
|     RTL Ports    | Dir | Bits|  Protocol  |     Source Object     |    C Type    |
+------------------+-----+-----+------------+-----------------------+--------------+
|ap_clk            |   in|    1|  ap_ctrl_hs|  clusterOp2_Pipeline_1|  return value|
|ap_rst            |   in|    1|  ap_ctrl_hs|  clusterOp2_Pipeline_1|  return value|
|ap_start          |   in|    1|  ap_ctrl_hs|  clusterOp2_Pipeline_1|  return value|
|ap_done           |  out|    1|  ap_ctrl_hs|  clusterOp2_Pipeline_1|  return value|
|ap_idle           |  out|    1|  ap_ctrl_hs|  clusterOp2_Pipeline_1|  return value|
|ap_ready          |  out|    1|  ap_ctrl_hs|  clusterOp2_Pipeline_1|  return value|
|visited_address0  |  out|    9|   ap_memory|                visited|         array|
|visited_ce0       |  out|    1|   ap_memory|                visited|         array|
|visited_we0       |  out|    1|   ap_memory|                visited|         array|
|visited_d0        |  out|    1|   ap_memory|                visited|         array|
+------------------+-----+-----+------------+-----------------------+--------------+

