

================================================================
== Vitis HLS Report for 'clusterOp_Pipeline_VITIS_LOOP_42_3'
================================================================
* Date:           Mon Mar 27 20:49:20 2023

* Version:        2022.2 (Build 3670227 on Oct 13 2022)
* Project:        cluster
* Solution:       solution1 (Vivado IP Flow Target)
* Product family: zynq
* Target device:  xc7z020-clg400-1


================================================================
== Performance Estimates
================================================================
+ Timing: 
    * Summary: 
    +--------+----------+----------+------------+
    |  Clock |  Target  | Estimated| Uncertainty|
    +--------+----------+----------+------------+
    |ap_clk  |  10.00 ns|  7.289 ns|     2.70 ns|
    +--------+----------+----------+------------+

+ Latency: 
    * Summary: 
    +---------+---------+----------+----------+-----+-----+---------+
    |  Latency (cycles) |  Latency (absolute) |  Interval | Pipeline|
    |   min   |   max   |    min   |    max   | min | max |   Type  |
    +---------+---------+----------+----------+-----+-----+---------+
    |        ?|        ?|         ?|         ?|    ?|    ?|       no|
    +---------+---------+----------+----------+-----+-----+---------+

    + Detail: 
        * Instance: 
        +-------------------------------+--------------------+---------+---------+-----------+-----------+-----+-----+---------+
        |                               |                    |  Latency (cycles) |   Latency (absolute)  |  Interval | Pipeline|
        |            Instance           |       Module       |   min   |   max   |    min    |    max    | min | max |   Type  |
        +-------------------------------+--------------------+---------+---------+-----------+-----------+-----+-----+---------+
        |grp_pow_32_32_s_fu_177         |pow_32_32_s         |        ?|        ?|          ?|          ?|    ?|    ?|       no|
        |grp_pow_32_32_s_fu_206         |pow_32_32_s         |        ?|        ?|          ?|          ?|    ?|    ?|       no|
        |grp_sqrt_fixed_32_32_s_fu_235  |sqrt_fixed_32_32_s  |        7|        7|  70.000 ns|  70.000 ns|    1|    1|      yes|
        +-------------------------------+--------------------+---------+---------+-----------+-----------+-----+-----+---------+

        * Loop: 
        +-------------------+---------+---------+----------+-----------+-----------+------+----------+
        |                   |  Latency (cycles) | Iteration|  Initiation Interval  | Trip |          |
        |     Loop Name     |   min   |   max   |  Latency |  achieved |   target  | Count| Pipelined|
        +-------------------+---------+---------+----------+-----------+-----------+------+----------+
        |- VITIS_LOOP_42_3  |        ?|        ?|         ?|          -|          -|   360|        no|
        +-------------------+---------+---------+----------+-----------+-----------+------+----------+



================================================================
== Utilization Estimates
================================================================
* Summary: 
+-----------------+---------+-----+--------+-------+-----+
|       Name      | BRAM_18K| DSP |   FF   |  LUT  | URAM|
+-----------------+---------+-----+--------+-------+-----+
|DSP              |        -|    -|       -|      -|    -|
|Expression       |        -|    -|       0|    292|    -|
|FIFO             |        -|    -|       -|      -|    -|
|Instance         |       46|   90|   19589|  14410|    -|
|Memory           |        -|    -|       -|      -|    -|
|Multiplexer      |        -|    -|       -|    149|    -|
|Register         |        -|    -|     335|      -|    -|
+-----------------+---------+-----+--------+-------+-----+
|Total            |       46|   90|   19924|  14851|    0|
+-----------------+---------+-----+--------+-------+-----+
|Available        |      280|  220|  106400|  53200|    0|
+-----------------+---------+-----+--------+-------+-----+
|Utilization (%)  |       16|   40|      18|     27|    0|
+-----------------+---------+-----+--------+-------+-----+

+ Detail: 
    * Instance: 
    +---------------------------------+-----------------------------+---------+----+------+------+-----+
    |             Instance            |            Module           | BRAM_18K| DSP|  FF  |  LUT | URAM|
    +---------------------------------+-----------------------------+---------+----+------+------+-----+
    |fcmp_32ns_32ns_1_2_no_dsp_1_U53  |fcmp_32ns_32ns_1_2_no_dsp_1  |        0|   0|     0|     0|    0|
    |grp_pow_32_32_s_fu_177           |pow_32_32_s                  |       23|  45|  9497|  6528|    0|
    |grp_pow_32_32_s_fu_206           |pow_32_32_s                  |       23|  45|  9497|  6528|    0|
    |sitofp_32ns_32_6_no_dsp_1_U52    |sitofp_32ns_32_6_no_dsp_1    |        0|   0|     0|     0|    0|
    |grp_sqrt_fixed_32_32_s_fu_235    |sqrt_fixed_32_32_s           |        0|   0|   595|  1354|    0|
    +---------------------------------+-----------------------------+---------+----+------+------+-----+
    |Total                            |                             |       46|  90| 19589| 14410|    0|
    +---------------------------------+-----------------------------+---------+----+------+------+-----+

    * DSP: 
    N/A

    * Memory: 
    N/A

    * FIFO: 
    N/A

    * Expression: 
    +---------------------------------+----------+----+---+----+------------+------------+
    |          Variable Name          | Operation| DSP| FF| LUT| Bitwidth P0| Bitwidth P1|
    +---------------------------------+----------+----+---+----+------------+------------+
    |add_ln42_fu_275_p2               |         +|   0|  0|  14|           9|           1|
    |add_ln54_fu_407_p2               |         +|   0|  0|  24|          17|          17|
    |add_ln55_fu_417_p2               |         +|   0|  0|  39|          32|           1|
    |xf_V_2_fu_354_p2                 |         +|   0|  0|  39|          32|          32|
    |neg_fu_304_p2                    |         -|   0|  0|  13|           1|          10|
    |sub_ln44_fu_299_p2               |         -|   0|  0|  13|          10|          10|
    |sub_ln46_fu_331_p2               |         -|   0|  0|  13|           9|          10|
    |xf_V_1_fu_321_p2                 |         -|   0|  0|  39|          32|          32|
    |and_ln53_fu_397_p2               |       and|   0|  0|   2|           1|           1|
    |abscond_fu_309_p2                |      icmp|   0|  0|  11|          10|           1|
    |icmp_ln42_fu_269_p2              |      icmp|   0|  0|  11|           9|           9|
    |icmp_ln43_fu_286_p2              |      icmp|   0|  0|  11|           9|           9|
    |icmp_ln45_fu_326_p2              |      icmp|   0|  0|  11|          10|           8|
    |icmp_ln53_1_fu_387_p2            |      icmp|   0|  0|  15|          23|           1|
    |icmp_ln53_fu_381_p2              |      icmp|   0|  0|  11|           8|           2|
    |ap_block_state6_on_subcall_done  |        or|   0|  0|   2|           1|           1|
    |or_ln43_fu_294_p2                |        or|   0|  0|   2|           1|           1|
    |or_ln53_fu_393_p2                |        or|   0|  0|   2|           1|           1|
    |delta_angle_2_fu_336_p3          |    select|   0|  0|  10|           1|          10|
    |delta_angle_fu_314_p3            |    select|   0|  0|  10|           1|          10|
    +---------------------------------+----------+----+---+----+------------+------------+
    |Total                            |          |   0|  0| 292|         217|         167|
    +---------------------------------+----------+----+---+----+------------+------------+

    * Multiplexer: 
    +------------------+-----+-----------+-----+-----------+
    |       Name       | LUT | Input Size| Bits| Total Bits|
    +------------------+-----+-----------+-----+-----------+
    |ap_NS_fsm         |  117|         26|    1|         26|
    |candidate_fu_98   |    9|          2|    9|         18|
    |empty_fu_102      |    9|          2|   32|         64|
    |grouped_address0  |   14|          3|    9|         27|
    +------------------+-----+-----------+-----+-----------+
    |Total             |  149|         33|   51|        135|
    +------------------+-----+-----------+-----+-----------+

    * Register: 
    +-------------------------------------+----+----+-----+-----------+
    |                 Name                | FF | LUT| Bits| Const Bits|
    +-------------------------------------+----+----+-----+-----------+
    |add_ln42_reg_472                     |   9|   0|    9|          0|
    |and_ln53_reg_566                     |   1|   0|    1|          0|
    |ap_CS_fsm                            |  25|   0|   25|          0|
    |candidate_fu_98                      |   9|   0|    9|          0|
    |delta_angle_reg_508                  |  10|   0|   10|          0|
    |empty_fu_102                         |  32|   0|   32|          0|
    |euclidean_distance_reg_550           |  32|   0|   32|          0|
    |grouped_addr_reg_482                 |   9|   0|    9|          0|
    |grp_pow_32_32_s_fu_177_ap_start_reg  |   1|   0|    1|          0|
    |grp_pow_32_32_s_fu_206_ap_start_reg  |   1|   0|    1|          0|
    |icmp_ln43_reg_487                    |   1|   0|    1|          0|
    |icmp_ln53_1_reg_561                  |   1|   0|    1|          0|
    |icmp_ln53_reg_556                    |   1|   0|    1|          0|
    |or_ln43_reg_492                      |   1|   0|    1|          0|
    |p_Val2_45_reg_530                    |  31|   0|   31|          0|
    |p_Val2_46_reg_540                    |  16|   0|   16|          0|
    |p_Val2_s_reg_525                     |  31|   0|   31|          0|
    |sext_ln44_reg_520                    |  32|   0|   32|          0|
    |sub_ln44_reg_496                     |  10|   0|   10|          0|
    |trunc_ln54_cast_reg_477              |   9|   0|   64|         55|
    |xf_V_1_reg_515                       |  32|   0|   32|          0|
    |xf_V_2_reg_535                       |  32|   0|   32|          0|
    |zext_ln33_1_cast_reg_461             |   9|   0|   10|          1|
    +-------------------------------------+----+----+-----+-----------+
    |Total                                | 335|   0|  391|         56|
    +-------------------------------------+----+----+-----+-----------+



================================================================
== Interface
================================================================
* Summary: 
+---------------------------+-----+-----+------------+------------------------------------+--------------+
|         RTL Ports         | Dir | Bits|  Protocol  |            Source Object           |    C Type    |
+---------------------------+-----+-----+------------+------------------------------------+--------------+
|ap_clk                     |   in|    1|  ap_ctrl_hs|  clusterOp_Pipeline_VITIS_LOOP_42_3|  return value|
|ap_rst                     |   in|    1|  ap_ctrl_hs|  clusterOp_Pipeline_VITIS_LOOP_42_3|  return value|
|ap_start                   |   in|    1|  ap_ctrl_hs|  clusterOp_Pipeline_VITIS_LOOP_42_3|  return value|
|ap_done                    |  out|    1|  ap_ctrl_hs|  clusterOp_Pipeline_VITIS_LOOP_42_3|  return value|
|ap_idle                    |  out|    1|  ap_ctrl_hs|  clusterOp_Pipeline_VITIS_LOOP_42_3|  return value|
|ap_ready                   |  out|    1|  ap_ctrl_hs|  clusterOp_Pipeline_VITIS_LOOP_42_3|  return value|
|grouped_address0           |  out|    9|   ap_memory|                             grouped|         array|
|grouped_ce0                |  out|    1|   ap_memory|                             grouped|         array|
|grouped_we0                |  out|    1|   ap_memory|                             grouped|         array|
|grouped_d0                 |  out|    1|   ap_memory|                             grouped|         array|
|grouped_q0                 |   in|    1|   ap_memory|                             grouped|         array|
|put                        |   in|    9|     ap_none|                                 put|        scalar|
|zext_ln33_1                |   in|    9|     ap_none|                         zext_ln33_1|        scalar|
|distances_address0         |  out|    9|   ap_memory|                           distances|         array|
|distances_ce0              |  out|    1|   ap_memory|                           distances|         array|
|distances_q0               |   in|   32|   ap_memory|                           distances|         array|
|distances_load             |   in|   32|     ap_none|                      distances_load|        scalar|
|mul_ln37                   |   in|   17|     ap_none|                            mul_ln37|        scalar|
|clusters_members_address0  |  out|   17|   ap_memory|                    clusters_members|         array|
|clusters_members_ce0       |  out|    1|   ap_memory|                    clusters_members|         array|
|clusters_members_we0       |  out|    1|   ap_memory|                    clusters_members|         array|
|clusters_members_d0        |  out|    9|   ap_memory|                    clusters_members|         array|
|p_out                      |  out|   32|      ap_vld|                               p_out|       pointer|
|p_out_ap_vld               |  out|    1|      ap_vld|                               p_out|       pointer|
+---------------------------+-----+-----+------------+------------------------------------+--------------+

