

================================================================
== Vitis HLS Report for 'clusterOp_Pipeline_VITIS_LOOP_50_3'
================================================================
* Date:           Wed Mar 22 02:30:36 2023

* Version:        2022.1 (Build 3526262 on Mon Apr 18 15:48:16 MDT 2022)
* Project:        cluster
* Solution:       solution1 (Vivado IP Flow Target)
* Product family: zynq
* Target device:  xc7z020-clg400-1


================================================================
== Performance Estimates
================================================================
+ Timing: 
    * Summary: 
    +--------+----------+----------+------------+
    |  Clock |  Target  | Estimated| Uncertainty|
    +--------+----------+----------+------------+
    |ap_clk  |  10.00 ns|  7.297 ns|     2.70 ns|
    +--------+----------+----------+------------+

+ Latency: 
    * Summary: 
    +---------+---------+----------+----------+-------+-------+---------+
    |  Latency (cycles) |  Latency (absolute) |    Interval   | Pipeline|
    |   min   |   max   |    min   |    max   |  min  |  max  |   Type  |
    +---------+---------+----------+----------+-------+-------+---------+
    |    40794|    40794|  0.408 ms|  0.408 ms|  40794|  40794|       no|
    +---------+---------+----------+----------+-------+-------+---------+

    + Detail: 
        * Instance: 
        +--------------------------------+---------------------+---------+---------+----------+----------+-----+-----+---------+
        |                                |                     |  Latency (cycles) |  Latency (absolute) |  Interval | Pipeline|
        |            Instance            |        Module       |   min   |   max   |    min   |    max   | min | max |   Type  |
        +--------------------------------+---------------------+---------+---------+----------+----------+-----+-----+---------+
        |grp_sin_or_cos_double_s_fu_203  |sin_or_cos_double_s  |       32|       32|  0.320 us|  0.320 us|    1|    1|      yes|
        +--------------------------------+---------------------+---------+---------+----------+----------+-----+-----+---------+

        * Loop: 
        +-------------------+---------+---------+----------+-----------+-----------+------+----------+
        |                   |  Latency (cycles) | Iteration|  Initiation Interval  | Trip |          |
        |     Loop Name     |   min   |   max   |  Latency |  achieved |   target  | Count| Pipelined|
        +-------------------+---------+---------+----------+-----------+-----------+------+----------+
        |- VITIS_LOOP_50_3  |    40792|    40792|       115|        113|          1|   360|       yes|
        +-------------------+---------+---------+----------+-----------+-----------+------+----------+



================================================================
== Utilization Estimates
================================================================
* Summary: 
+-----------------+---------+-----+--------+-------+-----+
|       Name      | BRAM_18K| DSP |   FF   |  LUT  | URAM|
+-----------------+---------+-----+--------+-------+-----+
|DSP              |        -|    -|       -|      -|    -|
|Expression       |        -|    -|       0|   1221|    -|
|FIFO             |        -|    -|       -|      -|    -|
|Instance         |        8|   77|    8392|   8595|    -|
|Memory           |        -|    -|       -|      -|    -|
|Multiplexer      |        -|    -|       -|    665|    -|
|Register         |        -|    -|     933|      -|    -|
+-----------------+---------+-----+--------+-------+-----+
|Total            |        8|   77|    9325|  10481|    0|
+-----------------+---------+-----+--------+-------+-----+
|Available        |      280|  220|  106400|  53200|    0|
+-----------------+---------+-----+--------+-------+-----+
|Utilization (%)  |        2|   35|       8|     19|    0|
+-----------------+---------+-----+--------+-------+-----+

+ Detail: 
    * Instance: 
    +------------------------------------+--------------------------------+---------+----+------+------+-----+
    |              Instance              |             Module             | BRAM_18K| DSP|  FF  |  LUT | URAM|
    +------------------------------------+--------------------------------+---------+----+------+------+-----+
    |dmul_64ns_64ns_64_7_max_dsp_1_U48   |dmul_64ns_64ns_64_7_max_dsp_1   |        0|  11|   342|   586|    0|
    |dsqrt_64ns_64ns_64_57_no_dsp_1_U50  |dsqrt_64ns_64ns_64_57_no_dsp_1  |        0|   0|     0|     0|    0|
    |dsub_64ns_64ns_64_7_full_dsp_1_U47  |dsub_64ns_64ns_64_7_full_dsp_1  |        0|   3|   630|  1141|    0|
    |mul_32s_32s_32_2_1_U51              |mul_32s_32s_32_2_1              |        0|   3|   165|    50|    0|
    |mul_32s_32s_32_2_1_U52              |mul_32s_32s_32_2_1              |        0|   3|   165|    50|    0|
    |mul_32s_32s_32_2_1_U53              |mul_32s_32s_32_2_1              |        0|   3|   165|    50|    0|
    |grp_sin_or_cos_double_s_fu_203      |sin_or_cos_double_s             |        8|  54|  6925|  6718|    0|
    |sitodp_32ns_64_6_no_dsp_1_U49       |sitodp_32ns_64_6_no_dsp_1       |        0|   0|     0|     0|    0|
    +------------------------------------+--------------------------------+---------+----+------+------+-----+
    |Total                               |                                |        8|  77|  8392|  8595|    0|
    +------------------------------------+--------------------------------+---------+----+------+------+-----+

    * DSP: 
    N/A

    * Memory: 
    N/A

    * FIFO: 
    N/A

    * Expression: 
    +--------------------------------+----------+----+---+-----+------------+------------+
    |          Variable Name         | Operation| DSP| FF| LUT | Bitwidth P0| Bitwidth P1|
    +--------------------------------+----------+----+---+-----+------------+------------+
    |add_ln50_fu_309_p2              |         +|   0|  0|   14|           9|           1|
    |add_ln515_fu_349_p2             |         +|   0|  0|   12|          12|          11|
    |add_ln54_fu_305_p2              |         +|   0|  0|   39|          32|          32|
    |cluster_num_points_1_fu_472_p2  |         +|   0|  0|   39|          32|           1|
    |dTheta_fu_281_p2                |         -|   0|  0|   39|          32|          32|
    |result_V_2_fu_443_p2            |         -|   0|  0|   39|           1|          32|
    |sub_ln1512_fu_363_p2            |         -|   0|  0|   12|          10|          11|
    |icmp_ln50_fu_260_p2             |      icmp|   0|  0|   11|           9|           9|
    |icmp_ln56_fu_455_p2             |      icmp|   0|  0|   18|          32|           7|
    |r_V_fu_389_p2                   |      lshr|   0|  0|  460|         137|         137|
    |result_V_fu_448_p3              |    select|   0|  0|   32|           1|          32|
    |ush_fu_373_p3                   |    select|   0|  0|   12|           1|          12|
    |val_fu_423_p3                   |    select|   0|  0|   32|           1|          32|
    |r_V_17_fu_395_p2                |       shl|   0|  0|  460|         137|         137|
    |ap_enable_pp0                   |       xor|   0|  0|    2|           1|           2|
    +--------------------------------+----------+----+---+-----+------------+------------+
    |Total                           |          |   0|  0| 1221|         447|         488|
    +--------------------------------+----------+----+---+-----+------------+------------+

    * Multiplexer: 
    +----------------------------------+-----+-----------+-----+-----------+
    |               Name               | LUT | Input Size| Bits| Total Bits|
    +----------------------------------+-----+-----------+-----+-----------+
    |ap_NS_fsm                         |  573|        114|    1|        114|
    |ap_done_int                       |    9|          2|    1|          2|
    |ap_enable_reg_pp0_iter0           |    9|          2|    1|          2|
    |ap_enable_reg_pp0_iter1           |    9|          2|    1|          2|
    |ap_loop_exit_ready_pp0_iter1_reg  |    9|          2|    1|          2|
    |ap_sig_allocacmp_point_1_load_1   |    9|          2|   32|         64|
    |cluster_num_points_fu_98          |    9|          2|   32|         64|
    |grp_fu_228_p0                     |   20|          4|   32|        128|
    |point_1_fu_102                    |    9|          2|   32|         64|
    |point_2_fu_94                     |    9|          2|    9|         18|
    +----------------------------------+-----+-----------+-----+-----------+
    |Total                             |  665|        134|  142|        460|
    +----------------------------------+-----+-----------+-----+-----------+

    * Register: 
    +---------------------------------------------+-----+----+-----+-----------+
    |                     Name                    |  FF | LUT| Bits| Const Bits|
    +---------------------------------------------+-----+----+-----+-----------+
    |add_ln54_reg_593                             |   32|   0|   32|          0|
    |ap_CS_fsm                                    |  113|   0|  113|          0|
    |ap_done_reg                                  |    1|   0|    1|          0|
    |ap_enable_reg_pp0_iter0_reg                  |    1|   0|    1|          0|
    |ap_enable_reg_pp0_iter1                      |    1|   0|    1|          0|
    |ap_loop_exit_ready_pp0_iter1_reg             |    1|   0|    1|          0|
    |cluster_num_points_fu_98                     |   32|   0|   32|          0|
    |conv_reg_598                                 |   64|   0|   64|          0|
    |d1_reg_559                                   |   32|   0|   32|          0|
    |d2_reg_566                                   |   32|   0|   32|          0|
    |dTheta_reg_554                               |   32|   0|   32|          0|
    |data_V_reg_623                               |   64|   0|   64|          0|
    |dc_reg_618                                   |   64|   0|   64|          0|
    |grp_sin_or_cos_double_s_fu_203_ap_start_reg  |    1|   0|    1|          0|
    |i_reg_519                                    |    9|   0|    9|          0|
    |icmp_ln50_reg_525                            |    1|   0|    1|          0|
    |icmp_ln56_reg_634                            |    1|   0|    1|          0|
    |mul_ln54_1_reg_588                           |   32|   0|   32|          0|
    |mul_ln54_2_reg_573                           |   32|   0|   32|          0|
    |mul_ln54_reg_578                             |   32|   0|   32|          0|
    |mul_reg_608                                  |   64|   0|   64|          0|
    |point_1_fu_102                               |   32|   0|   32|          0|
    |point_2_fu_94                                |    9|   0|    9|          0|
    |reg_236                                      |   64|   0|   64|          0|
    |sub_reg_613                                  |   64|   0|   64|          0|
    |tmp_reg_603                                  |   64|   0|   64|          0|
    |trunc_ln57_cast_reg_529                      |    9|   0|   64|         55|
    |trunc_ln57_cast_reg_529_pp0_iter1_reg        |    9|   0|   64|         55|
    |val_reg_628                                  |   32|   0|   32|          0|
    |zext_ln57_1_reg_638                          |    9|   0|   32|         23|
    +---------------------------------------------+-----+----+-----+-----------+
    |Total                                        |  933|   0| 1066|        133|
    +---------------------------------------------+-----+----+-----+-----------+



================================================================
== Interface
================================================================
* Summary: 
+-------------------------------+-----+-----+------------+------------------------------------+--------------+
|           RTL Ports           | Dir | Bits|  Protocol  |            Source Object           |    C Type    |
+-------------------------------+-----+-----+------------+------------------------------------+--------------+
|ap_clk                         |   in|    1|  ap_ctrl_hs|  clusterOp_Pipeline_VITIS_LOOP_50_3|  return value|
|ap_rst                         |   in|    1|  ap_ctrl_hs|  clusterOp_Pipeline_VITIS_LOOP_50_3|  return value|
|ap_start                       |   in|    1|  ap_ctrl_hs|  clusterOp_Pipeline_VITIS_LOOP_50_3|  return value|
|ap_done                        |  out|    1|  ap_ctrl_hs|  clusterOp_Pipeline_VITIS_LOOP_50_3|  return value|
|ap_idle                        |  out|    1|  ap_ctrl_hs|  clusterOp_Pipeline_VITIS_LOOP_50_3|  return value|
|ap_ready                       |  out|    1|  ap_ctrl_hs|  clusterOp_Pipeline_VITIS_LOOP_50_3|  return value|
|point                          |   in|   32|     ap_none|                               point|        scalar|
|angle_address0                 |  out|    9|   ap_memory|                               angle|         array|
|angle_ce0                      |  out|    1|   ap_memory|                               angle|         array|
|angle_q0                       |   in|   32|   ap_memory|                               angle|         array|
|angle_address1                 |  out|    9|   ap_memory|                               angle|         array|
|angle_ce1                      |  out|    1|   ap_memory|                               angle|         array|
|angle_q1                       |   in|   32|   ap_memory|                               angle|         array|
|distance_address0              |  out|    9|   ap_memory|                            distance|         array|
|distance_ce0                   |  out|    1|   ap_memory|                            distance|         array|
|distance_q0                    |   in|   32|   ap_memory|                            distance|         array|
|distance_address1              |  out|    9|   ap_memory|                            distance|         array|
|distance_ce1                   |  out|    1|   ap_memory|                            distance|         array|
|distance_q1                    |   in|   32|   ap_memory|                            distance|         array|
|cluster_points_address0        |  out|    9|   ap_memory|                      cluster_points|         array|
|cluster_points_ce0             |  out|    1|   ap_memory|                      cluster_points|         array|
|cluster_points_we0             |  out|    1|   ap_memory|                      cluster_points|         array|
|cluster_points_d0              |  out|   32|   ap_memory|                      cluster_points|         array|
|grouped_address0               |  out|    9|   ap_memory|                             grouped|         array|
|grouped_ce0                    |  out|    1|   ap_memory|                             grouped|         array|
|grouped_we0                    |  out|    1|   ap_memory|                             grouped|         array|
|grouped_d0                     |  out|    1|   ap_memory|                             grouped|         array|
|point_1_out                    |  out|   32|      ap_vld|                         point_1_out|       pointer|
|point_1_out_ap_vld             |  out|    1|      ap_vld|                         point_1_out|       pointer|
|cluster_num_points_out         |  out|   32|      ap_vld|              cluster_num_points_out|       pointer|
|cluster_num_points_out_ap_vld  |  out|    1|      ap_vld|              cluster_num_points_out|       pointer|
+-------------------------------+-----+-----+------------+------------------------------------+--------------+

