

================================================================
== Vitis HLS Report for 'clusterOp'
================================================================
* Date:           Mon Mar 27 01:29:42 2023

* Version:        2022.2 (Build 3670227 on Oct 13 2022)
* Project:        cluster
* Solution:       solution1 (Vivado IP Flow Target)
* Product family: zynq
* Target device:  xc7z020-clg400-1


================================================================
== Performance Estimates
================================================================
+ Timing: 
    * Summary: 
    +--------+----------+----------+------------+
    |  Clock |  Target  | Estimated| Uncertainty|
    +--------+----------+----------+------------+
    |ap_clk  |  10.00 ns|  7.289 ns|     2.70 ns|
    +--------+----------+----------+------------+

+ Latency: 
    * Summary: 
    +---------+---------+----------+----------+-----+-----+---------+
    |  Latency (cycles) |  Latency (absolute) |  Interval | Pipeline|
    |   min   |   max   |    min   |    max   | min | max |   Type  |
    +---------+---------+----------+----------+-----+-----+---------+
    |        ?|        ?|         ?|         ?|    ?|    ?|       no|
    +---------+---------+----------+----------+-----+-----+---------+

    + Detail: 
        * Instance: 
        +-----------------------------------------------+------------------------------------+---------+---------+----------+----------+-----+-----+---------+
        |                                               |                                    |  Latency (cycles) |  Latency (absolute) |  Interval | Pipeline|
        |                    Instance                   |               Module               |   min   |   max   |    min   |    max   | min | max |   Type  |
        +-----------------------------------------------+------------------------------------+---------+---------+----------+----------+-----+-----+---------+
        |grp_clusterOp_Pipeline_1_fu_239                |clusterOp_Pipeline_1                |      362|      362|  3.620 us|  3.620 us|  362|  362|       no|
        |grp_clusterOp_Pipeline_VITIS_LOOP_27_1_fu_245  |clusterOp_Pipeline_VITIS_LOOP_27_1  |      362|      362|  3.620 us|  3.620 us|  362|  362|       no|
        |grp_clusterOp_Pipeline_VITIS_LOOP_42_3_fu_264  |clusterOp_Pipeline_VITIS_LOOP_42_3  |        ?|        ?|         ?|         ?|    ?|    ?|       no|
        |grp_clusterOp_Pipeline_VITIS_LOOP_67_5_fu_300  |clusterOp_Pipeline_VITIS_LOOP_67_5  |        ?|        ?|         ?|         ?|    ?|    ?|       no|
        +-----------------------------------------------+------------------------------------+---------+---------+----------+----------+-----+-----+---------+

        * Loop: 
        +-------------------+---------+---------+----------+-----------+-----------+------+----------+
        |                   |  Latency (cycles) | Iteration|  Initiation Interval  | Trip |          |
        |     Loop Name     |   min   |   max   |  Latency |  achieved |   target  | Count| Pipelined|
        +-------------------+---------+---------+----------+-----------+-----------+------+----------+
        |- VITIS_LOOP_33_2  |        ?|        ?|         ?|          -|          -|   360|        no|
        |- VITIS_LOOP_66_4  |        ?|        ?|         ?|          -|          -|     ?|        no|
        +-------------------+---------+---------+----------+-----------+-----------+------+----------+



================================================================
== Utilization Estimates
================================================================
* Summary: 
+-----------------+---------+-----+--------+-------+-----+
|       Name      | BRAM_18K| DSP |   FF   |  LUT  | URAM|
+-----------------+---------+-----+--------+-------+-----+
|DSP              |        -|    1|       -|      -|    -|
|Expression       |        -|    -|       0|    208|    -|
|FIFO             |        -|    -|       -|      -|    -|
|Instance         |       46|   90|   20018|  15172|    -|
|Memory           |       75|    -|       1|      6|    0|
|Multiplexer      |        -|    -|       -|    368|    -|
|Register         |        -|    -|     366|      -|    -|
+-----------------+---------+-----+--------+-------+-----+
|Total            |      121|   91|   20385|  15754|    0|
+-----------------+---------+-----+--------+-------+-----+
|Available        |      280|  220|  106400|  53200|    0|
+-----------------+---------+-----+--------+-------+-----+
|Utilization (%)  |       43|   41|      19|     29|    0|
+-----------------+---------+-----+--------+-------+-----+

+ Detail: 
    * Instance: 
    +-----------------------------------------------+------------------------------------+---------+----+-------+-------+-----+
    |                    Instance                   |               Module               | BRAM_18K| DSP|   FF  |  LUT  | URAM|
    +-----------------------------------------------+------------------------------------+---------+----+-------+-------+-----+
    |CTRL_BUS_s_axi_U                               |CTRL_BUS_s_axi                      |        0|   0|     36|     40|    0|
    |grp_clusterOp_Pipeline_1_fu_239                |clusterOp_Pipeline_1                |        0|   0|     11|     52|    0|
    |grp_clusterOp_Pipeline_VITIS_LOOP_27_1_fu_245  |clusterOp_Pipeline_VITIS_LOOP_27_1  |        0|   0|     11|     65|    0|
    |grp_clusterOp_Pipeline_VITIS_LOOP_42_3_fu_264  |clusterOp_Pipeline_VITIS_LOOP_42_3  |       46|  90|  19924|  14851|    0|
    |grp_clusterOp_Pipeline_VITIS_LOOP_67_5_fu_300  |clusterOp_Pipeline_VITIS_LOOP_67_5  |        0|   0|     36|    164|    0|
    +-----------------------------------------------+------------------------------------+---------+----+-------+-------+-----+
    |Total                                          |                                    |       46|  90|  20018|  15172|    0|
    +-----------------------------------------------+------------------------------------+---------+----+-------+-------+-----+

    * DSP: 
    +----------------------------+------------------------+-----------+
    |          Instance          |         Module         | Expression|
    +----------------------------+------------------------+-----------+
    |mul_mul_17s_9ns_17_4_1_U76  |mul_mul_17s_9ns_17_4_1  |    i0 * i1|
    +----------------------------+------------------------+-----------+

    * Memory: 
    +-------------------------+--------------------------------+---------+---+----+-----+--------+-----+------+-------------+
    |          Memory         |             Module             | BRAM_18K| FF| LUT| URAM|  Words | Bits| Banks| W*Bits*Banks|
    +-------------------------+--------------------------------+---------+---+----+-----+--------+-----+------+-------------+
    |clusters_id_U            |clusters_id_RAM_AUTO_1R1W       |        1|  0|   0|    0|     360|    5|     1|         1800|
    |clusters_members_U       |clusters_members_RAM_AUTO_1R1W  |       72|  0|   0|    0|  129600|    9|     1|      1166400|
    |distances_U              |distances_RAM_AUTO_1R1W         |        1|  0|   0|    0|     360|   32|     1|        11520|
    |clusters_member_count_U  |distances_RAM_AUTO_1R1W         |        1|  0|   0|    0|     360|   32|     1|        11520|
    |grouped_U                |grouped_RAM_AUTO_1R1W           |        0|  1|   6|    0|     360|    1|     1|          360|
    +-------------------------+--------------------------------+---------+---+----+-----+--------+-----+------+-------------+
    |Total                    |                                |       75|  1|   6|    0|  131040|   79|     5|      1191600|
    +-------------------------+--------------------------------+---------+---+----+-----+--------+-----+------+-------------+

    * FIFO: 
    N/A

    * Expression: 
    +----------------------------------------------------------------+----------+----+---+----+------------+------------+
    |                          Variable Name                         | Operation| DSP| FF| LUT| Bitwidth P0| Bitwidth P1|
    +----------------------------------------------------------------+----------+----+---+----+------------+------------+
    |add_ln33_fu_345_p2                                              |         +|   0|  0|  14|           9|           1|
    |add_ln66_1_fu_412_p2                                            |         +|   0|  0|  47|          40|           9|
    |add_ln66_fu_428_p2                                              |         +|   0|  0|  38|          31|           1|
    |cluster_count_1_fu_374_p2                                       |         +|   0|  0|  39|          32|           1|
    |sub89_fu_450_p2                                                 |         +|   0|  0|  39|          32|           2|
    |grp_clusterOp_Pipeline_VITIS_LOOP_67_5_fu_300_outStream_TREADY  |       and|   0|  0|   2|           1|           1|
    |icmp_ln33_fu_339_p2                                             |      icmp|   0|  0|  11|           9|           9|
    |icmp_ln66_fu_422_p2                                             |      icmp|   0|  0|  18|          32|          32|
    +----------------------------------------------------------------+----------+----+---+----+------------+------------+
    |Total                                                           |          |   0|  0| 208|         186|          56|
    +----------------------------------------------------------------+----------+----+---+----+------------+------------+

    * Multiplexer: 
    +--------------------------------+----+-----------+-----+-----------+
    |              Name              | LUT| Input Size| Bits| Total Bits|
    +--------------------------------+----+-----------+-----+-----------+
    |ap_NS_fsm                       |  93|         19|    1|         19|
    |cluster_count_fu_128            |   9|          2|   32|         64|
    |clusters_id_address0            |  14|          3|    9|         27|
    |clusters_member_count_address0  |  14|          3|    9|         27|
    |clusters_members_address0       |  20|          4|   17|         68|
    |clusters_members_ce0            |  20|          4|    1|          4|
    |clusters_members_d0             |  14|          3|    9|         27|
    |clusters_members_we0            |  14|          3|    1|          3|
    |distances_address0              |  20|          4|    9|         36|
    |distances_ce0                   |  20|          4|    1|          4|
    |distances_we0                   |   9|          2|    1|          2|
    |grouped_address0                |  25|          5|    9|         45|
    |grouped_ce0                     |  20|          4|    1|          4|
    |grouped_d0                      |  20|          4|    1|          4|
    |grouped_we0                     |  20|          4|    1|          4|
    |i_1_fu_160                      |   9|          2|   31|         62|
    |inStream_TREADY_int_regslice    |   9|          2|    1|          2|
    |phi_mul_fu_156                  |   9|          2|   40|         80|
    |put_fu_124                      |   9|          2|    9|         18|
    +--------------------------------+----+-----------+-----+-----------+
    |Total                           | 368|         76|  183|        500|
    +--------------------------------+----+-----------+-----+-----------+

    * Register: 
    +------------------------------------------------------------+----+----+-----+-----------+
    |                            Name                            | FF | LUT| Bits| Const Bits|
    +------------------------------------------------------------+----+----+-----+-----------+
    |add_ln33_reg_489                                            |   9|   0|    9|          0|
    |ap_CS_fsm                                                   |  18|   0|   18|          0|
    |cluster_count_fu_128                                        |  32|   0|   32|          0|
    |cluster_count_load_reg_518                                  |  32|   0|   32|          0|
    |clusters_id_load_reg_580                                    |   5|   0|    5|          0|
    |clusters_member_count_load_reg_570                          |  32|   0|   32|          0|
    |distances_load_reg_542                                      |  32|   0|   32|          0|
    |grouped_addr_reg_499                                        |   9|   0|    9|          0|
    |grouped_load_reg_528                                        |   1|   0|    1|          0|
    |grp_clusterOp_Pipeline_1_fu_239_ap_start_reg                |   1|   0|    1|          0|
    |grp_clusterOp_Pipeline_VITIS_LOOP_27_1_fu_245_ap_start_reg  |   1|   0|    1|          0|
    |grp_clusterOp_Pipeline_VITIS_LOOP_42_3_fu_264_ap_start_reg  |   1|   0|    1|          0|
    |grp_clusterOp_Pipeline_VITIS_LOOP_67_5_fu_300_ap_start_reg  |   1|   0|    1|          0|
    |i_1_fu_160                                                  |  31|   0|   31|          0|
    |mul_ln37_reg_547                                            |  17|   0|   17|          0|
    |p_loc_fu_132                                                |  32|   0|   32|          0|
    |phi_mul_fu_156                                              |  40|   0|   40|          0|
    |put_fu_124                                                  |   9|   0|    9|          0|
    |sub89_reg_575                                               |  32|   0|   32|          0|
    |trunc_ln33_reg_523                                          |   5|   0|    5|          0|
    |trunc_ln66_reg_552                                          |  17|   0|   17|          0|
    |zext_ln33_reg_494                                           |   9|   0|   64|         55|
    +------------------------------------------------------------+----+----+-----+-----------+
    |Total                                                       | 366|   0|  421|         55|
    +------------------------------------------------------------+----+----+-----+-----------+



================================================================
== Interface
================================================================
* Summary: 
+------------------------+-----+-----+------------+--------------------+--------------+
|        RTL Ports       | Dir | Bits|  Protocol  |    Source Object   |    C Type    |
+------------------------+-----+-----+------------+--------------------+--------------+
|s_axi_CTRL_BUS_AWVALID  |   in|    1|       s_axi|            CTRL_BUS|   return void|
|s_axi_CTRL_BUS_AWREADY  |  out|    1|       s_axi|            CTRL_BUS|   return void|
|s_axi_CTRL_BUS_AWADDR   |   in|    4|       s_axi|            CTRL_BUS|   return void|
|s_axi_CTRL_BUS_WVALID   |   in|    1|       s_axi|            CTRL_BUS|   return void|
|s_axi_CTRL_BUS_WREADY   |  out|    1|       s_axi|            CTRL_BUS|   return void|
|s_axi_CTRL_BUS_WDATA    |   in|   32|       s_axi|            CTRL_BUS|   return void|
|s_axi_CTRL_BUS_WSTRB    |   in|    4|       s_axi|            CTRL_BUS|   return void|
|s_axi_CTRL_BUS_ARVALID  |   in|    1|       s_axi|            CTRL_BUS|   return void|
|s_axi_CTRL_BUS_ARREADY  |  out|    1|       s_axi|            CTRL_BUS|   return void|
|s_axi_CTRL_BUS_ARADDR   |   in|    4|       s_axi|            CTRL_BUS|   return void|
|s_axi_CTRL_BUS_RVALID   |  out|    1|       s_axi|            CTRL_BUS|   return void|
|s_axi_CTRL_BUS_RREADY   |   in|    1|       s_axi|            CTRL_BUS|   return void|
|s_axi_CTRL_BUS_RDATA    |  out|   32|       s_axi|            CTRL_BUS|   return void|
|s_axi_CTRL_BUS_RRESP    |  out|    2|       s_axi|            CTRL_BUS|   return void|
|s_axi_CTRL_BUS_BVALID   |  out|    1|       s_axi|            CTRL_BUS|   return void|
|s_axi_CTRL_BUS_BREADY   |   in|    1|       s_axi|            CTRL_BUS|   return void|
|s_axi_CTRL_BUS_BRESP    |  out|    2|       s_axi|            CTRL_BUS|   return void|
|ap_clk                  |   in|    1|  ap_ctrl_hs|           clusterOp|  return value|
|ap_rst_n                |   in|    1|  ap_ctrl_hs|           clusterOp|  return value|
|interrupt               |  out|    1|  ap_ctrl_hs|           clusterOp|  return value|
|inStream_TDATA          |   in|   32|        axis|   inStream_V_data_V|       pointer|
|inStream_TVALID         |   in|    1|        axis|   inStream_V_dest_V|       pointer|
|inStream_TREADY         |  out|    1|        axis|   inStream_V_dest_V|       pointer|
|inStream_TDEST          |   in|    6|        axis|   inStream_V_dest_V|       pointer|
|inStream_TKEEP          |   in|    4|        axis|   inStream_V_keep_V|       pointer|
|inStream_TSTRB          |   in|    4|        axis|   inStream_V_strb_V|       pointer|
|inStream_TUSER          |   in|    2|        axis|   inStream_V_user_V|       pointer|
|inStream_TLAST          |   in|    1|        axis|   inStream_V_last_V|       pointer|
|inStream_TID            |   in|    5|        axis|     inStream_V_id_V|       pointer|
|outStream_TDATA         |  out|   32|        axis|  outStream_V_data_V|       pointer|
|outStream_TVALID        |  out|    1|        axis|  outStream_V_dest_V|       pointer|
|outStream_TREADY        |   in|    1|        axis|  outStream_V_dest_V|       pointer|
|outStream_TDEST         |  out|    6|        axis|  outStream_V_dest_V|       pointer|
|outStream_TKEEP         |  out|    4|        axis|  outStream_V_keep_V|       pointer|
|outStream_TSTRB         |  out|    4|        axis|  outStream_V_strb_V|       pointer|
|outStream_TUSER         |  out|    2|        axis|  outStream_V_user_V|       pointer|
|outStream_TLAST         |  out|    1|        axis|  outStream_V_last_V|       pointer|
|outStream_TID           |  out|    5|        axis|    outStream_V_id_V|       pointer|
+------------------------+-----+-----+------------+--------------------+--------------+

