

================================================================
== Synthesis Summary Report of 'clusterOp'
================================================================
+ General Information: 
    * Date:           Wed Mar 29 22:11:34 2023
    * Version:        2022.2 (Build 3670227 on Oct 13 2022)
    * Project:        cluster
    * Solution:       solution1 (Vivado IP Flow Target)
    * Product family: zynq
    * Target device:  xc7z020-clg400-1
    

+ Performance & Resource Estimates: 
    
    PS: '+' for module; 'o' for loop; '*' for dataflow
    +----------------------------------------+------+------+---------+-----------+----------+---------+------+----------+-----------+----------+-------------+-------------+-----+
    |                 Modules                | Issue|      | Latency |  Latency  | Iteration|         | Trip |          |           |          |             |             |     |
    |                 & Loops                | Type | Slack| (cycles)|    (ns)   |  Latency | Interval| Count| Pipelined|   BRAM    |    DSP   |      FF     |     LUT     | URAM|
    +----------------------------------------+------+------+---------+-----------+----------+---------+------+----------+-----------+----------+-------------+-------------+-----+
    |+ clusterOp                             |     -|  0.01|        -|          -|         -|        -|     -|        no|  121 (43%)|  91 (41%)|  20418 (19%)|  15924 (29%)|    -|
    | + clusterOp_Pipeline_1                 |     -|  3.32|      362|  3.620e+03|         -|      362|     -|        no|          -|         -|     11 (~0%)|     52 (~0%)|    -|
    |  o Loop 1                              |     -|  7.30|      360|  3.600e+03|         1|        1|   360|       yes|          -|         -|            -|            -|    -|
    | + clusterOp_Pipeline_VITIS_LOOP_27_1   |     -|  2.38|      362|  3.620e+03|         -|      362|     -|        no|          -|         -|     11 (~0%)|     65 (~0%)|    -|
    |  o VITIS_LOOP_27_1                     |     -|  7.30|      360|  3.600e+03|         1|        1|   360|       yes|          -|         -|            -|            -|    -|
    | o VITIS_LOOP_33_2                      |     -|  7.30|        -|          -|         -|        -|     -|        no|          -|         -|            -|            -|    -|
    |  + clusterOp_Pipeline_VITIS_LOOP_42_3  |     -|  0.01|        -|          -|         -|        -|     -|        no|   46 (16%)|  90 (40%)|  19924 (18%)|  14851 (27%)|    -|
    |   o VITIS_LOOP_42_3                    |     -|  7.30|        -|          -|         -|        -|     -|        no|          -|         -|            -|            -|    -|
    |    + pow_32_32_s                       |     -|  0.01|        -|          -|         -|        -|     -|        no|    23 (8%)|  45 (20%)|    9497 (8%)|   6528 (12%)|    -|
    |     + log_99_33_s                      |     -|  0.01|        -|          -|         -|        -|     -|        no|    15 (5%)|   21 (9%)|    6246 (5%)|    4417 (8%)|    -|
    |      o Loop 1                          |     -|  7.30|        -|          -|         2|        -|     -|        no|          -|         -|            -|            -|    -|
    |     + exp_core_32_32_66_s              |    II|  0.08|       23|    230.000|         -|        1|     -|       yes|     8 (2%)|  24 (10%)|    3094 (2%)|    1872 (3%)|    -|
    |    + pow_32_32_s                       |     -|  0.01|        -|          -|         -|        -|     -|        no|    23 (8%)|  45 (20%)|    9497 (8%)|   6528 (12%)|    -|
    |     + log_99_33_s                      |     -|  0.01|        -|          -|         -|        -|     -|        no|    15 (5%)|   21 (9%)|    6246 (5%)|    4417 (8%)|    -|
    |      o Loop 1                          |     -|  7.30|        -|          -|         2|        -|     -|        no|          -|         -|            -|            -|    -|
    |     + exp_core_32_32_66_s              |    II|  0.08|       23|    230.000|         -|        1|     -|       yes|     8 (2%)|  24 (10%)|    3094 (2%)|    1872 (3%)|    -|
    |    + sqrt_fixed_32_32_s                |    II|  0.14|        7|     70.000|         -|        1|     -|       yes|          -|         -|    595 (~0%)|    1354 (2%)|    -|
    | o VITIS_LOOP_66_4                      |     -|  7.30|        -|          -|         -|        -|     -|        no|          -|         -|            -|            -|    -|
    |  + clusterOp_Pipeline_VITIS_LOOP_78_5  |     -|  1.94|        -|          -|         -|        -|     -|        no|          -|         -|     35 (~0%)|    149 (~0%)|    -|
    |   o VITIS_LOOP_78_5                    |     -|  7.30|        -|          -|         2|        1|     -|       yes|          -|         -|            -|            -|    -|
    +----------------------------------------+------+------+---------+-----------+----------+---------+------+----------+-----------+----------+-------------+-------------+-----+


================================================================
== HW Interfaces
================================================================
* S_AXILITE Interfaces
+----------------+------------+---------------+
| Interface      | Data Width | Address Width |
+----------------+------------+---------------+
| s_axi_CTRL_BUS | 32         | 4             |
+----------------+------------+---------------+

* S_AXILITE Registers
+----------------+----------+--------+-------+--------+----------------------------------+----------------------------------------------------------------------+
| Interface      | Register | Offset | Width | Access | Description                      | Bit Fields                                                           |
+----------------+----------+--------+-------+--------+----------------------------------+----------------------------------------------------------------------+
| s_axi_CTRL_BUS | CTRL     | 0x00   | 32    | RW     | Control signals                  | 0=AP_START 1=AP_DONE 2=AP_IDLE 3=AP_READY 7=AUTO_RESTART 9=INTERRUPT |
| s_axi_CTRL_BUS | GIER     | 0x04   | 32    | RW     | Global Interrupt Enable Register | 0=Enable                                                             |
| s_axi_CTRL_BUS | IP_IER   | 0x08   | 32    | RW     | IP Interrupt Enable Register     | 0=CHAN0_INT_EN 1=CHAN1_INT_EN                                        |
| s_axi_CTRL_BUS | IP_ISR   | 0x0c   | 32    | RW     | IP Interrupt Status Register     | 0=CHAN0_INT_ST 1=CHAN1_INT_ST                                        |
+----------------+----------+--------+-------+--------+----------------------------------+----------------------------------------------------------------------+

* AXIS
+-----------+---------------+-------+-------+-----+-------+-------+--------+-------+-------+--------+
| Interface | Register Mode | TDATA | TDEST | TID | TKEEP | TLAST | TREADY | TSTRB | TUSER | TVALID |
+-----------+---------------+-------+-------+-----+-------+-------+--------+-------+-------+--------+
| inStream  | both          | 32    | 6     | 5   | 4     | 1     | 1      | 4     | 2     | 1      |
| outStream | both          | 32    | 6     | 5   | 4     | 1     | 1      | 4     | 2     | 1      |
+-----------+---------------+-------+-------+-----+-------+-------+--------+-------+-------+--------+

* TOP LEVEL CONTROL
+-----------+------------+-----------+
| Interface | Type       | Ports     |
+-----------+------------+-----------+
| ap_clk    | clock      | ap_clk    |
| ap_rst_n  | reset      | ap_rst_n  |
| interrupt | interrupt  | interrupt |
| ap_ctrl   | ap_ctrl_hs |           |
+-----------+------------+-----------+


================================================================
== SW I/O Information
================================================================
* Top Function Arguments
+-----------+-----------+--------------------------------------------+
| Argument  | Direction | Datatype                                   |
+-----------+-----------+--------------------------------------------+
| inStream  | in        | stream<hls::axis<ap_int<32>, 2, 5, 6>, 0>& |
| outStream | out       | stream<hls::axis<ap_int<32>, 2, 5, 6>, 0>& |
+-----------+-----------+--------------------------------------------+

* SW-to-HW Mapping
+-----------+--------------+-----------+
| Argument  | HW Interface | HW Type   |
+-----------+--------------+-----------+
| inStream  | inStream     | interface |
| outStream | outStream    | interface |
+-----------+--------------+-----------+


================================================================
== M_AXI Burst Information
================================================================
 Note: All burst requests might be further partitioned into multiple requests during RTL generation based on max_read_burst_length or max_write_burst_length settings.

  No burst in design

================================================================
== Bind Op Report
================================================================
+----------------------------------------------------------+-----+--------+------------------------------+-----+--------+---------+
| Name                                                     | DSP | Pragma | Variable                     | Op  | Impl   | Latency |
+----------------------------------------------------------+-----+--------+------------------------------+-----+--------+---------+
| + clusterOp                                              | 91  |        |                              |     |        |         |
|   add_ln33_fu_390_p2                                     | -   |        | add_ln33                     | add | fabric | 0       |
|   mul_mul_17s_9ns_17_4_1_U77                             | 1   |        | mul_ln37                     | mul | dsp48  | 3       |
|   cluster_count_1_fu_425_p2                              | -   |        | cluster_count_1              | add | fabric | 0       |
|   sub106_fu_401_p2                                       | -   |        | sub106                       | add | fabric | 0       |
|   next_mul_fu_463_p2                                     | -   |        | next_mul                     | add | fabric | 0       |
|   add_ln66_fu_479_p2                                     | -   |        | add_ln66                     | add | fabric | 0       |
|   sub103_fu_506_p2                                       | -   |        | sub103                       | add | fabric | 0       |
|  + clusterOp_Pipeline_1                                  | 0   |        |                              |     |        |         |
|    empty_114_fu_58_p2                                    | -   |        | empty_114                    | add | fabric | 0       |
|  + clusterOp_Pipeline_VITIS_LOOP_27_1                    | 0   |        |                              |     |        |         |
|    add_ln27_fu_105_p2                                    | -   |        | add_ln27                     | add | fabric | 0       |
|  + clusterOp_Pipeline_VITIS_LOOP_42_3                    | 90  |        |                              |     |        |         |
|    add_ln42_fu_275_p2                                    | -   |        | add_ln42                     | add | fabric | 0       |
|    sub_ln44_fu_299_p2                                    | -   |        | sub_ln44                     | sub | fabric | 0       |
|    neg_fu_304_p2                                         | -   |        | neg                          | sub | fabric | 0       |
|    sub_ln46_fu_331_p2                                    | -   |        | sub_ln46                     | sub | fabric | 0       |
|    xf_V_1_fu_321_p2                                      | -   |        | xf_V_1                       | sub | fabric | 0       |
|    xf_V_2_fu_354_p2                                      | -   |        | xf_V_2                       | add | fabric | 0       |
|    add_ln54_fu_407_p2                                    | -   |        | add_ln54                     | add | fabric | 0       |
|    add_ln55_fu_417_p2                                    | -   |        | add_ln55                     | add | fabric | 0       |
|   + pow_32_32_s (grp_pow_32_32_s_fu_177)                 | 45  |        |                              |     |        |         |
|     p_Val2_s_fu_126_p2                                   | -   |        | p_Val2_s                     | sub | fabric | 0       |
|    + log_99_33_s (grp_log_99_33_s_fu_73)                 | 21  |        |                              |     |        |         |
|      b_exp_V_3_fu_478_p2                                 | -   |        | b_exp_V_3                    | add | fabric | 0       |
|      mul_7s_83ns_88_5_1_U10                              | 3   |        | mul_ln1273                   | mul | auto   | 4       |
|      mul_110s_6ns_110_5_1_U11                            | 4   |        | r_V_3                        | mul | auto   | 4       |
|      mul_81ns_4ns_85_5_1_U12                             | -   |        | r_V_14                       | mul | auto   | 4       |
|      mul_75ns_6ns_81_5_1_U13                             | 3   |        | r_V_15                       | mul | auto   | 4       |
|      mul_70ns_6ns_76_5_1_U14                             | 3   |        | r_V_16                       | mul | auto   | 4       |
|      mul_65ns_6ns_71_5_1_U15                             | 3   |        | r_V_17                       | mul | auto   | 4       |
|      mul_60ns_6ns_66_5_1_U16                             | 2   |        | r_V_18                       | mul | auto   | 4       |
|      mul_29ns_29ns_58_2_1_U17                            | 3   |        | r_V_19                       | mul | auto   | 1       |
|      ret_V_fu_1161_p2                                    | -   |        | ret_V                        | sub | fabric | 0       |
|      add_ln813_fu_1177_p2                                | -   |        | add_ln813                    | add | fabric | 0       |
|      add_ln813_3_fu_1183_p2                              | -   |        | add_ln813_3                  | add | fabric | 0       |
|      add_ln813_4_fu_1224_p2                              | -   |        | add_ln813_4                  | add | fabric | 0       |
|    + exp_core_32_32_66_s (grp_exp_core_32_32_66_s_fu_92) | 24  |        |                              |     |        |         |
|      mul_mul_25ns_8ns_33_4_1_U38                         | 1   |        | r_V_21                       | mul | dsp48  | 3       |
|      mul_32ns_8ns_40_2_1_U34                             | 1   |        | r_V_23                       | mul | auto   | 1       |
|      exp_x_msb_4_5_lsb_m_1_m3_V_1_fu_433_p2              | -   |        | exp_x_msb_4_5_lsb_m_1_m3_V_1 | add | fabric | 0       |
|      exp_x_msb_4_5_lsb_m_1_m4_V_fu_443_p2                | -   |        | exp_x_msb_4_5_lsb_m_1_m4_V   | add | fabric | 0       |
|      exp_x_msb_4_5_lsb_m_1_m5_V_fu_455_p2                | -   |        | exp_x_msb_4_5_lsb_m_1_m5_V   | add | fabric | 0       |
|      mul_51ns_50ns_101_5_1_U35                           | 4   |        | r_V_24                       | mul | auto   | 4       |
|      ret_V_fu_573_p2                                     | -   |        | ret_V                        | add | fabric | 0       |
|      mul_67ns_63ns_130_5_1_U36                           | 9   |        | r_V_28                       | mul | auto   | 4       |
|      add_ln813_11_fu_641_p2                              | -   |        | add_ln813_11                 | add | fabric | 0       |
|      exp_x_msb_2_3_4_5_lsb_m_1_V_fu_651_p2               | -   |        | exp_x_msb_2_3_4_5_lsb_m_1_V  | add | fabric | 0       |
|      mul_72ns_68ns_140_5_1_U37                           | 9   |        | r_V_29                       | mul | auto   | 4       |
|      y_l_V_fu_692_p2                                     | -   |        | y_l_V                        | add | fabric | 0       |
|      p_Val2_44_fu_720_p2                                 | -   |        | p_Val2_44                    | add | fabric | 0       |
|      add_ln58_fu_726_p2                                  | -   |        | add_ln58                     | add | fabric | 0       |
|   + pow_32_32_s (grp_pow_32_32_s_fu_206)                 | 45  |        |                              |     |        |         |
|     p_Val2_s_fu_126_p2                                   | -   |        | p_Val2_s                     | sub | fabric | 0       |
|    + log_99_33_s (grp_log_99_33_s_fu_73)                 | 21  |        |                              |     |        |         |
|      b_exp_V_3_fu_478_p2                                 | -   |        | b_exp_V_3                    | add | fabric | 0       |
|      mul_7s_83ns_88_5_1_U10                              | 3   |        | mul_ln1273                   | mul | auto   | 4       |
|      mul_110s_6ns_110_5_1_U11                            | 4   |        | r_V_3                        | mul | auto   | 4       |
|      mul_81ns_4ns_85_5_1_U12                             | -   |        | r_V_14                       | mul | auto   | 4       |
|      mul_75ns_6ns_81_5_1_U13                             | 3   |        | r_V_15                       | mul | auto   | 4       |
|      mul_70ns_6ns_76_5_1_U14                             | 3   |        | r_V_16                       | mul | auto   | 4       |
|      mul_65ns_6ns_71_5_1_U15                             | 3   |        | r_V_17                       | mul | auto   | 4       |
|      mul_60ns_6ns_66_5_1_U16                             | 2   |        | r_V_18                       | mul | auto   | 4       |
|      mul_29ns_29ns_58_2_1_U17                            | 3   |        | r_V_19                       | mul | auto   | 1       |
|      ret_V_fu_1161_p2                                    | -   |        | ret_V                        | sub | fabric | 0       |
|      add_ln813_fu_1177_p2                                | -   |        | add_ln813                    | add | fabric | 0       |
|      add_ln813_3_fu_1183_p2                              | -   |        | add_ln813_3                  | add | fabric | 0       |
|      add_ln813_4_fu_1224_p2                              | -   |        | add_ln813_4                  | add | fabric | 0       |
|    + exp_core_32_32_66_s (grp_exp_core_32_32_66_s_fu_92) | 24  |        |                              |     |        |         |
|      mul_mul_25ns_8ns_33_4_1_U38                         | 1   |        | r_V_21                       | mul | dsp48  | 3       |
|      mul_32ns_8ns_40_2_1_U34                             | 1   |        | r_V_23                       | mul | auto   | 1       |
|      exp_x_msb_4_5_lsb_m_1_m3_V_1_fu_433_p2              | -   |        | exp_x_msb_4_5_lsb_m_1_m3_V_1 | add | fabric | 0       |
|      exp_x_msb_4_5_lsb_m_1_m4_V_fu_443_p2                | -   |        | exp_x_msb_4_5_lsb_m_1_m4_V   | add | fabric | 0       |
|      exp_x_msb_4_5_lsb_m_1_m5_V_fu_455_p2                | -   |        | exp_x_msb_4_5_lsb_m_1_m5_V   | add | fabric | 0       |
|      mul_51ns_50ns_101_5_1_U35                           | 4   |        | r_V_24                       | mul | auto   | 4       |
|      ret_V_fu_573_p2                                     | -   |        | ret_V                        | add | fabric | 0       |
|      mul_67ns_63ns_130_5_1_U36                           | 9   |        | r_V_28                       | mul | auto   | 4       |
|      add_ln813_11_fu_641_p2                              | -   |        | add_ln813_11                 | add | fabric | 0       |
|      exp_x_msb_2_3_4_5_lsb_m_1_V_fu_651_p2               | -   |        | exp_x_msb_2_3_4_5_lsb_m_1_V  | add | fabric | 0       |
|      mul_72ns_68ns_140_5_1_U37                           | 9   |        | r_V_29                       | mul | auto   | 4       |
|      y_l_V_fu_692_p2                                     | -   |        | y_l_V                        | add | fabric | 0       |
|      p_Val2_44_fu_720_p2                                 | -   |        | p_Val2_44                    | add | fabric | 0       |
|      add_ln58_fu_726_p2                                  | -   |        | add_ln58                     | add | fabric | 0       |
|   + sqrt_fixed_32_32_s                                   | 0   |        |                              |     |        |         |
|     add_ln277_fu_246_p2                                  | -   |        | add_ln277                    | add | fabric | 0       |
|     sub_ln277_fu_318_p2                                  | -   |        | sub_ln277                    | sub | fabric | 0       |
|     sub_ln277_1_fu_400_p2                                | -   |        | sub_ln277_1                  | sub | fabric | 0       |
|     sub_ln277_2_fu_475_p2                                | -   |        | sub_ln277_2                  | sub | fabric | 0       |
|     sub_ln277_3_fu_557_p2                                | -   |        | sub_ln277_3                  | sub | fabric | 0       |
|     sub_ln277_4_fu_632_p2                                | -   |        | sub_ln277_4                  | sub | fabric | 0       |
|     sub_ln277_5_fu_714_p2                                | -   |        | sub_ln277_5                  | sub | fabric | 0       |
|     sub_ln277_6_fu_789_p2                                | -   |        | sub_ln277_6                  | sub | fabric | 0       |
|     sub_ln277_7_fu_871_p2                                | -   |        | sub_ln277_7                  | sub | fabric | 0       |
|     sub_ln277_8_fu_946_p2                                | -   |        | sub_ln277_8                  | sub | fabric | 0       |
|     sub_ln277_9_fu_1028_p2                               | -   |        | sub_ln277_9                  | sub | fabric | 0       |
|     sub_ln277_10_fu_1108_p2                              | -   |        | sub_ln277_10                 | sub | fabric | 0       |
|     sub_ln277_11_fu_1185_p2                              | -   |        | sub_ln277_11                 | sub | fabric | 0       |
|     sub_ln277_12_fu_1265_p2                              | -   |        | sub_ln277_12                 | sub | fabric | 0       |
|     sub_ln277_13_fu_1342_p2                              | -   |        | sub_ln277_13                 | sub | fabric | 0       |
|     sub_ln277_14_fu_1413_p2                              | -   |        | sub_ln277_14                 | sub | fabric | 0       |
|     res_I_V_30_fu_1470_p2                                | -   |        | res_I_V_30                   | add | fabric | 0       |
|  + clusterOp_Pipeline_VITIS_LOOP_78_5                    | 0   |        |                              |     |        |         |
|    add_ln78_fu_168_p2                                    | -   |        | add_ln78                     | add | fabric | 0       |
|    add_ln80_fu_178_p2                                    | -   |        | add_ln80                     | add | fabric | 0       |
+----------------------------------------------------------+-----+--------+------------------------------+-----+--------+---------+


================================================================
== Bind Storage Report
================================================================
+------------------------------------------------------------------+------+------+--------+-----------------------------------------------------------+---------+------+---------+
| Name                                                             | BRAM | URAM | Pragma | Variable                                                  | Storage | Impl | Latency |
+------------------------------------------------------------------+------+------+--------+-----------------------------------------------------------+---------+------+---------+
| + clusterOp                                                      | 121  | 0    |        |                                                           |         |      |         |
|   distances_U                                                    | 1    | -    |        | distances                                                 | ram_1p  | auto | 1       |
|   grouped_U                                                      | -    | -    |        | grouped                                                   | ram_1p  | auto | 1       |
|   clusters_id_U                                                  | 1    | -    |        | clusters_id                                               | ram_1p  | auto | 1       |
|   clusters_members_U                                             | 72   | -    |        | clusters_members                                          | ram_1p  | auto | 1       |
|   clusters_member_count_U                                        | 1    | -    |        | clusters_member_count                                     | ram_1p  | auto | 1       |
|  + clusterOp_Pipeline_VITIS_LOOP_42_3                            | 46   | 0    |        |                                                           |         |      |         |
|   + pow_32_32_s (grp_pow_32_32_s_fu_177)                         | 23   | 0    |        |                                                           |         |      |         |
|    + log_99_33_s (grp_log_99_33_s_fu_73)                         | 15   | 0    |        |                                                           |         |      |         |
|      log_apfixed_reduce_log_inverse_lut_table_array_V_U          | -    | -    |        | log_apfixed_reduce_log_inverse_lut_table_array_V          | rom_1p  | auto | 1       |
|      log_apfixed_reduce_log0_lut_table_ap_fixed_0_5_64_array_V_U | 3    | -    |        | log_apfixed_reduce_log0_lut_table_ap_fixed_0_5_64_array_V | rom_1p  | auto | 1       |
|      log_apfixed_reduce_log_lut_table_ap_fixed_4_4_16_array_V_U  | 3    | -    |        | log_apfixed_reduce_log_lut_table_ap_fixed_4_4_16_array_V  | rom_1p  | auto | 1       |
|      log_apfixed_reduce_log_lut_table_ap_fixed_7_6_64_array_V_U  | 3    | -    |        | log_apfixed_reduce_log_lut_table_ap_fixed_7_6_64_array_V  | rom_1p  | auto | 1       |
|      log_apfixed_reduce_log_lut_table_ap_fixed_12_6_64_array_V_U | 2    | -    |        | log_apfixed_reduce_log_lut_table_ap_fixed_12_6_64_array_V | rom_1p  | auto | 1       |
|      log_apfixed_reduce_log_lut_table_ap_fixed_17_6_64_array_V_U | 2    | -    |        | log_apfixed_reduce_log_lut_table_ap_fixed_17_6_64_array_V | rom_1p  | auto | 1       |
|      log_apfixed_reduce_log_lut_table_ap_fixed_22_6_64_array_V_U | 2    | -    |        | log_apfixed_reduce_log_lut_table_ap_fixed_22_6_64_array_V | rom_1p  | auto | 1       |
|    + exp_core_32_32_66_s (grp_exp_core_32_32_66_s_fu_92)         | 8    | 0    |        |                                                           |         |      |         |
|      f_x_msb_4_table_V_U                                         | 1    | -    |        | f_x_msb_4_table_V                                         | rom_1p  | auto | 1       |
|      f_x_msb_5_table_V_U                                         | 1    | -    |        | f_x_msb_5_table_V                                         | rom_1p  | auto | 1       |
|      f_x_msb_3_table_V_U                                         | 2    | -    |        | f_x_msb_3_table_V                                         | rom_1p  | auto | 1       |
|      f_x_msb_2_table_V_U                                         | 2    | -    |        | f_x_msb_2_table_V                                         | rom_1p  | auto | 1       |
|      exp_x_msb_1_table_V_U                                       | 2    | -    |        | exp_x_msb_1_table_V                                       | rom_1p  | auto | 1       |
|   + pow_32_32_s (grp_pow_32_32_s_fu_206)                         | 23   | 0    |        |                                                           |         |      |         |
|    + log_99_33_s (grp_log_99_33_s_fu_73)                         | 15   | 0    |        |                                                           |         |      |         |
|      log_apfixed_reduce_log_inverse_lut_table_array_V_U          | -    | -    |        | log_apfixed_reduce_log_inverse_lut_table_array_V          | rom_1p  | auto | 1       |
|      log_apfixed_reduce_log0_lut_table_ap_fixed_0_5_64_array_V_U | 3    | -    |        | log_apfixed_reduce_log0_lut_table_ap_fixed_0_5_64_array_V | rom_1p  | auto | 1       |
|      log_apfixed_reduce_log_lut_table_ap_fixed_4_4_16_array_V_U  | 3    | -    |        | log_apfixed_reduce_log_lut_table_ap_fixed_4_4_16_array_V  | rom_1p  | auto | 1       |
|      log_apfixed_reduce_log_lut_table_ap_fixed_7_6_64_array_V_U  | 3    | -    |        | log_apfixed_reduce_log_lut_table_ap_fixed_7_6_64_array_V  | rom_1p  | auto | 1       |
|      log_apfixed_reduce_log_lut_table_ap_fixed_12_6_64_array_V_U | 2    | -    |        | log_apfixed_reduce_log_lut_table_ap_fixed_12_6_64_array_V | rom_1p  | auto | 1       |
|      log_apfixed_reduce_log_lut_table_ap_fixed_17_6_64_array_V_U | 2    | -    |        | log_apfixed_reduce_log_lut_table_ap_fixed_17_6_64_array_V | rom_1p  | auto | 1       |
|      log_apfixed_reduce_log_lut_table_ap_fixed_22_6_64_array_V_U | 2    | -    |        | log_apfixed_reduce_log_lut_table_ap_fixed_22_6_64_array_V | rom_1p  | auto | 1       |
|    + exp_core_32_32_66_s (grp_exp_core_32_32_66_s_fu_92)         | 8    | 0    |        |                                                           |         |      |         |
|      f_x_msb_4_table_V_U                                         | 1    | -    |        | f_x_msb_4_table_V                                         | rom_1p  | auto | 1       |
|      f_x_msb_5_table_V_U                                         | 1    | -    |        | f_x_msb_5_table_V                                         | rom_1p  | auto | 1       |
|      f_x_msb_3_table_V_U                                         | 2    | -    |        | f_x_msb_3_table_V                                         | rom_1p  | auto | 1       |
|      f_x_msb_2_table_V_U                                         | 2    | -    |        | f_x_msb_2_table_V                                         | rom_1p  | auto | 1       |
|      exp_x_msb_1_table_V_U                                       | 2    | -    |        | exp_x_msb_1_table_V                                       | rom_1p  | auto | 1       |
+------------------------------------------------------------------+------+------+--------+-----------------------------------------------------------+---------+------+---------+


================================================================
== Pragma Report
================================================================
* Valid Pragma Syntax
+-----------+---------------------------------------+------------------------------------------------+
| Type      | Options                               | Location                                       |
+-----------+---------------------------------------+------------------------------------------------+
| interface | axis port=inStream                    | cluster/cluster.cpp:17 in clusterop, inStream  |
| interface | axis port=outStream                   | cluster/cluster.cpp:18 in clusterop, outStream |
| interface | s_axilite port=return bundle=CTRL_BUS | cluster/cluster.cpp:19 in clusterop, return    |
+-----------+---------------------------------------+------------------------------------------------+


