

================================================================
== Vitis HLS Report for 'dbscan_Pipeline_VITIS_LOOP_137_4'
================================================================
* Date:           Thu Apr 27 17:00:28 2023

* Version:        2022.2 (Build 3670227 on Oct 13 2022)
* Project:        cluster
* Solution:       solution1 (Vivado IP Flow Target)
* Product family: zynq
* Target device:  xc7z020-clg400-1


================================================================
== Performance Estimates
================================================================
+ Timing: 
    * Summary: 
    +--------+----------+----------+------------+
    |  Clock |  Target  | Estimated| Uncertainty|
    +--------+----------+----------+------------+
    |ap_clk  |  10.00 ns|  7.155 ns|     2.70 ns|
    +--------+----------+----------+------------+

+ Latency: 
    * Summary: 
    +---------+---------+----------+----------+-----+-----+---------+
    |  Latency (cycles) |  Latency (absolute) |  Interval | Pipeline|
    |   min   |   max   |    min   |    max   | min | max |   Type  |
    +---------+---------+----------+----------+-----+-----+---------+
    |      379|      379|  3.790 us|  3.790 us|  379|  379|       no|
    +---------+---------+----------+----------+-----+-----+---------+

    + Detail: 
        * Instance: 
        +-------------------------------+--------------------+---------+---------+-----------+-----------+-----+-----+---------+
        |                               |                    |  Latency (cycles) |   Latency (absolute)  |  Interval | Pipeline|
        |            Instance           |       Module       |   min   |   max   |    min    |    max    | min | max |   Type  |
        +-------------------------------+--------------------+---------+---------+-----------+-----------+-----+-----+---------+
        |grp_sqrt_fixed_32_32_s_fu_128  |sqrt_fixed_32_32_s  |        7|        7|  70.000 ns|  70.000 ns|    1|    1|      yes|
        +-------------------------------+--------------------+---------+---------+-----------+-----------+-----+-----+---------+

        * Loop: 
        +--------------------+---------+---------+----------+-----------+-----------+------+----------+
        |                    |  Latency (cycles) | Iteration|  Initiation Interval  | Trip |          |
        |      Loop Name     |   min   |   max   |  Latency |  achieved |   target  | Count| Pipelined|
        +--------------------+---------+---------+----------+-----------+-----------+------+----------+
        |- VITIS_LOOP_137_4  |      377|      377|        19|          1|          1|   360|       yes|
        +--------------------+---------+---------+----------+-----------+-----------+------+----------+



================================================================
== Utilization Estimates
================================================================
* Summary: 
+-----------------+---------+-----+--------+-------+-----+
|       Name      | BRAM_18K| DSP |   FF   |  LUT  | URAM|
+-----------------+---------+-----+--------+-------+-----+
|DSP              |        -|    2|       -|      -|    -|
|Expression       |        -|    -|       0|    200|    -|
|FIFO             |        -|    -|       -|      -|    -|
|Instance         |        -|    -|       -|      -|    -|
|Memory           |        -|    -|       -|      -|    -|
|Multiplexer      |        -|    -|       -|     45|    -|
|Register         |        -|    -|     404|     64|    -|
+-----------------+---------+-----+--------+-------+-----+
|Total            |        0|    2|     404|    309|    0|
+-----------------+---------+-----+--------+-------+-----+
|Available        |      280|  220|  106400|  53200|    0|
+-----------------+---------+-----+--------+-------+-----+
|Utilization (%)  |        0|   ~0|      ~0|     ~0|    0|
+-----------------+---------+-----+--------+-------+-----+

+ Detail: 
    * Instance: 
    N/A

    * DSP: 
    +-----------------------------------+-------------------------------+--------------+
    |              Instance             |             Module            |  Expression  |
    +-----------------------------------+-------------------------------+--------------+
    |mac_muladd_16s_16s_32s_32_4_1_U29  |mac_muladd_16s_16s_32s_32_4_1  |  i0 + i1 * i1|
    |mul_mul_16s_16s_32_4_1_U28         |mul_mul_16s_16s_32_4_1         |       i0 * i0|
    +-----------------------------------+-------------------------------+--------------+

    * Memory: 
    N/A

    * FIFO: 
    N/A

    * Expression: 
    +--------------------------------+----------+----+---+----+------------+------------+
    |          Variable Name         | Operation| DSP| FF| LUT| Bitwidth P0| Bitwidth P1|
    +--------------------------------+----------+----+---+----+------------+------------+
    |add_ln137_fu_152_p2             |         +|   0|  0|  14|           9|           1|
    |add_ln145_fu_235_p2             |         +|   0|  0|  39|          32|           1|
    |sub_ln97_fu_192_p2              |         -|   0|  0|  39|          32|          32|
    |sub_ln98_fu_206_p2              |         -|   0|  0|  39|          32|          32|
    |icmp_ln137_fu_146_p2            |      icmp|   0|  0|  11|           9|           9|
    |icmp_ln138_fu_165_p2            |      icmp|   0|  0|  11|           9|           9|
    |icmp_ln144_fu_230_p2            |      icmp|   0|  0|  13|          16|          10|
    |new_neighbor_count_1_fu_241_p3  |    select|   0|  0|  32|           1|          32|
    |ap_enable_pp0                   |       xor|   0|  0|   2|           1|           2|
    +--------------------------------+----------+----+---+----+------------+------------+
    |Total                           |          |   0|  0| 200|         141|         128|
    +--------------------------------+----------+----+---+----+------------+------------+

    * Multiplexer: 
    +--------------------------+----+-----------+-----+-----------+
    |           Name           | LUT| Input Size| Bits| Total Bits|
    +--------------------------+----+-----------+-----+-----------+
    |ap_done_int               |   9|          2|    1|          2|
    |ap_enable_reg_pp0_iter1   |   9|          2|    1|          2|
    |ap_sig_allocacmp_l_1      |   9|          2|    9|         18|
    |l_fu_56                   |   9|          2|    9|         18|
    |new_neighbor_count_fu_60  |   9|          2|   32|         64|
    +--------------------------+----+-----------+-----+-----------+
    |Total                     |  45|         10|   52|        104|
    +--------------------------+----+-----------+-----+-----------+

    * Register: 
    +-----------------------------------+----+----+-----+-----------+
    |                Name               | FF | LUT| Bits| Const Bits|
    +-----------------------------------+----+----+-----+-----------+
    |ap_CS_fsm                          |   1|   0|    1|          0|
    |ap_done_reg                        |   1|   0|    1|          0|
    |ap_enable_reg_pp0_iter1            |   1|   0|    1|          0|
    |ap_enable_reg_pp0_iter10           |   1|   0|    1|          0|
    |ap_enable_reg_pp0_iter11           |   1|   0|    1|          0|
    |ap_enable_reg_pp0_iter12           |   1|   0|    1|          0|
    |ap_enable_reg_pp0_iter13           |   1|   0|    1|          0|
    |ap_enable_reg_pp0_iter14           |   1|   0|    1|          0|
    |ap_enable_reg_pp0_iter15           |   1|   0|    1|          0|
    |ap_enable_reg_pp0_iter16           |   1|   0|    1|          0|
    |ap_enable_reg_pp0_iter17           |   1|   0|    1|          0|
    |ap_enable_reg_pp0_iter18           |   1|   0|    1|          0|
    |ap_enable_reg_pp0_iter2            |   1|   0|    1|          0|
    |ap_enable_reg_pp0_iter3            |   1|   0|    1|          0|
    |ap_enable_reg_pp0_iter4            |   1|   0|    1|          0|
    |ap_enable_reg_pp0_iter5            |   1|   0|    1|          0|
    |ap_enable_reg_pp0_iter6            |   1|   0|    1|          0|
    |ap_enable_reg_pp0_iter7            |   1|   0|    1|          0|
    |ap_enable_reg_pp0_iter8            |   1|   0|    1|          0|
    |ap_enable_reg_pp0_iter9            |   1|   0|    1|          0|
    |ap_loop_exit_ready_pp0_iter10_reg  |   1|   0|    1|          0|
    |ap_loop_exit_ready_pp0_iter11_reg  |   1|   0|    1|          0|
    |ap_loop_exit_ready_pp0_iter12_reg  |   1|   0|    1|          0|
    |ap_loop_exit_ready_pp0_iter13_reg  |   1|   0|    1|          0|
    |ap_loop_exit_ready_pp0_iter14_reg  |   1|   0|    1|          0|
    |ap_loop_exit_ready_pp0_iter15_reg  |   1|   0|    1|          0|
    |ap_loop_exit_ready_pp0_iter16_reg  |   1|   0|    1|          0|
    |ap_loop_exit_ready_pp0_iter17_reg  |   1|   0|    1|          0|
    |ap_loop_exit_ready_pp0_iter1_reg   |   1|   0|    1|          0|
    |ap_loop_exit_ready_pp0_iter2_reg   |   1|   0|    1|          0|
    |ap_loop_exit_ready_pp0_iter3_reg   |   1|   0|    1|          0|
    |ap_loop_exit_ready_pp0_iter4_reg   |   1|   0|    1|          0|
    |ap_loop_exit_ready_pp0_iter5_reg   |   1|   0|    1|          0|
    |ap_loop_exit_ready_pp0_iter6_reg   |   1|   0|    1|          0|
    |ap_loop_exit_ready_pp0_iter7_reg   |   1|   0|    1|          0|
    |ap_loop_exit_ready_pp0_iter8_reg   |   1|   0|    1|          0|
    |ap_loop_exit_ready_pp0_iter9_reg   |   1|   0|    1|          0|
    |cos_values_load_reg_331            |  18|   0|   18|          0|
    |data_load_reg_320                  |  32|   0|   32|          0|
    |dx_reg_356                         |  16|   0|   16|          0|
    |icmp_ln137_reg_297                 |   1|   0|    1|          0|
    |icmp_ln138_reg_301                 |   1|   0|    1|          0|
    |l_fu_56                            |   9|   0|    9|          0|
    |mul_ln97_reg_346                   |  32|   0|   32|          0|
    |mul_ln98_reg_351                   |  32|   0|   32|          0|
    |new_neighbor_count_fu_60           |  32|   0|   32|          0|
    |p_Val2_s_reg_383                   |  16|   0|   16|          0|
    |sin_values_load_reg_326            |  18|   0|   18|          0|
    |xf_V_reg_378                       |  32|   0|   32|          0|
    |icmp_ln137_reg_297                 |  64|  32|    1|          0|
    |icmp_ln138_reg_301                 |  64|  32|    1|          0|
    +-----------------------------------+----+----+-----+-----------+
    |Total                              | 404|  64|  278|          0|
    +-----------------------------------+----+----+-----+-----------+



================================================================
== Interface
================================================================
* Summary: 
+---------------------------------------+-----+-----+------------+----------------------------------+--------------+
|               RTL Ports               | Dir | Bits|  Protocol  |           Source Object          |    C Type    |
+---------------------------------------+-----+-----+------------+----------------------------------+--------------+
|ap_clk                                 |   in|    1|  ap_ctrl_hs|  dbscan_Pipeline_VITIS_LOOP_137_4|  return value|
|ap_rst                                 |   in|    1|  ap_ctrl_hs|  dbscan_Pipeline_VITIS_LOOP_137_4|  return value|
|ap_start                               |   in|    1|  ap_ctrl_hs|  dbscan_Pipeline_VITIS_LOOP_137_4|  return value|
|ap_done                                |  out|    1|  ap_ctrl_hs|  dbscan_Pipeline_VITIS_LOOP_137_4|  return value|
|ap_idle                                |  out|    1|  ap_ctrl_hs|  dbscan_Pipeline_VITIS_LOOP_137_4|  return value|
|ap_ready                               |  out|    1|  ap_ctrl_hs|  dbscan_Pipeline_VITIS_LOOP_137_4|  return value|
|grp_fu_335_p_din0                      |  out|   18|  ap_ctrl_hs|  dbscan_Pipeline_VITIS_LOOP_137_4|  return value|
|grp_fu_335_p_din1                      |  out|   32|  ap_ctrl_hs|  dbscan_Pipeline_VITIS_LOOP_137_4|  return value|
|grp_fu_335_p_dout0                     |   in|   32|  ap_ctrl_hs|  dbscan_Pipeline_VITIS_LOOP_137_4|  return value|
|grp_fu_335_p_ce                        |  out|    1|  ap_ctrl_hs|  dbscan_Pipeline_VITIS_LOOP_137_4|  return value|
|grp_fu_345_p_din0                      |  out|   18|  ap_ctrl_hs|  dbscan_Pipeline_VITIS_LOOP_137_4|  return value|
|grp_fu_345_p_din1                      |  out|   32|  ap_ctrl_hs|  dbscan_Pipeline_VITIS_LOOP_137_4|  return value|
|grp_fu_345_p_dout0                     |   in|   32|  ap_ctrl_hs|  dbscan_Pipeline_VITIS_LOOP_137_4|  return value|
|grp_fu_345_p_ce                        |  out|    1|  ap_ctrl_hs|  dbscan_Pipeline_VITIS_LOOP_137_4|  return value|
|grp_sqrt_fixed_32_32_s_fu_664_p_din1   |  out|   32|  ap_ctrl_hs|  dbscan_Pipeline_VITIS_LOOP_137_4|  return value|
|grp_sqrt_fixed_32_32_s_fu_664_p_dout0  |   in|   16|  ap_ctrl_hs|  dbscan_Pipeline_VITIS_LOOP_137_4|  return value|
|neighbor_id                            |   in|    9|     ap_none|                       neighbor_id|        scalar|
|data_address0                          |  out|    9|   ap_memory|                              data|         array|
|data_ce0                               |  out|    1|   ap_memory|                              data|         array|
|data_q0                                |   in|   32|   ap_memory|                              data|         array|
|mul_ln97_2                             |   in|   32|     ap_none|                        mul_ln97_2|        scalar|
|mul_ln98_2                             |   in|   32|     ap_none|                        mul_ln98_2|        scalar|
|new_neighbor_count_out                 |  out|   32|      ap_vld|            new_neighbor_count_out|       pointer|
|new_neighbor_count_out_ap_vld          |  out|    1|      ap_vld|            new_neighbor_count_out|       pointer|
|sin_values_address0                    |  out|    9|   ap_memory|                        sin_values|         array|
|sin_values_ce0                         |  out|    1|   ap_memory|                        sin_values|         array|
|sin_values_q0                          |   in|   18|   ap_memory|                        sin_values|         array|
|cos_values_address0                    |  out|    9|   ap_memory|                        cos_values|         array|
|cos_values_ce0                         |  out|    1|   ap_memory|                        cos_values|         array|
|cos_values_q0                          |   in|   18|   ap_memory|                        cos_values|         array|
+---------------------------------------+-----+-----+------------+----------------------------------+--------------+

