

================================================================
== Vitis HLS Report for 'dbscan'
================================================================
* Date:           Thu Apr 27 06:55:43 2023

* Version:        2022.2 (Build 3670227 on Oct 13 2022)
* Project:        cluster
* Solution:       solution1 (Vivado IP Flow Target)
* Product family: zynq
* Target device:  xc7z020-clg400-1


================================================================
== Performance Estimates
================================================================
+ Timing: 
    * Summary: 
    +--------+----------+----------+------------+
    |  Clock |  Target  | Estimated| Uncertainty|
    +--------+----------+----------+------------+
    |ap_clk  |  10.00 ns|  7.155 ns|     2.70 ns|
    +--------+----------+----------+------------+

+ Latency: 
    * Summary: 
    +---------+---------+-----------+----------+------+-----+---------+
    |  Latency (cycles) |  Latency (absolute)  |  Interval  | Pipeline|
    |   min   |   max   |    min    |    max   |  min | max |   Type  |
    +---------+---------+-----------+----------+------+-----+---------+
    |     1081|        ?|  10.810 us|         ?|  1081|    ?|       no|
    +---------+---------+-----------+----------+------+-----+---------+

    + Detail: 
        * Instance: 
        +---------------------------------------------+----------------------------------+---------+---------+----------+----------+-----+-----+---------+
        |                                             |                                  |  Latency (cycles) |  Latency (absolute) |  Interval | Pipeline|
        |                   Instance                  |              Module              |   min   |   max   |    min   |    max   | min | max |   Type  |
        +---------------------------------------------+----------------------------------+---------+---------+----------+----------+-----+-----+---------+
        |grp_dbscan_Pipeline_VITIS_LOOP_113_2_fu_253  |dbscan_Pipeline_VITIS_LOOP_113_2  |      379|      379|  3.790 us|  3.790 us|  379|  379|       no|
        |grp_dbscan_Pipeline_VITIS_LOOP_137_4_fu_268  |dbscan_Pipeline_VITIS_LOOP_137_4  |      379|      379|  3.790 us|  3.790 us|  379|  379|       no|
        +---------------------------------------------+----------------------------------+---------+---------+----------+----------+-----+-----+---------+

        * Loop: 
        +---------------------+---------+---------+----------+-----------+-----------+-------+----------+
        |                     |  Latency (cycles) | Iteration|  Initiation Interval  |  Trip |          |
        |      Loop Name      |   min   |   max   |  Latency |  achieved |   target  | Count | Pipelined|
        +---------------------+---------+---------+----------+-----------+-----------+-------+----------+
        |- VITIS_LOOP_103_1   |     1080|        ?|     3 ~ ?|          -|          -|    360|        no|
        | + VITIS_LOOP_130_3  |       20|        ?|   4 ~ 388|          -|          -|  5 ~ ?|        no|
        +---------------------+---------+---------+----------+-----------+-----------+-------+----------+



================================================================
== Utilization Estimates
================================================================
* Summary: 
+-----------------+---------+-----+--------+-------+-----+
|       Name      | BRAM_18K| DSP |   FF   |  LUT  | URAM|
+-----------------+---------+-----+--------+-------+-----+
|DSP              |        -|    1|       -|      -|    -|
|Expression       |        -|    -|       0|    218|    -|
|FIFO             |        -|    -|       -|      -|    -|
|Instance         |        -|   12|    2136|   2174|    -|
|Memory           |        3|    -|       0|      0|    0|
|Multiplexer      |        -|    -|       -|    505|    -|
|Register         |        -|    -|     569|      -|    -|
+-----------------+---------+-----+--------+-------+-----+
|Total            |        3|   13|    2705|   2897|    0|
+-----------------+---------+-----+--------+-------+-----+
|Available        |      280|  220|  106400|  53200|    0|
+-----------------+---------+-----+--------+-------+-----+
|Utilization (%)  |        1|    5|       2|      5|    0|
+-----------------+---------+-----+--------+-------+-----+

+ Detail: 
    * Instance: 
    +---------------------------------------------+----------------------------------+---------+----+-----+------+-----+
    |                   Instance                  |              Module              | BRAM_18K| DSP|  FF |  LUT | URAM|
    +---------------------------------------------+----------------------------------+---------+----+-----+------+-----+
    |grp_dbscan_Pipeline_VITIS_LOOP_113_2_fu_253  |dbscan_Pipeline_VITIS_LOOP_113_2  |        0|   2|  477|   311|    0|
    |grp_dbscan_Pipeline_VITIS_LOOP_137_4_fu_268  |dbscan_Pipeline_VITIS_LOOP_137_4  |        0|   2|  404|   309|    0|
    |mul_18s_32s_32_2_1_U36                       |mul_18s_32s_32_2_1                |        0|   2|  165|    50|    0|
    |mul_18s_32s_32_2_1_U37                       |mul_18s_32s_32_2_1                |        0|   2|  165|    50|    0|
    |mul_18s_32s_32_2_1_U38                       |mul_18s_32s_32_2_1                |        0|   2|  165|    50|    0|
    |mul_18s_32s_32_2_1_U39                       |mul_18s_32s_32_2_1                |        0|   2|  165|    50|    0|
    |grp_sqrt_fixed_32_32_s_fu_664                |sqrt_fixed_32_32_s                |        0|   0|  595|  1354|    0|
    +---------------------------------------------+----------------------------------+---------+----+-----+------+-----+
    |Total                                        |                                  |        0|  12| 2136|  2174|    0|
    +---------------------------------------------+----------------------------------+---------+----+-----+------+-----+

    * DSP: 
    +----------------------------+------------------------+-----------+
    |          Instance          |         Module         | Expression|
    +----------------------------+------------------------+-----------+
    |mul_mul_17s_9ns_17_4_1_U40  |mul_mul_17s_9ns_17_4_1  |    i0 * i1|
    +----------------------------+------------------------+-----------+

    * Memory: 
    +--------------+--------------------------------+---------+---+----+-----+------+-----+------+-------------+
    |    Memory    |             Module             | BRAM_18K| FF| LUT| URAM| Words| Bits| Banks| W*Bits*Banks|
    +--------------+--------------------------------+---------+---+----+-----+------+-----+------+-------------+
    |cos_values_U  |dbscan_cos_values_ROM_AUTO_1R   |        1|  0|   0|    0|   360|   18|     1|         6480|
    |neighbors_U   |dbscan_neighbors_RAM_AUTO_1R1W  |        1|  0|   0|    0|   360|    9|     1|         3240|
    |sin_values_U  |dbscan_sin_values_ROM_AUTO_1R   |        1|  0|   0|    0|   360|   18|     1|         6480|
    +--------------+--------------------------------+---------+---+----+-----+------+-----+------+-------------+
    |Total         |                                |        3|  0|   0|    0|  1080|   45|     3|        16200|
    +--------------+--------------------------------+---------+---+----+-----+------+-----+------+-------------+

    * FIFO: 
    N/A

    * Expression: 
    +-----------------------+----------+----+---+----+------------+------------+
    |     Variable Name     | Operation| DSP| FF| LUT| Bitwidth P0| Bitwidth P1|
    +-----------------------+----------+----+---+----+------------+------------+
    |add_ln103_fu_316_p2    |         +|   0|  0|  14|           9|           1|
    |add_ln126_fu_368_p2    |         +|   0|  0|  39|          32|           1|
    |add_ln130_fu_383_p2    |         +|   0|  0|  38|          31|           1|
    |add_ln150_1_fu_447_p2  |         +|   0|  0|  24|          17|          17|
    |add_ln150_fu_436_p2    |         +|   0|  0|  39|          32|           1|
    |icmp_ln103_fu_310_p2   |      icmp|   0|  0|  11|           9|           9|
    |icmp_ln125_fu_354_p2   |      icmp|   0|  0|  18|          32|           3|
    |icmp_ln130_fu_378_p2   |      icmp|   0|  0|  17|          31|          31|
    |icmp_ln149_fu_430_p2   |      icmp|   0|  0|  18|          32|           3|
    +-----------------------+----------+----+---+----+------------+------------+
    |Total                  |          |   0|  0| 218|         225|          67|
    +-----------------------+----------+----+---+----+------------+------------+

    * Multiplexer: 
    +---------------------------------+-----+-----------+-----+-----------+
    |               Name              | LUT | Input Size| Bits| Total Bits|
    +---------------------------------+-----+-----------+-----+-----------+
    |ap_NS_fsm                        |  113|         22|    1|         22|
    |ap_phi_mux_inc512_phi_fu_242_p6  |   14|          3|   32|         96|
    |cluster_count_0_fu_62            |    9|          2|   32|         64|
    |cos_values_address0              |   25|          5|    9|         45|
    |cos_values_ce0                   |   20|          4|    1|          4|
    |data_address0                    |   25|          5|    9|         45|
    |data_ce0                         |   20|          4|    1|          4|
    |grp_fu_335_ce                    |   14|          3|    1|          3|
    |grp_fu_335_p0                    |   20|          4|   18|         72|
    |grp_fu_335_p1                    |   20|          4|   32|        128|
    |grp_fu_345_ce                    |   14|          3|    1|          3|
    |grp_fu_345_p0                    |   20|          4|   18|         72|
    |grp_fu_345_p1                    |   20|          4|   32|        128|
    |grp_sqrt_fixed_32_32_s_fu_664_x  |   14|          3|   32|         96|
    |i_fu_58                          |    9|          2|    9|         18|
    |inc512_reg_238                   |    9|          2|   32|         64|
    |inc5139_reg_225                  |    9|          2|   32|         64|
    |k_reg_214                        |    9|          2|   31|         62|
    |neighbors_address0               |   14|          3|    9|         27|
    |neighbors_ce0                    |   14|          3|    1|          3|
    |neighbors_we0                    |    9|          2|    1|          2|
    |sin_values_address0              |   25|          5|    9|         45|
    |sin_values_ce0                   |   20|          4|    1|          4|
    |visited_address0                 |   25|          5|    9|         45|
    |visited_d0                       |   14|          3|    1|          3|
    +---------------------------------+-----+-----------+-----+-----------+
    |Total                            |  505|        103|  354|       1119|
    +---------------------------------+-----+-----------+-----+-----------+

    * Register: 
    +----------------------------------------------------------+----+----+-----+-----------+
    |                           Name                           | FF | LUT| Bits| Const Bits|
    +----------------------------------------------------------+----+----+-----+-----------+
    |add_ln103_reg_495                                         |   9|   0|    9|          0|
    |add_ln126_reg_576                                         |  32|   0|   32|          0|
    |add_ln130_reg_594                                         |  31|   0|   31|          0|
    |ap_CS_fsm                                                 |  21|   0|   21|          0|
    |cluster_count_0_fu_62                                     |  32|   0|   32|          0|
    |cluster_count_0_load_reg_560                              |  32|   0|   32|          0|
    |clusters_member_count_addr_reg_586                        |   9|   0|    9|          0|
    |grp_dbscan_Pipeline_VITIS_LOOP_113_2_fu_253_ap_start_reg  |   1|   0|    1|          0|
    |grp_dbscan_Pipeline_VITIS_LOOP_137_4_fu_268_ap_start_reg  |   1|   0|    1|          0|
    |i_fu_58                                                   |   9|   0|    9|          0|
    |icmp_ln125_reg_556                                        |   1|   0|    1|          0|
    |inc512_reg_238                                            |  32|   0|   32|          0|
    |inc5139_reg_225                                           |  32|   0|   32|          0|
    |k_reg_214                                                 |  31|   0|   31|          0|
    |mul_ln150_reg_581                                         |  17|   0|   17|          0|
    |mul_ln97_2_reg_651                                        |  32|   0|   32|          0|
    |mul_ln97_reg_546                                          |  32|   0|   32|          0|
    |mul_ln98_2_reg_656                                        |  32|   0|   32|          0|
    |mul_ln98_reg_551                                          |  32|   0|   32|          0|
    |neighbor_id_reg_604                                       |   9|   0|    9|          0|
    |reg_285                                                   |  32|   0|   32|          0|
    |reg_289                                                   |  18|   0|   18|          0|
    |reg_293                                                   |  18|   0|   18|          0|
    |trunc_ln103_reg_512                                       |   5|   0|    5|          0|
    |trunc_ln130_reg_571                                       |  31|   0|   31|          0|
    |visited_addr_1_reg_617                                    |   9|   0|    9|          0|
    |visited_addr_reg_507                                      |   9|   0|    9|          0|
    |visited_load_1_reg_622                                    |   1|   0|    1|          0|
    |visited_load_reg_517                                      |   1|   0|    1|          0|
    |zext_ln103_reg_500                                        |   9|   0|   64|         55|
    |zext_ln133_reg_610                                        |   9|   0|   64|         55|
    +----------------------------------------------------------+----+----+-----+-----------+
    |Total                                                     | 569|   0|  679|        110|
    +----------------------------------------------------------+----+----+-----+-----------+



================================================================
== Interface
================================================================
* Summary: 
+--------------------------------+-----+-----+------------+-----------------------+--------------+
|            RTL Ports           | Dir | Bits|  Protocol  |     Source Object     |    C Type    |
+--------------------------------+-----+-----+------------+-----------------------+--------------+
|ap_clk                          |   in|    1|  ap_ctrl_hs|                 dbscan|  return value|
|ap_rst                          |   in|    1|  ap_ctrl_hs|                 dbscan|  return value|
|ap_start                        |   in|    1|  ap_ctrl_hs|                 dbscan|  return value|
|ap_done                         |  out|    1|  ap_ctrl_hs|                 dbscan|  return value|
|ap_idle                         |  out|    1|  ap_ctrl_hs|                 dbscan|  return value|
|ap_ready                        |  out|    1|  ap_ctrl_hs|                 dbscan|  return value|
|ap_return                       |  out|   32|  ap_ctrl_hs|                 dbscan|  return value|
|data_address0                   |  out|    9|   ap_memory|                   data|         array|
|data_ce0                        |  out|    1|   ap_memory|                   data|         array|
|data_q0                         |   in|   32|   ap_memory|                   data|         array|
|visited_address0                |  out|    9|   ap_memory|                visited|         array|
|visited_ce0                     |  out|    1|   ap_memory|                visited|         array|
|visited_we0                     |  out|    1|   ap_memory|                visited|         array|
|visited_d0                      |  out|    1|   ap_memory|                visited|         array|
|visited_q0                      |   in|    1|   ap_memory|                visited|         array|
|clusters_id_address0            |  out|    9|   ap_memory|            clusters_id|         array|
|clusters_id_ce0                 |  out|    1|   ap_memory|            clusters_id|         array|
|clusters_id_we0                 |  out|    1|   ap_memory|            clusters_id|         array|
|clusters_id_d0                  |  out|    5|   ap_memory|            clusters_id|         array|
|clusters_members_address0       |  out|   17|   ap_memory|       clusters_members|         array|
|clusters_members_ce0            |  out|    1|   ap_memory|       clusters_members|         array|
|clusters_members_we0            |  out|    1|   ap_memory|       clusters_members|         array|
|clusters_members_d0             |  out|    9|   ap_memory|       clusters_members|         array|
|clusters_member_count_address0  |  out|    9|   ap_memory|  clusters_member_count|         array|
|clusters_member_count_ce0       |  out|    1|   ap_memory|  clusters_member_count|         array|
|clusters_member_count_we0       |  out|    1|   ap_memory|  clusters_member_count|         array|
|clusters_member_count_d0        |  out|   32|   ap_memory|  clusters_member_count|         array|
+--------------------------------+-----+-----+------------+-----------------------+--------------+

