

================================================================
== Vitis HLS Report for 'log_99_33_s'
================================================================
* Date:           Wed Mar 29 22:11:28 2023

* Version:        2022.2 (Build 3670227 on Oct 13 2022)
* Project:        cluster
* Solution:       solution1 (Vivado IP Flow Target)
* Product family: zynq
* Target device:  xc7z020-clg400-1


================================================================
== Performance Estimates
================================================================
+ Timing: 
    * Summary: 
    +--------+----------+----------+------------+
    |  Clock |  Target  | Estimated| Uncertainty|
    +--------+----------+----------+------------+
    |ap_clk  |  10.00 ns|  7.289 ns|     2.70 ns|
    +--------+----------+----------+------------+

+ Latency: 
    * Summary: 
    +---------+---------+----------+----------+-----+-----+---------+
    |  Latency (cycles) |  Latency (absolute) |  Interval | Pipeline|
    |   min   |   max   |    min   |    max   | min | max |   Type  |
    +---------+---------+----------+----------+-----+-----+---------+
    |        ?|        ?|         ?|         ?|    ?|    ?|       no|
    +---------+---------+----------+----------+-----+-----+---------+

    + Detail: 
        * Instance: 
        N/A

        * Loop: 
        +----------+---------+---------+----------+-----------+-----------+------+----------+
        |          |  Latency (cycles) | Iteration|  Initiation Interval  | Trip |          |
        | Loop Name|   min   |   max   |  Latency |  achieved |   target  | Count| Pipelined|
        +----------+---------+---------+----------+-----------+-----------+------+----------+
        |- Loop 1  |        ?|        ?|         2|          -|          -|     ?|        no|
        +----------+---------+---------+----------+-----------+-----------+------+----------+



================================================================
== Utilization Estimates
================================================================
* Summary: 
+-----------------+---------+-----+--------+-------+-----+
|       Name      | BRAM_18K| DSP |   FF   |  LUT  | URAM|
+-----------------+---------+-----+--------+-------+-----+
|DSP              |        -|    -|       -|      -|    -|
|Expression       |        -|    -|       0|   2171|    -|
|FIFO             |        -|    -|       -|      -|    -|
|Instance         |        -|   21|    3212|   1902|    -|
|Memory           |       15|    -|       6|      6|    -|
|Multiplexer      |        -|    -|       -|    338|    -|
|Register         |        -|    -|    3028|      -|    -|
+-----------------+---------+-----+--------+-------+-----+
|Total            |       15|   21|    6246|   4417|    0|
+-----------------+---------+-----+--------+-------+-----+
|Available        |      280|  220|  106400|  53200|    0|
+-----------------+---------+-----+--------+-------+-----+
|Utilization (%)  |        5|    9|       5|      8|    0|
+-----------------+---------+-----+--------+-------+-----+

+ Detail: 
    * Instance: 
    +--------------------------+----------------------+---------+----+-----+-----+-----+
    |         Instance         |        Module        | BRAM_18K| DSP|  FF | LUT | URAM|
    +--------------------------+----------------------+---------+----+-----+-----+-----+
    |mul_110s_6ns_110_5_1_U11  |mul_110s_6ns_110_5_1  |        0|   4|  441|  256|    0|
    |mul_29ns_29ns_58_2_1_U17  |mul_29ns_29ns_58_2_1  |        0|   3|   95|   46|    0|
    |mul_60ns_6ns_66_5_1_U16   |mul_60ns_6ns_66_5_1   |        0|   2|  471|  320|    0|
    |mul_65ns_6ns_71_5_1_U15   |mul_65ns_6ns_71_5_1   |        0|   3|  441|  256|    0|
    |mul_70ns_6ns_76_5_1_U14   |mul_70ns_6ns_76_5_1   |        0|   3|  441|  256|    0|
    |mul_75ns_6ns_81_5_1_U13   |mul_75ns_6ns_81_5_1   |        0|   3|  441|  256|    0|
    |mul_7s_83ns_88_5_1_U10    |mul_7s_83ns_88_5_1    |        0|   3|  441|  256|    0|
    |mul_81ns_4ns_85_5_1_U12   |mul_81ns_4ns_85_5_1   |        0|   0|  441|  256|    0|
    +--------------------------+----------------------+---------+----+-----+-----+-----+
    |Total                     |                      |        0|  21| 3212| 1902|    0|
    +--------------------------+----------------------+---------+----+-----+-----+-----+

    * DSP: 
    N/A

    * Memory: 
    +-------------------------------------------------------------+----------------------------------------------------------------------------------+---------+---+----+-----+------+-----+------+-------------+
    |                            Memory                           |                                      Module                                      | BRAM_18K| FF| LUT| URAM| Words| Bits| Banks| W*Bits*Banks|
    +-------------------------------------------------------------+----------------------------------------------------------------------------------+---------+---+----+-----+------+-----+------+-------------+
    |log_apfixed_reduce_log0_lut_table_ap_fixed_0_5_64_array_V_U  |log_99_33_s_log_apfixed_reduce_log0_lut_table_ap_fixed_0_5_64_array_V_ROM_AUTbkb  |        3|  0|   0|    0|    64|   82|     1|         5248|
    |log_apfixed_reduce_log_inverse_lut_table_array_V_U           |log_99_33_s_log_apfixed_reduce_log_inverse_lut_table_array_V_ROM_AUTO_1R          |        0|  6|   6|    0|    64|    6|     1|          384|
    |log_apfixed_reduce_log_lut_table_ap_fixed_12_6_64_array_V_U  |log_99_33_s_log_apfixed_reduce_log_lut_table_ap_fixed_12_6_64_array_V_ROM_AUTeOg  |        2|  0|   0|    0|    64|   70|     1|         4480|
    |log_apfixed_reduce_log_lut_table_ap_fixed_17_6_64_array_V_U  |log_99_33_s_log_apfixed_reduce_log_lut_table_ap_fixed_17_6_64_array_V_ROM_AUTfYi  |        2|  0|   0|    0|    64|   65|     1|         4160|
    |log_apfixed_reduce_log_lut_table_ap_fixed_22_6_64_array_V_U  |log_99_33_s_log_apfixed_reduce_log_lut_table_ap_fixed_22_6_64_array_V_ROM_AUTg8j  |        2|  0|   0|    0|    64|   60|     1|         3840|
    |log_apfixed_reduce_log_lut_table_ap_fixed_4_4_16_array_V_U   |log_99_33_s_log_apfixed_reduce_log_lut_table_ap_fixed_4_4_16_array_V_ROM_AUTOcud  |        3|  0|   0|    0|    16|   78|     1|         1248|
    |log_apfixed_reduce_log_lut_table_ap_fixed_7_6_64_array_V_U   |log_99_33_s_log_apfixed_reduce_log_lut_table_ap_fixed_7_6_64_array_V_ROM_AUTOdEe  |        3|  0|   0|    0|    64|   75|     1|         4800|
    +-------------------------------------------------------------+----------------------------------------------------------------------------------+---------+---+----+-----+------+-----+------+-------------+
    |Total                                                        |                                                                                  |       15|  6|   6|    0|   400|  436|     7|        24160|
    +-------------------------------------------------------------+----------------------------------------------------------------------------------+---------+---+----+-----+------+-----+------+-------------+

    * FIFO: 
    N/A

    * Expression: 
    +-------------------------+----------+----+---+----+------------+------------+
    |      Variable Name      | Operation| DSP| FF| LUT| Bitwidth P0| Bitwidth P1|
    +-------------------------+----------+----+---+----+------------+------------+
    |add_ln778_fu_1273_p2     |         +|   0|  0|  88|          88|          88|
    |add_ln813_1_fu_1210_p2   |         +|   0|  0|  78|          78|          78|
    |add_ln813_2_fu_1215_p2   |         +|   0|  0|  78|          78|          78|
    |add_ln813_3_fu_1183_p2   |         +|   0|  0|  89|          82|          82|
    |add_ln813_4_fu_1224_p2   |         +|   0|  0|  96|          89|          89|
    |add_ln813_5_fu_1233_p2   |         +|   0|  0|  88|          88|          88|
    |add_ln813_6_fu_1251_p2   |         +|   0|  0|  89|          89|          89|
    |add_ln813_7_fu_1239_p2   |         +|   0|  0|  88|          88|          88|
    |add_ln813_fu_1177_p2     |         +|   0|  0|  73|          66|          66|
    |b_exp_V_3_fu_478_p2      |         +|   0|  0|  14|           7|           2|
    |log_base_V_2_fu_1256_p2  |         +|   0|  0|  89|          89|          89|
    |log_base_V_fu_1289_p2    |         +|   0|  0|  88|          88|          88|
    |ret_V_11_fu_714_p2       |         +|   0|  0|  86|          86|          86|
    |ret_V_12_fu_792_p2       |         +|   0|  0|  84|          84|          84|
    |ret_V_13_fu_879_p2       |         +|   0|  0|  89|          89|          89|
    |ret_V_14_fu_966_p2       |         +|   0|  0|  94|          94|          94|
    |ret_V_15_fu_1053_p2      |         +|   0|  0|  99|          99|          99|
    |ret_V_10_fu_1070_p2      |         -|   0|  0|  99|          99|          99|
    |ret_V_2_fu_722_p2        |         -|   0|  0|  86|          86|          86|
    |ret_V_4_fu_809_p2        |         -|   0|  0|  84|          84|          84|
    |ret_V_6_fu_896_p2        |         -|   0|  0|  89|          89|          89|
    |ret_V_8_fu_983_p2        |         -|   0|  0|  94|          94|          94|
    |ret_V_fu_1161_p2         |         -|   0|  0|  93|          86|          86|
    |icmp_ln1652_fu_413_p2    |      icmp|   0|  0|  40|          99|           1|
    |icmp_ln731_1_fu_527_p2   |      icmp|   0|  0|  43|         109|         109|
    |icmp_ln731_fu_459_p2     |      icmp|   0|  0|  43|         109|         109|
    |select_ln1488_fu_684_p3  |    select|   0|  0|  86|           1|          86|
    |select_ln731_fu_547_p3   |    select|   0|  0|   2|           1|           1|
    |xor_ln731_fu_541_p2      |       xor|   0|  0|   2|           1|           2|
    +-------------------------+----------+----+---+----+------------+------------+
    |Total                    |          |   0|  0|2171|        2240|        2223|
    +-------------------------+----------+----+---+----+------------+------------+

    * Multiplexer: 
    +---------------------------------------------+-----+-----------+-----+-----------+
    |                     Name                    | LUT | Input Size| Bits| Total Bits|
    +---------------------------------------------+-----+-----------+-----+-----------+
    |ap_NS_fsm                                    |  225|         52|    1|         52|
    |ap_phi_mux_b_frac_013_lcssa29_phi_fu_364_p4  |    9|          2|   99|        198|
    |ap_phi_mux_conv_i_i_i38032_phi_fu_353_p4     |    9|          2|   82|        164|
    |ap_phi_mux_index0_V_2_phi_fu_374_p4          |   14|          3|    6|         18|
    |ap_phi_mux_r_V_12_phi_fu_406_p4              |    9|          2|   72|        144|
    |ap_return                                    |    9|          2|   72|        144|
    |b_exp_V_fu_248                               |    9|          2|    7|         14|
    |b_frac_013_lcssa29_reg_361                   |    9|          2|   99|        198|
    |conv_i_i_i38031_reg_380                      |    9|          2|   82|        164|
    |conv_i_i_i38032_reg_349                      |    9|          2|   82|        164|
    |p_Val2_33_fu_244                             |    9|          2|   98|        196|
    |r_V_12_reg_402                               |    9|          2|   72|        144|
    |r_V_reg_391                                  |    9|          2|   99|        198|
    +---------------------------------------------+-----+-----------+-----+-----------+
    |Total                                        |  338|         77|  871|       1798|
    +---------------------------------------------+-----+-----------+-----+-----------+

    * Register: 
    +---------------------------------+----+----+-----+-----------+
    |               Name              | FF | LUT| Bits| Const Bits|
    +---------------------------------+----+----+-----+-----------+
    |a_V_reg_1387                     |   4|   0|    4|          0|
    |add_ln813_2_reg_1640             |  78|   0|   78|          0|
    |add_ln813_3_reg_1634             |  82|   0|   82|          0|
    |add_ln813_4_reg_1646             |  89|   0|   89|          0|
    |add_ln813_7_reg_1651             |  88|   0|   88|          0|
    |add_ln813_reg_1629               |  66|   0|   66|          0|
    |ap_CS_fsm                        |  51|   0|   51|          0|
    |ap_return_preg                   |  72|   0|   72|          0|
    |b_exp_V_3_reg_1332               |   7|   0|    7|          0|
    |b_exp_V_fu_248                   |   7|   0|    7|          0|
    |b_frac_013_lcssa29_reg_361       |  99|   0|  110|         11|
    |b_frac_tilde_inverse_V_reg_1377  |   6|   0|    6|          0|
    |conv_i_i_i38031_reg_380          |  82|   0|   82|          0|
    |conv_i_i_i38032_reg_349          |  82|   0|   82|          0|
    |icmp_ln1652_reg_1305             |   1|   0|    1|          0|
    |icmp_ln731_reg_1314              |   1|   0|    1|          0|
    |logn_V_2_reg_1618                |  70|   0|   70|          0|
    |logn_V_reg_1613                  |  78|   0|   78|          0|
    |p_Result_101_reg_1656            |   1|   0|    1|          0|
    |p_Result_s_reg_1349              |   1|   0|    1|          0|
    |p_Val2_33_fu_244                 |  98|   0|  109|         11|
    |p_Val2_34_reg_1338               |  98|   0|  109|         11|
    |r_V_11_reg_1661                  |  72|   0|   72|          0|
    |r_V_12_reg_402                   |  72|   0|   72|          0|
    |r_V_13_reg_1343                  |  98|   0|  110|         12|
    |r_V_14_reg_1429                  |  85|   0|   85|          0|
    |r_V_15_reg_1461                  |  81|   0|   81|          0|
    |r_V_16_reg_1493                  |  76|   0|   76|          0|
    |r_V_17_reg_1525                  |  71|   0|   71|          0|
    |r_V_18_reg_1557                  |  66|   0|   66|          0|
    |r_V_reg_391                      |  99|   0|  110|         11|
    |rhs_s_reg_1608                   |  57|   0|   57|          0|
    |select_ln1488_reg_1414           |  83|   0|   86|          3|
    |tmp_30_reg_1393                  |  81|   0|   81|          0|
    |tmp_31_reg_1404                  |  80|   0|   80|          0|
    |tmp_33_reg_1409                  |  77|   0|   77|          0|
    |tmp_34_reg_1434                  |  75|   0|   75|          0|
    |tmp_35_reg_1440                  |  69|   0|   69|          0|
    |tmp_36_reg_1445                  |   6|   0|    6|          0|
    |tmp_37_reg_1466                  |  70|   0|   70|          0|
    |tmp_38_reg_1399                  |   1|   0|    1|          0|
    |tmp_39_reg_1472                  |  64|   0|   64|          0|
    |tmp_40_reg_1477                  |   6|   0|    6|          0|
    |tmp_41_reg_1498                  |  65|   0|   65|          0|
    |tmp_42_reg_1504                  |  59|   0|   59|          0|
    |tmp_43_reg_1509                  |   6|   0|    6|          0|
    |tmp_44_reg_1530                  |  60|   0|   60|          0|
    |tmp_45_reg_1536                  |  54|   0|   54|          0|
    |tmp_46_reg_1541                  |   6|   0|    6|          0|
    |tmp_47_reg_1562                  |  55|   0|   55|          0|
    |tmp_48_reg_1567                  |  29|   0|   29|          0|
    |trunc_ln1_reg_1361               |  82|   0|   82|          0|
    |trunc_ln818_2_reg_1623           |  56|   0|   56|          0|
    |zext_ln541_reg_1367              |   6|   0|   64|         58|
    +---------------------------------+----+----+-----+-----------+
    |Total                            |3028|   0| 3145|        117|
    +---------------------------------+----+----+-----+-----------+



================================================================
== Interface
================================================================
* Summary: 
+-----------+-----+-----+------------+--------------+--------------+
| RTL Ports | Dir | Bits|  Protocol  | Source Object|    C Type    |
+-----------+-----+-----+------------+--------------+--------------+
|ap_clk     |   in|    1|  ap_ctrl_hs|   log<99, 33>|  return value|
|ap_rst     |   in|    1|  ap_ctrl_hs|   log<99, 33>|  return value|
|ap_start   |   in|    1|  ap_ctrl_hs|   log<99, 33>|  return value|
|ap_done    |  out|    1|  ap_ctrl_hs|   log<99, 33>|  return value|
|ap_idle    |  out|    1|  ap_ctrl_hs|   log<99, 33>|  return value|
|ap_ready   |  out|    1|  ap_ctrl_hs|   log<99, 33>|  return value|
|ap_return  |  out|   72|  ap_ctrl_hs|   log<99, 33>|  return value|
|x          |   in|   99|     ap_none|             x|        scalar|
+-----------+-----+-----+------------+--------------+--------------+

