

================================================================
== Vitis HLS Report for 'sqrt_fixed_32_32_s'
================================================================
* Date:           Thu Apr 27 04:10:02 2023

* Version:        2022.2 (Build 3670227 on Oct 13 2022)
* Project:        cluster
* Solution:       solution2 (Vivado IP Flow Target)
* Product family: zynq
* Target device:  xc7z020-clg400-1


================================================================
== Performance Estimates
================================================================
+ Timing: 
    * Summary: 
    +--------+----------+----------+------------+
    |  Clock |  Target  | Estimated| Uncertainty|
    +--------+----------+----------+------------+
    |ap_clk  |  10.00 ns|  7.155 ns|     2.70 ns|
    +--------+----------+----------+------------+

+ Latency: 
    * Summary: 
    +---------+---------+-----------+-----------+-----+-----+---------+
    |  Latency (cycles) |   Latency (absolute)  |  Interval | Pipeline|
    |   min   |   max   |    min    |    max    | min | max |   Type  |
    +---------+---------+-----------+-----------+-----+-----+---------+
    |        7|        7|  70.000 ns|  70.000 ns|    1|    1|      yes|
    +---------+---------+-----------+-----------+-----+-----+---------+

    + Detail: 
        * Instance: 
        N/A

        * Loop: 
        N/A

============================================================
+ Verbose Summary: Synthesis Manager
============================================================
InlineROM: 1
ExposeGlobal: 0
============================================================
+ Verbose Summary: CDFG Model
============================================================
IsTopModel: 0
ResetActiveHigh: 1
IsCombinational: 0
IsDatapathOnly: 0
HasWiredReturn: 1
HasMFsm: 2
HasVarLatency: 0
IsPipeline: 1
IsRtlPipelined: 1
IsInstanceOverlapped: 0
IsDontTouch: 0
HasImplIP: 0
IsGatedGlobalClock: 0

+ Individual pipeline summary: 
  * Pipeline-0: initiation interval (II) = 1, depth = 8


============================================================
+ Verbose Summary: Schedule
============================================================
* Number of FSM states : 8
* Pipeline : 1
  Pipeline-0 : II = 1, D = 8, States = { 1 2 3 4 5 6 7 8 }
* Dataflow Pipeline: 0

* FSM state transitions: 
1 --> 2 
2 --> 3 
3 --> 4 
4 --> 5 
5 --> 6 
6 --> 7 
7 --> 8 
8 --> 

* FSM state operations: 

State 1 <SV = 0> <Delay = 7.12>
ST_1 : Operation 9 [1/1] (0.00ns)   --->   "%x_read = read i32 @_ssdm_op_Read.ap_auto.i32, i32 %x"   --->   Operation 9 'read' 'x_read' <Predicate = true> <Delay = 0.00>
ST_1 : Operation 10 [1/1] (0.00ns)   --->   "%zext_ln813 = zext i32 %x_read"   --->   Operation 10 'zext' 'zext_ln813' <Predicate = true> <Delay = 0.00>
ST_1 : Operation 11 [1/1] (0.00ns)   --->   "%tmp_1 = partselect i2 @_ssdm_op_PartSelect.i2.i32.i32.i32, i32 %x_read, i32 30, i32 31"   --->   Operation 11 'partselect' 'tmp_1' <Predicate = true> <Delay = 0.00>
ST_1 : Operation 12 [1/1] (0.00ns)   --->   "%sext_ln594 = sext i2 %tmp_1"   --->   Operation 12 'sext' 'sext_ln594' <Predicate = true> <Delay = 0.00>
ST_1 : Operation 13 [1/1] (0.95ns)   --->   "%icmp_ln443 = icmp_eq  i2 %tmp_1, i2 0"   --->   Operation 13 'icmp' 'icmp_ln443' <Predicate = true> <Delay = 0.95> <CoreInst = "Cmp">   --->   Core 9 'Cmp' <Latency = 0> <II = 1> <Delay = 0.95> <FuncUnit> <Opcode : 'icmp'> <InPorts = 2> <OutPorts = 1>
ST_1 : Operation 14 [1/1] (1.56ns)   --->   "%add_ln277 = add i3 %sext_ln594, i3 7"   --->   Operation 14 'add' 'add_ln277' <Predicate = true> <Delay = 1.56> <CoreInst = "Adder">   --->   Core 1 'Adder' <Latency = 0> <II = 1> <Delay = 1.56> <FuncUnit> <Opcode : 'add' 'sub'> <InPorts = 2> <OutPorts = 1>
ST_1 : Operation 15 [1/1] (0.00ns)   --->   "%p_Result_51 = partset i35 @_ssdm_op_PartSet.i35.i35.i3.i32.i32, i35 %zext_ln813, i3 %add_ln277, i32 30, i32 32"   --->   Operation 15 'partset' 'p_Result_51' <Predicate = true> <Delay = 0.00>
ST_1 : Operation 16 [1/1] (1.02ns)   --->   "%x_l_I_V_31 = select i1 %icmp_ln443, i35 %zext_ln813, i35 %p_Result_51"   --->   Operation 16 'select' 'x_l_I_V_31' <Predicate = true> <Delay = 1.02> <CoreInst = "Sel">   --->   Core 73 'Sel' <Latency = 0> <II = 1> <Delay = 1.02> <FuncUnit> <Opcode : 'select'> <InPorts = 3> <OutPorts = 1>
ST_1 : Operation 17 [1/1] (0.80ns)   --->   "%res_I_V_32 = select i1 %icmp_ln443, i16 0, i16 32768"   --->   Operation 17 'select' 'res_I_V_32' <Predicate = true> <Delay = 0.80> <CoreInst = "Sel">   --->   Core 73 'Sel' <Latency = 0> <II = 1> <Delay = 0.80> <FuncUnit> <Opcode : 'select'> <InPorts = 3> <OutPorts = 1>
ST_1 : Operation 18 [1/1] (0.00ns)   --->   "%tmp_2 = partselect i2 @_ssdm_op_PartSelect.i2.i16.i32.i32, i16 %res_I_V_32, i32 14, i32 15"   --->   Operation 18 'partselect' 'tmp_2' <Predicate = true> <Delay = 0.00>
ST_1 : Operation 19 [1/1] (0.00ns)   --->   "%tmp = bitconcatenate i3 @_ssdm_op_BitConcatenate.i3.i2.i1, i2 %tmp_2, i1 1"   --->   Operation 19 'bitconcatenate' 'tmp' <Predicate = true> <Delay = 0.00>
ST_1 : Operation 20 [1/1] (0.00ns)   --->   "%p_Result_52 = partselect i4 @_ssdm_op_PartSelect.i4.i35.i32.i32, i35 %x_l_I_V_31, i32 28, i32 31"   --->   Operation 20 'partselect' 'p_Result_52' <Predicate = true> <Delay = 0.00>
ST_1 : Operation 21 [1/1] (0.00ns)   --->   "%zext_ln443 = zext i3 %tmp"   --->   Operation 21 'zext' 'zext_ln443' <Predicate = true> <Delay = 0.00>
ST_1 : Operation 22 [1/1] (1.30ns)   --->   "%icmp_ln443_1 = icmp_ult  i4 %p_Result_52, i4 %zext_ln443"   --->   Operation 22 'icmp' 'icmp_ln443_1' <Predicate = true> <Delay = 1.30> <CoreInst = "Cmp">   --->   Core 9 'Cmp' <Latency = 0> <II = 1> <Delay = 1.30> <FuncUnit> <Opcode : 'icmp'> <InPorts = 2> <OutPorts = 1>
ST_1 : Operation 23 [1/1] (1.73ns)   --->   "%sub_ln277 = sub i4 %p_Result_52, i4 %zext_ln443"   --->   Operation 23 'sub' 'sub_ln277' <Predicate = true> <Delay = 1.73> <CoreInst = "Adder">   --->   Core 1 'Adder' <Latency = 0> <II = 1> <Delay = 1.73> <FuncUnit> <Opcode : 'add' 'sub'> <InPorts = 2> <OutPorts = 1>
ST_1 : Operation 24 [1/1] (0.00ns)   --->   "%p_Result_53 = partset i35 @_ssdm_op_PartSet.i35.i35.i4.i32.i32, i35 %x_l_I_V_31, i4 %sub_ln277, i32 28, i32 31"   --->   Operation 24 'partset' 'p_Result_53' <Predicate = true> <Delay = 0.00>
ST_1 : Operation 25 [1/1] (0.00ns)   --->   "%p_Result_54 = bitset i16 @_ssdm_op_BitSet.i16.i16.i32.i1, i16 %res_I_V_32, i32 14, i1 1"   --->   Operation 25 'bitset' 'p_Result_54' <Predicate = true> <Delay = 0.00>
ST_1 : Operation 26 [1/1] (1.02ns)   --->   "%x_l_I_V_32 = select i1 %icmp_ln443_1, i35 %x_l_I_V_31, i35 %p_Result_53"   --->   Operation 26 'select' 'x_l_I_V_32' <Predicate = true> <Delay = 1.02> <CoreInst = "Sel">   --->   Core 73 'Sel' <Latency = 0> <II = 1> <Delay = 1.02> <FuncUnit> <Opcode : 'select'> <InPorts = 3> <OutPorts = 1>
ST_1 : Operation 27 [1/1] (0.80ns)   --->   "%res_I_V_33 = select i1 %icmp_ln443_1, i16 %res_I_V_32, i16 %p_Result_54"   --->   Operation 27 'select' 'res_I_V_33' <Predicate = true> <Delay = 0.80> <CoreInst = "Sel">   --->   Core 73 'Sel' <Latency = 0> <II = 1> <Delay = 0.80> <FuncUnit> <Opcode : 'select'> <InPorts = 3> <OutPorts = 1>
ST_1 : Operation 28 [1/1] (0.00ns)   --->   "%tmp_3 = partselect i3 @_ssdm_op_PartSelect.i3.i16.i32.i32, i16 %res_I_V_33, i32 13, i32 15"   --->   Operation 28 'partselect' 'tmp_3' <Predicate = true> <Delay = 0.00>
ST_1 : Operation 29 [1/1] (0.00ns)   --->   "%tmp_6 = bitconcatenate i4 @_ssdm_op_BitConcatenate.i4.i3.i1, i3 %tmp_3, i1 1"   --->   Operation 29 'bitconcatenate' 'tmp_6' <Predicate = true> <Delay = 0.00>
ST_1 : Operation 30 [1/1] (0.00ns)   --->   "%p_Result_55 = partselect i5 @_ssdm_op_PartSelect.i5.i35.i32.i32, i35 %x_l_I_V_32, i32 26, i32 30"   --->   Operation 30 'partselect' 'p_Result_55' <Predicate = true> <Delay = 0.00>
ST_1 : Operation 31 [1/1] (0.00ns)   --->   "%zext_ln443_1 = zext i4 %tmp_6"   --->   Operation 31 'zext' 'zext_ln443_1' <Predicate = true> <Delay = 0.00>
ST_1 : Operation 32 [1/1] (1.36ns)   --->   "%icmp_ln443_2 = icmp_ult  i5 %p_Result_55, i5 %zext_ln443_1"   --->   Operation 32 'icmp' 'icmp_ln443_2' <Predicate = true> <Delay = 1.36> <CoreInst = "Cmp">   --->   Core 9 'Cmp' <Latency = 0> <II = 1> <Delay = 1.36> <FuncUnit> <Opcode : 'icmp'> <InPorts = 2> <OutPorts = 1>
ST_1 : Operation 33 [1/1] (1.78ns)   --->   "%sub_ln277_1 = sub i5 %p_Result_55, i5 %zext_ln443_1"   --->   Operation 33 'sub' 'sub_ln277_1' <Predicate = true> <Delay = 1.78> <CoreInst = "Adder">   --->   Core 1 'Adder' <Latency = 0> <II = 1> <Delay = 1.78> <FuncUnit> <Opcode : 'add' 'sub'> <InPorts = 2> <OutPorts = 1>

State 2 <SV = 1> <Delay = 5.73>
ST_2 : Operation 34 [1/1] (0.00ns)   --->   "%p_Result_56 = partset i35 @_ssdm_op_PartSet.i35.i35.i5.i32.i32, i35 %x_l_I_V_32, i5 %sub_ln277_1, i32 26, i32 30"   --->   Operation 34 'partset' 'p_Result_56' <Predicate = (!icmp_ln443_2)> <Delay = 0.00>
ST_2 : Operation 35 [1/1] (0.00ns)   --->   "%p_Result_57 = bitset i16 @_ssdm_op_BitSet.i16.i16.i32.i1, i16 %res_I_V_33, i32 13, i1 1"   --->   Operation 35 'bitset' 'p_Result_57' <Predicate = (!icmp_ln443_2)> <Delay = 0.00>
ST_2 : Operation 36 [1/1] (1.02ns)   --->   "%x_l_I_V = select i1 %icmp_ln443_2, i35 %x_l_I_V_32, i35 %p_Result_56"   --->   Operation 36 'select' 'x_l_I_V' <Predicate = true> <Delay = 1.02> <CoreInst = "Sel">   --->   Core 73 'Sel' <Latency = 0> <II = 1> <Delay = 1.02> <FuncUnit> <Opcode : 'select'> <InPorts = 3> <OutPorts = 1>
ST_2 : Operation 37 [1/1] (0.80ns)   --->   "%res_I_V_34 = select i1 %icmp_ln443_2, i16 %res_I_V_33, i16 %p_Result_57"   --->   Operation 37 'select' 'res_I_V_34' <Predicate = true> <Delay = 0.80> <CoreInst = "Sel">   --->   Core 73 'Sel' <Latency = 0> <II = 1> <Delay = 0.80> <FuncUnit> <Opcode : 'select'> <InPorts = 3> <OutPorts = 1>
ST_2 : Operation 38 [1/1] (0.00ns)   --->   "%tmp_5 = partselect i4 @_ssdm_op_PartSelect.i4.i16.i32.i32, i16 %res_I_V_34, i32 12, i32 15"   --->   Operation 38 'partselect' 'tmp_5' <Predicate = true> <Delay = 0.00>
ST_2 : Operation 39 [1/1] (0.00ns)   --->   "%tmp_7 = bitconcatenate i5 @_ssdm_op_BitConcatenate.i5.i4.i1, i4 %tmp_5, i1 1"   --->   Operation 39 'bitconcatenate' 'tmp_7' <Predicate = true> <Delay = 0.00>
ST_2 : Operation 40 [1/1] (0.00ns)   --->   "%p_Result_58 = partselect i6 @_ssdm_op_PartSelect.i6.i35.i32.i32, i35 %x_l_I_V, i32 24, i32 29"   --->   Operation 40 'partselect' 'p_Result_58' <Predicate = true> <Delay = 0.00>
ST_2 : Operation 41 [1/1] (0.00ns)   --->   "%zext_ln443_2 = zext i5 %tmp_7"   --->   Operation 41 'zext' 'zext_ln443_2' <Predicate = true> <Delay = 0.00>
ST_2 : Operation 42 [1/1] (1.42ns)   --->   "%icmp_ln443_3 = icmp_ult  i6 %p_Result_58, i6 %zext_ln443_2"   --->   Operation 42 'icmp' 'icmp_ln443_3' <Predicate = true> <Delay = 1.42> <CoreInst = "Cmp">   --->   Core 9 'Cmp' <Latency = 0> <II = 1> <Delay = 1.42> <FuncUnit> <Opcode : 'icmp'> <InPorts = 2> <OutPorts = 1>
ST_2 : Operation 43 [1/1] (1.82ns)   --->   "%sub_ln277_2 = sub i6 %p_Result_58, i6 %zext_ln443_2"   --->   Operation 43 'sub' 'sub_ln277_2' <Predicate = true> <Delay = 1.82> <CoreInst = "Adder">   --->   Core 1 'Adder' <Latency = 0> <II = 1> <Delay = 1.82> <FuncUnit> <Opcode : 'add' 'sub'> <InPorts = 2> <OutPorts = 1>
ST_2 : Operation 44 [1/1] (0.00ns)   --->   "%p_Result_59 = partset i35 @_ssdm_op_PartSet.i35.i35.i6.i32.i32, i35 %x_l_I_V, i6 %sub_ln277_2, i32 24, i32 29"   --->   Operation 44 'partset' 'p_Result_59' <Predicate = true> <Delay = 0.00>
ST_2 : Operation 45 [1/1] (0.00ns)   --->   "%p_Result_60 = bitset i16 @_ssdm_op_BitSet.i16.i16.i32.i1, i16 %res_I_V_34, i32 12, i1 1"   --->   Operation 45 'bitset' 'p_Result_60' <Predicate = true> <Delay = 0.00>
ST_2 : Operation 46 [1/1] (1.02ns)   --->   "%x_l_I_V_33 = select i1 %icmp_ln443_3, i35 %x_l_I_V, i35 %p_Result_59"   --->   Operation 46 'select' 'x_l_I_V_33' <Predicate = true> <Delay = 1.02> <CoreInst = "Sel">   --->   Core 73 'Sel' <Latency = 0> <II = 1> <Delay = 1.02> <FuncUnit> <Opcode : 'select'> <InPorts = 3> <OutPorts = 1>
ST_2 : Operation 47 [1/1] (0.80ns)   --->   "%res_I_V_35 = select i1 %icmp_ln443_3, i16 %res_I_V_34, i16 %p_Result_60"   --->   Operation 47 'select' 'res_I_V_35' <Predicate = true> <Delay = 0.80> <CoreInst = "Sel">   --->   Core 73 'Sel' <Latency = 0> <II = 1> <Delay = 0.80> <FuncUnit> <Opcode : 'select'> <InPorts = 3> <OutPorts = 1>
ST_2 : Operation 48 [1/1] (0.00ns)   --->   "%tmp_8 = partselect i5 @_ssdm_op_PartSelect.i5.i16.i32.i32, i16 %res_I_V_35, i32 11, i32 15"   --->   Operation 48 'partselect' 'tmp_8' <Predicate = true> <Delay = 0.00>
ST_2 : Operation 49 [1/1] (0.00ns)   --->   "%tmp_s = bitconcatenate i6 @_ssdm_op_BitConcatenate.i6.i5.i1, i5 %tmp_8, i1 1"   --->   Operation 49 'bitconcatenate' 'tmp_s' <Predicate = true> <Delay = 0.00>
ST_2 : Operation 50 [1/1] (0.00ns)   --->   "%p_Result_61 = partselect i7 @_ssdm_op_PartSelect.i7.i35.i32.i32, i35 %x_l_I_V_33, i32 22, i32 28"   --->   Operation 50 'partselect' 'p_Result_61' <Predicate = true> <Delay = 0.00>
ST_2 : Operation 51 [1/1] (0.00ns)   --->   "%zext_ln443_3 = zext i6 %tmp_s"   --->   Operation 51 'zext' 'zext_ln443_3' <Predicate = true> <Delay = 0.00>
ST_2 : Operation 52 [1/1] (1.48ns)   --->   "%icmp_ln443_4 = icmp_ult  i7 %p_Result_61, i7 %zext_ln443_3"   --->   Operation 52 'icmp' 'icmp_ln443_4' <Predicate = true> <Delay = 1.48> <CoreInst = "Cmp">   --->   Core 9 'Cmp' <Latency = 0> <II = 1> <Delay = 1.48> <FuncUnit> <Opcode : 'icmp'> <InPorts = 2> <OutPorts = 1>
ST_2 : Operation 53 [1/1] (1.87ns)   --->   "%sub_ln277_3 = sub i7 %p_Result_61, i7 %zext_ln443_3"   --->   Operation 53 'sub' 'sub_ln277_3' <Predicate = true> <Delay = 1.87> <CoreInst = "Adder">   --->   Core 1 'Adder' <Latency = 0> <II = 1> <Delay = 1.87> <FuncUnit> <Opcode : 'add' 'sub'> <InPorts = 2> <OutPorts = 1>

State 3 <SV = 2> <Delay = 5.78>
ST_3 : Operation 54 [1/1] (0.00ns)   --->   "%p_Result_62 = partset i35 @_ssdm_op_PartSet.i35.i35.i7.i32.i32, i35 %x_l_I_V_33, i7 %sub_ln277_3, i32 22, i32 28"   --->   Operation 54 'partset' 'p_Result_62' <Predicate = (!icmp_ln443_4)> <Delay = 0.00>
ST_3 : Operation 55 [1/1] (0.00ns)   --->   "%p_Result_63 = bitset i16 @_ssdm_op_BitSet.i16.i16.i32.i1, i16 %res_I_V_35, i32 11, i1 1"   --->   Operation 55 'bitset' 'p_Result_63' <Predicate = (!icmp_ln443_4)> <Delay = 0.00>
ST_3 : Operation 56 [1/1] (1.02ns)   --->   "%x_l_I_V_34 = select i1 %icmp_ln443_4, i35 %x_l_I_V_33, i35 %p_Result_62"   --->   Operation 56 'select' 'x_l_I_V_34' <Predicate = true> <Delay = 1.02> <CoreInst = "Sel">   --->   Core 73 'Sel' <Latency = 0> <II = 1> <Delay = 1.02> <FuncUnit> <Opcode : 'select'> <InPorts = 3> <OutPorts = 1>
ST_3 : Operation 57 [1/1] (0.80ns)   --->   "%res_I_V_36 = select i1 %icmp_ln443_4, i16 %res_I_V_35, i16 %p_Result_63"   --->   Operation 57 'select' 'res_I_V_36' <Predicate = true> <Delay = 0.80> <CoreInst = "Sel">   --->   Core 73 'Sel' <Latency = 0> <II = 1> <Delay = 0.80> <FuncUnit> <Opcode : 'select'> <InPorts = 3> <OutPorts = 1>
ST_3 : Operation 58 [1/1] (0.00ns)   --->   "%tmp_9 = partselect i6 @_ssdm_op_PartSelect.i6.i16.i32.i32, i16 %res_I_V_36, i32 10, i32 15"   --->   Operation 58 'partselect' 'tmp_9' <Predicate = true> <Delay = 0.00>
ST_3 : Operation 59 [1/1] (0.00ns)   --->   "%tmp_4 = bitconcatenate i7 @_ssdm_op_BitConcatenate.i7.i6.i1, i6 %tmp_9, i1 1"   --->   Operation 59 'bitconcatenate' 'tmp_4' <Predicate = true> <Delay = 0.00>
ST_3 : Operation 60 [1/1] (0.00ns)   --->   "%p_Result_64 = partselect i8 @_ssdm_op_PartSelect.i8.i35.i32.i32, i35 %x_l_I_V_34, i32 20, i32 27"   --->   Operation 60 'partselect' 'p_Result_64' <Predicate = true> <Delay = 0.00>
ST_3 : Operation 61 [1/1] (0.00ns)   --->   "%zext_ln443_4 = zext i7 %tmp_4"   --->   Operation 61 'zext' 'zext_ln443_4' <Predicate = true> <Delay = 0.00>
ST_3 : Operation 62 [1/1] (1.55ns)   --->   "%icmp_ln443_5 = icmp_ult  i8 %p_Result_64, i8 %zext_ln443_4"   --->   Operation 62 'icmp' 'icmp_ln443_5' <Predicate = true> <Delay = 1.55> <CoreInst = "Cmp">   --->   Core 9 'Cmp' <Latency = 0> <II = 1> <Delay = 1.55> <FuncUnit> <Opcode : 'icmp'> <InPorts = 2> <OutPorts = 1>
ST_3 : Operation 63 [1/1] (1.91ns)   --->   "%sub_ln277_4 = sub i8 %p_Result_64, i8 %zext_ln443_4"   --->   Operation 63 'sub' 'sub_ln277_4' <Predicate = true> <Delay = 1.91> <CoreInst = "Adder">   --->   Core 1 'Adder' <Latency = 0> <II = 1> <Delay = 1.91> <FuncUnit> <Opcode : 'add' 'sub'> <InPorts = 2> <OutPorts = 1>
ST_3 : Operation 64 [1/1] (0.00ns)   --->   "%p_Result_65 = partset i35 @_ssdm_op_PartSet.i35.i35.i8.i32.i32, i35 %x_l_I_V_34, i8 %sub_ln277_4, i32 20, i32 27"   --->   Operation 64 'partset' 'p_Result_65' <Predicate = true> <Delay = 0.00>
ST_3 : Operation 65 [1/1] (0.00ns)   --->   "%p_Result_66 = bitset i16 @_ssdm_op_BitSet.i16.i16.i32.i1, i16 %res_I_V_36, i32 10, i1 1"   --->   Operation 65 'bitset' 'p_Result_66' <Predicate = true> <Delay = 0.00>
ST_3 : Operation 66 [1/1] (1.02ns)   --->   "%x_l_I_V_35 = select i1 %icmp_ln443_5, i35 %x_l_I_V_34, i35 %p_Result_65"   --->   Operation 66 'select' 'x_l_I_V_35' <Predicate = true> <Delay = 1.02> <CoreInst = "Sel">   --->   Core 73 'Sel' <Latency = 0> <II = 1> <Delay = 1.02> <FuncUnit> <Opcode : 'select'> <InPorts = 3> <OutPorts = 1>
ST_3 : Operation 67 [1/1] (0.80ns)   --->   "%res_I_V_37 = select i1 %icmp_ln443_5, i16 %res_I_V_36, i16 %p_Result_66"   --->   Operation 67 'select' 'res_I_V_37' <Predicate = true> <Delay = 0.80> <CoreInst = "Sel">   --->   Core 73 'Sel' <Latency = 0> <II = 1> <Delay = 0.80> <FuncUnit> <Opcode : 'select'> <InPorts = 3> <OutPorts = 1>
ST_3 : Operation 68 [1/1] (0.00ns)   --->   "%tmp_10 = partselect i7 @_ssdm_op_PartSelect.i7.i16.i32.i32, i16 %res_I_V_37, i32 9, i32 15"   --->   Operation 68 'partselect' 'tmp_10' <Predicate = true> <Delay = 0.00>
ST_3 : Operation 69 [1/1] (0.00ns)   --->   "%tmp_11 = bitconcatenate i8 @_ssdm_op_BitConcatenate.i8.i7.i1, i7 %tmp_10, i1 1"   --->   Operation 69 'bitconcatenate' 'tmp_11' <Predicate = true> <Delay = 0.00>
ST_3 : Operation 70 [1/1] (0.00ns)   --->   "%p_Result_67 = partselect i9 @_ssdm_op_PartSelect.i9.i35.i32.i32, i35 %x_l_I_V_35, i32 18, i32 26"   --->   Operation 70 'partselect' 'p_Result_67' <Predicate = true> <Delay = 0.00>
ST_3 : Operation 71 [1/1] (0.00ns)   --->   "%zext_ln443_5 = zext i8 %tmp_11"   --->   Operation 71 'zext' 'zext_ln443_5' <Predicate = true> <Delay = 0.00>
ST_3 : Operation 72 [1/1] (1.66ns)   --->   "%icmp_ln443_6 = icmp_ult  i9 %p_Result_67, i9 %zext_ln443_5"   --->   Operation 72 'icmp' 'icmp_ln443_6' <Predicate = true> <Delay = 1.66> <CoreInst = "Cmp">   --->   Core 9 'Cmp' <Latency = 0> <II = 1> <Delay = 1.66> <FuncUnit> <Opcode : 'icmp'> <InPorts = 2> <OutPorts = 1>
ST_3 : Operation 73 [1/1] (1.82ns)   --->   "%sub_ln277_5 = sub i9 %p_Result_67, i9 %zext_ln443_5"   --->   Operation 73 'sub' 'sub_ln277_5' <Predicate = true> <Delay = 1.82> <CoreInst = "Adder">   --->   Core 1 'Adder' <Latency = 0> <II = 1> <Delay = 1.82> <FuncUnit> <Opcode : 'add' 'sub'> <InPorts = 2> <OutPorts = 1>

State 4 <SV = 3> <Delay = 5.69>
ST_4 : Operation 74 [1/1] (0.00ns)   --->   "%p_Result_68 = partset i35 @_ssdm_op_PartSet.i35.i35.i9.i32.i32, i35 %x_l_I_V_35, i9 %sub_ln277_5, i32 18, i32 26"   --->   Operation 74 'partset' 'p_Result_68' <Predicate = (!icmp_ln443_6)> <Delay = 0.00>
ST_4 : Operation 75 [1/1] (0.00ns)   --->   "%p_Result_69 = bitset i16 @_ssdm_op_BitSet.i16.i16.i32.i1, i16 %res_I_V_37, i32 9, i1 1"   --->   Operation 75 'bitset' 'p_Result_69' <Predicate = (!icmp_ln443_6)> <Delay = 0.00>
ST_4 : Operation 76 [1/1] (1.02ns)   --->   "%x_l_I_V_36 = select i1 %icmp_ln443_6, i35 %x_l_I_V_35, i35 %p_Result_68"   --->   Operation 76 'select' 'x_l_I_V_36' <Predicate = true> <Delay = 1.02> <CoreInst = "Sel">   --->   Core 73 'Sel' <Latency = 0> <II = 1> <Delay = 1.02> <FuncUnit> <Opcode : 'select'> <InPorts = 3> <OutPorts = 1>
ST_4 : Operation 77 [1/1] (0.80ns)   --->   "%res_I_V_38 = select i1 %icmp_ln443_6, i16 %res_I_V_37, i16 %p_Result_69"   --->   Operation 77 'select' 'res_I_V_38' <Predicate = true> <Delay = 0.80> <CoreInst = "Sel">   --->   Core 73 'Sel' <Latency = 0> <II = 1> <Delay = 0.80> <FuncUnit> <Opcode : 'select'> <InPorts = 3> <OutPorts = 1>
ST_4 : Operation 78 [1/1] (0.00ns)   --->   "%tmp_12 = partselect i8 @_ssdm_op_PartSelect.i8.i16.i32.i32, i16 %res_I_V_38, i32 8, i32 15"   --->   Operation 78 'partselect' 'tmp_12' <Predicate = true> <Delay = 0.00>
ST_4 : Operation 79 [1/1] (0.00ns)   --->   "%tmp_13 = bitconcatenate i9 @_ssdm_op_BitConcatenate.i9.i8.i1, i8 %tmp_12, i1 1"   --->   Operation 79 'bitconcatenate' 'tmp_13' <Predicate = true> <Delay = 0.00>
ST_4 : Operation 80 [1/1] (0.00ns)   --->   "%p_Result_70 = partselect i10 @_ssdm_op_PartSelect.i10.i35.i32.i32, i35 %x_l_I_V_36, i32 16, i32 25"   --->   Operation 80 'partselect' 'p_Result_70' <Predicate = true> <Delay = 0.00>
ST_4 : Operation 81 [1/1] (0.00ns)   --->   "%zext_ln443_6 = zext i9 %tmp_13"   --->   Operation 81 'zext' 'zext_ln443_6' <Predicate = true> <Delay = 0.00>
ST_4 : Operation 82 [1/1] (1.77ns)   --->   "%icmp_ln443_7 = icmp_ult  i10 %p_Result_70, i10 %zext_ln443_6"   --->   Operation 82 'icmp' 'icmp_ln443_7' <Predicate = true> <Delay = 1.77> <CoreInst = "Cmp">   --->   Core 9 'Cmp' <Latency = 0> <II = 1> <Delay = 1.77> <FuncUnit> <Opcode : 'icmp'> <InPorts = 2> <OutPorts = 1>
ST_4 : Operation 83 [1/1] (1.73ns)   --->   "%sub_ln277_6 = sub i10 %p_Result_70, i10 %zext_ln443_6"   --->   Operation 83 'sub' 'sub_ln277_6' <Predicate = true> <Delay = 1.73> <CoreInst = "Adder">   --->   Core 1 'Adder' <Latency = 0> <II = 1> <Delay = 1.73> <FuncUnit> <Opcode : 'add' 'sub'> <InPorts = 2> <OutPorts = 1>
ST_4 : Operation 84 [1/1] (0.00ns)   --->   "%p_Result_71 = partset i35 @_ssdm_op_PartSet.i35.i35.i10.i32.i32, i35 %x_l_I_V_36, i10 %sub_ln277_6, i32 16, i32 25"   --->   Operation 84 'partset' 'p_Result_71' <Predicate = true> <Delay = 0.00>
ST_4 : Operation 85 [1/1] (0.00ns)   --->   "%p_Result_72 = bitset i16 @_ssdm_op_BitSet.i16.i16.i32.i1, i16 %res_I_V_38, i32 8, i1 1"   --->   Operation 85 'bitset' 'p_Result_72' <Predicate = true> <Delay = 0.00>
ST_4 : Operation 86 [1/1] (1.02ns)   --->   "%x_l_I_V_37 = select i1 %icmp_ln443_7, i35 %x_l_I_V_36, i35 %p_Result_71"   --->   Operation 86 'select' 'x_l_I_V_37' <Predicate = true> <Delay = 1.02> <CoreInst = "Sel">   --->   Core 73 'Sel' <Latency = 0> <II = 1> <Delay = 1.02> <FuncUnit> <Opcode : 'select'> <InPorts = 3> <OutPorts = 1>
ST_4 : Operation 87 [1/1] (0.80ns)   --->   "%res_I_V = select i1 %icmp_ln443_7, i16 %res_I_V_38, i16 %p_Result_72"   --->   Operation 87 'select' 'res_I_V' <Predicate = true> <Delay = 0.80> <CoreInst = "Sel">   --->   Core 73 'Sel' <Latency = 0> <II = 1> <Delay = 0.80> <FuncUnit> <Opcode : 'select'> <InPorts = 3> <OutPorts = 1>
ST_4 : Operation 88 [1/1] (0.00ns)   --->   "%tmp_14 = partselect i9 @_ssdm_op_PartSelect.i9.i16.i32.i32, i16 %res_I_V, i32 7, i32 15"   --->   Operation 88 'partselect' 'tmp_14' <Predicate = true> <Delay = 0.00>
ST_4 : Operation 89 [1/1] (0.00ns)   --->   "%tmp_15 = bitconcatenate i10 @_ssdm_op_BitConcatenate.i10.i9.i1, i9 %tmp_14, i1 1"   --->   Operation 89 'bitconcatenate' 'tmp_15' <Predicate = true> <Delay = 0.00>
ST_4 : Operation 90 [1/1] (0.00ns)   --->   "%p_Result_73 = partselect i11 @_ssdm_op_PartSelect.i11.i35.i32.i32, i35 %x_l_I_V_37, i32 14, i32 24"   --->   Operation 90 'partselect' 'p_Result_73' <Predicate = true> <Delay = 0.00>
ST_4 : Operation 91 [1/1] (0.00ns)   --->   "%zext_ln443_7 = zext i10 %tmp_15"   --->   Operation 91 'zext' 'zext_ln443_7' <Predicate = true> <Delay = 0.00>
ST_4 : Operation 92 [1/1] (1.88ns)   --->   "%icmp_ln443_8 = icmp_ult  i11 %p_Result_73, i11 %zext_ln443_7"   --->   Operation 92 'icmp' 'icmp_ln443_8' <Predicate = true> <Delay = 1.88> <CoreInst = "Cmp">   --->   Core 9 'Cmp' <Latency = 0> <II = 1> <Delay = 1.88> <FuncUnit> <Opcode : 'icmp'> <InPorts = 2> <OutPorts = 1>
ST_4 : Operation 93 [1/1] (1.63ns)   --->   "%sub_ln277_7 = sub i11 %p_Result_73, i11 %zext_ln443_7"   --->   Operation 93 'sub' 'sub_ln277_7' <Predicate = true> <Delay = 1.63> <CoreInst = "Adder">   --->   Core 1 'Adder' <Latency = 0> <II = 1> <Delay = 1.63> <FuncUnit> <Opcode : 'add' 'sub'> <InPorts = 2> <OutPorts = 1>

State 5 <SV = 4> <Delay = 7.15>
ST_5 : Operation 94 [1/1] (0.00ns)   --->   "%p_Result_74 = partset i35 @_ssdm_op_PartSet.i35.i35.i11.i32.i32, i35 %x_l_I_V_37, i11 %sub_ln277_7, i32 14, i32 24"   --->   Operation 94 'partset' 'p_Result_74' <Predicate = (!icmp_ln443_8)> <Delay = 0.00>
ST_5 : Operation 95 [1/1] (0.00ns)   --->   "%p_Result_75 = bitset i16 @_ssdm_op_BitSet.i16.i16.i32.i1, i16 %res_I_V, i32 7, i1 1"   --->   Operation 95 'bitset' 'p_Result_75' <Predicate = (!icmp_ln443_8)> <Delay = 0.00>
ST_5 : Operation 96 [1/1] (1.02ns)   --->   "%x_l_I_V_38 = select i1 %icmp_ln443_8, i35 %x_l_I_V_37, i35 %p_Result_74"   --->   Operation 96 'select' 'x_l_I_V_38' <Predicate = true> <Delay = 1.02> <CoreInst = "Sel">   --->   Core 73 'Sel' <Latency = 0> <II = 1> <Delay = 1.02> <FuncUnit> <Opcode : 'select'> <InPorts = 3> <OutPorts = 1>
ST_5 : Operation 97 [1/1] (0.80ns)   --->   "%res_I_V_39 = select i1 %icmp_ln443_8, i16 %res_I_V, i16 %p_Result_75"   --->   Operation 97 'select' 'res_I_V_39' <Predicate = true> <Delay = 0.80> <CoreInst = "Sel">   --->   Core 73 'Sel' <Latency = 0> <II = 1> <Delay = 0.80> <FuncUnit> <Opcode : 'select'> <InPorts = 3> <OutPorts = 1>
ST_5 : Operation 98 [1/1] (0.00ns)   --->   "%tmp_16 = partselect i10 @_ssdm_op_PartSelect.i10.i16.i32.i32, i16 %res_I_V_39, i32 6, i32 15"   --->   Operation 98 'partselect' 'tmp_16' <Predicate = true> <Delay = 0.00>
ST_5 : Operation 99 [1/1] (0.00ns)   --->   "%tmp_17 = bitconcatenate i11 @_ssdm_op_BitConcatenate.i11.i10.i1, i10 %tmp_16, i1 1"   --->   Operation 99 'bitconcatenate' 'tmp_17' <Predicate = true> <Delay = 0.00>
ST_5 : Operation 100 [1/1] (0.00ns)   --->   "%p_Result_76 = partselect i12 @_ssdm_op_PartSelect.i12.i35.i32.i32, i35 %x_l_I_V_38, i32 12, i32 23"   --->   Operation 100 'partselect' 'p_Result_76' <Predicate = true> <Delay = 0.00>
ST_5 : Operation 101 [1/1] (0.00ns)   --->   "%zext_ln443_8 = zext i11 %tmp_17"   --->   Operation 101 'zext' 'zext_ln443_8' <Predicate = true> <Delay = 0.00>
ST_5 : Operation 102 [1/1] (1.99ns)   --->   "%icmp_ln443_9 = icmp_ult  i12 %p_Result_76, i12 %zext_ln443_8"   --->   Operation 102 'icmp' 'icmp_ln443_9' <Predicate = true> <Delay = 1.99> <CoreInst = "Cmp">   --->   Core 9 'Cmp' <Latency = 0> <II = 1> <Delay = 1.99> <FuncUnit> <Opcode : 'icmp'> <InPorts = 2> <OutPorts = 1>
ST_5 : Operation 103 [1/1] (1.54ns)   --->   "%sub_ln277_8 = sub i12 %p_Result_76, i12 %zext_ln443_8"   --->   Operation 103 'sub' 'sub_ln277_8' <Predicate = true> <Delay = 1.54> <CoreInst = "Adder">   --->   Core 1 'Adder' <Latency = 0> <II = 1> <Delay = 1.54> <FuncUnit> <Opcode : 'add' 'sub'> <InPorts = 2> <OutPorts = 1>
ST_5 : Operation 104 [1/1] (0.00ns)   --->   "%p_Result_77 = partset i35 @_ssdm_op_PartSet.i35.i35.i12.i32.i32, i35 %x_l_I_V_38, i12 %sub_ln277_8, i32 12, i32 23"   --->   Operation 104 'partset' 'p_Result_77' <Predicate = true> <Delay = 0.00>
ST_5 : Operation 105 [1/1] (0.00ns)   --->   "%p_Result_78 = bitset i16 @_ssdm_op_BitSet.i16.i16.i32.i1, i16 %res_I_V_39, i32 6, i1 1"   --->   Operation 105 'bitset' 'p_Result_78' <Predicate = true> <Delay = 0.00>
ST_5 : Operation 106 [1/1] (1.02ns)   --->   "%x_l_I_V_39 = select i1 %icmp_ln443_9, i35 %x_l_I_V_38, i35 %p_Result_77"   --->   Operation 106 'select' 'x_l_I_V_39' <Predicate = true> <Delay = 1.02> <CoreInst = "Sel">   --->   Core 73 'Sel' <Latency = 0> <II = 1> <Delay = 1.02> <FuncUnit> <Opcode : 'select'> <InPorts = 3> <OutPorts = 1>
ST_5 : Operation 107 [1/1] (0.80ns)   --->   "%res_I_V_40 = select i1 %icmp_ln443_9, i16 %res_I_V_39, i16 %p_Result_78"   --->   Operation 107 'select' 'res_I_V_40' <Predicate = true> <Delay = 0.80> <CoreInst = "Sel">   --->   Core 73 'Sel' <Latency = 0> <II = 1> <Delay = 0.80> <FuncUnit> <Opcode : 'select'> <InPorts = 3> <OutPorts = 1>
ST_5 : Operation 108 [1/1] (0.00ns)   --->   "%tmp_18 = partselect i11 @_ssdm_op_PartSelect.i11.i16.i32.i32, i16 %res_I_V_40, i32 5, i32 15"   --->   Operation 108 'partselect' 'tmp_18' <Predicate = true> <Delay = 0.00>
ST_5 : Operation 109 [1/1] (0.00ns)   --->   "%tmp_19 = bitconcatenate i12 @_ssdm_op_BitConcatenate.i12.i11.i1, i11 %tmp_18, i1 1"   --->   Operation 109 'bitconcatenate' 'tmp_19' <Predicate = true> <Delay = 0.00>
ST_5 : Operation 110 [1/1] (0.00ns)   --->   "%p_Result_79 = partselect i13 @_ssdm_op_PartSelect.i13.i35.i32.i32, i35 %x_l_I_V_39, i32 10, i32 22"   --->   Operation 110 'partselect' 'p_Result_79' <Predicate = true> <Delay = 0.00>
ST_5 : Operation 111 [1/1] (0.00ns)   --->   "%zext_ln443_9 = zext i12 %tmp_19"   --->   Operation 111 'zext' 'zext_ln443_9' <Predicate = true> <Delay = 0.00>
ST_5 : Operation 112 [1/1] (2.09ns)   --->   "%icmp_ln443_10 = icmp_ult  i13 %p_Result_79, i13 %zext_ln443_9"   --->   Operation 112 'icmp' 'icmp_ln443_10' <Predicate = true> <Delay = 2.09> <CoreInst = "Cmp">   --->   Core 9 'Cmp' <Latency = 0> <II = 1> <Delay = 2.09> <FuncUnit> <Opcode : 'icmp'> <InPorts = 2> <OutPorts = 1>
ST_5 : Operation 113 [1/1] (1.67ns)   --->   "%sub_ln277_9 = sub i13 %p_Result_79, i13 %zext_ln443_9"   --->   Operation 113 'sub' 'sub_ln277_9' <Predicate = true> <Delay = 1.67> <CoreInst = "Adder">   --->   Core 1 'Adder' <Latency = 0> <II = 1> <Delay = 1.67> <FuncUnit> <Opcode : 'add' 'sub'> <InPorts = 2> <OutPorts = 1>
ST_5 : Operation 114 [1/1] (0.00ns)   --->   "%p_Result_80 = partset i35 @_ssdm_op_PartSet.i35.i35.i13.i32.i32, i35 %x_l_I_V_39, i13 %sub_ln277_9, i32 10, i32 22"   --->   Operation 114 'partset' 'p_Result_80' <Predicate = true> <Delay = 0.00>
ST_5 : Operation 115 [1/1] (0.00ns)   --->   "%p_Result_81 = bitset i16 @_ssdm_op_BitSet.i16.i16.i32.i1, i16 %res_I_V_40, i32 5, i1 1"   --->   Operation 115 'bitset' 'p_Result_81' <Predicate = true> <Delay = 0.00>
ST_5 : Operation 116 [1/1] (1.02ns)   --->   "%x_l_I_V_40 = select i1 %icmp_ln443_10, i35 %x_l_I_V_39, i35 %p_Result_80"   --->   Operation 116 'select' 'x_l_I_V_40' <Predicate = true> <Delay = 1.02> <CoreInst = "Sel">   --->   Core 73 'Sel' <Latency = 0> <II = 1> <Delay = 1.02> <FuncUnit> <Opcode : 'select'> <InPorts = 3> <OutPorts = 1>
ST_5 : Operation 117 [1/1] (0.80ns)   --->   "%res_I_V_41 = select i1 %icmp_ln443_10, i16 %res_I_V_40, i16 %p_Result_81"   --->   Operation 117 'select' 'res_I_V_41' <Predicate = true> <Delay = 0.80> <CoreInst = "Sel">   --->   Core 73 'Sel' <Latency = 0> <II = 1> <Delay = 0.80> <FuncUnit> <Opcode : 'select'> <InPorts = 3> <OutPorts = 1>
ST_5 : Operation 118 [1/1] (0.00ns)   --->   "%tmp_20 = partselect i12 @_ssdm_op_PartSelect.i12.i16.i32.i32, i16 %res_I_V_41, i32 4, i32 15"   --->   Operation 118 'partselect' 'tmp_20' <Predicate = true> <Delay = 0.00>
ST_5 : Operation 119 [1/1] (0.00ns)   --->   "%p_Result_82 = partselect i14 @_ssdm_op_PartSelect.i14.i35.i32.i32, i35 %x_l_I_V_40, i32 8, i32 21"   --->   Operation 119 'partselect' 'p_Result_82' <Predicate = true> <Delay = 0.00>

State 6 <SV = 5> <Delay = 6.57>
ST_6 : Operation 120 [1/1] (0.00ns)   --->   "%tmp_21 = bitconcatenate i13 @_ssdm_op_BitConcatenate.i13.i12.i1, i12 %tmp_20, i1 1"   --->   Operation 120 'bitconcatenate' 'tmp_21' <Predicate = true> <Delay = 0.00>
ST_6 : Operation 121 [1/1] (0.00ns)   --->   "%zext_ln443_10 = zext i13 %tmp_21"   --->   Operation 121 'zext' 'zext_ln443_10' <Predicate = true> <Delay = 0.00>
ST_6 : Operation 122 [1/1] (2.20ns)   --->   "%icmp_ln443_11 = icmp_ult  i14 %p_Result_82, i14 %zext_ln443_10"   --->   Operation 122 'icmp' 'icmp_ln443_11' <Predicate = true> <Delay = 2.20> <CoreInst = "Cmp">   --->   Core 9 'Cmp' <Latency = 0> <II = 1> <Delay = 2.20> <FuncUnit> <Opcode : 'icmp'> <InPorts = 2> <OutPorts = 1>
ST_6 : Operation 123 [1/1] (1.81ns)   --->   "%sub_ln277_10 = sub i14 %p_Result_82, i14 %zext_ln443_10"   --->   Operation 123 'sub' 'sub_ln277_10' <Predicate = true> <Delay = 1.81> <CoreInst = "Adder">   --->   Core 1 'Adder' <Latency = 0> <II = 1> <Delay = 1.81> <FuncUnit> <Opcode : 'add' 'sub'> <InPorts = 2> <OutPorts = 1>
ST_6 : Operation 124 [1/1] (0.00ns)   --->   "%p_Result_83 = partset i35 @_ssdm_op_PartSet.i35.i35.i14.i32.i32, i35 %x_l_I_V_40, i14 %sub_ln277_10, i32 8, i32 21"   --->   Operation 124 'partset' 'p_Result_83' <Predicate = true> <Delay = 0.00>
ST_6 : Operation 125 [1/1] (0.00ns)   --->   "%p_Result_84 = bitset i16 @_ssdm_op_BitSet.i16.i16.i32.i1, i16 %res_I_V_41, i32 4, i1 1"   --->   Operation 125 'bitset' 'p_Result_84' <Predicate = true> <Delay = 0.00>
ST_6 : Operation 126 [1/1] (1.02ns)   --->   "%x_l_I_V_41 = select i1 %icmp_ln443_11, i35 %x_l_I_V_40, i35 %p_Result_83"   --->   Operation 126 'select' 'x_l_I_V_41' <Predicate = true> <Delay = 1.02> <CoreInst = "Sel">   --->   Core 73 'Sel' <Latency = 0> <II = 1> <Delay = 1.02> <FuncUnit> <Opcode : 'select'> <InPorts = 3> <OutPorts = 1>
ST_6 : Operation 127 [1/1] (0.80ns)   --->   "%res_I_V_42 = select i1 %icmp_ln443_11, i16 %res_I_V_41, i16 %p_Result_84"   --->   Operation 127 'select' 'res_I_V_42' <Predicate = true> <Delay = 0.80> <CoreInst = "Sel">   --->   Core 73 'Sel' <Latency = 0> <II = 1> <Delay = 0.80> <FuncUnit> <Opcode : 'select'> <InPorts = 3> <OutPorts = 1>
ST_6 : Operation 128 [1/1] (0.00ns)   --->   "%tmp_22 = partselect i13 @_ssdm_op_PartSelect.i13.i16.i32.i32, i16 %res_I_V_42, i32 3, i32 15"   --->   Operation 128 'partselect' 'tmp_22' <Predicate = true> <Delay = 0.00>
ST_6 : Operation 129 [1/1] (0.00ns)   --->   "%tmp_23 = bitconcatenate i14 @_ssdm_op_BitConcatenate.i14.i13.i1, i13 %tmp_22, i1 1"   --->   Operation 129 'bitconcatenate' 'tmp_23' <Predicate = true> <Delay = 0.00>
ST_6 : Operation 130 [1/1] (0.00ns)   --->   "%p_Result_85 = partselect i15 @_ssdm_op_PartSelect.i15.i35.i32.i32, i35 %x_l_I_V_41, i32 6, i32 20"   --->   Operation 130 'partselect' 'p_Result_85' <Predicate = true> <Delay = 0.00>
ST_6 : Operation 131 [1/1] (0.00ns)   --->   "%zext_ln443_11 = zext i14 %tmp_23"   --->   Operation 131 'zext' 'zext_ln443_11' <Predicate = true> <Delay = 0.00>
ST_6 : Operation 132 [1/1] (2.31ns)   --->   "%icmp_ln443_12 = icmp_ult  i15 %p_Result_85, i15 %zext_ln443_11"   --->   Operation 132 'icmp' 'icmp_ln443_12' <Predicate = true> <Delay = 2.31> <CoreInst = "Cmp">   --->   Core 9 'Cmp' <Latency = 0> <II = 1> <Delay = 2.31> <FuncUnit> <Opcode : 'icmp'> <InPorts = 2> <OutPorts = 1>
ST_6 : Operation 133 [1/1] (1.94ns)   --->   "%sub_ln277_11 = sub i15 %p_Result_85, i15 %zext_ln443_11"   --->   Operation 133 'sub' 'sub_ln277_11' <Predicate = true> <Delay = 1.94> <CoreInst = "Adder">   --->   Core 1 'Adder' <Latency = 0> <II = 1> <Delay = 1.94> <FuncUnit> <Opcode : 'add' 'sub'> <InPorts = 2> <OutPorts = 1>
ST_6 : Operation 134 [1/1] (0.00ns)   --->   "%p_Result_86 = partset i35 @_ssdm_op_PartSet.i35.i35.i15.i32.i32, i35 %x_l_I_V_41, i15 %sub_ln277_11, i32 6, i32 20"   --->   Operation 134 'partset' 'p_Result_86' <Predicate = true> <Delay = 0.00>
ST_6 : Operation 135 [1/1] (0.00ns)   --->   "%p_Result_87 = bitset i16 @_ssdm_op_BitSet.i16.i16.i32.i1, i16 %res_I_V_42, i32 3, i1 1"   --->   Operation 135 'bitset' 'p_Result_87' <Predicate = true> <Delay = 0.00>
ST_6 : Operation 136 [1/1] (1.02ns)   --->   "%x_l_I_V_42 = select i1 %icmp_ln443_12, i35 %x_l_I_V_41, i35 %p_Result_86"   --->   Operation 136 'select' 'x_l_I_V_42' <Predicate = true> <Delay = 1.02> <CoreInst = "Sel">   --->   Core 73 'Sel' <Latency = 0> <II = 1> <Delay = 1.02> <FuncUnit> <Opcode : 'select'> <InPorts = 3> <OutPorts = 1>
ST_6 : Operation 137 [1/1] (0.80ns)   --->   "%res_I_V_43 = select i1 %icmp_ln443_12, i16 %res_I_V_42, i16 %p_Result_87"   --->   Operation 137 'select' 'res_I_V_43' <Predicate = true> <Delay = 0.80> <CoreInst = "Sel">   --->   Core 73 'Sel' <Latency = 0> <II = 1> <Delay = 0.80> <FuncUnit> <Opcode : 'select'> <InPorts = 3> <OutPorts = 1>
ST_6 : Operation 138 [1/1] (0.00ns)   --->   "%tmp_24 = partselect i14 @_ssdm_op_PartSelect.i14.i16.i32.i32, i16 %res_I_V_43, i32 2, i32 15"   --->   Operation 138 'partselect' 'tmp_24' <Predicate = true> <Delay = 0.00>
ST_6 : Operation 139 [1/1] (0.00ns)   --->   "%p_Result_88 = partselect i16 @_ssdm_op_PartSelect.i16.i35.i32.i32, i35 %x_l_I_V_42, i32 4, i32 19"   --->   Operation 139 'partselect' 'p_Result_88' <Predicate = true> <Delay = 0.00>

State 7 <SV = 6> <Delay = 6.90>
ST_7 : Operation 140 [1/1] (0.00ns)   --->   "%tmp_25 = bitconcatenate i15 @_ssdm_op_BitConcatenate.i15.i14.i1, i14 %tmp_24, i1 1"   --->   Operation 140 'bitconcatenate' 'tmp_25' <Predicate = true> <Delay = 0.00>
ST_7 : Operation 141 [1/1] (0.00ns)   --->   "%zext_ln443_12 = zext i15 %tmp_25"   --->   Operation 141 'zext' 'zext_ln443_12' <Predicate = true> <Delay = 0.00>
ST_7 : Operation 142 [1/1] (2.42ns)   --->   "%icmp_ln443_13 = icmp_ult  i16 %p_Result_88, i16 %zext_ln443_12"   --->   Operation 142 'icmp' 'icmp_ln443_13' <Predicate = true> <Delay = 2.42> <CoreInst = "Cmp">   --->   Core 9 'Cmp' <Latency = 0> <II = 1> <Delay = 2.42> <FuncUnit> <Opcode : 'icmp'> <InPorts = 2> <OutPorts = 1>
ST_7 : Operation 143 [1/1] (2.07ns)   --->   "%sub_ln277_12 = sub i16 %p_Result_88, i16 %zext_ln443_12"   --->   Operation 143 'sub' 'sub_ln277_12' <Predicate = true> <Delay = 2.07> <CoreInst = "Adder">   --->   Core 1 'Adder' <Latency = 0> <II = 1> <Delay = 2.07> <FuncUnit> <Opcode : 'add' 'sub'> <InPorts = 2> <OutPorts = 1>
ST_7 : Operation 144 [1/1] (0.00ns)   --->   "%p_Result_89 = partset i35 @_ssdm_op_PartSet.i35.i35.i16.i32.i32, i35 %x_l_I_V_42, i16 %sub_ln277_12, i32 4, i32 19"   --->   Operation 144 'partset' 'p_Result_89' <Predicate = true> <Delay = 0.00>
ST_7 : Operation 145 [1/1] (0.00ns)   --->   "%p_Result_90 = bitset i16 @_ssdm_op_BitSet.i16.i16.i32.i1, i16 %res_I_V_43, i32 2, i1 1"   --->   Operation 145 'bitset' 'p_Result_90' <Predicate = true> <Delay = 0.00>
ST_7 : Operation 146 [1/1] (1.02ns)   --->   "%x_l_I_V_43 = select i1 %icmp_ln443_13, i35 %x_l_I_V_42, i35 %p_Result_89"   --->   Operation 146 'select' 'x_l_I_V_43' <Predicate = true> <Delay = 1.02> <CoreInst = "Sel">   --->   Core 73 'Sel' <Latency = 0> <II = 1> <Delay = 1.02> <FuncUnit> <Opcode : 'select'> <InPorts = 3> <OutPorts = 1>
ST_7 : Operation 147 [1/1] (0.80ns)   --->   "%res_I_V_44 = select i1 %icmp_ln443_13, i16 %res_I_V_43, i16 %p_Result_90"   --->   Operation 147 'select' 'res_I_V_44' <Predicate = true> <Delay = 0.80> <CoreInst = "Sel">   --->   Core 73 'Sel' <Latency = 0> <II = 1> <Delay = 0.80> <FuncUnit> <Opcode : 'select'> <InPorts = 3> <OutPorts = 1>
ST_7 : Operation 148 [1/1] (0.00ns)   --->   "%tmp_26 = partselect i15 @_ssdm_op_PartSelect.i15.i16.i32.i32, i16 %res_I_V_44, i32 1, i32 15"   --->   Operation 148 'partselect' 'tmp_26' <Predicate = true> <Delay = 0.00>
ST_7 : Operation 149 [1/1] (0.00ns)   --->   "%tmp_27 = bitconcatenate i16 @_ssdm_op_BitConcatenate.i16.i15.i1, i15 %tmp_26, i1 1"   --->   Operation 149 'bitconcatenate' 'tmp_27' <Predicate = true> <Delay = 0.00>
ST_7 : Operation 150 [1/1] (0.00ns)   --->   "%p_Result_91 = partselect i17 @_ssdm_op_PartSelect.i17.i35.i32.i32, i35 %x_l_I_V_43, i32 2, i32 18"   --->   Operation 150 'partselect' 'p_Result_91' <Predicate = true> <Delay = 0.00>
ST_7 : Operation 151 [1/1] (0.00ns)   --->   "%zext_ln443_13 = zext i16 %tmp_27"   --->   Operation 151 'zext' 'zext_ln443_13' <Predicate = true> <Delay = 0.00>
ST_7 : Operation 152 [1/1] (2.43ns)   --->   "%icmp_ln443_14 = icmp_ult  i17 %p_Result_91, i17 %zext_ln443_13"   --->   Operation 152 'icmp' 'icmp_ln443_14' <Predicate = true> <Delay = 2.43> <CoreInst = "Cmp">   --->   Core 9 'Cmp' <Latency = 0> <II = 1> <Delay = 2.43> <FuncUnit> <Opcode : 'icmp'> <InPorts = 2> <OutPorts = 1>
ST_7 : Operation 153 [1/1] (2.10ns)   --->   "%sub_ln277_13 = sub i17 %p_Result_91, i17 %zext_ln443_13"   --->   Operation 153 'sub' 'sub_ln277_13' <Predicate = true> <Delay = 2.10> <CoreInst = "Adder">   --->   Core 1 'Adder' <Latency = 0> <II = 1> <Delay = 2.10> <FuncUnit> <Opcode : 'add' 'sub'> <InPorts = 2> <OutPorts = 1>
ST_7 : Operation 154 [1/1] (0.00ns)   --->   "%p_Result_92 = partset i35 @_ssdm_op_PartSet.i35.i35.i17.i32.i32, i35 %x_l_I_V_43, i17 %sub_ln277_13, i32 2, i32 18"   --->   Operation 154 'partset' 'p_Result_92' <Predicate = true> <Delay = 0.00>
ST_7 : Operation 155 [1/1] (0.00ns)   --->   "%p_Result_93 = bitset i16 @_ssdm_op_BitSet.i16.i16.i32.i1, i16 %res_I_V_44, i32 1, i1 1"   --->   Operation 155 'bitset' 'p_Result_93' <Predicate = true> <Delay = 0.00>
ST_7 : Operation 156 [1/1] (1.02ns)   --->   "%x_l_I_V_44 = select i1 %icmp_ln443_14, i35 %x_l_I_V_43, i35 %p_Result_92"   --->   Operation 156 'select' 'x_l_I_V_44' <Predicate = true> <Delay = 1.02> <CoreInst = "Sel">   --->   Core 73 'Sel' <Latency = 0> <II = 1> <Delay = 1.02> <FuncUnit> <Opcode : 'select'> <InPorts = 3> <OutPorts = 1>
ST_7 : Operation 157 [1/1] (0.80ns)   --->   "%res_I_V_45 = select i1 %icmp_ln443_14, i16 %res_I_V_44, i16 %p_Result_93"   --->   Operation 157 'select' 'res_I_V_45' <Predicate = true> <Delay = 0.80> <CoreInst = "Sel">   --->   Core 73 'Sel' <Latency = 0> <II = 1> <Delay = 0.80> <FuncUnit> <Opcode : 'select'> <InPorts = 3> <OutPorts = 1>
ST_7 : Operation 158 [1/1] (0.00ns)   --->   "%p_Result_94 = trunc i35 %x_l_I_V_44"   --->   Operation 158 'trunc' 'p_Result_94' <Predicate = true> <Delay = 0.00>

State 8 <SV = 7> <Delay = 6.54>
ST_8 : Operation 159 [1/1] (0.00ns)   --->   "%specpipeline_ln44 = specpipeline void @_ssdm_op_SpecPipeline, i32 4294967295, i32 0, i32 0, i32 0, void @empty_1" [C:\scratch\2022.2\hls_product\608\2022.2\src\shared\hls\clib/hlsmath/include\hls_sqrt_apfixed.h:44]   --->   Operation 159 'specpipeline' 'specpipeline_ln44' <Predicate = true> <Delay = 0.00>
ST_8 : Operation 160 [1/1] (0.00ns) (grouped into LUT with out node select_ln53)   --->   "%p_Result_s = bitselect i1 @_ssdm_op_BitSelect.i1.i32.i32, i32 %x_read, i32 31"   --->   Operation 160 'bitselect' 'p_Result_s' <Predicate = true> <Delay = 0.00>
ST_8 : Operation 161 [1/1] (0.00ns)   --->   "%tmp_28 = bitconcatenate i17 @_ssdm_op_BitConcatenate.i17.i16.i1, i16 %res_I_V_45, i1 1"   --->   Operation 161 'bitconcatenate' 'tmp_28' <Predicate = true> <Delay = 0.00>
ST_8 : Operation 162 [1/1] (0.00ns)   --->   "%zext_ln443_14 = zext i17 %tmp_28"   --->   Operation 162 'zext' 'zext_ln443_14' <Predicate = true> <Delay = 0.00>
ST_8 : Operation 163 [1/1] (2.43ns)   --->   "%icmp_ln443_15 = icmp_ult  i18 %p_Result_94, i18 %zext_ln443_14"   --->   Operation 163 'icmp' 'icmp_ln443_15' <Predicate = true> <Delay = 2.43> <CoreInst = "Cmp">   --->   Core 9 'Cmp' <Latency = 0> <II = 1> <Delay = 2.43> <FuncUnit> <Opcode : 'icmp'> <InPorts = 2> <OutPorts = 1>
ST_8 : Operation 164 [1/1] (2.13ns)   --->   "%sub_ln277_14 = sub i18 %p_Result_94, i18 %zext_ln443_14"   --->   Operation 164 'sub' 'sub_ln277_14' <Predicate = true> <Delay = 2.13> <CoreInst = "Adder">   --->   Core 1 'Adder' <Latency = 0> <II = 1> <Delay = 2.13> <FuncUnit> <Opcode : 'add' 'sub'> <InPorts = 2> <OutPorts = 1>
ST_8 : Operation 165 [1/1] (0.00ns) (grouped into LUT with out node p_Result_49)   --->   "%p_Result_95 = partset i35 @_ssdm_op_PartSet.i35.i35.i18.i32.i32, i35 %x_l_I_V_44, i18 %sub_ln277_14, i32 0, i32 17"   --->   Operation 165 'partset' 'p_Result_95' <Predicate = true> <Delay = 0.00>
ST_8 : Operation 166 [1/1] (0.00ns)   --->   "%p_Result_96 = bitset i16 @_ssdm_op_BitSet.i16.i16.i32.i1, i16 %res_I_V_45, i32 0, i1 1"   --->   Operation 166 'bitset' 'p_Result_96' <Predicate = true> <Delay = 0.00>
ST_8 : Operation 167 [1/1] (0.00ns) (grouped into LUT with out node p_Result_49)   --->   "%x_l_I_V_45 = select i1 %icmp_ln443_15, i35 %x_l_I_V_44, i35 %p_Result_95"   --->   Operation 167 'select' 'x_l_I_V_45' <Predicate = true> <Delay = 0.00> <CoreInst = "Sel">   --->   Core 73 'Sel' <Latency = 0> <II = 1> <Delay = 1.02> <FuncUnit> <Opcode : 'select'> <InPorts = 3> <OutPorts = 1>
ST_8 : Operation 168 [1/1] (0.80ns)   --->   "%res_I_V_46 = select i1 %icmp_ln443_15, i16 %res_I_V_45, i16 %p_Result_96"   --->   Operation 168 'select' 'res_I_V_46' <Predicate = true> <Delay = 0.80> <CoreInst = "Sel">   --->   Core 73 'Sel' <Latency = 0> <II = 1> <Delay = 0.80> <FuncUnit> <Opcode : 'select'> <InPorts = 3> <OutPorts = 1>
ST_8 : Operation 169 [1/1] (0.00ns) (grouped into LUT with out node p_Result_49)   --->   "%mul_I_V = bitconcatenate i17 @_ssdm_op_BitConcatenate.i17.i1.i16, i1 0, i16 %res_I_V_46"   --->   Operation 169 'bitconcatenate' 'mul_I_V' <Predicate = true> <Delay = 0.00>
ST_8 : Operation 170 [1/1] (0.00ns) (grouped into LUT with out node p_Result_49)   --->   "%zext_ln1649 = zext i17 %mul_I_V"   --->   Operation 170 'zext' 'zext_ln1649' <Predicate = true> <Delay = 0.00>
ST_8 : Operation 171 [1/1] (2.49ns) (out node of the LUT)   --->   "%p_Result_49 = icmp_ugt  i35 %x_l_I_V_45, i35 %zext_ln1649"   --->   Operation 171 'icmp' 'p_Result_49' <Predicate = true> <Delay = 2.49> <CoreInst = "Cmp">   --->   Core 9 'Cmp' <Latency = 0> <II = 1> <Delay = 2.49> <FuncUnit> <Opcode : 'icmp'> <InPorts = 2> <OutPorts = 1>
ST_8 : Operation 172 [1/1] (2.07ns)   --->   "%res_I_V_30 = add i16 %res_I_V_46, i16 1"   --->   Operation 172 'add' 'res_I_V_30' <Predicate = true> <Delay = 2.07> <CoreInst = "Adder">   --->   Core 1 'Adder' <Latency = 0> <II = 1> <Delay = 2.07> <FuncUnit> <Opcode : 'add' 'sub'> <InPorts = 2> <OutPorts = 1>
ST_8 : Operation 173 [1/1] (0.00ns) (grouped into LUT with out node select_ln53)   --->   "%res_I_V_47 = select i1 %p_Result_49, i16 %res_I_V_30, i16 %res_I_V_46" [C:\scratch\2022.2\hls_product\608\2022.2\src\shared\hls\clib/hlsmath/include\hls_sqrt_apfixed.h:363]   --->   Operation 173 'select' 'res_I_V_47' <Predicate = true> <Delay = 0.00> <CoreInst = "Sel">   --->   Core 73 'Sel' <Latency = 0> <II = 1> <Delay = 0.80> <FuncUnit> <Opcode : 'select'> <InPorts = 3> <OutPorts = 1>
ST_8 : Operation 174 [1/1] (0.80ns) (out node of the LUT)   --->   "%select_ln53 = select i1 %p_Result_s, i16 0, i16 %res_I_V_47"   --->   Operation 174 'select' 'select_ln53' <Predicate = true> <Delay = 0.80> <CoreInst = "Sel">   --->   Core 73 'Sel' <Latency = 0> <II = 1> <Delay = 0.80> <FuncUnit> <Opcode : 'select'> <InPorts = 3> <OutPorts = 1>
ST_8 : Operation 175 [1/1] (0.00ns)   --->   "%ret_ln372 = ret i16 %select_ln53" [C:\scratch\2022.2\hls_product\608\2022.2\src\shared\hls\clib/hlsmath/include\hls_sqrt_apfixed.h:372]   --->   Operation 175 'ret' 'ret_ln372' <Predicate = true> <Delay = 0.00>


============================================================
+ Verbose Summary: Timing violations
============================================================
Target clock period: 10ns, clock uncertainty: 2.7ns.

 <State 1>: 7.12ns
The critical path consists of the following:
	wire read operation ('x_read') on port 'x' [3]  (0 ns)
	'add' operation ('add_ln277') [9]  (1.56 ns)
	'select' operation ('x_l_I.V') [11]  (1.02 ns)
	'sub' operation ('sub_ln277') [18]  (1.74 ns)
	'select' operation ('x_l_I.V') [21]  (1.02 ns)
	'sub' operation ('sub_ln277_1') [28]  (1.78 ns)

 <State 2>: 5.74ns
The critical path consists of the following:
	'select' operation ('x_l_I.V') [31]  (1.02 ns)
	'sub' operation ('sub_ln277_2') [38]  (1.83 ns)
	'select' operation ('x_l_I.V') [41]  (1.02 ns)
	'sub' operation ('sub_ln277_3') [48]  (1.87 ns)

 <State 3>: 5.78ns
The critical path consists of the following:
	'select' operation ('x_l_I.V') [51]  (1.02 ns)
	'sub' operation ('sub_ln277_4') [58]  (1.92 ns)
	'select' operation ('x_l_I.V') [61]  (1.02 ns)
	'sub' operation ('sub_ln277_5') [68]  (1.82 ns)

 <State 4>: 5.69ns
The critical path consists of the following:
	'select' operation ('x_l_I.V') [71]  (1.02 ns)
	'icmp' operation ('icmp_ln443_7') [77]  (1.77 ns)
	'select' operation ('x_l_I.V') [81]  (1.02 ns)
	'icmp' operation ('icmp_ln443_8') [87]  (1.88 ns)

 <State 5>: 7.15ns
The critical path consists of the following:
	'select' operation ('x_l_I.V') [91]  (1.02 ns)
	'icmp' operation ('icmp_ln443_9') [97]  (1.99 ns)
	'select' operation ('x_l_I.V') [101]  (1.02 ns)
	'icmp' operation ('icmp_ln443_10') [107]  (2.1 ns)
	'select' operation ('x_l_I.V') [111]  (1.02 ns)

 <State 6>: 6.57ns
The critical path consists of the following:
	'icmp' operation ('icmp_ln443_11') [117]  (2.21 ns)
	'select' operation ('x_l_I.V') [121]  (1.02 ns)
	'icmp' operation ('icmp_ln443_12') [127]  (2.32 ns)
	'select' operation ('x_l_I.V') [131]  (1.02 ns)

 <State 7>: 6.9ns
The critical path consists of the following:
	'icmp' operation ('icmp_ln443_13') [137]  (2.43 ns)
	'select' operation ('x_l_I.V') [141]  (1.02 ns)
	'icmp' operation ('icmp_ln443_14') [147]  (2.43 ns)
	'select' operation ('x_l_I.V') [151]  (1.02 ns)

 <State 8>: 6.54ns
The critical path consists of the following:
	'icmp' operation ('icmp_ln443_15') [156]  (2.43 ns)
	'select' operation ('res_I.V') [161]  (0.805 ns)
	'icmp' operation ('__Result__') [164]  (2.5 ns)
	'select' operation ('res_I.V', C:\scratch\2022.2\hls_product\608\2022.2\src\shared\hls\clib/hlsmath/include\hls_sqrt_apfixed.h:363) [166]  (0 ns)
	'select' operation ('select_ln53') [167]  (0.805 ns)


============================================================
+ Verbose Summary: Binding
============================================================
N/A
* FSMD analyzer results:
  - Output states:
 - Input state : 
  - Chain level:
	State 1
	State 2
	State 3
	State 4
	State 5
	State 6
	State 7
	State 8


============================================================
+ Verbose Summary: Datapath Resource usage 
============================================================
N/A
