

================================================================
== Vitis HLS Report for 'clusterOp2_Pipeline_VITIS_LOOP_111_3'
================================================================
* Date:           Thu Apr 27 04:10:23 2023

* Version:        2022.2 (Build 3670227 on Oct 13 2022)
* Project:        cluster
* Solution:       solution2 (Vivado IP Flow Target)
* Product family: zynq
* Target device:  xc7z020-clg400-1


================================================================
== Performance Estimates
================================================================
+ Timing: 
    * Summary: 
    +--------+----------+----------+------------+
    |  Clock |  Target  | Estimated| Uncertainty|
    +--------+----------+----------+------------+
    |ap_clk  |  10.00 ns|  5.361 ns|     2.70 ns|
    +--------+----------+----------+------------+

+ Latency: 
    * Summary: 
    +---------+---------+----------+----------+-----+-----+---------+
    |  Latency (cycles) |  Latency (absolute) |  Interval | Pipeline|
    |   min   |   max   |    min   |    max   | min | max |   Type  |
    +---------+---------+----------+----------+-----+-----+---------+
    |        ?|        ?|         ?|         ?|    ?|    ?|       no|
    +---------+---------+----------+----------+-----+-----+---------+

    + Detail: 
        * Instance: 
        N/A

        * Loop: 
        +--------------------+---------+---------+----------+-----------+-----------+------+----------+
        |                    |  Latency (cycles) | Iteration|  Initiation Interval  | Trip |          |
        |      Loop Name     |   min   |   max   |  Latency |  achieved |   target  | Count| Pipelined|
        +--------------------+---------+---------+----------+-----------+-----------+------+----------+
        |- VITIS_LOOP_111_3  |        ?|        ?|         2|          1|          1|     ?|       yes|
        +--------------------+---------+---------+----------+-----------+-----------+------+----------+



================================================================
== Utilization Estimates
================================================================
* Summary: 
+-----------------+---------+-----+--------+-------+-----+
|       Name      | BRAM_18K| DSP |   FF   |  LUT  | URAM|
+-----------------+---------+-----+--------+-------+-----+
|DSP              |        -|    -|       -|      -|    -|
|Expression       |        -|    -|       0|    104|    -|
|FIFO             |        -|    -|       -|      -|    -|
|Instance         |        -|    -|       -|      -|    -|
|Memory           |        -|    -|       -|      -|    -|
|Multiplexer      |        -|    -|       -|     45|    -|
|Register         |        -|    -|      35|      -|    -|
+-----------------+---------+-----+--------+-------+-----+
|Total            |        0|    0|      35|    149|    0|
+-----------------+---------+-----+--------+-------+-----+
|Available        |      280|  220|  106400|  53200|    0|
+-----------------+---------+-----+--------+-------+-----+
|Utilization (%)  |        0|    0|      ~0|     ~0|    0|
+-----------------+---------+-----+--------+-------+-----+

+ Detail: 
    * Instance: 
    N/A

    * DSP: 
    N/A

    * Memory: 
    N/A

    * FIFO: 
    N/A

    * Expression: 
    +---------------------------+----------+----+---+----+------------+------------+
    |       Variable Name       | Operation| DSP| FF| LUT| Bitwidth P0| Bitwidth P1|
    +---------------------------+----------+----+---+----+------------+------------+
    |add_ln111_fu_168_p2        |         +|   0|  0|  38|          31|           1|
    |add_ln113_fu_178_p2        |         +|   0|  0|  24|          17|          17|
    |ap_block_pp0_stage0_01001  |       and|   0|  0|   2|           1|           1|
    |tmp_last_V_fu_195_p2       |       and|   0|  0|   2|           1|           1|
    |icmp_ln111_fu_162_p2       |      icmp|   0|  0|  18|          32|          32|
    |icmp_ln118_1_fu_189_p2     |      icmp|   0|  0|  18|          32|          32|
    |ap_enable_pp0              |       xor|   0|  0|   2|           1|           2|
    +---------------------------+----------+----+---+----+------------+------------+
    |Total                      |          |   0|  0| 104|         115|          86|
    +---------------------------+----------+----+---+----+------------+------------+

    * Multiplexer: 
    +-------------------------+----+-----------+-----+-----------+
    |           Name          | LUT| Input Size| Bits| Total Bits|
    +-------------------------+----+-----------+-----+-----------+
    |ap_done_int              |   9|          2|    1|          2|
    |ap_enable_reg_pp0_iter1  |   9|          2|    1|          2|
    |ap_sig_allocacmp_j_2     |   9|          2|   31|         62|
    |j_fu_74                  |   9|          2|   31|         62|
    |outStream_TDATA_blk_n    |   9|          2|    1|          2|
    +-------------------------+----+-----------+-----+-----------+
    |Total                    |  45|         10|   65|        130|
    +-------------------------+----+-----------+-----+-----------+

    * Register: 
    +-------------------------+----+----+-----+-----------+
    |           Name          | FF | LUT| Bits| Const Bits|
    +-------------------------+----+----+-----+-----------+
    |ap_CS_fsm                |   1|   0|    1|          0|
    |ap_done_reg              |   1|   0|    1|          0|
    |ap_enable_reg_pp0_iter1  |   1|   0|    1|          0|
    |j_fu_74                  |  31|   0|   31|          0|
    |tmp_last_V_reg_231       |   1|   0|    1|          0|
    +-------------------------+----+----+-----+-----------+
    |Total                    |  35|   0|   35|          0|
    +-------------------------+----+----+-----+-----------+



================================================================
== Interface
================================================================
* Summary: 
+----------------------------+-----+-----+------------+--------------------------------------+--------------+
|          RTL Ports         | Dir | Bits|  Protocol  |             Source Object            |    C Type    |
+----------------------------+-----+-----+------------+--------------------------------------+--------------+
|ap_clk                      |   in|    1|  ap_ctrl_hs|  clusterOp2_Pipeline_VITIS_LOOP_111_3|  return value|
|ap_rst                      |   in|    1|  ap_ctrl_hs|  clusterOp2_Pipeline_VITIS_LOOP_111_3|  return value|
|ap_start                    |   in|    1|  ap_ctrl_hs|  clusterOp2_Pipeline_VITIS_LOOP_111_3|  return value|
|ap_done                     |  out|    1|  ap_ctrl_hs|  clusterOp2_Pipeline_VITIS_LOOP_111_3|  return value|
|ap_idle                     |  out|    1|  ap_ctrl_hs|  clusterOp2_Pipeline_VITIS_LOOP_111_3|  return value|
|ap_ready                    |  out|    1|  ap_ctrl_hs|  clusterOp2_Pipeline_VITIS_LOOP_111_3|  return value|
|outStream_TREADY            |   in|    1|        axis|                    outStream_V_data_V|       pointer|
|outStream_TDATA             |  out|   32|        axis|                    outStream_V_data_V|       pointer|
|clusters_member_count_load  |   in|   32|     ap_none|            clusters_member_count_load|        scalar|
|phi_mul                     |   in|   17|     ap_none|                               phi_mul|        scalar|
|clusters_members_address0   |  out|   17|   ap_memory|                      clusters_members|         array|
|clusters_members_ce0        |  out|    1|   ap_memory|                      clusters_members|         array|
|clusters_members_q0         |   in|    9|   ap_memory|                      clusters_members|         array|
|sub                         |   in|   32|     ap_none|                                   sub|        scalar|
|icmp_ln118                  |   in|    1|     ap_none|                            icmp_ln118|        scalar|
|tmp_id_V                    |   in|    5|     ap_none|                              tmp_id_V|        scalar|
|outStream_TVALID            |  out|    1|        axis|                    outStream_V_dest_V|       pointer|
|outStream_TDEST             |  out|    6|        axis|                    outStream_V_dest_V|       pointer|
|outStream_TKEEP             |  out|    4|        axis|                    outStream_V_keep_V|       pointer|
|outStream_TSTRB             |  out|    4|        axis|                    outStream_V_strb_V|       pointer|
|outStream_TUSER             |  out|    2|        axis|                    outStream_V_user_V|       pointer|
|outStream_TLAST             |  out|    1|        axis|                    outStream_V_last_V|       pointer|
|outStream_TID               |  out|    5|        axis|                      outStream_V_id_V|       pointer|
+----------------------------+-----+-----+------------+--------------------------------------+--------------+

