

================================================================
== Vitis HLS Report for 'dbscan'
================================================================
* Date:           Thu Apr 27 04:10:20 2023

* Version:        2022.2 (Build 3670227 on Oct 13 2022)
* Project:        cluster
* Solution:       solution2 (Vivado IP Flow Target)
* Product family: zynq
* Target device:  xc7z020-clg400-1


================================================================
== Performance Estimates
================================================================
+ Timing: 
    * Summary: 
    +--------+----------+----------+------------+
    |  Clock |  Target  | Estimated| Uncertainty|
    +--------+----------+----------+------------+
    |ap_clk  |  10.00 ns|  7.297 ns|     2.70 ns|
    +--------+----------+----------+------------+

+ Latency: 
    * Summary: 
    +---------+---------+-----------+----------+------+-----+---------+
    |  Latency (cycles) |  Latency (absolute)  |  Interval  | Pipeline|
    |   min   |   max   |    min    |    max   |  min | max |   Type  |
    +---------+---------+-----------+----------+------+-----+---------+
    |     1081|        ?|  10.810 us|         ?|  1081|    ?|       no|
    +---------+---------+-----------+----------+------+-----+---------+

    + Detail: 
        * Instance: 
        +--------------------------------------------+---------------------------------+---------+---------+----------+----------+-----+-----+---------+
        |                                            |                                 |  Latency (cycles) |  Latency (absolute) |  Interval | Pipeline|
        |                  Instance                  |              Module             |   min   |   max   |    min   |    max   | min | max |   Type  |
        +--------------------------------------------+---------------------------------+---------+---------+----------+----------+-----+-----+---------+
        |grp_dbscan_Pipeline_VITIS_LOOP_28_2_fu_197  |dbscan_Pipeline_VITIS_LOOP_28_2  |      494|      494|  4.940 us|  4.940 us|  494|  494|       no|
        |grp_dbscan_Pipeline_VITIS_LOOP_54_4_fu_220  |dbscan_Pipeline_VITIS_LOOP_54_4  |      494|      494|  4.940 us|  4.940 us|  494|  494|       no|
        +--------------------------------------------+---------------------------------+---------+---------+----------+----------+-----+-----+---------+

        * Loop: 
        +--------------------+---------+---------+----------+-----------+-----------+-------+----------+
        |                    |  Latency (cycles) | Iteration|  Initiation Interval  |  Trip |          |
        |      Loop Name     |   min   |   max   |  Latency |  achieved |   target  | Count | Pipelined|
        +--------------------+---------+---------+----------+-----------+-----------+-------+----------+
        |- VITIS_LOOP_18_1   |     1080|        ?|     3 ~ ?|          -|          -|    360|        no|
        | + VITIS_LOOP_47_3  |       20|        ?|   4 ~ 573|          -|          -|  5 ~ ?|        no|
        +--------------------+---------+---------+----------+-----------+-----------+-------+----------+



================================================================
== Utilization Estimates
================================================================
* Summary: 
+-----------------+---------+-----+--------+-------+-----+
|       Name      | BRAM_18K| DSP |   FF   |  LUT  | URAM|
+-----------------+---------+-----+--------+-------+-----+
|DSP              |        -|    1|       -|      -|    -|
|Expression       |        -|    -|       0|    218|    -|
|FIFO             |        -|    -|       -|      -|    -|
|Instance         |       32|  283|   35497|  38668|    -|
|Memory           |        1|    -|       0|      0|    0|
|Multiplexer      |        -|    -|       -|   1729|    -|
|Register         |        -|    -|     721|      -|    -|
+-----------------+---------+-----+--------+-------+-----+
|Total            |       33|  284|   36218|  40615|    0|
+-----------------+---------+-----+--------+-------+-----+
|Available        |      280|  220|  106400|  53200|    0|
+-----------------+---------+-----+--------+-------+-----+
|Utilization (%)  |       11|  129|      34|     76|    0|
+-----------------+---------+-----+--------+-------+-----+

+ Detail: 
    * Instance: 
    +--------------------------------------------+---------------------------------+---------+----+------+------+-----+
    |                  Instance                  |              Module             | BRAM_18K| DSP|  FF  |  LUT | URAM|
    +--------------------------------------------+---------------------------------+---------+----+------+------+-----+
    |grp_dbscan_Pipeline_VITIS_LOOP_28_2_fu_197  |dbscan_Pipeline_VITIS_LOOP_28_2  |        0|   0|  1685|  2390|    0|
    |grp_dbscan_Pipeline_VITIS_LOOP_54_4_fu_220  |dbscan_Pipeline_VITIS_LOOP_54_4  |        0|   0|  1685|  2420|    0|
    |ddiv_64ns_64ns_64_59_no_dsp_1_U77           |ddiv_64ns_64ns_64_59_no_dsp_1    |        0|   0|     0|     0|    0|
    |dmul_64ns_64ns_64_7_max_dsp_1_U76           |dmul_64ns_64ns_64_7_max_dsp_1    |        0|  11|   342|   586|    0|
    |dmul_64ns_64ns_64_7_max_dsp_1_U82           |dmul_64ns_64ns_64_7_max_dsp_1    |        0|  11|   342|   586|    0|
    |dmul_64ns_64ns_64_7_max_dsp_1_U83           |dmul_64ns_64ns_64_7_max_dsp_1    |        0|  11|   342|   586|    0|
    |dmul_64ns_64ns_64_7_max_dsp_1_U84           |dmul_64ns_64ns_64_7_max_dsp_1    |        0|  11|   342|   586|    0|
    |dmul_64ns_64ns_64_7_max_dsp_1_U85           |dmul_64ns_64ns_64_7_max_dsp_1    |        0|  11|   342|   586|    0|
    |dsub_64ns_64ns_64_7_full_dsp_1_U80          |dsub_64ns_64ns_64_7_full_dsp_1   |        0|   3|   630|  1141|    0|
    |dsub_64ns_64ns_64_7_full_dsp_1_U81          |dsub_64ns_64ns_64_7_full_dsp_1   |        0|   3|   630|  1141|    0|
    |mul_32s_32s_32_2_1_U87                      |mul_32s_32s_32_2_1               |        0|   3|   165|    50|    0|
    |mul_32s_32s_32_2_1_U88                      |mul_32s_32s_32_2_1               |        0|   3|   165|    50|    0|
    |grp_sin_or_cos_double_s_fu_607              |sin_or_cos_double_s              |        8|  54|  7058|  6798|    0|
    |grp_sin_or_cos_double_s_fu_618              |sin_or_cos_double_s              |        8|  54|  7058|  6798|    0|
    |grp_sin_or_cos_double_s_fu_629              |sin_or_cos_double_s              |        8|  54|  7058|  6798|    0|
    |grp_sin_or_cos_double_s_fu_640              |sin_or_cos_double_s              |        8|  54|  7058|  6798|    0|
    |sitodp_32ns_64_6_no_dsp_1_U78               |sitodp_32ns_64_6_no_dsp_1        |        0|   0|     0|     0|    0|
    |sitodp_32ns_64_6_no_dsp_1_U86               |sitodp_32ns_64_6_no_dsp_1        |        0|   0|     0|     0|    0|
    |grp_sqrt_fixed_32_32_s_fu_651               |sqrt_fixed_32_32_s               |        0|   0|   595|  1354|    0|
    +--------------------------------------------+---------------------------------+---------+----+------+------+-----+
    |Total                                       |                                 |       32| 283| 35497| 38668|    0|
    +--------------------------------------------+---------------------------------+---------+----+------+------+-----+

    * DSP: 
    +----------------------------+------------------------+-----------+
    |          Instance          |         Module         | Expression|
    +----------------------------+------------------------+-----------+
    |mul_mul_17s_9ns_17_4_1_U79  |mul_mul_17s_9ns_17_4_1  |    i0 * i1|
    +----------------------------+------------------------+-----------+

    * Memory: 
    +-------------+--------------------------------+---------+---+----+-----+------+-----+------+-------------+
    |    Memory   |             Module             | BRAM_18K| FF| LUT| URAM| Words| Bits| Banks| W*Bits*Banks|
    +-------------+--------------------------------+---------+---+----+-----+------+-----+------+-------------+
    |neighbors_U  |dbscan_neighbors_RAM_AUTO_1R1W  |        1|  0|   0|    0|   360|    9|     1|         3240|
    +-------------+--------------------------------+---------+---+----+-----+------+-----+------+-------------+
    |Total        |                                |        1|  0|   0|    0|   360|    9|     1|         3240|
    +-------------+--------------------------------+---------+---+----+-----+------+-----+------+-------------+

    * FIFO: 
    N/A

    * Expression: 
    +----------------------+----------+----+---+----+------------+------------+
    |     Variable Name    | Operation| DSP| FF| LUT| Bitwidth P0| Bitwidth P1|
    +----------------------+----------+----+---+----+------------+------------+
    |add_ln18_fu_300_p2    |         +|   0|  0|  14|           9|           1|
    |add_ln43_fu_336_p2    |         +|   0|  0|  39|          32|           1|
    |add_ln47_fu_351_p2    |         +|   0|  0|  38|          31|           1|
    |add_ln69_1_fu_392_p2  |         +|   0|  0|  24|          17|          17|
    |add_ln69_fu_397_p2    |         +|   0|  0|  39|          32|           1|
    |icmp_ln18_fu_294_p2   |      icmp|   0|  0|  11|           9|           9|
    |icmp_ln42_fu_322_p2   |      icmp|   0|  0|  18|          32|           3|
    |icmp_ln47_fu_346_p2   |      icmp|   0|  0|  17|          31|          31|
    |icmp_ln68_fu_382_p2   |      icmp|   0|  0|  18|          32|           3|
    +----------------------+----------+----+---+----+------------+------------+
    |Total                 |          |   0|  0| 218|         225|          67|
    +----------------------+----------+----+---+----+------------+------------+

    * Multiplexer: 
    +-----------------------------------------+-----+-----------+-----+-----------+
    |                   Name                  | LUT | Input Size| Bits| Total Bits|
    +-----------------------------------------+-----+-----------+-----+-----------+
    |ap_NS_fsm                                |  854|        160|    1|        160|
    |cluster_count_0_fu_74                    |    9|          2|   32|         64|
    |clusters_member_count_address0           |   14|          3|    9|         27|
    |clusters_member_count_d0                 |   14|          3|   32|         96|
    |data_address0                            |   25|          5|    9|         45|
    |data_ce0                                 |   20|          4|    1|          4|
    |grp_fu_242_ce                            |   14|          3|    1|          3|
    |grp_fu_242_p0                            |   20|          4|   64|        256|
    |grp_fu_242_p1                            |   20|          4|   64|        256|
    |grp_fu_247_ce                            |   14|          3|    1|          3|
    |grp_fu_247_p0                            |   20|          4|   64|        256|
    |grp_fu_247_p1                            |   20|          4|   64|        256|
    |grp_fu_252_ce                            |   14|          3|    1|          3|
    |grp_fu_252_p0                            |   31|          6|   32|        192|
    |grp_fu_572_ce                            |   14|          3|    1|          3|
    |grp_fu_572_p0                            |   14|          3|   64|        192|
    |grp_fu_572_p1                            |   14|          3|   64|        192|
    |grp_fu_576_ce                            |   14|          3|    1|          3|
    |grp_fu_576_p0                            |   14|          3|   64|        192|
    |grp_fu_576_p1                            |   14|          3|   64|        192|
    |grp_fu_580_ce                            |   14|          3|    1|          3|
    |grp_fu_580_p0                            |   14|          3|   64|        192|
    |grp_fu_580_p1                            |   14|          3|   64|        192|
    |grp_fu_584_ce                            |   14|          3|    1|          3|
    |grp_fu_584_p0                            |   14|          3|   64|        192|
    |grp_fu_584_p1                            |   14|          3|   64|        192|
    |grp_fu_588_ce                            |   14|          3|    1|          3|
    |grp_fu_588_p0                            |   14|          3|   64|        192|
    |grp_fu_588_p1                            |   14|          3|   64|        192|
    |grp_fu_592_ce                            |   14|          3|    1|          3|
    |grp_fu_592_p0                            |   14|          3|   64|        192|
    |grp_fu_592_p1                            |   14|          3|   64|        192|
    |grp_fu_596_ce                            |   14|          3|    1|          3|
    |grp_fu_596_p0                            |   14|          3|   32|         96|
    |grp_fu_599_ce                            |   14|          3|    1|          3|
    |grp_fu_599_p0                            |   14|          3|   32|         96|
    |grp_fu_599_p1                            |   14|          3|   32|         96|
    |grp_fu_603_ce                            |   14|          3|    1|          3|
    |grp_fu_603_p0                            |   14|          3|   32|         96|
    |grp_fu_603_p1                            |   14|          3|   32|         96|
    |grp_sin_or_cos_double_s_fu_607_ap_start  |   14|          3|    1|          3|
    |grp_sin_or_cos_double_s_fu_607_do_cos    |   14|          3|    1|          3|
    |grp_sin_or_cos_double_s_fu_607_t_in      |   14|          3|   64|        192|
    |grp_sin_or_cos_double_s_fu_618_ap_start  |   14|          3|    1|          3|
    |grp_sin_or_cos_double_s_fu_618_do_cos    |   14|          3|    1|          3|
    |grp_sin_or_cos_double_s_fu_618_t_in      |   14|          3|   64|        192|
    |grp_sin_or_cos_double_s_fu_629_ap_start  |   14|          3|    1|          3|
    |grp_sin_or_cos_double_s_fu_629_do_cos    |   14|          3|    1|          3|
    |grp_sin_or_cos_double_s_fu_629_t_in      |   14|          3|   64|        192|
    |grp_sin_or_cos_double_s_fu_640_ap_start  |   14|          3|    1|          3|
    |grp_sin_or_cos_double_s_fu_640_do_cos    |   14|          3|    1|          3|
    |grp_sin_or_cos_double_s_fu_640_t_in      |   14|          3|   64|        192|
    |grp_sqrt_fixed_32_32_s_fu_651_x          |   14|          3|   32|         96|
    |i_fu_70                                  |    9|          2|    9|         18|
    |k_reg_186                                |    9|          2|   31|         62|
    |neighbors_address0                       |   14|          3|    9|         27|
    |neighbors_ce0                            |   14|          3|    1|          3|
    |neighbors_we0                            |    9|          2|    1|          2|
    |visited_address0                         |   25|          5|    9|         45|
    |visited_d0                               |   14|          3|    1|          3|
    +-----------------------------------------+-----+-----------+-----+-----------+
    |Total                                    | 1729|        345| 1669|       5480|
    +-----------------------------------------+-----+-----------+-----+-----------+

    * Register: 
    +---------------------------------------------------------+-----+----+-----+-----------+
    |                           Name                          |  FF | LUT| Bits| Const Bits|
    +---------------------------------------------------------+-----+----+-----+-----------+
    |add_ln18_reg_445                                         |    9|   0|    9|          0|
    |add_ln43_reg_499                                         |   32|   0|   32|          0|
    |add_ln47_reg_517                                         |   31|   0|   31|          0|
    |add_ln69_1_reg_567                                       |   17|   0|   17|          0|
    |ap_CS_fsm                                                |  159|   0|  159|          0|
    |cluster_count_0_fu_74                                    |   32|   0|   32|          0|
    |cluster_count_0_load_reg_483                             |   32|   0|   32|          0|
    |clusters_member_count_addr_reg_509                       |    9|   0|    9|          0|
    |clusters_member_count_load_reg_562                       |   32|   0|   32|          0|
    |grp_dbscan_Pipeline_VITIS_LOOP_28_2_fu_197_ap_start_reg  |    1|   0|    1|          0|
    |grp_dbscan_Pipeline_VITIS_LOOP_54_4_fu_220_ap_start_reg  |    1|   0|    1|          0|
    |i_fu_70                                                  |    9|   0|    9|          0|
    |icmp_ln42_reg_479                                        |    1|   0|    1|          0|
    |icmp_ln68_reg_558                                        |    1|   0|    1|          0|
    |k_reg_186                                                |   31|   0|   31|          0|
    |mul_ln69_reg_504                                         |   17|   0|   17|          0|
    |neighbor_id_reg_527                                      |    9|   0|    9|          0|
    |reg_258                                                  |   32|   0|   32|          0|
    |reg_263                                                  |   64|   0|   64|          0|
    |reg_270                                                  |   64|   0|   64|          0|
    |reg_275                                                  |   64|   0|   64|          0|
    |trunc_ln18_reg_460                                       |    5|   0|    5|          0|
    |trunc_ln47_reg_494                                       |   31|   0|   31|          0|
    |visited_addr_1_reg_539                                   |    9|   0|    9|          0|
    |visited_addr_reg_455                                     |    9|   0|    9|          0|
    |visited_load_1_reg_549                                   |    1|   0|    1|          0|
    |visited_load_reg_465                                     |    1|   0|    1|          0|
    |zext_ln18_reg_450                                        |    9|   0|   64|         55|
    |zext_ln50_reg_534                                        |    9|   0|   64|         55|
    +---------------------------------------------------------+-----+----+-----+-----------+
    |Total                                                    |  721|   0|  831|        110|
    +---------------------------------------------------------+-----+----+-----+-----------+



================================================================
== Interface
================================================================
* Summary: 
+--------------------------------+-----+-----+------------+-----------------------+--------------+
|            RTL Ports           | Dir | Bits|  Protocol  |     Source Object     |    C Type    |
+--------------------------------+-----+-----+------------+-----------------------+--------------+
|ap_clk                          |   in|    1|  ap_ctrl_hs|                 dbscan|  return value|
|ap_rst                          |   in|    1|  ap_ctrl_hs|                 dbscan|  return value|
|ap_start                        |   in|    1|  ap_ctrl_hs|                 dbscan|  return value|
|ap_done                         |  out|    1|  ap_ctrl_hs|                 dbscan|  return value|
|ap_idle                         |  out|    1|  ap_ctrl_hs|                 dbscan|  return value|
|ap_ready                        |  out|    1|  ap_ctrl_hs|                 dbscan|  return value|
|ap_return                       |  out|   32|  ap_ctrl_hs|                 dbscan|  return value|
|data_address0                   |  out|    9|   ap_memory|                   data|         array|
|data_ce0                        |  out|    1|   ap_memory|                   data|         array|
|data_q0                         |   in|   32|   ap_memory|                   data|         array|
|visited_address0                |  out|    9|   ap_memory|                visited|         array|
|visited_ce0                     |  out|    1|   ap_memory|                visited|         array|
|visited_we0                     |  out|    1|   ap_memory|                visited|         array|
|visited_d0                      |  out|    1|   ap_memory|                visited|         array|
|visited_q0                      |   in|    1|   ap_memory|                visited|         array|
|clusters_id_address0            |  out|    9|   ap_memory|            clusters_id|         array|
|clusters_id_ce0                 |  out|    1|   ap_memory|            clusters_id|         array|
|clusters_id_we0                 |  out|    1|   ap_memory|            clusters_id|         array|
|clusters_id_d0                  |  out|    5|   ap_memory|            clusters_id|         array|
|clusters_members_address0       |  out|   17|   ap_memory|       clusters_members|         array|
|clusters_members_ce0            |  out|    1|   ap_memory|       clusters_members|         array|
|clusters_members_we0            |  out|    1|   ap_memory|       clusters_members|         array|
|clusters_members_d0             |  out|    9|   ap_memory|       clusters_members|         array|
|clusters_member_count_address0  |  out|    9|   ap_memory|  clusters_member_count|         array|
|clusters_member_count_ce0       |  out|    1|   ap_memory|  clusters_member_count|         array|
|clusters_member_count_we0       |  out|    1|   ap_memory|  clusters_member_count|         array|
|clusters_member_count_d0        |  out|   32|   ap_memory|  clusters_member_count|         array|
|clusters_member_count_q0        |   in|   32|   ap_memory|  clusters_member_count|         array|
+--------------------------------+-----+-----+------------+-----------------------+--------------+

