

================================================================
== Vitis HLS Report for 'dbscan_Pipeline_VITIS_LOOP_132_5'
================================================================
* Date:           Thu Apr 27 03:58:30 2023

* Version:        2022.2 (Build 3670227 on Oct 13 2022)
* Project:        cluster
* Solution:       solution2 (Vivado IP Flow Target)
* Product family: zynq
* Target device:  xc7z020-clg400-1


================================================================
== Performance Estimates
================================================================
+ Timing: 
    * Summary: 
    +--------+----------+----------+------------+
    |  Clock |  Target  | Estimated| Uncertainty|
    +--------+----------+----------+------------+
    |ap_clk  |  10.00 ns|  5.576 ns|     2.70 ns|
    +--------+----------+----------+------------+

+ Latency: 
    * Summary: 
    +---------+---------+-----------+----------+-----+-----+---------+
    |  Latency (cycles) |  Latency (absolute)  |  Interval | Pipeline|
    |   min   |   max   |    min    |    max   | min | max |   Type  |
    +---------+---------+-----------+----------+-----+-----+---------+
    |        5|        ?|  50.000 ns|         ?|    5|    ?|       no|
    +---------+---------+-----------+----------+-----+-----+---------+

    + Detail: 
        * Instance: 
        N/A

        * Loop: 
        +--------------------+---------+---------+----------+-----------+-----------+-------+----------+
        |                    |  Latency (cycles) | Iteration|  Initiation Interval  |  Trip |          |
        |      Loop Name     |   min   |   max   |  Latency |  achieved |   target  | Count | Pipelined|
        +--------------------+---------+---------+----------+-----------+-----------+-------+----------+
        |- VITIS_LOOP_132_5  |        3|        ?|         3|          1|          1|  2 ~ ?|       yes|
        +--------------------+---------+---------+----------+-----------+-----------+-------+----------+



================================================================
== Utilization Estimates
================================================================
* Summary: 
+-----------------+---------+-----+--------+-------+-----+
|       Name      | BRAM_18K| DSP |   FF   |  LUT  | URAM|
+-----------------+---------+-----+--------+-------+-----+
|DSP              |        -|    -|       -|      -|    -|
|Expression       |        -|    -|       0|     96|    -|
|FIFO             |        -|    -|       -|      -|    -|
|Instance         |        -|    -|       -|      -|    -|
|Memory           |        -|    -|       -|      -|    -|
|Multiplexer      |        -|    -|       -|     45|    -|
|Register         |        -|    -|      78|      -|    -|
+-----------------+---------+-----+--------+-------+-----+
|Total            |        0|    0|      78|    141|    0|
+-----------------+---------+-----+--------+-------+-----+
|Available        |      280|  220|  106400|  53200|    0|
+-----------------+---------+-----+--------+-------+-----+
|Utilization (%)  |        0|    0|      ~0|     ~0|    0|
+-----------------+---------+-----+--------+-------+-----+

+ Detail: 
    * Instance: 
    N/A

    * DSP: 
    N/A

    * Memory: 
    N/A

    * FIFO: 
    N/A

    * Expression: 
    +----------------------------+----------+----+---+----+------------+------------+
    |        Variable Name       | Operation| DSP| FF| LUT| Bitwidth P0| Bitwidth P1|
    +----------------------------+----------+----+---+----+------------+------------+
    |add_ln132_fu_129_p2         |         +|   0|  0|  38|          31|           1|
    |neighbor_count_2_fu_153_p2  |         +|   0|  0|  39|          32|           1|
    |icmp_ln132_fu_123_p2        |      icmp|   0|  0|  17|          31|          31|
    |ap_enable_pp0               |       xor|   0|  0|   2|           1|           2|
    +----------------------------+----------+----+---+----+------------+------------+
    |Total                       |          |   0|  0|  96|          95|          35|
    +----------------------------+----------+----+---+----+------------+------------+

    * Multiplexer: 
    +-------------------------+----+-----------+-----+-----------+
    |           Name          | LUT| Input Size| Bits| Total Bits|
    +-------------------------+----+-----------+-----+-----------+
    |ap_done_int              |   9|          2|    1|          2|
    |ap_enable_reg_pp0_iter1  |   9|          2|    1|          2|
    |ap_sig_allocacmp_m_1     |   9|          2|   31|         62|
    |m_fu_44                  |   9|          2|   31|         62|
    |neighbor_count_fu_48     |   9|          2|   32|         64|
    +-------------------------+----+-----------+-----+-----------+
    |Total                    |  45|         10|   96|        192|
    +-------------------------+----+-----------+-----+-----------+

    * Register: 
    +----------------------------------+----+----+-----+-----------+
    |               Name               | FF | LUT| Bits| Const Bits|
    +----------------------------------+----+----+-----+-----------+
    |ap_CS_fsm                         |   1|   0|    1|          0|
    |ap_done_reg                       |   1|   0|    1|          0|
    |ap_enable_reg_pp0_iter1           |   1|   0|    1|          0|
    |ap_enable_reg_pp0_iter2           |   1|   0|    1|          0|
    |ap_loop_exit_ready_pp0_iter1_reg  |   1|   0|    1|          0|
    |icmp_ln132_reg_188                |   1|   0|    1|          0|
    |m_fu_44                           |  31|   0|   31|          0|
    |neighbor_count_fu_48              |  32|   0|   32|          0|
    |new_neighbor_id_reg_197           |   9|   0|    9|          0|
    +----------------------------------+----+----+-----+-----------+
    |Total                             |  78|   0|   78|          0|
    +----------------------------------+----+----+-----+-----------+



================================================================
== Interface
================================================================
* Summary: 
+-----------------------------+-----+-----+------------+----------------------------------+--------------+
|          RTL Ports          | Dir | Bits|  Protocol  |           Source Object          |    C Type    |
+-----------------------------+-----+-----+------------+----------------------------------+--------------+
|ap_clk                       |   in|    1|  ap_ctrl_hs|  dbscan_Pipeline_VITIS_LOOP_132_5|  return value|
|ap_rst                       |   in|    1|  ap_ctrl_hs|  dbscan_Pipeline_VITIS_LOOP_132_5|  return value|
|ap_start                     |   in|    1|  ap_ctrl_hs|  dbscan_Pipeline_VITIS_LOOP_132_5|  return value|
|ap_done                      |  out|    1|  ap_ctrl_hs|  dbscan_Pipeline_VITIS_LOOP_132_5|  return value|
|ap_idle                      |  out|    1|  ap_ctrl_hs|  dbscan_Pipeline_VITIS_LOOP_132_5|  return value|
|ap_ready                     |  out|    1|  ap_ctrl_hs|  dbscan_Pipeline_VITIS_LOOP_132_5|  return value|
|neighbor_count_1             |   in|   32|     ap_none|                  neighbor_count_1|        scalar|
|trunc_ln3                    |   in|   31|     ap_none|                         trunc_ln3|        scalar|
|new_neighbors_address0       |  out|    9|   ap_memory|                     new_neighbors|         array|
|new_neighbors_ce0            |  out|    1|   ap_memory|                     new_neighbors|         array|
|new_neighbors_q0             |   in|    9|   ap_memory|                     new_neighbors|         array|
|visited_address0             |  out|    9|   ap_memory|                           visited|         array|
|visited_ce0                  |  out|    1|   ap_memory|                           visited|         array|
|visited_q0                   |   in|    1|   ap_memory|                           visited|         array|
|neighbors_address0           |  out|    9|   ap_memory|                         neighbors|         array|
|neighbors_ce0                |  out|    1|   ap_memory|                         neighbors|         array|
|neighbors_we0                |  out|    1|   ap_memory|                         neighbors|         array|
|neighbors_d0                 |  out|    9|   ap_memory|                         neighbors|         array|
|neighbor_count_4_out         |  out|   32|      ap_vld|              neighbor_count_4_out|       pointer|
|neighbor_count_4_out_ap_vld  |  out|    1|      ap_vld|              neighbor_count_4_out|       pointer|
+-----------------------------+-----+-----+------------+----------------------------------+--------------+

