

================================================================
== Vitis HLS Report for 'sin_or_cos_double_s'
================================================================
* Date:           Thu Apr 27 03:58:26 2023

* Version:        2022.2 (Build 3670227 on Oct 13 2022)
* Project:        cluster
* Solution:       solution2 (Vivado IP Flow Target)
* Product family: zynq
* Target device:  xc7z020-clg400-1


================================================================
== Performance Estimates
================================================================
+ Timing: 
    * Summary: 
    +--------+----------+----------+------------+
    |  Clock |  Target  | Estimated| Uncertainty|
    +--------+----------+----------+------------+
    |ap_clk  |  10.00 ns|  7.075 ns|     2.70 ns|
    +--------+----------+----------+------------+

+ Latency: 
    * Summary: 
    +---------+---------+----------+----------+-----+-----+---------+
    |  Latency (cycles) |  Latency (absolute) |  Interval | Pipeline|
    |   min   |   max   |    min   |    max   | min | max |   Type  |
    +---------+---------+----------+----------+-----+-----+---------+
    |       32|       32|  0.320 us|  0.320 us|    1|    1|      yes|
    +---------+---------+----------+----------+-----+-----+---------+

    + Detail: 
        * Instance: 
        N/A

        * Loop: 
        N/A



================================================================
== Utilization Estimates
================================================================
* Summary: 
+-----------------+---------+-----+--------+-------+-----+
|       Name      | BRAM_18K| DSP |   FF   |  LUT  | URAM|
+-----------------+---------+-----+--------+-------+-----+
|DSP              |        -|    -|       -|      -|    -|
|Expression       |        -|    -|       0|   3911|    -|
|FIFO             |        -|    -|       -|      -|    -|
|Instance         |        -|   54|    2955|   1395|    -|
|Memory           |        8|    -|     213|    852|    -|
|Multiplexer      |        -|    -|       -|      -|    -|
|Register         |        -|    -|    3890|    640|    -|
+-----------------+---------+-----+--------+-------+-----+
|Total            |        8|   54|    7058|   6798|    0|
+-----------------+---------+-----+--------+-------+-----+
|Available        |      280|  220|  106400|  53200|    0|
+-----------------+---------+-----+--------+-------+-----+
|Utilization (%)  |        2|   24|       6|     12|    0|
+-----------------+---------+-----+--------+-------+-----+

+ Detail: 
    * Instance: 
    +---------------------------+-----------------------+---------+----+-----+-----+-----+
    |          Instance         |         Module        | BRAM_18K| DSP|  FF | LUT | URAM|
    +---------------------------+-----------------------+---------+----+-----+-----+-----+
    |mul_170s_53ns_170_5_1_U10  |mul_170s_53ns_170_5_1  |        0|  18|  441|  256|    0|
    |mul_35ns_25ns_60_2_1_U20   |mul_35ns_25ns_60_2_1   |        0|   2|  187|   69|    0|
    |mul_42ns_33ns_75_2_1_U19   |mul_42ns_33ns_75_2_1   |        0|   4|  205|   88|    0|
    |mul_49ns_44s_93_5_1_U18    |mul_49ns_44s_93_5_1    |        0|   4|  334|   84|    0|
    |mul_49ns_49ns_98_5_1_U11   |mul_49ns_49ns_98_5_1   |        0|   4|  334|   84|    0|
    |mul_49ns_49ns_98_5_1_U15   |mul_49ns_49ns_98_5_1   |        0|   4|  334|   84|    0|
    |mul_49ns_49ns_98_5_1_U16   |mul_49ns_49ns_98_5_1   |        0|   4|  334|   84|    0|
    |mul_56ns_52s_108_5_1_U17   |mul_56ns_52s_108_5_1   |        0|   5|  345|  218|    0|
    |mul_64s_63ns_126_5_1_U21   |mul_64s_63ns_126_5_1   |        0|   9|  441|  256|    0|
    |mux_164_1_1_1_U13          |mux_164_1_1_1          |        0|   0|    0|   65|    0|
    |mux_164_1_1_1_U14          |mux_164_1_1_1          |        0|   0|    0|   65|    0|
    |mux_83_1_1_1_U12           |mux_83_1_1_1           |        0|   0|    0|   42|    0|
    +---------------------------+-----------------------+---------+----+-----+-----+-----+
    |Total                      |                       |        0|  54| 2955| 1395|    0|
    +---------------------------+-----------------------+---------+----+-----+-----+-----+

    * DSP: 
    N/A

    * Memory: 
    +------------------------------------+-----------------------------------------------------------------------+---------+----+-----+-----+------+-----+------+-------------+
    |               Memory               |                                 Module                                | BRAM_18K| FF | LUT | URAM| Words| Bits| Banks| W*Bits*Banks|
    +------------------------------------+-----------------------------------------------------------------------+---------+----+-----+-----+------+-----+------+-------------+
    |fourth_order_double_sin_cos_K0_V_U  |sin_or_cos_double_s_fourth_order_double_sin_cos_K0_V_ROM_1P_LUTRAM_1R  |        0|  59|  236|    0|   256|   59|     1|        15104|
    |fourth_order_double_sin_cos_K1_V_U  |sin_or_cos_double_s_fourth_order_double_sin_cos_K1_V_ROM_1P_LUTRAM_1R  |        0|  52|  208|    0|   256|   52|     1|        13312|
    |fourth_order_double_sin_cos_K2_V_U  |sin_or_cos_double_s_fourth_order_double_sin_cos_K2_V_ROM_1P_LUTRAM_1R  |        0|  44|  176|    0|   256|   44|     1|        11264|
    |fourth_order_double_sin_cos_K3_V_U  |sin_or_cos_double_s_fourth_order_double_sin_cos_K3_V_ROM_1P_LUTRAM_1R  |        0|  33|  132|    0|   256|   33|     1|         8448|
    |fourth_order_double_sin_cos_K4_V_U  |sin_or_cos_double_s_fourth_order_double_sin_cos_K4_V_ROM_1P_LUTRAM_1R  |        0|  25|  100|    0|   256|   25|     1|         6400|
    |ref_4oPi_table_256_V_U              |sin_or_cos_double_s_ref_4oPi_table_256_V_ROM_AUTO_1R                   |        8|   0|    0|    0|    10|  256|     1|         2560|
    +------------------------------------+-----------------------------------------------------------------------+---------+----+-----+-----+------+-----+------+-------------+
    |Total                               |                                                                       |        8| 213|  852|    0|  1290|  469|     6|        57088|
    +------------------------------------+-----------------------------------------------------------------------+---------+----+-----+-----+------+-----+------+-------------+

    * FIFO: 
    N/A

    * Expression: 
    +----------------------------+----------+----+---+-----+------------+------------+
    |        Variable Name       | Operation| DSP| FF| LUT | Bitwidth P0| Bitwidth P1|
    +----------------------------+----------+----+---+-----+------------+------------+
    |Ex_V_fu_515_p2              |         +|   0|  0|   12|          11|          11|
    |add_ln214_fu_340_p2         |         +|   0|  0|   12|          11|          11|
    |add_ln451_1_fu_1189_p2      |         +|   0|  0|   39|          32|          32|
    |add_ln451_2_fu_1244_p2      |         +|   0|  0|   39|          32|          32|
    |add_ln451_fu_1168_p2        |         +|   0|  0|   39|          32|           5|
    |add_ln461_fu_1294_p2        |         +|   0|  0|   12|          12|          10|
    |ret_V_6_fu_954_p2           |         +|   0|  0|   64|          64|          64|
    |ret_V_7_fu_963_p2           |         +|   0|  0|   64|          64|          64|
    |ret_V_8_fu_998_p2           |         +|   0|  0|   64|          64|          64|
    |ret_V_fu_1006_p2            |         +|   0|  0|   64|          64|          64|
    |Ex_V_3_fu_554_p2            |         -|   0|  0|   12|          11|          11|
    |Mx_bits_V_1_fu_451_p2       |         -|   0|  0|  131|           1|         124|
    |newexp_fu_1304_p2           |         -|   0|  0|   39|          32|          32|
    |sub_ln1512_fu_581_p2        |         -|   0|  0|   12|           1|          12|
    |and_ln300_1_fu_1427_p2      |       and|   0|  0|    2|           1|           1|
    |and_ln300_fu_817_p2         |       and|   0|  0|    2|           1|           1|
    |and_ln453_1_fu_1259_p2      |       and|   0|  0|    2|           1|           1|
    |and_ln453_2_fu_1263_p2      |       and|   0|  0|    2|           1|           1|
    |and_ln453_fu_1254_p2        |       and|   0|  0|    2|           1|           1|
    |p_Result_s_fu_445_p2        |       and|   0|  0|    2|           1|           1|
    |results_sign_V_2_fu_826_p2  |       and|   0|  0|    2|           1|           1|
    |results_sign_V_3_fu_801_p2  |       and|   0|  0|    2|           1|           1|
    |closepath_fu_330_p2         |      icmp|   0|  0|   11|          11|          10|
    |icmp_ln1019_1_fu_373_p2     |      icmp|   0|  0|   24|          52|           1|
    |icmp_ln1019_2_fu_573_p2     |      icmp|   0|  0|   11|          11|           2|
    |icmp_ln1019_fu_568_p2       |      icmp|   0|  0|   11|          11|           1|
    |icmp_ln1653_fu_1108_p2      |      icmp|   0|  0|   28|          63|           1|
    |icmp_ln453_1_fu_1183_p2     |      icmp|   0|  0|   18|          32|           5|
    |icmp_ln453_2_fu_1195_p2     |      icmp|   0|  0|   18|          32|           5|
    |icmp_ln453_fu_1163_p2       |      icmp|   0|  0|   18|          32|           5|
    |r_V_fu_602_p2               |      lshr|   0|  0|  179|          63|          63|
    |or_ln300_fu_1445_p2         |        or|   0|  0|    2|           1|           1|
    |or_ln311_fu_1341_p2         |        or|   0|  0|    2|           1|           1|
    |or_ln453_fu_1275_p2         |        or|   0|  0|    2|           1|           1|
    |or_ln462_fu_1318_p2         |        or|   0|  0|    2|           1|           1|
    |Ex_V_4_fu_1201_p3           |    select|   0|  0|   11|           1|           1|
    |Mx_V_2_fu_989_p3            |    select|   0|  0|   63|           1|           2|
    |Mx_bits_V_3_fu_456_p3       |    select|   0|  0|  124|           1|         124|
    |addr_fu_346_p3              |    select|   0|  0|   11|           1|           7|
    |cos_basis_fu_679_p3         |    select|   0|  0|    2|           1|           1|
    |k_V_1_fu_527_p3             |    select|   0|  0|    3|           1|           1|
    |r_V_16_fu_612_p3            |    select|   0|  0|   63|           1|          63|
    |results_exp_V_1_fu_1346_p3  |    select|   0|  0|   11|           1|          11|
    |results_exp_V_fu_1354_p3    |    select|   0|  0|   11|           1|          11|
    |results_sig_V_fu_1456_p3    |    select|   0|  0|   52|           1|          52|
    |results_sign_V_4_fu_831_p3  |    select|   0|  0|    2|           1|           1|
    |results_sign_V_fu_788_p3    |    select|   0|  0|    2|           1|           1|
    |select_ln288_fu_1327_p3     |    select|   0|  0|   10|           1|          10|
    |select_ln300_3_fu_1437_p3   |    select|   0|  0|    2|           1|           2|
    |select_ln300_fu_1449_p3     |    select|   0|  0|   52|           1|           1|
    |select_ln311_fu_1334_p3     |    select|   0|  0|    2|           1|           2|
    |select_ln453_1_fu_1281_p3   |    select|   0|  0|   32|           1|          32|
    |select_ln453_2_fu_1286_p3   |    select|   0|  0|   32|           1|          32|
    |select_ln453_3_fu_1388_p3   |    select|   0|  0|   52|           1|          52|
    |select_ln453_4_fu_1413_p3   |    select|   0|  0|   52|           1|          52|
    |select_ln453_5_fu_1420_p3   |    select|   0|  0|   52|           1|          52|
    |select_ln453_fu_1268_p3     |    select|   0|  0|   32|           1|          32|
    |select_ln482_fu_520_p3      |    select|   0|  0|   11|           1|          11|
    |sin_basis_fu_686_p3         |    select|   0|  0|    2|           1|           1|
    |ush_fu_587_p3               |    select|   0|  0|   12|           1|          12|
    |r_V_15_fu_382_p2            |       shl|   0|  0|  950|         256|         256|
    |r_V_2_fu_607_p2             |       shl|   0|  0|  179|          63|          63|
    |r_fu_539_p2                 |       shl|   0|  0|  409|         124|         124|
    |shl_ln1454_1_fu_1178_p2     |       shl|   0|  0|  179|          63|          63|
    |shl_ln1454_2_fu_1239_p2     |       shl|   0|  0|  179|          63|          63|
    |shl_ln1454_3_fu_1364_p2     |       shl|   0|  0|  179|          63|          63|
    |shl_ln1454_fu_1103_p2       |       shl|   0|  0|  179|          63|          63|
    |ap_enable_pp0               |       xor|   0|  0|    2|           1|           2|
    |xor_ln1027_fu_440_p2        |       xor|   0|  0|    2|           1|           2|
    |xor_ln271_fu_673_p2         |       xor|   0|  0|    2|           1|           2|
    |xor_ln300_fu_1431_p2        |       xor|   0|  0|    2|           2|           1|
    |xor_ln307_fu_821_p2         |       xor|   0|  0|    2|           1|           2|
    |xor_ln311_fu_796_p2         |       xor|   0|  0|    2|           1|           2|
    |xor_ln453_fu_1249_p2        |       xor|   0|  0|    2|           1|           2|
    +----------------------------+----------+----+---+-----+------------+------------+
    |Total                       |          |   0|  0| 3911|        1478|        1915|
    +----------------------------+----------+----+---+-----+------------+------------+

    * Multiplexer: 
    N/A

    * Register: 
    +------------------------------------------------+-----+----+-----+-----------+
    |                      Name                      |  FF | LUT| Bits| Const Bits|
    +------------------------------------------------+-----+----+-----+-----------+
    |B_V_reg_1611                                    |   56|   0|   56|          0|
    |B_squared_V_reg_1656                            |   49|   0|   49|          0|
    |B_trunc_reg_1616                                |   49|   0|   49|          0|
    |Ex_V_3_reg_1580                                 |   11|   0|   11|          0|
    |Med_V_reg_1530                                  |  170|   0|  170|          0|
    |Mx_V_2_reg_1795                                 |   63|   0|   63|          0|
    |Mx_V_reg_1573                                   |   63|   0|   63|          0|
    |Mx_bits_V_3_reg_1556                            |  124|   0|  124|          0|
    |Mx_bits_V_reg_1545                              |  124|   0|  124|          0|
    |Mx_zeros_reg_1561                               |    7|   0|    7|          0|
    |add_ln451_1_reg_1888                            |   32|   0|   32|          0|
    |add_ln451_reg_1871                              |   32|   0|   32|          0|
    |and_ln300_reg_1672                              |    1|   0|    1|          0|
    |and_ln453_2_reg_1910                            |    1|   0|    1|          0|
    |ap_CS_fsm                                       |    1|   0|    1|          0|
    |ap_enable_reg_pp0_iter1                         |    1|   0|    1|          0|
    |ap_enable_reg_pp0_iter10                        |    1|   0|    1|          0|
    |ap_enable_reg_pp0_iter11                        |    1|   0|    1|          0|
    |ap_enable_reg_pp0_iter12                        |    1|   0|    1|          0|
    |ap_enable_reg_pp0_iter13                        |    1|   0|    1|          0|
    |ap_enable_reg_pp0_iter14                        |    1|   0|    1|          0|
    |ap_enable_reg_pp0_iter15                        |    1|   0|    1|          0|
    |ap_enable_reg_pp0_iter16                        |    1|   0|    1|          0|
    |ap_enable_reg_pp0_iter17                        |    1|   0|    1|          0|
    |ap_enable_reg_pp0_iter18                        |    1|   0|    1|          0|
    |ap_enable_reg_pp0_iter19                        |    1|   0|    1|          0|
    |ap_enable_reg_pp0_iter2                         |    1|   0|    1|          0|
    |ap_enable_reg_pp0_iter20                        |    1|   0|    1|          0|
    |ap_enable_reg_pp0_iter21                        |    1|   0|    1|          0|
    |ap_enable_reg_pp0_iter22                        |    1|   0|    1|          0|
    |ap_enable_reg_pp0_iter23                        |    1|   0|    1|          0|
    |ap_enable_reg_pp0_iter24                        |    1|   0|    1|          0|
    |ap_enable_reg_pp0_iter25                        |    1|   0|    1|          0|
    |ap_enable_reg_pp0_iter26                        |    1|   0|    1|          0|
    |ap_enable_reg_pp0_iter27                        |    1|   0|    1|          0|
    |ap_enable_reg_pp0_iter28                        |    1|   0|    1|          0|
    |ap_enable_reg_pp0_iter29                        |    1|   0|    1|          0|
    |ap_enable_reg_pp0_iter3                         |    1|   0|    1|          0|
    |ap_enable_reg_pp0_iter30                        |    1|   0|    1|          0|
    |ap_enable_reg_pp0_iter31                        |    1|   0|    1|          0|
    |ap_enable_reg_pp0_iter32                        |    1|   0|    1|          0|
    |ap_enable_reg_pp0_iter4                         |    1|   0|    1|          0|
    |ap_enable_reg_pp0_iter5                         |    1|   0|    1|          0|
    |ap_enable_reg_pp0_iter6                         |    1|   0|    1|          0|
    |ap_enable_reg_pp0_iter7                         |    1|   0|    1|          0|
    |ap_enable_reg_pp0_iter8                         |    1|   0|    1|          0|
    |ap_enable_reg_pp0_iter9                         |    1|   0|    1|          0|
    |closepath_reg_1497                              |    1|   0|    1|          0|
    |cos_basis_reg_1628                              |    1|   0|    1|          0|
    |din_exp_V_reg_1490                              |   11|   0|   11|          0|
    |do_cos_read_reg_1476                            |    1|   0|    1|          0|
    |fourth_order_double_sin_cos_K0_V_load_reg_1725  |   59|   0|   59|          0|
    |fourth_order_double_sin_cos_K1_V_load_reg_1662  |   52|   0|   52|          0|
    |fourth_order_double_sin_cos_K2_V_load_reg_1667  |   44|   0|   44|          0|
    |fourth_order_double_sin_cos_K3_V_load_reg_1745  |   33|   0|   33|          0|
    |fourth_order_double_sin_cos_K4_V_load_reg_1755  |   25|   0|   25|          0|
    |icmp_ln1019_1_reg_1519                          |    1|   0|    1|          0|
    |icmp_ln1019_2_reg_1598                          |    1|   0|    1|          0|
    |icmp_ln1019_reg_1592                            |    1|   0|    1|          0|
    |icmp_ln1653_reg_1853                            |    1|   0|    1|          0|
    |icmp_ln1653_reg_1853_pp0_iter30_reg             |    1|   0|    1|          0|
    |icmp_ln453_1_reg_1882                           |    1|   0|    1|          0|
    |icmp_ln453_2_reg_1894                           |    1|   0|    1|          0|
    |icmp_ln453_reg_1863                             |    1|   0|    1|          0|
    |icmp_ln453_reg_1863_pp0_iter31_reg              |    1|   0|    1|          0|
    |isNeg_reg_1586                                  |    1|   0|    1|          0|
    |k_V_1_reg_1567                                  |    3|   0|    3|          0|
    |k_V_reg_1551                                    |    3|   0|    3|          0|
    |k_V_reg_1551_pp0_iter8_reg                      |    3|   0|    3|          0|
    |or_ln453_reg_1915                               |    1|   0|    1|          0|
    |or_ln462_reg_1920                               |    1|   0|    1|          0|
    |p_Result_103_reg_1484                           |    1|   0|    1|          0|
    |p_Result_104_reg_1504                           |   52|   0|   52|          0|
    |result_V_reg_1815                               |   63|   0|   63|          0|
    |results_exp_V_reg_1925                          |   11|   0|   11|          0|
    |results_sign_V_3_reg_1651                       |    1|   0|    1|          0|
    |results_sign_V_4_reg_1678                       |    1|   0|    1|          0|
    |ret_V_5_reg_1540                                |  170|   0|  170|          0|
    |ret_V_7_reg_1780                                |   64|   0|   64|          0|
    |ret_V_7_reg_1780_pp0_iter22_reg                 |   64|   0|   64|          0|
    |ret_V_reg_1800                                  |   64|   0|   64|          0|
    |rhs_1_reg_1730                                  |   56|   0|   56|          0|
    |rhs_2_reg_1735                                  |   48|   0|   48|          0|
    |rhs_4_reg_1785                                  |   29|   0|   29|          0|
    |shl_ln1454_1_reg_1876                           |   63|   0|   63|          0|
    |shl_ln1454_1_reg_1876_pp0_iter31_reg            |   63|   0|   63|          0|
    |shl_ln1454_2_reg_1904                           |   63|   0|   63|          0|
    |shl_ln1454_reg_1847                             |   63|   0|   63|          0|
    |table_256_V_reg_1525                            |  256|   0|  256|          0|
    |tmp_31_reg_1606                                 |    7|   0|    7|          0|
    |tmp_32_reg_1821                                 |   16|   0|   16|          0|
    |tmp_33_reg_1836                                 |   15|   0|   15|          0|
    |tmp_34_reg_1841                                 |   32|   0|   32|          0|
    |tmp_34_reg_1841_pp0_iter30_reg                  |   32|   0|   32|          0|
    |tmp_50_1_reg_1826                               |   16|   0|   16|          0|
    |tmp_50_1_reg_1826_pp0_iter29_reg                |   16|   0|   16|          0|
    |tmp_50_2_reg_1831                               |   16|   0|   16|          0|
    |tmp_50_2_reg_1831_pp0_iter29_reg                |   16|   0|   16|          0|
    |tmp_51_2_reg_1858                               |   32|   0|   32|          0|
    |tmp_51_3_reg_1899                               |   32|   0|   32|          0|
    |trunc_ln1270_1_reg_1750                         |   35|   0|   35|          0|
    |trunc_ln1_reg_1740                              |   42|   0|   42|          0|
    |trunc_ln2_reg_1790                              |   37|   0|   37|          0|
    |trunc_ln628_reg_1514                            |    7|   0|    7|          0|
    |trunc_ln628_reg_1514_pp0_iter1_reg              |    7|   0|    7|          0|
    |zext_ln1271_reg_1621                            |   49|   0|   98|         49|
    |zext_ln541_reg_1634                             |    8|   0|   64|         56|
    |B_V_reg_1611                                    |   64|  32|   56|          0|
    |Ex_V_3_reg_1580                                 |   64|  32|   11|          0|
    |Mx_V_reg_1573                                   |   64|  32|   63|          0|
    |and_ln300_reg_1672                              |   64|  32|    1|          0|
    |closepath_reg_1497                              |   64|  32|    1|          0|
    |cos_basis_reg_1628                              |   64|  32|    1|          0|
    |din_exp_V_reg_1490                              |   64|  32|   11|          0|
    |do_cos_read_reg_1476                            |   64|  32|    1|          0|
    |icmp_ln1019_1_reg_1519                          |   64|  32|    1|          0|
    |icmp_ln1019_2_reg_1598                          |   64|  32|    1|          0|
    |icmp_ln1019_reg_1592                            |   64|  32|    1|          0|
    |k_V_1_reg_1567                                  |   64|  32|    3|          0|
    |p_Result_103_reg_1484                           |   64|  32|    1|          0|
    |p_Result_104_reg_1504                           |   64|  32|   52|          0|
    |results_sign_V_4_reg_1678                       |   64|  32|    1|          0|
    |shl_ln1454_reg_1847                             |   64|  32|   63|          0|
    |tmp_31_reg_1606                                 |   64|  32|    7|          0|
    |tmp_33_reg_1836                                 |   64|  32|   15|          0|
    |zext_ln1271_reg_1621                            |   64|  32|   98|         49|
    |zext_ln541_reg_1634                             |   64|  32|   64|         56|
    +------------------------------------------------+-----+----+-----+-----------+
    |Total                                           | 3890| 640| 3167|        210|
    +------------------------------------------------+-----+----+-----+-----------+



================================================================
== Interface
================================================================
* Summary: 
+-----------+-----+-----+------------+--------------------+--------------+
| RTL Ports | Dir | Bits|  Protocol  |    Source Object   |    C Type    |
+-----------+-----+-----+------------+--------------------+--------------+
|ap_clk     |   in|    1|  ap_ctrl_hs|  sin_or_cos<double>|  return value|
|ap_rst     |   in|    1|  ap_ctrl_hs|  sin_or_cos<double>|  return value|
|ap_start   |   in|    1|  ap_ctrl_hs|  sin_or_cos<double>|  return value|
|ap_done    |  out|    1|  ap_ctrl_hs|  sin_or_cos<double>|  return value|
|ap_idle    |  out|    1|  ap_ctrl_hs|  sin_or_cos<double>|  return value|
|ap_ready   |  out|    1|  ap_ctrl_hs|  sin_or_cos<double>|  return value|
|ap_return  |  out|   64|  ap_ctrl_hs|  sin_or_cos<double>|  return value|
|t_in       |   in|   64|     ap_none|                t_in|        scalar|
|do_cos     |   in|    1|     ap_none|              do_cos|        scalar|
+-----------+-----+-----+------------+--------------------+--------------+

