04/27/23 04:08:39: Running xcd server. This server was built by gradle.
04/27/23 04:08:39: Server was asked to start on port: '63531'
04/27/23 04:08:39: Server is using token UUID: '75f2fe03-897a-44d2-b415-3b82da0f6d37'
04/27/23 04:08:39: SESSION_MGR: creating session with session uuid: '6d04a3e9-ade5-4ab9-8d63-1f78fcd2ec76' and name 'default'
04/27/23 04:08:39: Attempting to start server on port '63531'
04/27/23 04:08:39: Running Dispatch Server
04/27/23 04:08:39: Version 2.2.0
04/27/23 04:08:48: Dispatch Server: Accepted socket connection from client
04/27/23 04:08:48: Starting Socket connection
04/27/23 04:08:48: EXCHANGE_TOKEN received, server token: 75f2fe03-897a-44d2-b415-3b82da0f6d37, passed token: 75f2fe03-897a-44d2-b415-3b82da0f6d37
04/27/23 04:08:48: SESSION_MGR: creating session with session uuid: 'f46d3c3b-8277-4c6b-b94c-24415b7099fa' and name 'vitis_hls'
04/27/23 04:08:48: KERNEL_SVC: creating session with uuid: 'f46d3c3b-8277-4c6b-b94c-24415b7099fa' and name 'vitis_hls'
04/27/23 04:08:48: GUIDANCE_SMGR: creating guidance session with uuid: 'f46d3c3b-8277-4c6b-b94c-24415b7099fa' and name 'vitis_hls'
04/27/23 04:10:29: STOP_SERVER received, server token: 75f2fe03-897a-44d2-b415-3b82da0f6d37, passed token: 75f2fe03-897a-44d2-b415-3b82da0f6d37
04/27/23 04:10:29: Socket received request to stop server.
04/27/23 04:10:29: Dispatch Server: do_await_stop
04/27/23 04:10:29: SERVER: destructor for server bound to port 63531
04/27/23 04:10:29: Server exiting with status 0.
04/27/23 04:10:29: Closing log file.
04/27/23 04:10:49: Running xcd server. This server was built by gradle.
04/27/23 04:10:49: Server was asked to start on port: '63578'
04/27/23 04:10:49: Server is using token UUID: '2a4becbe-420d-4242-9793-29e4682bb52d'
04/27/23 04:10:49: SESSION_MGR: creating session with session uuid: '6d04a3e9-ade5-4ab9-8d63-1f78fcd2ec76' and name 'default'
04/27/23 04:10:49: Attempting to start server on port '63578'
04/27/23 04:10:49: Running Dispatch Server
04/27/23 04:10:49: Version 2.2.0
04/27/23 04:10:58: Dispatch Server: Accepted socket connection from client
04/27/23 04:10:58: Starting Socket connection
04/27/23 04:10:58: EXCHANGE_TOKEN received, server token: 2a4becbe-420d-4242-9793-29e4682bb52d, passed token: 2a4becbe-420d-4242-9793-29e4682bb52d
04/27/23 04:10:58: SESSION_MGR: creating session with session uuid: '7ffdfef5-9000-479a-84f9-d9c5b9312a10' and name 'vitis_hls'
04/27/23 04:10:58: KERNEL_SVC: creating session with uuid: '7ffdfef5-9000-479a-84f9-d9c5b9312a10' and name 'vitis_hls'
04/27/23 04:10:58: GUIDANCE_SMGR: creating guidance session with uuid: '7ffdfef5-9000-479a-84f9-d9c5b9312a10' and name 'vitis_hls'
04/27/23 04:11:22: STOP_SERVER received, server token: 2a4becbe-420d-4242-9793-29e4682bb52d, passed token: 2a4becbe-420d-4242-9793-29e4682bb52d
04/27/23 04:11:22: Socket received request to stop server.
04/27/23 04:11:22: Dispatch Server: do_await_stop
04/27/23 04:11:22: SERVER: destructor for server bound to port 63578
04/27/23 04:11:22: Server exiting with status 0.
04/27/23 04:11:22: Closing log file.
04/27/23 04:11:33: Running xcd server. This server was built by gradle.
04/27/23 04:11:33: Server was asked to start on port: '63581'
04/27/23 04:11:33: Server is using token UUID: '73893205-b570-461e-9b8f-09ad389e1a3a'
04/27/23 04:11:33: SESSION_MGR: creating session with session uuid: '6d04a3e9-ade5-4ab9-8d63-1f78fcd2ec76' and name 'default'
04/27/23 04:11:33: Attempting to start server on port '63581'
04/27/23 04:11:33: Running Dispatch Server
04/27/23 04:11:33: Version 2.2.0
04/27/23 04:11:41: Dispatch Server: Accepted socket connection from client
04/27/23 04:11:41: Starting Socket connection
04/27/23 04:11:41: EXCHANGE_TOKEN received, server token: 73893205-b570-461e-9b8f-09ad389e1a3a, passed token: 73893205-b570-461e-9b8f-09ad389e1a3a
04/27/23 04:11:41: SESSION_MGR: creating session with session uuid: 'f98c2eed-30c2-4067-b9d1-1d19b722341b' and name 'vitis_hls'
04/27/23 04:11:41: KERNEL_SVC: creating session with uuid: 'f98c2eed-30c2-4067-b9d1-1d19b722341b' and name 'vitis_hls'
04/27/23 04:11:41: GUIDANCE_SMGR: creating guidance session with uuid: 'f98c2eed-30c2-4067-b9d1-1d19b722341b' and name 'vitis_hls'
04/27/23 04:11:48: STOP_SERVER received, server token: 73893205-b570-461e-9b8f-09ad389e1a3a, passed token: 73893205-b570-461e-9b8f-09ad389e1a3a
04/27/23 04:11:48: Socket received request to stop server.
04/27/23 04:11:48: Dispatch Server: do_await_stop
04/27/23 04:11:48: SERVER: destructor for server bound to port 63581
04/27/23 04:11:48: Server exiting with status 0.
04/27/23 04:11:48: Closing log file.
