Copyright 1986-2022 Xilinx, Inc. All Rights Reserved.
------------------------------------------------------------------------------------
| Tool Version : Vivado v.2022.2 (win64) Build 3671981 Fri Oct 14 05:00:03 MDT 2022
| Date         : Thu Apr 27 06:57:00 2023
| Host         : DESKTOP-4OQQII8 running 64-bit major release  (build 9200)
| Command      : upgrade_ip
| Device       : xc7z020clg400-1
------------------------------------------------------------------------------------

Upgrade Log for IP 'design_1_clusterOp2_0_2'

1. Summary
----------

SUCCESS in the conversion of design_1_clusterOp2_0_2 (xilinx.com:hls:clusterOp2:1.0 (Rev. 2113005341)) to Vivado generation flows.






Copyright 1986-2022 Xilinx, Inc. All Rights Reserved.
------------------------------------------------------------------------------------
| Tool Version : Vivado v.2022.2 (win64) Build 3671981 Fri Oct 14 05:00:03 MDT 2022
| Date         : Thu Apr 27 06:42:08 2023
| Host         : DESKTOP-4OQQII8 running 64-bit major release  (build 9200)
| Command      : upgrade_ip
| Device       : xc7z020clg400-1
------------------------------------------------------------------------------------

Upgrade Log for IP 'design_1_clusterOp2_0_2'

1. Summary
----------

SUCCESS in the upgrade of design_1_clusterOp2_0_2 (xilinx.com:hls:clusterOp2:1.0) from (Rev. 2113005295) to (Rev. 2113005341)






Copyright 1986-2022 Xilinx, Inc. All Rights Reserved.
------------------------------------------------------------------------------------
| Tool Version : Vivado v.2022.2 (win64) Build 3671981 Fri Oct 14 05:00:03 MDT 2022
| Date         : Thu Apr 27 05:56:36 2023
| Host         : DESKTOP-4OQQII8 running 64-bit major release  (build 9200)
| Command      : upgrade_ip
| Device       : xc7z020clg400-1
------------------------------------------------------------------------------------

Upgrade Log for IP 'design_1_clusterOp2_0_2'

1. Summary
----------

SUCCESS in the upgrade of design_1_clusterOp2_0_2 (xilinx.com:hls:clusterOp2:1.0) from (Rev. 2113005259) to (Rev. 2113005295)






Copyright 1986-2022 Xilinx, Inc. All Rights Reserved.
------------------------------------------------------------------------------------
| Tool Version : Vivado v.2022.2 (win64) Build 3671981 Fri Oct 14 05:00:03 MDT 2022
| Date         : Thu Apr 27 05:20:31 2023
| Host         : DESKTOP-4OQQII8 running 64-bit major release  (build 9200)
| Command      : upgrade_ip
| Device       : xc7z020clg400-1
------------------------------------------------------------------------------------

Upgrade Log for IP 'design_1_clusterOp2_0_2'

1. Summary
----------

SUCCESS in the upgrade of design_1_clusterOp2_0_2 (xilinx.com:hls:clusterOp2:1.0) from (Rev. 2113005241) to (Rev. 2113005259)

